#
# There is insufficient memory for the Java Runtime Environment to continue.
# Native memory allocation (malloc) failed to allocate 1057056 bytes. Error detail: Chunk::new
# Possible reasons:
#   The system is out of physical RAM or swap space
#   This process is running with CompressedOops enabled, and the Java Heap may be blocking the growth of the native heap
# Possible solutions:
#   Reduce memory load on the system
#   Increase physical memory or swap space
#   Check if swap backing store is full
#   Decrease Java heap size (-Xmx/-Xms)
#   Decrease number of Java threads
#   Decrease Java thread stack sizes (-Xss)
#   Set larger code cache with -XX:ReservedCodeCacheSize=
#   JVM is running with Unscaled Compressed Oops mode in which the Java heap is
#     placed in the first 4GB address space. The Java Heap base address is the
#     maximum limit for the native heap growth. Please use -XX:HeapBaseMinAddress
#     to set the Java Heap base and to place the Java Heap above 4GB virtual address.
# This output file may be truncated or incomplete.
#
#  Out of Memory Error (arena.cpp:168), pid=24400, tid=27692
#
# JRE version: OpenJDK Runtime Environment Temurin-21.0.8+9 (21.0.8+9) (build 21.0.8+9-LTS)
# Java VM: OpenJDK 64-Bit Server VM Temurin-21.0.8+9 (21.0.8+9-LTS, mixed mode, sharing, tiered, compressed oops, compressed class ptrs, parallel gc, windows-amd64)
# No core dump will be written. Minidumps are not enabled by default on client versions of Windows
#

---------------  S U M M A R Y ------------

Command Line: --add-modules=ALL-SYSTEM --add-opens=java.base/java.util=ALL-UNNAMED --add-opens=java.base/java.lang=ALL-UNNAMED --add-opens=java.base/sun.nio.fs=ALL-UNNAMED -Declipse.application=org.eclipse.jdt.ls.core.id1 -Dosgi.bundles.defaultStartLevel=4 -Declipse.product=org.eclipse.jdt.ls.core.product -Djava.import.generatesMetadataFilesAtProjectRoot=false -DDetectVMInstallationsJob.disabled=true -Dfile.encoding=utf8 -XX:+UseParallelGC -XX:GCTimeRatio=4 -XX:AdaptiveSizePolicyWeight=90 -Dsun.zip.disableMemoryMapping=true -Xmx2G -Xms100m -Xlog:disable -javaagent:c:\Users\jaywa\.vscode\extensions\redhat.java-1.46.0-win32-x64\lombok\lombok-1.18.39-4050.jar c:\Users\jaywa\.vscode\extensions\redhat.java-1.46.0-win32-x64\server\plugins\org.eclipse.equinox.launcher_1.7.0.v20250519-0528.jar -configuration c:\Users\jaywa\AppData\Roaming\Code\User\globalStorage\redhat.java\1.46.0\config_ss_win -data c:\Users\jaywa\AppData\Roaming\Code\User\workspaceStorage\9444b7f9f2e8a8aa4566e18311caa4e0\redhat.java\ss_ws --pipe=\\.\pipe\lsp-ce31301f0d456c8528bd709f36defae5-sock

Host: AMD Ryzen 5 5600H with Radeon Graphics         , 12 cores, 7G,  Windows 11 , 64 bit Build 26100 (10.0.26100.6725)
Time: Wed Oct 29 10:53:47 2025 India Standard Time elapsed time: 27.730734 seconds (0d 0h 0m 27s)

---------------  T H R E A D  ---------------

Current thread (0x000001cd146af440):  JavaThread "C2 CompilerThread1" daemon [_thread_in_native, id=27692, stack(0x0000004897a00000,0x0000004897b00000) (1024K)]


Current CompileTask:
C2:27731 3784       4       java.lang.invoke.MethodType::makeImpl (109 bytes)

Stack: [0x0000004897a00000,0x0000004897b00000]
Native frames: (J=compiled Java code, j=interpreted, Vv=VM code, C=native code)
V  [jvm.dll+0x6d2449]
V  [jvm.dll+0x8ae341]
V  [jvm.dll+0x8b08be]
V  [jvm.dll+0x8b0fa3]
V  [jvm.dll+0x280c96]
V  [jvm.dll+0xc581d]
V  [jvm.dll+0xc5d53]
V  [jvm.dll+0x2f539d]
V  [jvm.dll+0x5fa00a]
V  [jvm.dll+0x252092]
V  [jvm.dll+0x25244f]
V  [jvm.dll+0x24ad14]
V  [jvm.dll+0x2483a4]
V  [jvm.dll+0x1c89ee]
V  [jvm.dll+0x257d4d]
V  [jvm.dll+0x2562ea]
V  [jvm.dll+0x3f2d16]
V  [jvm.dll+0x857e6b]
V  [jvm.dll+0x6d0b0d]
C  [ucrtbase.dll+0x37b0]
C  [KERNEL32.DLL+0x2e8d7]
C  [ntdll.dll+0x8c53c]


---------------  P R O C E S S  ---------------

Threads class SMR info:
_java_thread_list=0x000001cd16448720, length=39, elements={
0x000001ccb5f0bac0, 0x000001cd0f8744b0, 0x000001cd0f876070, 0x000001cd0f879c50,
0x000001cd0f87a710, 0x000001cd0f87d620, 0x000001cd0f880080, 0x000001cd0f881c70,
0x000001cd0f8a0560, 0x000001cd0f95d1d0, 0x000001cd0fbc5640, 0x000001cd145b4bd0,
0x000001cd147d0170, 0x000001cd1458eb00, 0x000001cd14856ff0, 0x000001cd14a5e890,
0x000001cd144e74c0, 0x000001cd144e8660, 0x000001cd0fbaab20, 0x000001cd1533de00,
0x000001cd1533d770, 0x000001cd1533e490, 0x000001cd1533d0e0, 0x000001cd14dc6db0,
0x000001cd14dc6720, 0x000001cd14dc7440, 0x000001cd14dc4ce0, 0x000001cd14dc5370,
0x000001cd14dc5a00, 0x000001cd14dc3fc0, 0x000001cd14dc6090, 0x000001cd14dc7ad0,
0x000001cd14dc4650, 0x000001cd14dc87f0, 0x000001cd14dca230, 0x000001cd14dcaf50,
0x000001cd146af440, 0x000001cd14dcb5e0, 0x000001cd14dc8160
}

Java Threads: ( => current thread )
  0x000001ccb5f0bac0 JavaThread "main"                              [_thread_blocked, id=18872, stack(0x0000004894b00000,0x0000004894c00000) (1024K)]
  0x000001cd0f8744b0 JavaThread "Reference Handler"          daemon [_thread_blocked, id=20652, stack(0x0000004894f00000,0x0000004895000000) (1024K)]
  0x000001cd0f876070 JavaThread "Finalizer"                  daemon [_thread_blocked, id=25524, stack(0x0000004895000000,0x0000004895100000) (1024K)]
  0x000001cd0f879c50 JavaThread "Signal Dispatcher"          daemon [_thread_blocked, id=9588, stack(0x0000004895100000,0x0000004895200000) (1024K)]
  0x000001cd0f87a710 JavaThread "Attach Listener"            daemon [_thread_blocked, id=30272, stack(0x0000004895200000,0x0000004895300000) (1024K)]
  0x000001cd0f87d620 JavaThread "Service Thread"             daemon [_thread_blocked, id=26760, stack(0x0000004895300000,0x0000004895400000) (1024K)]
  0x000001cd0f880080 JavaThread "Monitor Deflation Thread"   daemon [_thread_blocked, id=18824, stack(0x0000004895400000,0x0000004895500000) (1024K)]
  0x000001cd0f881c70 JavaThread "C2 CompilerThread0"         daemon [_thread_in_native, id=29480, stack(0x0000004895500000,0x0000004895600000) (1024K)]
  0x000001cd0f8a0560 JavaThread "C1 CompilerThread0"         daemon [_thread_in_native, id=33316, stack(0x0000004895600000,0x0000004895700000) (1024K)]
  0x000001cd0f95d1d0 JavaThread "Common-Cleaner"             daemon [_thread_blocked, id=720, stack(0x0000004895700000,0x0000004895800000) (1024K)]
  0x000001cd0fbc5640 JavaThread "Notification Thread"        daemon [_thread_blocked, id=31592, stack(0x0000004895800000,0x0000004895900000) (1024K)]
  0x000001cd145b4bd0 JavaThread "Active Thread: Equinox Container: e4a4cdec-3203-450c-807c-afb59c6750ac"        [_thread_blocked, id=32692, stack(0x0000004895f00000,0x0000004896000000) (1024K)]
  0x000001cd147d0170 JavaThread "Framework Event Dispatcher: Equinox Container: e4a4cdec-3203-450c-807c-afb59c6750ac" daemon [_thread_blocked, id=11920, stack(0x0000004896000000,0x0000004896100000) (1024K)]
  0x000001cd1458eb00 JavaThread "Start Level: Equinox Container: e4a4cdec-3203-450c-807c-afb59c6750ac" daemon [_thread_blocked, id=26808, stack(0x0000004896100000,0x0000004896200000) (1024K)]
  0x000001cd14856ff0 JavaThread "SCR Component Actor"        daemon [_thread_blocked, id=2192, stack(0x0000004896300000,0x0000004896400000) (1024K)]
  0x000001cd14a5e890 JavaThread "Worker-JM"                         [_thread_blocked, id=22372, stack(0x0000004896400000,0x0000004896500000) (1024K)]
  0x000001cd144e74c0 JavaThread "JNA Cleaner"                daemon [_thread_blocked, id=32008, stack(0x0000004896700000,0x0000004896800000) (1024K)]
  0x000001cd144e8660 JavaThread "Worker-0"                          [_thread_blocked, id=26884, stack(0x0000004896800000,0x0000004896900000) (1024K)]
  0x000001cd0fbaab20 JavaThread "Worker-1"                          [_thread_blocked, id=23940, stack(0x0000004896900000,0x0000004896a00000) (1024K)]
  0x000001cd1533de00 JavaThread "Thread-1"                   daemon [_thread_in_native, id=25276, stack(0x0000004896a00000,0x0000004896b00000) (1024K)]
  0x000001cd1533d770 JavaThread "Thread-2"                   daemon [_thread_in_native, id=21916, stack(0x0000004896b00000,0x0000004896c00000) (1024K)]
  0x000001cd1533e490 JavaThread "Thread-3"                   daemon [_thread_in_native, id=26452, stack(0x0000004896e00000,0x0000004896f00000) (1024K)]
  0x000001cd1533d0e0 JavaThread "Thread-4"                   daemon [_thread_in_native, id=5704, stack(0x0000004896f00000,0x0000004897000000) (1024K)]
  0x000001cd14dc6db0 JavaThread "Thread-5"                   daemon [_thread_in_native, id=30608, stack(0x0000004897000000,0x0000004897100000) (1024K)]
  0x000001cd14dc6720 JavaThread "Thread-6"                   daemon [_thread_in_native, id=33152, stack(0x0000004897100000,0x0000004897200000) (1024K)]
  0x000001cd14dc7440 JavaThread "Thread-7"                   daemon [_thread_in_native, id=28036, stack(0x0000004897200000,0x0000004897300000) (1024K)]
  0x000001cd14dc4ce0 JavaThread "Thread-8"                   daemon [_thread_in_native, id=22316, stack(0x0000004897300000,0x0000004897400000) (1024K)]
  0x000001cd14dc5370 JavaThread "Thread-9"                   daemon [_thread_in_native, id=15932, stack(0x0000004897400000,0x0000004897500000) (1024K)]
  0x000001cd14dc5a00 JavaThread "Thread-10"                  daemon [_thread_in_native, id=21852, stack(0x0000004897500000,0x0000004897600000) (1024K)]
  0x000001cd14dc3fc0 JavaThread "Thread-11"                  daemon [_thread_in_native, id=6428, stack(0x0000004897600000,0x0000004897700000) (1024K)]
  0x000001cd14dc6090 JavaThread "Thread-12"                  daemon [_thread_in_native, id=17364, stack(0x0000004897700000,0x0000004897800000) (1024K)]
  0x000001cd14dc7ad0 JavaThread "Thread-13"                  daemon [_thread_in_native, id=33864, stack(0x0000004897800000,0x0000004897900000) (1024K)]
  0x000001cd14dc4650 JavaThread "pool-2-thread-1"                   [_thread_blocked, id=20324, stack(0x0000004897900000,0x0000004897a00000) (1024K)]
  0x000001cd14dc87f0 JavaThread "WorkspaceEventsHandler"            [_thread_blocked, id=21332, stack(0x0000004897b00000,0x0000004897c00000) (1024K)]
  0x000001cd14dca230 JavaThread "pool-1-thread-1"                   [_thread_in_vm, id=25460, stack(0x0000004897c00000,0x0000004897d00000) (1024K)]
  0x000001cd14dcaf50 JavaThread "Worker-2"                          [_thread_blocked, id=28700, stack(0x0000004897d00000,0x0000004897e00000) (1024K)]
=>0x000001cd146af440 JavaThread "C2 CompilerThread1"         daemon [_thread_in_native, id=27692, stack(0x0000004897a00000,0x0000004897b00000) (1024K)]
  0x000001cd14dcb5e0 JavaThread "ForkJoinPool.commonPool-worker-1" daemon [_thread_in_Java, id=28992, stack(0x0000004897e00000,0x0000004897f00000) (1024K)]
  0x000001cd14dc8160 JavaThread "ForkJoinPool.commonPool-worker-2" daemon [_thread_blocked, id=34300, stack(0x0000004897f00000,0x0000004898000000) (1024K)]
Total: 39

Other Threads:
  0x000001ccb5fce320 VMThread "VM Thread"                           [id=22640, stack(0x0000004894e00000,0x0000004894f00000) (1024K)]
  0x000001ccb5d9c8d0 WatcherThread "VM Periodic Task Thread"        [id=30152, stack(0x0000004894d00000,0x0000004894e00000) (1024K)]
  0x000001ccb5f29e40 WorkerThread "GC Thread#0"                     [id=28560, stack(0x0000004894c00000,0x0000004894d00000) (1024K)]
  0x000001cd141cc450 WorkerThread "GC Thread#1"                     [id=21088, stack(0x0000004895900000,0x0000004895a00000) (1024K)]
  0x000001cd141cc7f0 WorkerThread "GC Thread#2"                     [id=32708, stack(0x0000004895a00000,0x0000004895b00000) (1024K)]
  0x000001cd141ccb90 WorkerThread "GC Thread#3"                     [id=15852, stack(0x0000004895b00000,0x0000004895c00000) (1024K)]
  0x000001cd140511a0 WorkerThread "GC Thread#4"                     [id=9852, stack(0x0000004895c00000,0x0000004895d00000) (1024K)]
  0x000001cd140cb5b0 WorkerThread "GC Thread#5"                     [id=34584, stack(0x0000004895d00000,0x0000004895e00000) (1024K)]
  0x000001cd140cae70 WorkerThread "GC Thread#6"                     [id=19572, stack(0x0000004895e00000,0x0000004895f00000) (1024K)]
  0x000001cd140c9ff0 WorkerThread "GC Thread#7"                     [id=26160, stack(0x0000004896200000,0x0000004896300000) (1024K)]
  0x000001cd140ca390 WorkerThread "GC Thread#8"                     [id=29576, stack(0x0000004896500000,0x0000004896600000) (1024K)]
  0x000001cd140cb210 WorkerThread "GC Thread#9"                     [id=17792, stack(0x0000004896600000,0x0000004896700000) (1024K)]
Total: 12

Threads with active compile tasks:
C2 CompilerThread0  27800 4083       4       jdk.internal.jimage.ImageLocation::getAttribute (44 bytes)
C2 CompilerThread1  27800 3784       4       java.lang.invoke.MethodType::makeImpl (109 bytes)
Total: 2

VM state: not at safepoint (normal execution)

VM Mutex/Monitor currently owned by a thread:  ([mutex/lock_event])
[0x00007ffae6ff3fd8] MethodCompileQueue_lock - owner thread: 0x0000000000000000

Heap address: 0x0000000080000000, size: 2048 MB, Compressed Oops mode: 32-bit

CDS archive(s) mapped at: [0x000001cccd000000-0x000001cccdba0000-0x000001cccdba0000), size 12189696, SharedBaseAddress: 0x000001cccd000000, ArchiveRelocationMode: 1.
Compressed class space mapped at: 0x000001ccce000000-0x000001cd0e000000, reserved size: 1073741824
Narrow klass base: 0x000001cccd000000, Narrow klass shift: 0, Narrow klass range: 0x100000000

GC Precious Log:
 CardTable entry size: 512
 CPUs: 12 total, 12 available
 Memory: 7521M
 Large Page Support: Disabled
 NUMA Support: Disabled
 Compressed Oops: Enabled (32-bit)
 Alignments: Space 512K, Generation 512K, Heap 2M
 Heap Min Capacity: 100M
 Heap Initial Capacity: 100M
 Heap Max Capacity: 2G
 Pre-touch: Disabled
 Parallel Workers: 10

Heap:
 PSYoungGen      total 27648K, used 24148K [0x00000000d5580000, 0x00000000d7500000, 0x0000000100000000)
  eden space 23040K, 86% used [0x00000000d5580000,0x00000000d68fa140,0x00000000d6c00000)
  from space 4608K, 91% used [0x00000000d6c80000,0x00000000d709af78,0x00000000d7100000)
  to   space 4096K, 0% used [0x00000000d7100000,0x00000000d7100000,0x00000000d7500000)
 ParOldGen       total 68608K, used 11313K [0x0000000080000000, 0x0000000084300000, 0x00000000d5580000)
  object space 68608K, 16% used [0x0000000080000000,0x0000000080b0c420,0x0000000084300000)
 Metaspace       used 31778K, committed 32640K, reserved 1114112K
  class space    used 3210K, committed 3584K, reserved 1048576K

Card table byte_map: [0x000001ccb58b0000,0x000001ccb5cc0000] _byte_map_base: 0x000001ccb54b0000

Marking Bits: (ParMarkBitMap*) 0x00007ffae6ffa340
 Begin Bits: [0x000001ccc83b0000, 0x000001ccca3b0000)
 End Bits:   [0x000001ccca3b0000, 0x000001cccc3b0000)

Polling page: 0x000001ccb3d10000

Metaspace:

Usage:
  Non-class:     27.90 MB used.
      Class:      3.14 MB used.
       Both:     31.03 MB used.

Virtual space:
  Non-class space:       64.00 MB reserved,      28.38 MB ( 44%) committed,  1 nodes.
      Class space:        1.00 GB reserved,       3.50 MB ( <1%) committed,  1 nodes.
             Both:        1.06 GB reserved,      31.88 MB (  3%) committed. 

Chunk freelists:
   Non-Class:  3.05 MB
       Class:  12.46 MB
        Both:  15.51 MB

MaxMetaspaceSize: unlimited
CompressedClassSpaceSize: 1.00 GB
Initial GC threshold: 21.00 MB
Current GC threshold: 35.00 MB
CDS: on
 - commit_granule_bytes: 65536.
 - commit_granule_words: 8192.
 - virtual_space_node_default_size: 8388608.
 - enlarge_chunks_in_place: 1.
 - use_allocation_guard: 0.


Internal statistics:

num_allocs_failed_limit: 3.
num_arena_births: 682.
num_arena_deaths: 14.
num_vsnodes_births: 2.
num_vsnodes_deaths: 0.
num_space_committed: 511.
num_space_uncommitted: 0.
num_chunks_returned_to_freelist: 17.
num_chunks_taken_from_freelist: 1959.
num_chunk_merges: 9.
num_chunk_splits: 1250.
num_chunks_enlarged: 785.
num_inconsistent_stats: 0.

CodeHeap 'non-profiled nmethods': size=120000Kb used=1826Kb max_used=1826Kb free=118173Kb
 bounds [0x000001ccc0bd0000, 0x000001ccc0e40000, 0x000001ccc8100000]
CodeHeap 'profiled nmethods': size=120000Kb used=8196Kb max_used=8196Kb free=111803Kb
 bounds [0x000001ccb9100000, 0x000001ccb9910000, 0x000001ccc0630000]
CodeHeap 'non-nmethods': size=5760Kb used=1358Kb max_used=1381Kb free=4401Kb
 bounds [0x000001ccc0630000, 0x000001ccc08a0000, 0x000001ccc0bd0000]
CodeCache: size=245760Kb, used=11380Kb, max_used=11403Kb, free=234377Kb
 total_blobs=4773, nmethods=4123, adapters=556, full_count=0
Compilation: enabled, stopped_count=0, restarted_count=0

Compilation events (20 events):
Event: 26.710 Thread 0x000001cd0f8a0560 nmethod 4094 0x000001ccb98e4b90 code [0x000001ccb98e4d40, 0x000001ccb98e4e78]
Event: 26.710 Thread 0x000001cd0f8a0560 4095       3       jdk.internal.jrtfs.JrtPath::getName (116 bytes)
Event: 26.711 Thread 0x000001cd0f8a0560 nmethod 4095 0x000001ccb98e4f10 code [0x000001ccb98e51e0, 0x000001ccb98e5da0]
Event: 26.712 Thread 0x000001cd0f8a0560 4097       3       org.eclipse.jdt.internal.core.util.Util::splitOn (134 bytes)
Event: 26.714 Thread 0x000001cd0f8a0560 nmethod 4097 0x000001ccb98e6310 code [0x000001ccb98e65e0, 0x000001ccb98e7810]
Event: 26.716 Thread 0x000001cd0f8a0560 4096       3       java.util.ArrayList::hashCodeRange (68 bytes)
Event: 26.717 Thread 0x000001cd0f8a0560 nmethod 4096 0x000001ccb98e7f90 code [0x000001ccb98e8160, 0x000001ccb98e8590]
Event: 26.717 Thread 0x000001cd0f8a0560 4100       3       java.util.ArrayList::equalsRange (85 bytes)
Event: 26.718 Thread 0x000001cd0f8a0560 nmethod 4100 0x000001ccb98e8790 code [0x000001ccb98e89e0, 0x000001ccb98e92d0]
Event: 26.718 Thread 0x000001cd0f8a0560 4101       3       java.util.ArrayList::checkForComodification (17 bytes)
Event: 26.718 Thread 0x000001cd0f8a0560 nmethod 4101 0x000001ccb98e9590 code [0x000001ccb98e9740, 0x000001ccb98e9958]
Event: 26.719 Thread 0x000001cd0f8a0560 4098       1       jdk.internal.jimage.ImageReader$Resource::isCompleted (2 bytes)
Event: 26.719 Thread 0x000001cd0f8a0560 nmethod 4098 0x000001ccc0d91390 code [0x000001ccc0d91520, 0x000001ccc0d915e8]
Event: 26.719 Thread 0x000001cd0f8a0560 4099       1       org.eclipse.jdt.internal.core.JarPackageFragmentRootInfo$PackageContent::javaClasses (5 bytes)
Event: 26.719 Thread 0x000001cd0f8a0560 nmethod 4099 0x000001ccc0d91690 code [0x000001ccc0d91820, 0x000001ccc0d918e8]
Event: 26.719 Thread 0x000001cd0f8a0560 4102       3       jdk.internal.jimage.ImageReader$Resource::create (17 bytes)
Event: 26.720 Thread 0x000001cd0f8a0560 nmethod 4102 0x000001ccb98e9a90 code [0x000001ccb98e9cc0, 0x000001ccb98ea520]
Event: 26.720 Thread 0x000001cd0f8a0560 4104       3       org.eclipse.jdt.internal.compiler.util.Util::isClassFileName (82 bytes)
Event: 26.720 Thread 0x000001cd0f8a0560 nmethod 4104 0x000001ccb98ea890 code [0x000001ccb98eaae0, 0x000001ccb98eb3a8]
Event: 26.720 Thread 0x000001cd0f8a0560 4109       3       org.eclipse.jdt.internal.core.JarPackageFragmentRoot::initRawPackageInfo (292 bytes)

GC Heap History (20 events):
Event: 2.302 GC heap before
{Heap before GC invocations=1 (full 0):
 PSYoungGen      total 29696K, used 25600K [0x00000000d5580000, 0x00000000d7680000, 0x0000000100000000)
  eden space 25600K, 100% used [0x00000000d5580000,0x00000000d6e80000,0x00000000d6e80000)
  from space 4096K, 0% used [0x00000000d7280000,0x00000000d7280000,0x00000000d7680000)
  to   space 4096K, 0% used [0x00000000d6e80000,0x00000000d6e80000,0x00000000d7280000)
 ParOldGen       total 68608K, used 0K [0x0000000080000000, 0x0000000084300000, 0x00000000d5580000)
  object space 68608K, 0% used [0x0000000080000000,0x0000000080000000,0x0000000084300000)
 Metaspace       used 4306K, committed 4544K, reserved 1114112K
  class space    used 470K, committed 576K, reserved 1048576K
}
Event: 2.318 GC heap after
{Heap after GC invocations=1 (full 0):
 PSYoungGen      total 29696K, used 3319K [0x00000000d5580000, 0x00000000d7680000, 0x0000000100000000)
  eden space 25600K, 0% used [0x00000000d5580000,0x00000000d5580000,0x00000000d6e80000)
  from space 4096K, 81% used [0x00000000d6e80000,0x00000000d71bde28,0x00000000d7280000)
  to   space 4096K, 0% used [0x00000000d7280000,0x00000000d7280000,0x00000000d7680000)
 ParOldGen       total 68608K, used 16K [0x0000000080000000, 0x0000000084300000, 0x00000000d5580000)
  object space 68608K, 0% used [0x0000000080000000,0x0000000080004000,0x0000000084300000)
 Metaspace       used 4306K, committed 4544K, reserved 1114112K
  class space    used 470K, committed 576K, reserved 1048576K
}
Event: 4.476 GC heap before
{Heap before GC invocations=2 (full 0):
 PSYoungGen      total 29696K, used 28919K [0x00000000d5580000, 0x00000000d7680000, 0x0000000100000000)
  eden space 25600K, 100% used [0x00000000d5580000,0x00000000d6e80000,0x00000000d6e80000)
  from space 4096K, 81% used [0x00000000d6e80000,0x00000000d71bde28,0x00000000d7280000)
  to   space 4096K, 0% used [0x00000000d7280000,0x00000000d7280000,0x00000000d7680000)
 ParOldGen       total 68608K, used 16K [0x0000000080000000, 0x0000000084300000, 0x00000000d5580000)
  object space 68608K, 0% used [0x0000000080000000,0x0000000080004000,0x0000000084300000)
 Metaspace       used 8228K, committed 8512K, reserved 1114112K
  class space    used 876K, committed 1024K, reserved 1048576K
}
Event: 4.485 GC heap after
{Heap after GC invocations=2 (full 0):
 PSYoungGen      total 29696K, used 4075K [0x00000000d5580000, 0x00000000d7680000, 0x0000000100000000)
  eden space 25600K, 0% used [0x00000000d5580000,0x00000000d5580000,0x00000000d6e80000)
  from space 4096K, 99% used [0x00000000d7280000,0x00000000d767af78,0x00000000d7680000)
  to   space 4096K, 0% used [0x00000000d6e80000,0x00000000d6e80000,0x00000000d7280000)
 ParOldGen       total 68608K, used 921K [0x0000000080000000, 0x0000000084300000, 0x00000000d5580000)
  object space 68608K, 1% used [0x0000000080000000,0x00000000800e66a8,0x0000000084300000)
 Metaspace       used 8228K, committed 8512K, reserved 1114112K
  class space    used 876K, committed 1024K, reserved 1048576K
}
Event: 5.842 GC heap before
{Heap before GC invocations=3 (full 0):
 PSYoungGen      total 29696K, used 29675K [0x00000000d5580000, 0x00000000d7680000, 0x0000000100000000)
  eden space 25600K, 100% used [0x00000000d5580000,0x00000000d6e80000,0x00000000d6e80000)
  from space 4096K, 99% used [0x00000000d7280000,0x00000000d767af78,0x00000000d7680000)
  to   space 4096K, 0% used [0x00000000d6e80000,0x00000000d6e80000,0x00000000d7280000)
 ParOldGen       total 68608K, used 921K [0x0000000080000000, 0x0000000084300000, 0x00000000d5580000)
  object space 68608K, 1% used [0x0000000080000000,0x00000000800e66a8,0x0000000084300000)
 Metaspace       used 13033K, committed 13568K, reserved 1114112K
  class space    used 1382K, committed 1664K, reserved 1048576K
}
Event: 5.850 GC heap after
{Heap after GC invocations=3 (full 0):
 PSYoungGen      total 29696K, used 4070K [0x00000000d5580000, 0x00000000d7680000, 0x0000000100000000)
  eden space 25600K, 0% used [0x00000000d5580000,0x00000000d5580000,0x00000000d6e80000)
  from space 4096K, 99% used [0x00000000d6e80000,0x00000000d7279878,0x00000000d7280000)
  to   space 4096K, 0% used [0x00000000d7280000,0x00000000d7280000,0x00000000d7680000)
 ParOldGen       total 68608K, used 2795K [0x0000000080000000, 0x0000000084300000, 0x00000000d5580000)
  object space 68608K, 4% used [0x0000000080000000,0x00000000802baf60,0x0000000084300000)
 Metaspace       used 13033K, committed 13568K, reserved 1114112K
  class space    used 1382K, committed 1664K, reserved 1048576K
}
Event: 10.093 GC heap before
{Heap before GC invocations=4 (full 0):
 PSYoungGen      total 29696K, used 29670K [0x00000000d5580000, 0x00000000d7680000, 0x0000000100000000)
  eden space 25600K, 100% used [0x00000000d5580000,0x00000000d6e80000,0x00000000d6e80000)
  from space 4096K, 99% used [0x00000000d6e80000,0x00000000d7279878,0x00000000d7280000)
  to   space 4096K, 0% used [0x00000000d7280000,0x00000000d7280000,0x00000000d7680000)
 ParOldGen       total 68608K, used 2795K [0x0000000080000000, 0x0000000084300000, 0x00000000d5580000)
  object space 68608K, 4% used [0x0000000080000000,0x00000000802baf60,0x0000000084300000)
 Metaspace       used 16606K, committed 17280K, reserved 1114112K
  class space    used 1747K, committed 2048K, reserved 1048576K
}
Event: 10.099 GC heap after
{Heap after GC invocations=4 (full 0):
 PSYoungGen      total 29696K, used 4094K [0x00000000d5580000, 0x00000000d7680000, 0x0000000100000000)
  eden space 25600K, 0% used [0x00000000d5580000,0x00000000d5580000,0x00000000d6e80000)
  from space 4096K, 99% used [0x00000000d7280000,0x00000000d767f8c0,0x00000000d7680000)
  to   space 4096K, 0% used [0x00000000d6e80000,0x00000000d6e80000,0x00000000d7280000)
 ParOldGen       total 68608K, used 5727K [0x0000000080000000, 0x0000000084300000, 0x00000000d5580000)
  object space 68608K, 8% used [0x0000000080000000,0x0000000080597c38,0x0000000084300000)
 Metaspace       used 16606K, committed 17280K, reserved 1114112K
  class space    used 1747K, committed 2048K, reserved 1048576K
}
Event: 10.653 GC heap before
{Heap before GC invocations=5 (full 0):
 PSYoungGen      total 29696K, used 29694K [0x00000000d5580000, 0x00000000d7680000, 0x0000000100000000)
  eden space 25600K, 100% used [0x00000000d5580000,0x00000000d6e80000,0x00000000d6e80000)
  from space 4096K, 99% used [0x00000000d7280000,0x00000000d767f8c0,0x00000000d7680000)
  to   space 4096K, 0% used [0x00000000d6e80000,0x00000000d6e80000,0x00000000d7280000)
 ParOldGen       total 68608K, used 5727K [0x0000000080000000, 0x0000000084300000, 0x00000000d5580000)
  object space 68608K, 8% used [0x0000000080000000,0x0000000080597c38,0x0000000084300000)
 Metaspace       used 19870K, committed 20544K, reserved 1114112K
  class space    used 1976K, committed 2240K, reserved 1048576K
}
Event: 10.657 GC heap after
{Heap after GC invocations=5 (full 0):
 PSYoungGen      total 29184K, used 4070K [0x00000000d5580000, 0x00000000d7900000, 0x0000000100000000)
  eden space 25088K, 0% used [0x00000000d5580000,0x00000000d5580000,0x00000000d6e00000)
  from space 4096K, 99% used [0x00000000d6e80000,0x00000000d7279aa0,0x00000000d7280000)
  to   space 5632K, 0% used [0x00000000d7380000,0x00000000d7380000,0x00000000d7900000)
 ParOldGen       total 68608K, used 5946K [0x0000000080000000, 0x0000000084300000, 0x00000000d5580000)
  object space 68608K, 8% used [0x0000000080000000,0x00000000805ceac0,0x0000000084300000)
 Metaspace       used 19870K, committed 20544K, reserved 1114112K
  class space    used 1976K, committed 2240K, reserved 1048576K
}
Event: 10.763 GC heap before
{Heap before GC invocations=6 (full 0):
 PSYoungGen      total 29184K, used 11928K [0x00000000d5580000, 0x00000000d7900000, 0x0000000100000000)
  eden space 25088K, 31% used [0x00000000d5580000,0x00000000d5d2c6a0,0x00000000d6e00000)
  from space 4096K, 99% used [0x00000000d6e80000,0x00000000d7279aa0,0x00000000d7280000)
  to   space 5632K, 0% used [0x00000000d7380000,0x00000000d7380000,0x00000000d7900000)
 ParOldGen       total 68608K, used 5946K [0x0000000080000000, 0x0000000084300000, 0x00000000d5580000)
  object space 68608K, 8% used [0x0000000080000000,0x00000000805ceac0,0x0000000084300000)
 Metaspace       used 20886K, committed 21504K, reserved 1114112K
  class space    used 2046K, committed 2304K, reserved 1048576K
}
Event: 10.768 GC heap after
{Heap after GC invocations=6 (full 0):
 PSYoungGen      total 29696K, used 4501K [0x00000000d5580000, 0x00000000d7800000, 0x0000000100000000)
  eden space 25088K, 0% used [0x00000000d5580000,0x00000000d5580000,0x00000000d6e00000)
  from space 4608K, 97% used [0x00000000d7380000,0x00000000d77e5608,0x00000000d7800000)
  to   space 4608K, 0% used [0x00000000d6f00000,0x00000000d6f00000,0x00000000d7380000)
 ParOldGen       total 68608K, used 5954K [0x0000000080000000, 0x0000000084300000, 0x00000000d5580000)
  object space 68608K, 8% used [0x0000000080000000,0x00000000805d0ac0,0x0000000084300000)
 Metaspace       used 20886K, committed 21504K, reserved 1114112K
  class space    used 2046K, committed 2304K, reserved 1048576K
}
Event: 10.768 GC heap before
{Heap before GC invocations=7 (full 1):
 PSYoungGen      total 29696K, used 4501K [0x00000000d5580000, 0x00000000d7800000, 0x0000000100000000)
  eden space 25088K, 0% used [0x00000000d5580000,0x00000000d5580000,0x00000000d6e00000)
  from space 4608K, 97% used [0x00000000d7380000,0x00000000d77e5608,0x00000000d7800000)
  to   space 4608K, 0% used [0x00000000d6f00000,0x00000000d6f00000,0x00000000d7380000)
 ParOldGen       total 68608K, used 5954K [0x0000000080000000, 0x0000000084300000, 0x00000000d5580000)
  object space 68608K, 8% used [0x0000000080000000,0x00000000805d0ac0,0x0000000084300000)
 Metaspace       used 20886K, committed 21504K, reserved 1114112K
  class space    used 2046K, committed 2304K, reserved 1048576K
}
Event: 10.809 GC heap after
{Heap after GC invocations=7 (full 1):
 PSYoungGen      total 29696K, used 0K [0x00000000d5580000, 0x00000000d7800000, 0x0000000100000000)
  eden space 25088K, 0% used [0x00000000d5580000,0x00000000d5580000,0x00000000d6e00000)
  from space 4608K, 0% used [0x00000000d7380000,0x00000000d7380000,0x00000000d7800000)
  to   space 4608K, 0% used [0x00000000d6f00000,0x00000000d6f00000,0x00000000d7380000)
 ParOldGen       total 68608K, used 9718K [0x0000000080000000, 0x0000000084300000, 0x00000000d5580000)
  object space 68608K, 14% used [0x0000000080000000,0x000000008097da00,0x0000000084300000)
 Metaspace       used 20874K, committed 21504K, reserved 1114112K
  class space    used 2042K, committed 2304K, reserved 1048576K
}
Event: 11.690 GC heap before
{Heap before GC invocations=8 (full 1):
 PSYoungGen      total 29696K, used 25088K [0x00000000d5580000, 0x00000000d7800000, 0x0000000100000000)
  eden space 25088K, 100% used [0x00000000d5580000,0x00000000d6e00000,0x00000000d6e00000)
  from space 4608K, 0% used [0x00000000d7380000,0x00000000d7380000,0x00000000d7800000)
  to   space 4608K, 0% used [0x00000000d6f00000,0x00000000d6f00000,0x00000000d7380000)
 ParOldGen       total 68608K, used 9718K [0x0000000080000000, 0x0000000084300000, 0x00000000d5580000)
  object space 68608K, 14% used [0x0000000080000000,0x000000008097da00,0x0000000084300000)
 Metaspace       used 23012K, committed 23616K, reserved 1114112K
  class space    used 2228K, committed 2496K, reserved 1048576K
}
Event: 11.693 GC heap after
{Heap after GC invocations=8 (full 1):
 PSYoungGen      total 27136K, used 2419K [0x00000000d5580000, 0x00000000d7480000, 0x0000000100000000)
  eden space 24576K, 0% used [0x00000000d5580000,0x00000000d5580000,0x00000000d6d80000)
  from space 2560K, 94% used [0x00000000d6f00000,0x00000000d715ccf0,0x00000000d7180000)
  to   space 3072K, 0% used [0x00000000d7180000,0x00000000d7180000,0x00000000d7480000)
 ParOldGen       total 68608K, used 9726K [0x0000000080000000, 0x0000000084300000, 0x00000000d5580000)
  object space 68608K, 14% used [0x0000000080000000,0x000000008097fa00,0x0000000084300000)
 Metaspace       used 23012K, committed 23616K, reserved 1114112K
  class space    used 2228K, committed 2496K, reserved 1048576K
}
Event: 12.731 GC heap before
{Heap before GC invocations=9 (full 1):
 PSYoungGen      total 27136K, used 26995K [0x00000000d5580000, 0x00000000d7480000, 0x0000000100000000)
  eden space 24576K, 100% used [0x00000000d5580000,0x00000000d6d80000,0x00000000d6d80000)
  from space 2560K, 94% used [0x00000000d6f00000,0x00000000d715ccf0,0x00000000d7180000)
  to   space 3072K, 0% used [0x00000000d7180000,0x00000000d7180000,0x00000000d7480000)
 ParOldGen       total 68608K, used 9726K [0x0000000080000000, 0x0000000084300000, 0x00000000d5580000)
  object space 68608K, 14% used [0x0000000080000000,0x000000008097fa00,0x0000000084300000)
 Metaspace       used 26600K, committed 27392K, reserved 1114112K
  class space    used 2621K, committed 3008K, reserved 1048576K
}
Event: 12.736 GC heap after
{Heap after GC invocations=9 (full 1):
 PSYoungGen      total 26624K, used 3049K [0x00000000d5580000, 0x00000000d7700000, 0x0000000100000000)
  eden space 23552K, 0% used [0x00000000d5580000,0x00000000d5580000,0x00000000d6c80000)
  from space 3072K, 99% used [0x00000000d7180000,0x00000000d747a568,0x00000000d7480000)
  to   space 5120K, 0% used [0x00000000d6c80000,0x00000000d6c80000,0x00000000d7180000)
 ParOldGen       total 68608K, used 11305K [0x0000000080000000, 0x0000000084300000, 0x00000000d5580000)
  object space 68608K, 16% used [0x0000000080000000,0x0000000080b0a420,0x0000000084300000)
 Metaspace       used 26600K, committed 27392K, reserved 1114112K
  class space    used 2621K, committed 3008K, reserved 1048576K
}
Event: 24.952 GC heap before
{Heap before GC invocations=10 (full 1):
 PSYoungGen      total 26624K, used 26601K [0x00000000d5580000, 0x00000000d7700000, 0x0000000100000000)
  eden space 23552K, 100% used [0x00000000d5580000,0x00000000d6c80000,0x00000000d6c80000)
  from space 3072K, 99% used [0x00000000d7180000,0x00000000d747a568,0x00000000d7480000)
  to   space 5120K, 0% used [0x00000000d6c80000,0x00000000d6c80000,0x00000000d7180000)
 ParOldGen       total 68608K, used 11305K [0x0000000080000000, 0x0000000084300000, 0x00000000d5580000)
  object space 68608K, 16% used [0x0000000080000000,0x0000000080b0a420,0x0000000084300000)
 Metaspace       used 29616K, committed 30336K, reserved 1114112K
  class space    used 2979K, committed 3264K, reserved 1048576K
}
Event: 24.956 GC heap after
{Heap after GC invocations=10 (full 1):
 PSYoungGen      total 27648K, used 4203K [0x00000000d5580000, 0x00000000d7500000, 0x0000000100000000)
  eden space 23040K, 0% used [0x00000000d5580000,0x00000000d5580000,0x00000000d6c00000)
  from space 4608K, 91% used [0x00000000d6c80000,0x00000000d709af78,0x00000000d7100000)
  to   space 4096K, 0% used [0x00000000d7100000,0x00000000d7100000,0x00000000d7500000)
 ParOldGen       total 68608K, used 11313K [0x0000000080000000, 0x0000000084300000, 0x00000000d5580000)
  object space 68608K, 16% used [0x0000000080000000,0x0000000080b0c420,0x0000000084300000)
 Metaspace       used 29616K, committed 30336K, reserved 1114112K
  class space    used 2979K, committed 3264K, reserved 1048576K
}

Dll operation events (10 events):
Event: 0.022 Loaded shared library c:\Users\jaywa\.vscode\extensions\redhat.java-1.46.0-win32-x64\jre\21.0.8-win32-x86_64\bin\java.dll
Event: 0.181 Loaded shared library c:\Users\jaywa\.vscode\extensions\redhat.java-1.46.0-win32-x64\jre\21.0.8-win32-x86_64\bin\zip.dll
Event: 0.227 Loaded shared library C:\Users\jaywa\.vscode\extensions\redhat.java-1.46.0-win32-x64\jre\21.0.8-win32-x86_64\bin\instrument.dll
Event: 0.237 Loaded shared library C:\Users\jaywa\.vscode\extensions\redhat.java-1.46.0-win32-x64\jre\21.0.8-win32-x86_64\bin\net.dll
Event: 0.244 Loaded shared library C:\Users\jaywa\.vscode\extensions\redhat.java-1.46.0-win32-x64\jre\21.0.8-win32-x86_64\bin\nio.dll
Event: 0.252 Loaded shared library C:\Users\jaywa\.vscode\extensions\redhat.java-1.46.0-win32-x64\jre\21.0.8-win32-x86_64\bin\zip.dll
Event: 0.288 Loaded shared library C:\Users\jaywa\.vscode\extensions\redhat.java-1.46.0-win32-x64\jre\21.0.8-win32-x86_64\bin\jimage.dll
Event: 0.467 Loaded shared library c:\Users\jaywa\.vscode\extensions\redhat.java-1.46.0-win32-x64\jre\21.0.8-win32-x86_64\bin\verify.dll
Event: 4.323 Loaded shared library C:\Users\jaywa\AppData\Roaming\Code\User\globalStorage\redhat.java\1.46.0\config_ss_win\org.eclipse.equinox.launcher\org.eclipse.equinox.launcher.win32.win32.x86_64_1.2.1400.v20250801-0854\eclipse_11916.dll
Event: 8.719 Loaded shared library C:\Users\jaywa\AppData\Local\Temp\jna-100903020\jna12722007045269895867.dll

Deoptimization events (20 events):
Event: 26.681 Thread 0x000001cd14dc8160 Uncommon trap: trap_request=0xffffffde fr.pc=0x000001ccc0d0fd4c relative=0x00000000000009ec
Event: 26.681 Thread 0x000001cd14dc8160 Uncommon trap: reason=class_check action=maybe_recompile pc=0x000001ccc0d0fd4c method=java.util.concurrent.ConcurrentHashMap.putVal(Ljava/lang/Object;Ljava/lang/Object;Z)Ljava/lang/Object; @ 159 c2
Event: 26.681 Thread 0x000001cd14dc8160 DEOPT PACKING pc=0x000001ccc0d0fd4c sp=0x0000004897ffc930
Event: 26.682 Thread 0x000001cd14dc8160 DEOPT UNPACKING pc=0x000001ccc0683aa2 sp=0x0000004897ffc8b0 mode 2
Event: 26.689 Thread 0x000001cd14dc8160 Uncommon trap: trap_request=0xffffff45 fr.pc=0x000001ccc0d6bf1c relative=0x000000000000007c
Event: 26.689 Thread 0x000001cd14dc8160 Uncommon trap: reason=unstable_if action=reinterpret pc=0x000001ccc0d6bf1c method=java.lang.invoke.LambdaForm$BasicType.basicType(C)Ljava/lang/invoke/LambdaForm$BasicType; @ 1 c2
Event: 26.689 Thread 0x000001cd14dc8160 DEOPT PACKING pc=0x000001ccc0d6bf1c sp=0x0000004897ffc0b0
Event: 26.689 Thread 0x000001cd14dc8160 DEOPT UNPACKING pc=0x000001ccc0683aa2 sp=0x0000004897ffc048 mode 2
Event: 26.692 Thread 0x000001cd14dc8160 Uncommon trap: trap_request=0xffffffde fr.pc=0x000001ccc0d0fecc relative=0x0000000000000b6c
Event: 26.692 Thread 0x000001cd14dc8160 Uncommon trap: reason=class_check action=maybe_recompile pc=0x000001ccc0d0fecc method=java.util.concurrent.ConcurrentHashMap.putVal(Ljava/lang/Object;Ljava/lang/Object;Z)Ljava/lang/Object; @ 242 c2
Event: 26.692 Thread 0x000001cd14dc8160 DEOPT PACKING pc=0x000001ccc0d0fecc sp=0x0000004897ffbd80
Event: 26.692 Thread 0x000001cd14dc8160 DEOPT UNPACKING pc=0x000001ccc0683aa2 sp=0x0000004897ffbcf0 mode 2
Event: 26.700 Thread 0x000001cd14dcb5e0 Uncommon trap: trap_request=0xffffff45 fr.pc=0x000001ccc0d8d40c relative=0x000000000000056c
Event: 26.700 Thread 0x000001cd14dcb5e0 Uncommon trap: reason=unstable_if action=reinterpret pc=0x000001ccc0d8d40c method=jdk.internal.jimage.ImageReader$SharedImageReader.findNode(Ljava/lang/String;)Ljdk/internal/jimage/ImageReader$Node; @ 25 c2
Event: 26.700 Thread 0x000001cd14dcb5e0 DEOPT PACKING pc=0x000001ccc0d8d40c sp=0x0000004897efd320
Event: 26.700 Thread 0x000001cd14dcb5e0 DEOPT UNPACKING pc=0x000001ccc0683aa2 sp=0x0000004897efd2e8 mode 2
Event: 26.700 Thread 0x000001cd14dcb5e0 Uncommon trap: trap_request=0xffffff45 fr.pc=0x000001ccc0d8af60 relative=0x00000000000001a0
Event: 26.700 Thread 0x000001cd14dcb5e0 Uncommon trap: reason=unstable_if action=reinterpret pc=0x000001ccc0d8af60 method=jdk.internal.jrtfs.JrtPath.normalize(Ljava/lang/String;)Ljava/lang/String; @ 78 c2
Event: 26.700 Thread 0x000001cd14dcb5e0 DEOPT PACKING pc=0x000001ccc0d8af60 sp=0x0000004897efd600
Event: 26.700 Thread 0x000001cd14dcb5e0 DEOPT UNPACKING pc=0x000001ccc0683aa2 sp=0x0000004897efd580 mode 2

Classes loaded (20 events):
Event: 26.585 Loading class java/nio/file/FileTreeWalker$Event
Event: 26.585 Loading class java/nio/file/FileTreeWalker$Event done
Event: 26.585 Loading class java/nio/file/FileTreeWalker$EventType
Event: 26.585 Loading class java/nio/file/FileTreeWalker$EventType done
Event: 26.586 Loading class java/nio/file/Files$3
Event: 26.586 Loading class java/nio/file/Files$3 done
Event: 26.586 Loading class java/nio/file/FileVisitResult
Event: 26.586 Loading class java/nio/file/FileVisitResult done
Event: 26.674 Loading class java/lang/runtime/ObjectMethods
Event: 26.675 Loading class java/lang/runtime/ObjectMethods done
Event: 26.679 Loading class java/lang/invoke/MethodHandleImpl$Makers
Event: 26.679 Loading class java/lang/invoke/MethodHandleImpl$Makers done
Event: 26.679 Loading class java/lang/invoke/MethodHandleImpl$Makers$1
Event: 26.680 Loading class java/lang/invoke/MethodHandleImpl$Makers$1 done
Event: 26.680 Loading class java/lang/invoke/MethodHandleImpl$Makers$2
Event: 26.680 Loading class java/lang/invoke/MethodHandleImpl$Makers$2 done
Event: 26.680 Loading class java/lang/invoke/MethodHandleImpl$Makers$3
Event: 26.680 Loading class java/lang/invoke/MethodHandleImpl$Makers$3 done
Event: 26.687 Loading class java/lang/runtime/ObjectMethods$1
Event: 26.687 Loading class java/lang/runtime/ObjectMethods$1 done

Classes unloaded (7 events):
Event: 10.773 Thread 0x000001ccb5fce320 Unloading class 0x000001ccce190c00 'java/lang/invoke/LambdaForm$MH+0x000001ccce190c00'
Event: 10.773 Thread 0x000001ccb5fce320 Unloading class 0x000001ccce190800 'java/lang/invoke/LambdaForm$MH+0x000001ccce190800'
Event: 10.773 Thread 0x000001ccb5fce320 Unloading class 0x000001ccce190400 'java/lang/invoke/LambdaForm$MH+0x000001ccce190400'
Event: 10.773 Thread 0x000001ccb5fce320 Unloading class 0x000001ccce190000 'java/lang/invoke/LambdaForm$MH+0x000001ccce190000'
Event: 10.773 Thread 0x000001ccb5fce320 Unloading class 0x000001ccce18fc00 'java/lang/invoke/LambdaForm$BMH+0x000001ccce18fc00'
Event: 10.773 Thread 0x000001ccb5fce320 Unloading class 0x000001ccce18f800 'java/lang/invoke/LambdaForm$DMH+0x000001ccce18f800'
Event: 10.773 Thread 0x000001ccb5fce320 Unloading class 0x000001ccce18e400 'java/lang/invoke/LambdaForm$DMH+0x000001ccce18e400'

Classes redefined (0 events):
No events

Internal exceptions (20 events):
Event: 24.870 Thread 0x000001cd14dca230 Exception <a 'java/lang/NoSuchMethodError'{0x00000000d67188c0}: 'java.lang.Object java.lang.invoke.DirectMethodHandle$Holder.invokeInterface(java.lang.Object, java.lang.Object, java.lang.Object)'> (0x00000000d67188c0) 
thrown [s\src\hotspot\share\interpreter\linkResolver.cpp, line 773]
Event: 24.914 Thread 0x000001cd14dca230 Exception <a 'java/io/FileNotFoundException'{0x00000000d67b1920}> (0x00000000d67b1920) 
thrown [s\src\hotspot\share\prims\jni.cpp, line 520]
Event: 25.025 Thread 0x000001cd14dca230 Exception <a 'sun/nio/fs/WindowsException'{0x00000000d568d150}> (0x00000000d568d150) 
thrown [s\src\hotspot\share\prims\jni.cpp, line 520]
Event: 25.184 Thread 0x000001cd14dca230 Exception <a 'java/lang/IncompatibleClassChangeError'{0x00000000d5975310}: Found class java.lang.Object, but interface was expected> (0x00000000d5975310) 
thrown [s\src\hotspot\share\interpreter\linkResolver.cpp, line 840]
Event: 25.275 Thread 0x000001cd14dca230 Exception <a 'java/lang/IncompatibleClassChangeError'{0x00000000d5a84778}: Found class java.lang.Object, but interface was expected> (0x00000000d5a84778) 
thrown [s\src\hotspot\share\interpreter\linkResolver.cpp, line 840]
Event: 26.462 Thread 0x000001cd14dcb5e0 Implicit null exception at 0x000001ccc0d47277 to 0x000001ccc0d474e8
Event: 26.463 Thread 0x000001cd14dcb5e0 Exception <a 'java/lang/NoSuchMethodError'{0x00000000d5eb03b8}: 'long java.lang.invoke.DirectMethodHandle$Holder.invokeStatic(java.lang.Object, java.lang.Object, int)'> (0x00000000d5eb03b8) 
thrown [s\src\hotspot\share\interpreter\linkResolver.cpp, line 773]
Event: 26.466 Thread 0x000001cd14dcb5e0 Exception <a 'java/lang/NoSuchMethodError'{0x00000000d5ebad18}: 'java.lang.Object java.lang.invoke.DelegatingMethodHandle$Holder.reinvoke_L(java.lang.Object, int, long, java.lang.Object, java.lang.Object, int, java.lang.Object)'> (0x00000000d5ebad18) 
thrown [s\src\hotspot\share\interpreter\linkResolver.cpp, line 773]
Event: 26.676 Thread 0x000001cd14dc8160 Exception <a 'java/lang/NoSuchMethodError'{0x00000000d6460698}: 'java.lang.Object java.lang.invoke.DirectMethodHandle$Holder.invokeStaticInit(java.lang.Object, java.lang.Object, java.lang.Object, java.lang.Object, java.lang.Object, java.lang.Object, java.lang.Object)'> (0x00000000d6460698) 
thrown [s\src\hotspot\share\interpreter\linkResolver.cpp, line 773]
Event: 26.676 Thread 0x000001cd14dcb5e0 Exception <a 'java/lang/NoSuchMethodError'{0x00000000d646d538}: 'java.lang.Object java.lang.invoke.DirectMethodHandle$Holder.invokeStaticInit(java.lang.Object, java.lang.Object, java.lang.Object, java.lang.Object, java.lang.Object, java.lang.Object, java.lang.Object)'> (0x00000000d646d538) 
thrown [s\src\hotspot\share\interpreter\linkResolver.cpp, line 773]
Event: 26.677 Thread 0x000001cd14dc8160 Exception <a 'java/lang/NoSuchMethodError'{0x00000000d6478958}: 'java.lang.Object java.lang.invoke.Invokers$Holder.invoke_MT(java.lang.Object, java.lang.Object, java.lang.Object, java.lang.Object, java.lang.Object, java.lang.Object, java.lang.Object, java.lang.Object, java.lang.Object, java.lang.Object)'> (0x00000000d6478958) 
thrown [s\src\hotspot\share\interpreter\linkResolver.cpp, line 773]
Event: 26.677 Thread 0x000001cd14dcb5e0 Exception <a 'java/lang/NoSuchMethodError'{0x00000000d6471c80}: 'java.lang.Object java.lang.invoke.Invokers$Holder.invoke_MT(java.lang.Object, java.lang.Object, java.lang.Object, java.lang.Object, java.lang.Object, java.lang.Object, java.lang.Object, java.lang.Object, java.lang.Object, java.lang.Object)'> (0x00000000d6471c80) 
thrown [s\src\hotspot\share\interpreter\linkResolver.cpp, line 773]
Event: 26.687 Thread 0x000001cd14dc8160 Exception <a 'java/lang/NoSuchMethodError'{0x00000000d64d3738}: 'int java.lang.invoke.DirectMethodHandle$Holder.invokeVirtual(java.lang.Object, java.lang.Object, java.lang.Object)'> (0x00000000d64d3738) 
thrown [s\src\hotspot\share\interpreter\linkResolver.cpp, line 773]
Event: 26.688 Thread 0x000001cd14dc8160 Exception <a 'java/lang/NoSuchMethodError'{0x00000000d64d7ae0}: 'int java.lang.invoke.DirectMethodHandle$Holder.invokeStaticInit(java.lang.Object, int, int)'> (0x00000000d64d7ae0) 
thrown [s\src\hotspot\share\interpreter\linkResolver.cpp, line 773]
Event: 26.689 Thread 0x000001cd14dc8160 Exception <a 'java/lang/NoSuchMethodError'{0x00000000d64df540}: 'int java.lang.invoke.DirectMethodHandle$Holder.invokeStaticInit(java.lang.Object, long, long)'> (0x00000000d64df540) 
thrown [s\src\hotspot\share\interpreter\linkResolver.cpp, line 773]
Event: 26.690 Thread 0x000001cd14dc8160 Exception <a 'java/lang/NoSuchMethodError'{0x00000000d64e6708}: 'int java.lang.invoke.DirectMethodHandle$Holder.invokeStaticInit(java.lang.Object, float, float)'> (0x00000000d64e6708) 
thrown [s\src\hotspot\share\interpreter\linkResolver.cpp, line 773]
Event: 26.690 Thread 0x000001cd14dc8160 Exception <a 'java/lang/NoSuchMethodError'{0x00000000d64ed858}: 'int java.lang.invoke.DirectMethodHandle$Holder.invokeStaticInit(java.lang.Object, double, double)'> (0x00000000d64ed858) 
thrown [s\src\hotspot\share\interpreter\linkResolver.cpp, line 773]
Event: 26.691 Thread 0x000001cd14dc8160 Exception <a 'java/lang/NoSuchMethodError'{0x00000000d64f2070}: 'int java.lang.invoke.DirectMethodHandle$Holder.invokeStatic(java.lang.Object, long)'> (0x00000000d64f2070) 
thrown [s\src\hotspot\share\interpreter\linkResolver.cpp, line 773]
Event: 26.696 Thread 0x000001cd14dc8160 Exception <a 'java/lang/NoSuchMethodError'{0x00000000d6524750}: 'int java.lang.invoke.Invokers$Holder.linkToTargetMethod(java.lang.Object, java.lang.Object)'> (0x00000000d6524750) 
thrown [s\src\hotspot\share\interpreter\linkResolver.cpp, line 773]
Event: 26.696 Thread 0x000001cd14dcb5e0 Exception <a 'java/lang/NoSuchMethodError'{0x00000000d651a8c8}: 'int java.lang.invoke.Invokers$Holder.linkToTargetMethod(java.lang.Object, java.lang.Object)'> (0x00000000d651a8c8) 
thrown [s\src\hotspot\share\interpreter\linkResolver.cpp, line 773]

ZGC Phase Switch (0 events):
No events

VM Operations (20 events):
Event: 12.736 Executing VM operation: ParallelGCFailedAllocation (Allocation Failure) done
Event: 13.748 Executing VM operation: Cleanup
Event: 13.748 Executing VM operation: Cleanup done
Event: 14.752 Executing VM operation: Cleanup
Event: 14.752 Executing VM operation: Cleanup done
Event: 24.822 Executing VM operation: Cleanup
Event: 24.822 Executing VM operation: Cleanup done
Event: 24.952 Executing VM operation: ParallelGCFailedAllocation (Allocation Failure)
Event: 24.956 Executing VM operation: ParallelGCFailedAllocation (Allocation Failure) done
Event: 25.964 Executing VM operation: Cleanup
Event: 26.406 Executing VM operation: Cleanup done
Event: 26.420 Executing VM operation: HandshakeAllThreads (Deoptimize)
Event: 26.421 Executing VM operation: HandshakeAllThreads (Deoptimize) done
Event: 26.434 Executing VM operation: HandshakeAllThreads (Deoptimize)
Event: 26.434 Executing VM operation: HandshakeAllThreads (Deoptimize) done
Event: 26.496 Executing VM operation: HandshakeAllThreads (Deoptimize)
Event: 26.496 Executing VM operation: HandshakeAllThreads (Deoptimize) done
Event: 26.497 Executing VM operation: HandshakeAllThreads (Deoptimize)
Event: 26.497 Executing VM operation: HandshakeAllThreads (Deoptimize) done
Event: 27.506 Executing VM operation: Cleanup

Memory protections (0 events):
No events

Nmethod flushes (0 events):
No events

Events (20 events):
Event: 12.564 Thread 0x000001ccb5f0bac0 Thread added: 0x000001cd1533e490
Event: 12.566 Thread 0x000001ccb5f0bac0 Thread added: 0x000001cd1533d0e0
Event: 12.568 Thread 0x000001ccb5f0bac0 Thread added: 0x000001cd14dc6db0
Event: 12.568 Thread 0x000001ccb5f0bac0 Thread added: 0x000001cd14dc6720
Event: 12.569 Thread 0x000001ccb5f0bac0 Thread added: 0x000001cd14dc7440
Event: 12.569 Thread 0x000001ccb5f0bac0 Thread added: 0x000001cd14dc4ce0
Event: 12.569 Thread 0x000001ccb5f0bac0 Thread added: 0x000001cd14dc5370
Event: 12.569 Thread 0x000001ccb5f0bac0 Thread added: 0x000001cd14dc5a00
Event: 12.569 Thread 0x000001ccb5f0bac0 Thread added: 0x000001cd14dc3fc0
Event: 12.570 Thread 0x000001ccb5f0bac0 Thread added: 0x000001cd14dc6090
Event: 12.570 Thread 0x000001ccb5f0bac0 Thread added: 0x000001cd14dc7ad0
Event: 12.642 Thread 0x000001ccb5f0bac0 Thread added: 0x000001cd14dc4650
Event: 12.862 Thread 0x000001cd0f8a0560 Thread added: 0x000001cd1555f3b0
Event: 13.061 Thread 0x000001ccb5f0bac0 Thread added: 0x000001cd14dc87f0
Event: 13.062 Thread 0x000001ccb5f0bac0 Thread added: 0x000001cd14dca230
Event: 13.076 Thread 0x000001cd0fbaab20 Thread added: 0x000001cd14dcaf50
Event: 18.149 Thread 0x000001cd1555f3b0 Thread exited: 0x000001cd1555f3b0
Event: 25.119 Thread 0x000001cd0f8a0560 Thread added: 0x000001cd146af440
Event: 25.287 Thread 0x000001cd14dca230 Thread added: 0x000001cd14dcb5e0
Event: 25.303 Thread 0x000001cd14dca230 Thread added: 0x000001cd14dc8160


Dynamic libraries:
0x00007ff656c90000 - 0x00007ff656c9e000 	c:\Users\jaywa\.vscode\extensions\redhat.java-1.46.0-win32-x64\jre\21.0.8-win32-x86_64\bin\java.exe
0x00007ffb4c740000 - 0x00007ffb4c9a8000 	C:\WINDOWS\SYSTEM32\ntdll.dll
0x00007ffb4ad30000 - 0x00007ffb4adf9000 	C:\WINDOWS\System32\KERNEL32.DLL
0x00007ffb49a40000 - 0x00007ffb49e32000 	C:\WINDOWS\System32\KERNELBASE.dll
0x00007ffb49e40000 - 0x00007ffb49f8b000 	C:\WINDOWS\System32\ucrtbase.dll
0x00007ffb357b0000 - 0x00007ffb357c8000 	c:\Users\jaywa\.vscode\extensions\redhat.java-1.46.0-win32-x64\jre\21.0.8-win32-x86_64\bin\jli.dll
0x00007ffb4b270000 - 0x00007ffb4b435000 	C:\WINDOWS\System32\USER32.dll
0x00007ffb49f90000 - 0x00007ffb49fb7000 	C:\WINDOWS\System32\win32u.dll
0x00007ffb4ae00000 - 0x00007ffb4ae2b000 	C:\WINDOWS\System32\GDI32.dll
0x00007ffb356f0000 - 0x00007ffb3570e000 	c:\Users\jaywa\.vscode\extensions\redhat.java-1.46.0-win32-x64\jre\21.0.8-win32-x86_64\bin\VCRUNTIME140.dll
0x00007ffb4a3e0000 - 0x00007ffb4a50d000 	C:\WINDOWS\System32\gdi32full.dll
0x00007ffb498d0000 - 0x00007ffb49973000 	C:\WINDOWS\System32\msvcp_win.dll
0x00007ffb2d820000 - 0x00007ffb2dab3000 	C:\WINDOWS\WinSxS\amd64_microsoft.windows.common-controls_6595b64144ccf1df_6.0.26100.6899_none_3e0efeeae32e88c1\COMCTL32.dll
0x00007ffb4c4c0000 - 0x00007ffb4c569000 	C:\WINDOWS\System32\msvcrt.dll
0x00007ffb4c570000 - 0x00007ffb4c59f000 	C:\WINDOWS\System32\IMM32.DLL
0x00007ffb42440000 - 0x00007ffb4244c000 	c:\Users\jaywa\.vscode\extensions\redhat.java-1.46.0-win32-x64\jre\21.0.8-win32-x86_64\bin\vcruntime140_1.dll
0x00007ffb1fa90000 - 0x00007ffb1fb1d000 	c:\Users\jaywa\.vscode\extensions\redhat.java-1.46.0-win32-x64\jre\21.0.8-win32-x86_64\bin\msvcp140.dll
0x00007ffae6340000 - 0x00007ffae70d7000 	c:\Users\jaywa\.vscode\extensions\redhat.java-1.46.0-win32-x64\jre\21.0.8-win32-x86_64\bin\server\jvm.dll
0x00007ffb4ae30000 - 0x00007ffb4aee4000 	C:\WINDOWS\System32\ADVAPI32.dll
0x00007ffb4b450000 - 0x00007ffb4b4f6000 	C:\WINDOWS\System32\sechost.dll
0x00007ffb4ac10000 - 0x00007ffb4ad28000 	C:\WINDOWS\System32\RPCRT4.dll
0x00007ffb4a830000 - 0x00007ffb4a8a4000 	C:\WINDOWS\System32\WS2_32.dll
0x00007ffb49750000 - 0x00007ffb497ae000 	C:\WINDOWS\SYSTEM32\POWRPROF.dll
0x00007ffb41ab0000 - 0x00007ffb41abb000 	C:\WINDOWS\SYSTEM32\VERSION.dll
0x00007ffb40a10000 - 0x00007ffb40a45000 	C:\WINDOWS\SYSTEM32\WINMM.dll
0x00007ffb49730000 - 0x00007ffb49744000 	C:\WINDOWS\SYSTEM32\UMPDC.dll
0x00007ffb486a0000 - 0x00007ffb486bb000 	C:\WINDOWS\SYSTEM32\kernel.appcore.dll
0x00007ffb41360000 - 0x00007ffb4136a000 	c:\Users\jaywa\.vscode\extensions\redhat.java-1.46.0-win32-x64\jre\21.0.8-win32-x86_64\bin\jimage.dll
0x00007ffb3ce50000 - 0x00007ffb3d092000 	C:\WINDOWS\SYSTEM32\DBGHELP.DLL
0x00007ffb4aef0000 - 0x00007ffb4b26b000 	C:\WINDOWS\System32\combase.dll
0x00007ffb4a960000 - 0x00007ffb4aa37000 	C:\WINDOWS\System32\OLEAUT32.dll
0x00007ffb284e0000 - 0x00007ffb2851c000 	C:\WINDOWS\SYSTEM32\dbgcore.DLL
0x00007ffb49fc0000 - 0x00007ffb4a058000 	C:\WINDOWS\System32\bcryptPrimitives.dll
0x00007ffb41150000 - 0x00007ffb4115f000 	c:\Users\jaywa\.vscode\extensions\redhat.java-1.46.0-win32-x64\jre\21.0.8-win32-x86_64\bin\instrument.dll
0x00007ffb35420000 - 0x00007ffb3543f000 	c:\Users\jaywa\.vscode\extensions\redhat.java-1.46.0-win32-x64\jre\21.0.8-win32-x86_64\bin\java.dll
0x00007ffb4b500000 - 0x00007ffb4bc4d000 	C:\WINDOWS\System32\SHELL32.dll
0x00007ffb4a270000 - 0x00007ffb4a3db000 	C:\WINDOWS\System32\wintypes.dll
0x00007ffb47510000 - 0x00007ffb47d6d000 	C:\WINDOWS\SYSTEM32\windows.storage.dll
0x00007ffb4ab10000 - 0x00007ffb4ac02000 	C:\WINDOWS\System32\SHCORE.dll
0x00007ffb4a510000 - 0x00007ffb4a572000 	C:\WINDOWS\System32\shlwapi.dll
0x00007ffb497f0000 - 0x00007ffb49819000 	C:\WINDOWS\SYSTEM32\profapi.dll
0x00007ffb2efd0000 - 0x00007ffb2efe8000 	c:\Users\jaywa\.vscode\extensions\redhat.java-1.46.0-win32-x64\jre\21.0.8-win32-x86_64\bin\zip.dll
0x00007ffb41100000 - 0x00007ffb41110000 	C:\Users\jaywa\.vscode\extensions\redhat.java-1.46.0-win32-x64\jre\21.0.8-win32-x86_64\bin\net.dll
0x00007ffb41480000 - 0x00007ffb4159f000 	C:\WINDOWS\SYSTEM32\WINHTTP.dll
0x00007ffb48c10000 - 0x00007ffb48c7b000 	C:\WINDOWS\system32\mswsock.dll
0x00007ffb2e160000 - 0x00007ffb2e176000 	C:\Users\jaywa\.vscode\extensions\redhat.java-1.46.0-win32-x64\jre\21.0.8-win32-x86_64\bin\nio.dll
0x00007ffb35650000 - 0x00007ffb35660000 	c:\Users\jaywa\.vscode\extensions\redhat.java-1.46.0-win32-x64\jre\21.0.8-win32-x86_64\bin\verify.dll
0x00007ffad2c00000 - 0x00007ffad2c44000 	C:\Users\jaywa\AppData\Roaming\Code\User\globalStorage\redhat.java\1.46.0\config_ss_win\org.eclipse.equinox.launcher\org.eclipse.equinox.launcher.win32.win32.x86_64_1.2.1400.v20250801-0854\eclipse_11916.dll
0x00007ffb4be30000 - 0x00007ffb4bfc8000 	C:\WINDOWS\System32\ole32.dll
0x00007ffb48ed0000 - 0x00007ffb48eeb000 	C:\WINDOWS\SYSTEM32\CRYPTSP.dll
0x00007ffb48600000 - 0x00007ffb4863b000 	C:\WINDOWS\system32\rsaenh.dll
0x00007ffb48cb0000 - 0x00007ffb48cdb000 	C:\WINDOWS\SYSTEM32\USERENV.dll
0x00007ffb497c0000 - 0x00007ffb497e6000 	C:\WINDOWS\SYSTEM32\bcrypt.dll
0x00007ffb48ec0000 - 0x00007ffb48ecc000 	C:\WINDOWS\SYSTEM32\CRYPTBASE.dll
0x00007ffb48120000 - 0x00007ffb48154000 	C:\WINDOWS\SYSTEM32\IPHLPAPI.DLL
0x00007ffb4a820000 - 0x00007ffb4a82a000 	C:\WINDOWS\System32\NSI.dll
0x00007ffaa9e20000 - 0x00007ffaa9e69000 	C:\Users\jaywa\AppData\Local\Temp\jna-100903020\jna12722007045269895867.dll
0x00007ffb4a780000 - 0x00007ffb4a788000 	C:\WINDOWS\System32\PSAPI.DLL
0x00007ffb417b0000 - 0x00007ffb417ce000 	C:\WINDOWS\SYSTEM32\dhcpcsvc6.DLL
0x00007ffb41320000 - 0x00007ffb41343000 	C:\WINDOWS\SYSTEM32\dhcpcsvc.DLL

JVMTI agents:
c:\Users\jaywa\.vscode\extensions\redhat.java-1.46.0-win32-x64\lombok\lombok-1.18.39-4050.jar path:c:\Users\jaywa\.vscode\extensions\redhat.java-1.46.0-win32-x64\jre\21.0.8-win32-x86_64\bin\instrument.dll, loaded, initialized, instrumentlib options:none

dbghelp: loaded successfully - version: 4.0.5 - missing functions: none
symbol engine: initialized successfully - sym options: 0x614 - pdb path: .;c:\Users\jaywa\.vscode\extensions\redhat.java-1.46.0-win32-x64\jre\21.0.8-win32-x86_64\bin;C:\WINDOWS\SYSTEM32;C:\WINDOWS\WinSxS\amd64_microsoft.windows.common-controls_6595b64144ccf1df_6.0.26100.6899_none_3e0efeeae32e88c1;c:\Users\jaywa\.vscode\extensions\redhat.java-1.46.0-win32-x64\jre\21.0.8-win32-x86_64\bin\server;C:\Users\jaywa\AppData\Roaming\Code\User\globalStorage\redhat.java\1.46.0\config_ss_win\org.eclipse.equinox.launcher\org.eclipse.equinox.launcher.win32.win32.x86_64_1.2.1400.v20250801-0854;C:\Users\jaywa\AppData\Local\Temp\jna-100903020

VM Arguments:
jvm_args: --add-modules=ALL-SYSTEM --add-opens=java.base/java.util=ALL-UNNAMED --add-opens=java.base/java.lang=ALL-UNNAMED --add-opens=java.base/sun.nio.fs=ALL-UNNAMED -Declipse.application=org.eclipse.jdt.ls.core.id1 -Dosgi.bundles.defaultStartLevel=4 -Declipse.product=org.eclipse.jdt.ls.core.product -Djava.import.generatesMetadataFilesAtProjectRoot=false -DDetectVMInstallationsJob.disabled=true -Dfile.encoding=utf8 -XX:+UseParallelGC -XX:GCTimeRatio=4 -XX:AdaptiveSizePolicyWeight=90 -Dsun.zip.disableMemoryMapping=true -Xmx2G -Xms100m -Xlog:disable -javaagent:c:\Users\jaywa\.vscode\extensions\redhat.java-1.46.0-win32-x64\lombok\lombok-1.18.39-4050.jar 
java_command: c:\Users\jaywa\.vscode\extensions\redhat.java-1.46.0-win32-x64\server\plugins\org.eclipse.equinox.launcher_1.7.0.v20250519-0528.jar -configuration c:\Users\jaywa\AppData\Roaming\Code\User\globalStorage\redhat.java\1.46.0\config_ss_win -data c:\Users\jaywa\AppData\Roaming\Code\User\workspaceStorage\9444b7f9f2e8a8aa4566e18311caa4e0\redhat.java\ss_ws --pipe=\\.\pipe\lsp-ce31301f0d456c8528bd709f36defae5-sock
java_class_path (initial): c:\Users\jaywa\.vscode\extensions\redhat.java-1.46.0-win32-x64\server\plugins\org.eclipse.equinox.launcher_1.7.0.v20250519-0528.jar
Launcher Type: SUN_STANDARD

[Global flags]
    uintx AdaptiveSizePolicyWeight                 = 90                                        {product} {command line}
     intx CICompilerCount                          = 4                                         {product} {ergonomic}
    uintx GCTimeRatio                              = 4                                         {product} {command line}
   size_t InitialHeapSize                          = 104857600                                 {product} {command line}
   size_t MaxHeapSize                              = 2147483648                                {product} {command line}
   size_t MaxNewSize                               = 715653120                                 {product} {ergonomic}
   size_t MinHeapDeltaBytes                        = 524288                                    {product} {ergonomic}
   size_t MinHeapSize                              = 104857600                                 {product} {command line}
   size_t NewSize                                  = 34603008                                  {product} {ergonomic}
    uintx NonNMethodCodeHeapSize                   = 5839372                                {pd product} {ergonomic}
    uintx NonProfiledCodeHeapSize                  = 122909434                              {pd product} {ergonomic}
   size_t OldSize                                  = 70254592                                  {product} {ergonomic}
    uintx ProfiledCodeHeapSize                     = 122909434                              {pd product} {ergonomic}
    uintx ReservedCodeCacheSize                    = 251658240                              {pd product} {ergonomic}
     bool SegmentedCodeCache                       = true                                      {product} {ergonomic}
   size_t SoftMaxHeapSize                          = 2147483648                             {manageable} {ergonomic}
     bool UseCompressedOops                        = true                           {product lp64_product} {ergonomic}
     bool UseLargePagesIndividualAllocation        = false                                  {pd product} {ergonomic}
     bool UseParallelGC                            = true                                      {product} {command line}

Logging:
Log output configuration:
 #0: stdout all=off uptime,level,tags foldmultilines=false
 #1: stderr all=off uptime,level,tags foldmultilines=false

Environment Variables:
JAVA_HOME=C:\Program Files\Java\jdk-17
PATH=C:\Program Files\Common Files\Oracle\Java\javapath;C:\WINDOWS\system32;C:\WINDOWS;C:\WINDOWS\System32\Wbem;C:\WINDOWS\System32\WindowsPowerShell\v1.0\;C:\WINDOWS\System32\OpenSSH\;C:\Program Files\nodejs\;C:\Program Files\Java\jdk-17\bin;;C:\Program Files\Docker\Docker\resources\bin;C:\Program Files\MySQL\MySQL Shell 8.0\bin\;C:\Users\jaywa\AppData\Local\Microsoft\WindowsApps;C:\Users\jaywa\AppData\Local\Programs\Microsoft VS Code\bin;C:\Users\jaywa\AppData\Roaming\npm;C:\Program Files\Git\bin;C:\Program Files\Git\cmd;C:\Program Files\Java\jdk-17\bin;C:\Users\jaywa\AppData\Local\Programs\cursor\resources\app\bin;C:\Users\jaywa\AppData\Local\Programs\Kiro\bin;C:\Users\jaywa\AppData\Local\Programs\Windsurf\bin;C:\Users\jaywa\AppData\Local\Programs\Qoder\bin
USERNAME=jaywa
OS=Windows_NT
PROCESSOR_IDENTIFIER=AMD64 Family 25 Model 80 Stepping 0, AuthenticAMD
TMP=C:\Users\jaywa\AppData\Local\Temp
TEMP=C:\Users\jaywa\AppData\Local\Temp




Periodic native trim disabled

---------------  S Y S T E M  ---------------

OS:
 Windows 11 , 64 bit Build 26100 (10.0.26100.6725)
OS uptime: 6 days 10:02 hours
Hyper-V role detected

CPU: total 12 (initial active 12) (12 cores per cpu, 2 threads per core) family 25 model 80 stepping 0 microcode 0xa500011, cx8, cmov, fxsr, ht, mmx, 3dnowpref, sse, sse2, sse3, ssse3, sse4a, sse4.1, sse4.2, popcnt, lzcnt, tsc, tscinvbit, avx, avx2, aes, erms, clmul, bmi1, bmi2, adx, sha, fma, vzeroupper, clflush, clflushopt, hv, rdtscp, rdpid, fsrm, f16c, cet_ss
Processor Information for the first 12 processors :
  Max Mhz: 3301, Current Mhz: 1908, Mhz Limit: 3301

Memory: 4k page, system-wide physical 7521M (561M free)
TotalPageFile size 31073M (AvailPageFile size 34M)
current process WorkingSet (physical memory assigned to process): 123M, peak: 165M
current process commit charge ("private bytes"): 304M, peak: 308M

vm_info: OpenJDK 64-Bit Server VM (21.0.8+9-LTS) for windows-amd64 JRE (21.0.8+9-LTS), built on 2025-07-15T00:00:00Z by "admin" with MS VC++ 17.7 (VS2022)

END.
