#
# There is insufficient memory for the Java Runtime Environment to continue.
# Native memory allocation (malloc) failed to allocate 32744 bytes. Error detail: Chunk::new
# Possible reasons:
#   The system is out of physical RAM or swap space
#   This process is running with CompressedOops enabled, and the Java Heap may be blocking the growth of the native heap
# Possible solutions:
#   Reduce memory load on the system
#   Increase physical memory or swap space
#   Check if swap backing store is full
#   Decrease Java heap size (-Xmx/-Xms)
#   Decrease number of Java threads
#   Decrease Java thread stack sizes (-Xss)
#   Set larger code cache with -XX:ReservedCodeCacheSize=
#   JVM is running with Unscaled Compressed Oops mode in which the Java heap is
#     placed in the first 4GB address space. The Java Heap base address is the
#     maximum limit for the native heap growth. Please use -XX:HeapBaseMinAddress
#     to set the Java Heap base and to place the Java Heap above 4GB virtual address.
# This output file may be truncated or incomplete.
#
#  Out of Memory Error (arena.cpp:168), pid=30104, tid=4196
#
# JRE version: OpenJDK Runtime Environment Temurin-21.0.8+9 (21.0.8+9) (build 21.0.8+9-LTS)
# Java VM: OpenJDK 64-Bit Server VM Temurin-21.0.8+9 (21.0.8+9-LTS, mixed mode, sharing, tiered, compressed oops, compressed class ptrs, parallel gc, windows-amd64)
# No core dump will be written. Minidumps are not enabled by default on client versions of Windows
#

---------------  S U M M A R Y ------------

Command Line: --add-modules=ALL-SYSTEM --add-opens=java.base/java.util=ALL-UNNAMED --add-opens=java.base/java.lang=ALL-UNNAMED --add-opens=java.base/sun.nio.fs=ALL-UNNAMED -Declipse.application=org.eclipse.jdt.ls.core.id1 -Dosgi.bundles.defaultStartLevel=4 -Declipse.product=org.eclipse.jdt.ls.core.product -Djava.import.generatesMetadataFilesAtProjectRoot=false -DDetectVMInstallationsJob.disabled=true -Dfile.encoding=utf8 -XX:+UseParallelGC -XX:GCTimeRatio=4 -XX:AdaptiveSizePolicyWeight=90 -Dsun.zip.disableMemoryMapping=true -Xmx2G -Xms100m -Xlog:disable -javaagent:c:\Users\jaywa\.vscode\extensions\redhat.java-1.46.0-win32-x64\lombok\lombok-1.18.39-4050.jar -XX:+HeapDumpOnOutOfMemoryError -XX:HeapDumpPath=c:\Users\jaywa\AppData\Roaming\Code\User\workspaceStorage\9444b7f9f2e8a8aa4566e18311caa4e0\redhat.java -Daether.dependencyCollector.impl=bf c:\Users\jaywa\.vscode\extensions\redhat.java-1.46.0-win32-x64\server\plugins\org.eclipse.equinox.launcher_1.7.0.v20250519-0528.jar -configuration c:\Users\jaywa\AppData\Roaming\Code\User\globalStorage\redhat.java\1.46.0\config_win -data c:\Users\jaywa\AppData\Roaming\Code\User\workspaceStorage\9444b7f9f2e8a8aa4566e18311caa4e0\redhat.java\jdt_ws --pipe=\\.\pipe\lsp-ab2728fb2b728c1615e1ba379e44979b-sock

Host: AMD Ryzen 5 5600H with Radeon Graphics         , 12 cores, 7G,  Windows 11 , 64 bit Build 26100 (10.0.26100.6725)
Time: Wed Oct 29 10:58:15 2025 India Standard Time elapsed time: 195.510505 seconds (0d 0h 3m 15s)

---------------  T H R E A D  ---------------

Current thread (0x000001e9e39a2200):  JavaThread "C2 CompilerThread0" daemon [_thread_in_native, id=4196, stack(0x000000191a000000,0x000000191a100000) (1024K)]


Current CompileTask:
C2:195511 16951       4       org.eclipse.jdt.internal.compiler.lookup.LookupEnvironment::getTypeFromTypeSignature (770 bytes)

Stack: [0x000000191a000000,0x000000191a100000]
Native frames: (J=compiled Java code, j=interpreted, Vv=VM code, C=native code)
V  [jvm.dll+0x6d2449]
V  [jvm.dll+0x8ae341]
V  [jvm.dll+0x8b08be]
V  [jvm.dll+0x8b0fa3]
V  [jvm.dll+0x280c96]
V  [jvm.dll+0xc581d]
V  [jvm.dll+0xc5d53]
V  [jvm.dll+0x3be99d]
V  [jvm.dll+0x3be1c1]
V  [jvm.dll+0x3be204]
V  [jvm.dll+0x1e3dee]
V  [jvm.dll+0x3b935b]
V  [jvm.dll+0x3b8465]
V  [jvm.dll+0x1e143e]
V  [jvm.dll+0x249022]
V  [jvm.dll+0x2484af]
V  [jvm.dll+0x1c89ee]
V  [jvm.dll+0x257d4d]
V  [jvm.dll+0x2562ea]
V  [jvm.dll+0x3f2d16]
V  [jvm.dll+0x857e6b]
V  [jvm.dll+0x6d0b0d]
C  [ucrtbase.dll+0x37b0]
C  [KERNEL32.DLL+0x2e8d7]
C  [ntdll.dll+0x8c53c]


---------------  P R O C E S S  ---------------

Threads class SMR info:
_java_thread_list=0x000001e9eb7f1800, length=85, elements={
0x000001e9896cbfe0, 0x000001e9e39944b0, 0x000001e9a087cbe0, 0x000001e9e3997710,
0x000001e9e3998360, 0x000001e9e399a640, 0x000001e9e39a0610, 0x000001e9e39a2200,
0x000001e9e39b8630, 0x000001e989738db0, 0x000001e9e3cd6590, 0x000001e9e8a3bfe0,
0x000001e9e86e1680, 0x000001e9e89a5950, 0x000001e9e89aa4b0, 0x000001e9e86c1c00,
0x000001e9e8e80030, 0x000001e9e9189340, 0x000001e9e918a060, 0x000001e9e9187f90,
0x000001e9ea1d5540, 0x000001e9ea1d6260, 0x000001e9ea1d4820, 0x000001e9ea1d5bd0,
0x000001e9ea1d8330, 0x000001e9ea1d68f0, 0x000001e9ea1d4eb0, 0x000001e9ea1d89c0,
0x000001e9ea1d96e0, 0x000001e9ea1d9050, 0x000001e9ea1d9d70, 0x000001e9ea1d6f80,
0x000001e9ea1da400, 0x000001e9ea1daa90, 0x000001e9ea1d7610, 0x000001e9ea1d7ca0,
0x000001e9ea1db7b0, 0x000001e9ea1c7510, 0x000001e9ea1c5ad0, 0x000001e9ea1c4720,
0x000001e9ea1c6160, 0x000001e9ea1c67f0, 0x000001e9ea1c6e80, 0x000001e9ea1c4090,
0x000001e9ea1c8230, 0x000001e9ea1c4db0, 0x000001e9ea1c88c0, 0x000001e9ea1c5440,
0x000001e9ea1ca990, 0x000001e9ea1cb020, 0x000001e9ea1c95e0, 0x000001e9ea1c8f50,
0x000001e9ea1c9c70, 0x000001e9ea1ca300, 0x000001e9ea1cb6b0, 0x000001e9eaa519d0,
0x000001e9eaa50620, 0x000001e9eaa526f0, 0x000001e9eaa51340, 0x000001e9eaa55b70,
0x000001e9eaa54130, 0x000001e9eaa53aa0, 0x000001e9eaa547c0, 0x000001e9eaa53410,
0x000001e9eaa56200, 0x000001e9eaa554e0, 0x000001e9eaa57c40, 0x000001e9ebf6c7c0,
0x000001e9ebf6ad80, 0x000001e9ebf6b410, 0x000001e9ebf70960, 0x000001e9ebf723a0,
0x000001e9f624dff0, 0x000001e9f6250de0, 0x000001e9f6251470, 0x000001e9f624e680,
0x000001e9f624ed10, 0x000001e9f6250750, 0x000001e9f62500c0, 0x000001e9f624f3a0,
0x000001e9e918a6f0, 0x000001e9e918ad80, 0x000001e9e918b410, 0x000001e9ea1db120,
0x000001e9ea1dbe40
}

Java Threads: ( => current thread )
  0x000001e9896cbfe0 JavaThread "main"                              [_thread_blocked, id=25644, stack(0x0000001919600000,0x0000001919700000) (1024K)]
  0x000001e9e39944b0 JavaThread "Reference Handler"          daemon [_thread_blocked, id=28464, stack(0x0000001919a00000,0x0000001919b00000) (1024K)]
  0x000001e9a087cbe0 JavaThread "Finalizer"                  daemon [_thread_blocked, id=7900, stack(0x0000001919b00000,0x0000001919c00000) (1024K)]
  0x000001e9e3997710 JavaThread "Signal Dispatcher"          daemon [_thread_blocked, id=31892, stack(0x0000001919c00000,0x0000001919d00000) (1024K)]
  0x000001e9e3998360 JavaThread "Attach Listener"            daemon [_thread_blocked, id=34692, stack(0x0000001919d00000,0x0000001919e00000) (1024K)]
  0x000001e9e399a640 JavaThread "Service Thread"             daemon [_thread_blocked, id=3868, stack(0x0000001919e00000,0x0000001919f00000) (1024K)]
  0x000001e9e39a0610 JavaThread "Monitor Deflation Thread"   daemon [_thread_blocked, id=22656, stack(0x0000001919f00000,0x000000191a000000) (1024K)]
=>0x000001e9e39a2200 JavaThread "C2 CompilerThread0"         daemon [_thread_in_native, id=4196, stack(0x000000191a000000,0x000000191a100000) (1024K)]
  0x000001e9e39b8630 JavaThread "C1 CompilerThread0"         daemon [_thread_blocked, id=19868, stack(0x000000191a100000,0x000000191a200000) (1024K)]
  0x000001e989738db0 JavaThread "Common-Cleaner"             daemon [_thread_blocked, id=12972, stack(0x000000191a200000,0x000000191a300000) (1024K)]
  0x000001e9e3cd6590 JavaThread "Notification Thread"        daemon [_thread_blocked, id=10748, stack(0x000000191a400000,0x000000191a500000) (1024K)]
  0x000001e9e8a3bfe0 JavaThread "Active Thread: Equinox Container: ef5a62dc-dcb4-4274-8712-a933cdef444e"        [_thread_blocked, id=26048, stack(0x000000191ac00000,0x000000191ad00000) (1024K)]
  0x000001e9e86e1680 JavaThread "Refresh Thread: Equinox Container: ef5a62dc-dcb4-4274-8712-a933cdef444e" daemon [_thread_blocked, id=484, stack(0x000000191ae00000,0x000000191af00000) (1024K)]
  0x000001e9e89a5950 JavaThread "Framework Event Dispatcher: Equinox Container: ef5a62dc-dcb4-4274-8712-a933cdef444e" daemon [_thread_blocked, id=32520, stack(0x000000191af00000,0x000000191b000000) (1024K)]
  0x000001e9e89aa4b0 JavaThread "Start Level: Equinox Container: ef5a62dc-dcb4-4274-8712-a933cdef444e" daemon [_thread_blocked, id=13732, stack(0x000000191b000000,0x000000191b100000) (1024K)]
  0x000001e9e86c1c00 JavaThread "Bundle File Closer"         daemon [_thread_blocked, id=9848, stack(0x000000191b300000,0x000000191b400000) (1024K)]
  0x000001e9e8e80030 JavaThread "SCR Component Actor"        daemon [_thread_blocked, id=23292, stack(0x000000191a500000,0x000000191a600000) (1024K)]
  0x000001e9e9189340 JavaThread "Worker-JM"                         [_thread_blocked, id=18956, stack(0x000000191b400000,0x000000191b500000) (1024K)]
  0x000001e9e918a060 JavaThread "JNA Cleaner"                daemon [_thread_blocked, id=5236, stack(0x000000191b500000,0x000000191b600000) (1024K)]
  0x000001e9e9187f90 JavaThread "Java indexing"              daemon [_thread_blocked, id=30448, stack(0x000000191b900000,0x000000191ba00000) (1024K)]
  0x000001e9ea1d5540 JavaThread "Worker-4"                          [_thread_blocked, id=1844, stack(0x000000191be00000,0x000000191bf00000) (1024K)]
  0x000001e9ea1d6260 JavaThread "Thread-1"                   daemon [_thread_in_native, id=31880, stack(0x000000191bf00000,0x000000191c000000) (1024K)]
  0x000001e9ea1d4820 JavaThread "Thread-2"                   daemon [_thread_in_native, id=17244, stack(0x000000191c000000,0x000000191c100000) (1024K)]
  0x000001e9ea1d5bd0 JavaThread "Thread-3"                   daemon [_thread_in_native, id=9420, stack(0x000000191c100000,0x000000191c200000) (1024K)]
  0x000001e9ea1d8330 JavaThread "Thread-4"                   daemon [_thread_in_native, id=31968, stack(0x000000191c200000,0x000000191c300000) (1024K)]
  0x000001e9ea1d68f0 JavaThread "Thread-5"                   daemon [_thread_in_native, id=26868, stack(0x000000191c300000,0x000000191c400000) (1024K)]
  0x000001e9ea1d4eb0 JavaThread "Thread-6"                   daemon [_thread_in_native, id=23912, stack(0x000000191c400000,0x000000191c500000) (1024K)]
  0x000001e9ea1d89c0 JavaThread "Thread-7"                   daemon [_thread_in_native, id=10268, stack(0x000000191c500000,0x000000191c600000) (1024K)]
  0x000001e9ea1d96e0 JavaThread "Thread-8"                   daemon [_thread_in_native, id=26856, stack(0x000000191c600000,0x000000191c700000) (1024K)]
  0x000001e9ea1d9050 JavaThread "Thread-9"                   daemon [_thread_in_native, id=31900, stack(0x000000191c700000,0x000000191c800000) (1024K)]
  0x000001e9ea1d9d70 JavaThread "Thread-10"                  daemon [_thread_in_native, id=29712, stack(0x000000191c800000,0x000000191c900000) (1024K)]
  0x000001e9ea1d6f80 JavaThread "Thread-11"                  daemon [_thread_in_native, id=22180, stack(0x000000191c900000,0x000000191ca00000) (1024K)]
  0x000001e9ea1da400 JavaThread "Thread-12"                  daemon [_thread_in_native, id=11052, stack(0x000000191ca00000,0x000000191cb00000) (1024K)]
  0x000001e9ea1daa90 JavaThread "Thread-13"                  daemon [_thread_in_native, id=25704, stack(0x000000191cb00000,0x000000191cc00000) (1024K)]
  0x000001e9ea1d7610 JavaThread "pool-2-thread-1"                   [_thread_blocked, id=29732, stack(0x000000191cc00000,0x000000191cd00000) (1024K)]
  0x000001e9ea1d7ca0 JavaThread "WorkspaceEventsHandler"            [_thread_blocked, id=30160, stack(0x000000191ce00000,0x000000191cf00000) (1024K)]
  0x000001e9ea1db7b0 JavaThread "pool-1-thread-1"                   [_thread_blocked, id=2588, stack(0x000000191cf00000,0x000000191d000000) (1024K)]
  0x000001e9ea1c7510 JavaThread "LocalFile Deleter"          daemon [_thread_blocked, id=3776, stack(0x000000191d100000,0x000000191d200000) (1024K)]
  0x000001e9ea1c5ad0 JavaThread "LocalFile Deleter"          daemon [_thread_blocked, id=5760, stack(0x000000191d200000,0x000000191d300000) (1024K)]
  0x000001e9ea1c4720 JavaThread "LocalFile Deleter"          daemon [_thread_blocked, id=22544, stack(0x000000191d300000,0x000000191d400000) (1024K)]
  0x000001e9ea1c6160 JavaThread "LocalFile Deleter"          daemon [_thread_blocked, id=8840, stack(0x000000191d400000,0x000000191d500000) (1024K)]
  0x000001e9ea1c67f0 JavaThread "LocalFile Deleter"          daemon [_thread_blocked, id=24264, stack(0x000000191d500000,0x000000191d600000) (1024K)]
  0x000001e9ea1c6e80 JavaThread "LocalFile Deleter"          daemon [_thread_blocked, id=10820, stack(0x000000191d600000,0x000000191d700000) (1024K)]
  0x000001e9ea1c4090 JavaThread "LocalFile Deleter"          daemon [_thread_blocked, id=13832, stack(0x000000191d700000,0x000000191d800000) (1024K)]
  0x000001e9ea1c8230 JavaThread "LocalFile Deleter"          daemon [_thread_blocked, id=1916, stack(0x000000191d800000,0x000000191d900000) (1024K)]
  0x000001e9ea1c4db0 JavaThread "LocalFile Deleter"          daemon [_thread_blocked, id=26468, stack(0x000000191da00000,0x000000191db00000) (1024K)]
  0x000001e9ea1c88c0 JavaThread "LocalFile Deleter"          daemon [_thread_blocked, id=30616, stack(0x000000191db00000,0x000000191dc00000) (1024K)]
  0x000001e9ea1c5440 JavaThread "Compiler Source File Reader" daemon [_thread_blocked, id=29292, stack(0x000000191dc00000,0x000000191dd00000) (1024K)]
  0x000001e9ea1ca990 JavaThread "Compiler Source File Reader" daemon [_thread_blocked, id=27688, stack(0x000000191dd00000,0x000000191de00000) (1024K)]
  0x000001e9ea1cb020 JavaThread "Compiler Source File Reader" daemon [_thread_blocked, id=26056, stack(0x000000191de00000,0x000000191df00000) (1024K)]
  0x000001e9ea1c95e0 JavaThread "Compiler Source File Reader" daemon [_thread_blocked, id=29980, stack(0x000000191df00000,0x000000191e000000) (1024K)]
  0x000001e9ea1c8f50 JavaThread "Compiler Source File Reader" daemon [_thread_blocked, id=22864, stack(0x000000191e000000,0x000000191e100000) (1024K)]
  0x000001e9ea1c9c70 JavaThread "Compiler Source File Reader" daemon [_thread_blocked, id=22636, stack(0x000000191e100000,0x000000191e200000) (1024K)]
  0x000001e9ea1ca300 JavaThread "Compiler Source File Reader" daemon [_thread_blocked, id=21940, stack(0x000000191e200000,0x000000191e300000) (1024K)]
  0x000001e9ea1cb6b0 JavaThread "Compiler Source File Reader" daemon [_thread_blocked, id=31936, stack(0x000000191e300000,0x000000191e400000) (1024K)]
  0x000001e9eaa519d0 JavaThread "Compiler Source File Reader" daemon [_thread_blocked, id=33252, stack(0x000000191e400000,0x000000191e500000) (1024K)]
  0x000001e9eaa50620 JavaThread "Compiler Source File Reader" daemon [_thread_blocked, id=29728, stack(0x000000191e500000,0x000000191e600000) (1024K)]
  0x000001e9eaa526f0 JavaThread "Compiler Class File Writer" daemon [_thread_blocked, id=33776, stack(0x000000191e700000,0x000000191e800000) (1024K)]
  0x000001e9eaa51340 JavaThread "Compiler Class File Writer" daemon [_thread_blocked, id=2696, stack(0x000000191e800000,0x000000191e900000) (1024K)]
  0x000001e9eaa55b70 JavaThread "Compiler Class File Writer" daemon [_thread_blocked, id=32744, stack(0x000000191e900000,0x000000191ea00000) (1024K)]
  0x000001e9eaa54130 JavaThread "Compiler Class File Writer" daemon [_thread_blocked, id=15240, stack(0x000000191ea00000,0x000000191eb00000) (1024K)]
  0x000001e9eaa53aa0 JavaThread "Compiler Class File Writer" daemon [_thread_blocked, id=20848, stack(0x000000191eb00000,0x000000191ec00000) (1024K)]
  0x000001e9eaa547c0 JavaThread "Compiler Class File Writer" daemon [_thread_blocked, id=3484, stack(0x000000191ec00000,0x000000191ed00000) (1024K)]
  0x000001e9eaa53410 JavaThread "Compiler Class File Writer" daemon [_thread_blocked, id=19804, stack(0x000000191ed00000,0x000000191ee00000) (1024K)]
  0x000001e9eaa56200 JavaThread "Compiler Class File Writer" daemon [_thread_blocked, id=19588, stack(0x000000191ee00000,0x000000191ef00000) (1024K)]
  0x000001e9eaa554e0 JavaThread "Compiler Class File Writer" daemon [_thread_blocked, id=26572, stack(0x000000191ef00000,0x000000191f000000) (1024K)]
  0x000001e9eaa57c40 JavaThread "Compiler Class File Writer" daemon [_thread_blocked, id=34408, stack(0x000000191f000000,0x000000191f100000) (1024K)]
  0x000001e9ebf6c7c0 JavaThread "ForkJoinPool.commonPool-worker-2" daemon [_thread_blocked, id=7460, stack(0x000000191f100000,0x000000191f200000) (1024K)]
  0x000001e9ebf6ad80 JavaThread "ForkJoinPool.commonPool-worker-4" daemon [_thread_blocked, id=11096, stack(0x000000191f300000,0x000000191f400000) (1024K)]
  0x000001e9ebf6b410 JavaThread "ForkJoinPool.commonPool-worker-5" daemon [_thread_blocked, id=11456, stack(0x000000191f400000,0x000000191f500000) (1024K)]
  0x000001e9ebf70960 JavaThread "Worker-6"                          [_thread_blocked, id=33636, stack(0x000000191f500000,0x000000191f600000) (1024K)]
  0x000001e9ebf723a0 JavaThread "ForkJoinPool.commonPool-worker-6" daemon [_thread_blocked, id=25876, stack(0x000000191f600000,0x000000191f700000) (1024K)]
  0x000001e9f624dff0 JavaThread "ForkJoinPool.commonPool-worker-7" daemon [_thread_blocked, id=30276, stack(0x000000191f700000,0x000000191f800000) (1024K)]
  0x000001e9f6250de0 JavaThread "ForkJoinPool.commonPool-worker-8" daemon [_thread_blocked, id=29752, stack(0x000000191f800000,0x000000191f900000) (1024K)]
  0x000001e9f6251470 JavaThread "ForkJoinPool.commonPool-worker-9" daemon [_thread_blocked, id=25024, stack(0x000000191f900000,0x000000191fa00000) (1024K)]
  0x000001e9f624e680 JavaThread "ForkJoinPool.commonPool-worker-10" daemon [_thread_blocked, id=33540, stack(0x000000191fa00000,0x000000191fb00000) (1024K)]
  0x000001e9f624ed10 JavaThread "ForkJoinPool.commonPool-worker-11" daemon [_thread_blocked, id=26440, stack(0x000000191fb00000,0x000000191fc00000) (1024K)]
  0x000001e9f6250750 JavaThread "Cleaner-0"                  daemon [_thread_blocked, id=24344, stack(0x000000191fc00000,0x000000191fd00000) (1024K)]
  0x000001e9f62500c0 JavaThread "ForkJoinPool.commonPool-worker-12" daemon [_thread_blocked, id=32712, stack(0x0000001919400000,0x0000001919500000) (1024K)]
  0x000001e9f624f3a0 JavaThread "ForkJoinPool.commonPool-worker-13" daemon [_thread_blocked, id=26096, stack(0x0000001919500000,0x0000001919600000) (1024K)]
  0x000001e9e918a6f0 JavaThread "Java Debug Server"          daemon [_thread_in_native, id=29496, stack(0x000000191a300000,0x000000191a400000) (1024K)]
  0x000001e9e918ad80 JavaThread "pool-7-thread-1"                   [_thread_in_native, id=22936, stack(0x000000191b600000,0x000000191b700000) (1024K)]
  0x000001e9e918b410 JavaThread "RxSchedulerPurge-1"         daemon [_thread_blocked, id=6872, stack(0x000000191b700000,0x000000191b800000) (1024K)]
  0x000001e9ea1db120 JavaThread "RxCachedWorkerPoolEvictor-1" daemon [_thread_blocked, id=13140, stack(0x000000191b800000,0x000000191b900000) (1024K)]
  0x000001e9ea1dbe40 JavaThread "RxNewThreadScheduler-1"     daemon [_thread_blocked, id=32972, stack(0x000000191bc00000,0x000000191bd00000) (1024K)]
Total: 85

Other Threads:
  0x000001e9a0864530 VMThread "VM Thread"                           [id=18312, stack(0x0000001919900000,0x0000001919a00000) (1024K)]
  0x000001e9a075ca00 WatcherThread "VM Periodic Task Thread"        [id=7552, stack(0x0000001919800000,0x0000001919900000) (1024K)]
  0x000001e9896ea240 WorkerThread "GC Thread#0"                     [id=19724, stack(0x0000001919700000,0x0000001919800000) (1024K)]
  0x000001e9e3d31c50 WorkerThread "GC Thread#1"                     [id=20696, stack(0x000000191a600000,0x000000191a700000) (1024K)]
  0x000001e9e3d323f0 WorkerThread "GC Thread#2"                     [id=27388, stack(0x000000191a700000,0x000000191a800000) (1024K)]
  0x000001e9e82f3fe0 WorkerThread "GC Thread#3"                     [id=24532, stack(0x000000191a800000,0x000000191a900000) (1024K)]
  0x000001e9e82f4380 WorkerThread "GC Thread#4"                     [id=19740, stack(0x000000191a900000,0x000000191aa00000) (1024K)]
  0x000001e9e82f4720 WorkerThread "GC Thread#5"                     [id=4572, stack(0x000000191aa00000,0x000000191ab00000) (1024K)]
  0x000001e9e82f4ac0 WorkerThread "GC Thread#6"                     [id=32012, stack(0x000000191ab00000,0x000000191ac00000) (1024K)]
  0x000001e9e86e12e0 WorkerThread "GC Thread#7"                     [id=28108, stack(0x000000191ad00000,0x000000191ae00000) (1024K)]
  0x000001e9e895c920 WorkerThread "GC Thread#8"                     [id=25228, stack(0x000000191b100000,0x000000191b200000) (1024K)]
  0x000001e9e895ccc0 WorkerThread "GC Thread#9"                     [id=28408, stack(0x000000191b200000,0x000000191b300000) (1024K)]
Total: 12

Threads with active compile tasks:
C2 CompilerThread0  195580 16951       4       org.eclipse.jdt.internal.compiler.lookup.LookupEnvironment::getTypeFromTypeSignature (770 bytes)
Total: 1

VM state: not at safepoint (normal execution)

VM Mutex/Monitor currently owned by a thread: None

Heap address: 0x0000000080000000, size: 2048 MB, Compressed Oops mode: 32-bit

CDS archive(s) mapped at: [0x000001e9a1000000-0x000001e9a1ba0000-0x000001e9a1ba0000), size 12189696, SharedBaseAddress: 0x000001e9a1000000, ArchiveRelocationMode: 1.
Compressed class space mapped at: 0x000001e9a2000000-0x000001e9e2000000, reserved size: 1073741824
Narrow klass base: 0x000001e9a1000000, Narrow klass shift: 0, Narrow klass range: 0x100000000

GC Precious Log:
 CardTable entry size: 512
 CPUs: 12 total, 12 available
 Memory: 7521M
 Large Page Support: Disabled
 NUMA Support: Disabled
 Compressed Oops: Enabled (32-bit)
 Alignments: Space 512K, Generation 512K, Heap 2M
 Heap Min Capacity: 100M
 Heap Initial Capacity: 100M
 Heap Max Capacity: 2G
 Pre-touch: Disabled
 Parallel Workers: 10

Heap:
 PSYoungGen      total 5632K, used 2589K [0x00000000d5580000, 0x00000000d6980000, 0x0000000100000000)
  eden space 4096K, 25% used [0x00000000d5580000,0x00000000d5688100,0x00000000d5980000)
  from space 1536K, 99% used [0x00000000d6000000,0x00000000d617f540,0x00000000d6180000)
  to   space 6656K, 0% used [0x00000000d5980000,0x00000000d5980000,0x00000000d6000000)
 ParOldGen       total 198656K, used 198355K [0x0000000080000000, 0x000000008c200000, 0x00000000d5580000)
  object space 198656K, 99% used [0x0000000080000000,0x000000008c1b4d48,0x000000008c200000)
 Metaspace       used 77059K, committed 78720K, reserved 1179648K
  class space    used 7996K, committed 8704K, reserved 1048576K

Card table byte_map: [0x000001e99bbc0000,0x000001e99bfd0000] _byte_map_base: 0x000001e99b7c0000

Marking Bits: (ParMarkBitMap*) 0x00007ffae6ffa340
 Begin Bits: [0x000001e99c280000, 0x000001e99e280000)
 End Bits:   [0x000001e99e280000, 0x000001e9a0280000)

Polling page: 0x000001e987e40000

Metaspace:

Usage:
  Non-class:     67.44 MB used.
      Class:      7.81 MB used.
       Both:     75.25 MB used.

Virtual space:
  Non-class space:      128.00 MB reserved,      68.38 MB ( 53%) committed,  2 nodes.
      Class space:        1.00 GB reserved,       8.50 MB ( <1%) committed,  1 nodes.
             Both:        1.12 GB reserved,      76.88 MB (  7%) committed. 

Chunk freelists:
   Non-Class:  11.39 MB
       Class:  7.46 MB
        Both:  18.85 MB

MaxMetaspaceSize: unlimited
CompressedClassSpaceSize: 1.00 GB
Initial GC threshold: 21.00 MB
Current GC threshold: 97.31 MB
CDS: on
 - commit_granule_bytes: 65536.
 - commit_granule_words: 8192.
 - virtual_space_node_default_size: 8388608.
 - enlarge_chunks_in_place: 1.
 - use_allocation_guard: 0.


Internal statistics:

num_allocs_failed_limit: 9.
num_arena_births: 1458.
num_arena_deaths: 14.
num_vsnodes_births: 3.
num_vsnodes_deaths: 0.
num_space_committed: 1230.
num_space_uncommitted: 0.
num_chunks_returned_to_freelist: 23.
num_chunks_taken_from_freelist: 5295.
num_chunk_merges: 7.
num_chunk_splits: 3179.
num_chunks_enlarged: 1707.
num_inconsistent_stats: 0.

CodeHeap 'non-profiled nmethods': size=120000Kb used=10320Kb max_used=10320Kb free=109679Kb
 bounds [0x000001e9944b0000, 0x000001e994ed0000, 0x000001e99b9e0000]
CodeHeap 'profiled nmethods': size=120000Kb used=37220Kb max_used=37220Kb free=82779Kb
 bounds [0x000001e98c9e0000, 0x000001e98ee40000, 0x000001e993f10000]
CodeHeap 'non-nmethods': size=5760Kb used=1474Kb max_used=1542Kb free=4285Kb
 bounds [0x000001e993f10000, 0x000001e994180000, 0x000001e9944b0000]
CodeCache: size=245760Kb, used=49014Kb, max_used=49082Kb, free=196743Kb
 total_blobs=16747, nmethods=15951, adapters=699, full_count=0
Compilation: enabled, stopped_count=0, restarted_count=0

Compilation events (20 events):
Event: 192.625 Thread 0x000001e9e39b8630 16936       3       org.eclipse.jdt.internal.compiler.impl.ITypeRequestor::accept (39 bytes)
Event: 192.626 Thread 0x000001e9e39b8630 nmethod 16936 0x000001e98ee31a10 code [0x000001e98ee31c60, 0x000001e98ee32608]
Event: 192.626 Thread 0x000001e9e39b8630 16940       3       org.eclipse.jdt.internal.compiler.lookup.BinaryModuleBinding::cachePartsFrom (312 bytes)
Event: 192.629 Thread 0x000001e9e39b8630 nmethod 16940 0x000001e98ee32810 code [0x000001e98ee32ac0, 0x000001e98ee33c80]
Event: 192.629 Thread 0x000001e9e39b8630 16937       3       org.eclipse.jdt.internal.compiler.lookup.BinaryModuleBinding::<init> (43 bytes)
Event: 192.630 Thread 0x000001e9e39b8630 nmethod 16937 0x000001e98ee34310 code [0x000001e98ee344e0, 0x000001e98ee347b0]
Event: 192.630 Thread 0x000001e9e39b8630 16938       3       org.eclipse.jdt.internal.compiler.lookup.ModuleBinding::<init> (82 bytes)
Event: 192.631 Thread 0x000001e9e39b8630 nmethod 16938 0x000001e98ee34990 code [0x000001e98ee34b80, 0x000001e98ee350e0]
Event: 192.631 Thread 0x000001e9e39b8630 16939       3       org.eclipse.jdt.internal.compiler.lookup.LookupEnvironment::<init> (211 bytes)
Event: 192.632 Thread 0x000001e9e39b8630 nmethod 16939 0x000001e98ee35310 code [0x000001e98ee35540, 0x000001e98ee36040]
Event: 192.632 Thread 0x000001e9e39b8630 16941       3       org.eclipse.jdt.internal.compiler.lookup.ModuleBinding::storeAnnotations (97 bytes)
Event: 192.633 Thread 0x000001e9e39b8630 nmethod 16941 0x000001e98ee36410 code [0x000001e98ee36660, 0x000001e98ee37108]
Event: 192.653 Thread 0x000001e9e39b8630 16952       3       org.eclipse.jdt.internal.compiler.classfmt.MethodInfo::decodeMethodParameters (129 bytes)
Event: 192.654 Thread 0x000001e9e39b8630 nmethod 16952 0x000001e98ee37390 code [0x000001e98ee37620, 0x000001e98ee38440]
Event: 192.657 Thread 0x000001e9e39b8630 16954       3       org.eclipse.jdt.internal.compiler.lookup.LookupEnvironment::createArrayType (11 bytes)
Event: 192.657 Thread 0x000001e9e39b8630 nmethod 16954 0x000001e98ee38a10 code [0x000001e98ee38bc0, 0x000001e98ee38d98]
Event: 192.660 Thread 0x000001e9e39b8630 16956       3       java.lang.invoke.BoundMethodHandle$Species_LL::speciesData (4 bytes)
Event: 192.660 Thread 0x000001e9e39b8630 nmethod 16956 0x000001e98ee38e90 code [0x000001e98ee39020, 0x000001e98ee39138]
Event: 192.720 Thread 0x000001e9e39a2200 nmethod 16932 0x000001e994ebf110 code [0x000001e994ebf5c0, 0x000001e994ec2158]
Event: 192.721 Thread 0x000001e9e39a2200 16951       4       org.eclipse.jdt.internal.compiler.lookup.LookupEnvironment::getTypeFromTypeSignature (770 bytes)

GC Heap History (20 events):
Event: 172.501 GC heap before
{Heap before GC invocations=138 (full 3):
 PSYoungGen      total 8704K, used 8663K [0x00000000d5580000, 0x00000000d6280000, 0x0000000100000000)
  eden space 7168K, 100% used [0x00000000d5580000,0x00000000d5c80000,0x00000000d5c80000)
  from space 1536K, 97% used [0x00000000d6100000,0x00000000d6275e60,0x00000000d6280000)
  to   space 2560K, 0% used [0x00000000d5d80000,0x00000000d5d80000,0x00000000d6000000)
 ParOldGen       total 189952K, used 189898K [0x0000000080000000, 0x000000008b980000, 0x00000000d5580000)
  object space 189952K, 99% used [0x0000000080000000,0x000000008b9728a8,0x000000008b980000)
 Metaspace       used 73166K, committed 74752K, reserved 1179648K
  class space    used 7468K, committed 8128K, reserved 1048576K
}
Event: 172.515 GC heap after
{Heap after GC invocations=138 (full 3):
 PSYoungGen      total 9728K, used 1082K [0x00000000d5580000, 0x00000000d6180000, 0x0000000100000000)
  eden space 7168K, 0% used [0x00000000d5580000,0x00000000d5580000,0x00000000d5c80000)
  from space 2560K, 42% used [0x00000000d5d80000,0x00000000d5e8e920,0x00000000d6000000)
  to   space 1536K, 0% used [0x00000000d6000000,0x00000000d6000000,0x00000000d6180000)
 ParOldGen       total 190976K, used 190686K [0x0000000080000000, 0x000000008ba80000, 0x00000000d5580000)
  object space 190976K, 99% used [0x0000000080000000,0x000000008ba37ad8,0x000000008ba80000)
 Metaspace       used 73166K, committed 74752K, reserved 1179648K
  class space    used 7468K, committed 8128K, reserved 1048576K
}
Event: 173.072 GC heap before
{Heap before GC invocations=139 (full 3):
 PSYoungGen      total 9728K, used 8250K [0x00000000d5580000, 0x00000000d6180000, 0x0000000100000000)
  eden space 7168K, 100% used [0x00000000d5580000,0x00000000d5c80000,0x00000000d5c80000)
  from space 2560K, 42% used [0x00000000d5d80000,0x00000000d5e8e920,0x00000000d6000000)
  to   space 1536K, 0% used [0x00000000d6000000,0x00000000d6000000,0x00000000d6180000)
 ParOldGen       total 190976K, used 190686K [0x0000000080000000, 0x000000008ba80000, 0x00000000d5580000)
  object space 190976K, 99% used [0x0000000080000000,0x000000008ba37ad8,0x000000008ba80000)
 Metaspace       used 73198K, committed 74816K, reserved 1179648K
  class space    used 7468K, committed 8128K, reserved 1048576K
}
Event: 173.076 GC heap after
{Heap after GC invocations=139 (full 3):
 PSYoungGen      total 8192K, used 714K [0x00000000d5580000, 0x00000000d6100000, 0x0000000100000000)
  eden space 7168K, 0% used [0x00000000d5580000,0x00000000d5580000,0x00000000d5c80000)
  from space 1024K, 69% used [0x00000000d6000000,0x00000000d60b2930,0x00000000d6100000)
  to   space 1024K, 0% used [0x00000000d5f00000,0x00000000d5f00000,0x00000000d6000000)
 ParOldGen       total 191488K, used 191110K [0x0000000080000000, 0x000000008bb00000, 0x00000000d5580000)
  object space 191488K, 99% used [0x0000000080000000,0x000000008baa1af8,0x000000008bb00000)
 Metaspace       used 73198K, committed 74816K, reserved 1179648K
  class space    used 7468K, committed 8128K, reserved 1048576K
}
Event: 176.587 GC heap before
{Heap before GC invocations=140 (full 3):
 PSYoungGen      total 8192K, used 7305K [0x00000000d5580000, 0x00000000d6100000, 0x0000000100000000)
  eden space 7168K, 91% used [0x00000000d5580000,0x00000000d5befe30,0x00000000d5c80000)
  from space 1024K, 69% used [0x00000000d6000000,0x00000000d60b2930,0x00000000d6100000)
  to   space 1024K, 0% used [0x00000000d5f00000,0x00000000d5f00000,0x00000000d6000000)
 ParOldGen       total 191488K, used 191110K [0x0000000080000000, 0x000000008bb00000, 0x00000000d5580000)
  object space 191488K, 99% used [0x0000000080000000,0x000000008baa1af8,0x000000008bb00000)
 Metaspace       used 73627K, committed 75264K, reserved 1179648K
  class space    used 7520K, committed 8192K, reserved 1048576K
}
Event: 176.591 GC heap after
{Heap after GC invocations=140 (full 3):
 PSYoungGen      total 8192K, used 747K [0x00000000d5580000, 0x00000000d6080000, 0x0000000100000000)
  eden space 7168K, 0% used [0x00000000d5580000,0x00000000d5580000,0x00000000d5c80000)
  from space 1024K, 72% used [0x00000000d5f00000,0x00000000d5fbac88,0x00000000d6000000)
  to   space 512K, 0% used [0x00000000d6000000,0x00000000d6000000,0x00000000d6080000)
 ParOldGen       total 191488K, used 191246K [0x0000000080000000, 0x000000008bb00000, 0x00000000d5580000)
  object space 191488K, 99% used [0x0000000080000000,0x000000008bac3b18,0x000000008bb00000)
 Metaspace       used 73627K, committed 75264K, reserved 1179648K
  class space    used 7520K, committed 8192K, reserved 1048576K
}
Event: 176.753 GC heap before
{Heap before GC invocations=141 (full 3):
 PSYoungGen      total 8192K, used 7915K [0x00000000d5580000, 0x00000000d6080000, 0x0000000100000000)
  eden space 7168K, 100% used [0x00000000d5580000,0x00000000d5c80000,0x00000000d5c80000)
  from space 1024K, 72% used [0x00000000d5f00000,0x00000000d5fbac88,0x00000000d6000000)
  to   space 512K, 0% used [0x00000000d6000000,0x00000000d6000000,0x00000000d6080000)
 ParOldGen       total 191488K, used 191246K [0x0000000080000000, 0x000000008bb00000, 0x00000000d5580000)
  object space 191488K, 99% used [0x0000000080000000,0x000000008bac3b18,0x000000008bb00000)
 Metaspace       used 73627K, committed 75264K, reserved 1179648K
  class space    used 7520K, committed 8192K, reserved 1048576K
}
Event: 176.755 GC heap after
{Heap after GC invocations=141 (full 3):
 PSYoungGen      total 7680K, used 192K [0x00000000d5580000, 0x00000000d6080000, 0x0000000100000000)
  eden space 7168K, 0% used [0x00000000d5580000,0x00000000d5580000,0x00000000d5c80000)
  from space 512K, 37% used [0x00000000d6000000,0x00000000d6030000,0x00000000d6080000)
  to   space 512K, 0% used [0x00000000d5f80000,0x00000000d5f80000,0x00000000d6000000)
 ParOldGen       total 192000K, used 191851K [0x0000000080000000, 0x000000008bb80000, 0x00000000d5580000)
  object space 192000K, 99% used [0x0000000080000000,0x000000008bb5aed0,0x000000008bb80000)
 Metaspace       used 73627K, committed 75264K, reserved 1179648K
  class space    used 7520K, committed 8192K, reserved 1048576K
}
Event: 177.488 GC heap before
{Heap before GC invocations=142 (full 3):
 PSYoungGen      total 7680K, used 7360K [0x00000000d5580000, 0x00000000d6080000, 0x0000000100000000)
  eden space 7168K, 100% used [0x00000000d5580000,0x00000000d5c80000,0x00000000d5c80000)
  from space 512K, 37% used [0x00000000d6000000,0x00000000d6030000,0x00000000d6080000)
  to   space 512K, 0% used [0x00000000d5f80000,0x00000000d5f80000,0x00000000d6000000)
 ParOldGen       total 192000K, used 191851K [0x0000000080000000, 0x000000008bb80000, 0x00000000d5580000)
  object space 192000K, 99% used [0x0000000080000000,0x000000008bb5aed0,0x000000008bb80000)
 Metaspace       used 74130K, committed 75840K, reserved 1179648K
  class space    used 7567K, committed 8320K, reserved 1048576K
}
Event: 177.491 GC heap after
{Heap after GC invocations=142 (full 3):
 PSYoungGen      total 7680K, used 320K [0x00000000d5580000, 0x00000000d6080000, 0x0000000100000000)
  eden space 7168K, 0% used [0x00000000d5580000,0x00000000d5580000,0x00000000d5c80000)
  from space 512K, 62% used [0x00000000d5f80000,0x00000000d5fd0000,0x00000000d6000000)
  to   space 512K, 0% used [0x00000000d6000000,0x00000000d6000000,0x00000000d6080000)
 ParOldGen       total 192000K, used 191891K [0x0000000080000000, 0x000000008bb80000, 0x00000000d5580000)
  object space 192000K, 99% used [0x0000000080000000,0x000000008bb64ed0,0x000000008bb80000)
 Metaspace       used 74130K, committed 75840K, reserved 1179648K
  class space    used 7567K, committed 8320K, reserved 1048576K
}
Event: 177.747 GC heap before
{Heap before GC invocations=143 (full 3):
 PSYoungGen      total 7680K, used 7488K [0x00000000d5580000, 0x00000000d6080000, 0x0000000100000000)
  eden space 7168K, 100% used [0x00000000d5580000,0x00000000d5c80000,0x00000000d5c80000)
  from space 512K, 62% used [0x00000000d5f80000,0x00000000d5fd0000,0x00000000d6000000)
  to   space 512K, 0% used [0x00000000d6000000,0x00000000d6000000,0x00000000d6080000)
 ParOldGen       total 192000K, used 191891K [0x0000000080000000, 0x000000008bb80000, 0x00000000d5580000)
  object space 192000K, 99% used [0x0000000080000000,0x000000008bb64ed0,0x000000008bb80000)
 Metaspace       used 75039K, committed 76736K, reserved 1179648K
  class space    used 7668K, committed 8384K, reserved 1048576K
}
Event: 177.749 GC heap after
{Heap after GC invocations=143 (full 3):
 PSYoungGen      total 7680K, used 369K [0x00000000d5580000, 0x00000000d6080000, 0x0000000100000000)
  eden space 7168K, 0% used [0x00000000d5580000,0x00000000d5580000,0x00000000d5c80000)
  from space 512K, 72% used [0x00000000d6000000,0x00000000d605c5d0,0x00000000d6080000)
  to   space 512K, 0% used [0x00000000d5f80000,0x00000000d5f80000,0x00000000d6000000)
 ParOldGen       total 192512K, used 192059K [0x0000000080000000, 0x000000008bc00000, 0x00000000d5580000)
  object space 192512K, 99% used [0x0000000080000000,0x000000008bb8eed0,0x000000008bc00000)
 Metaspace       used 75039K, committed 76736K, reserved 1179648K
  class space    used 7668K, committed 8384K, reserved 1048576K
}
Event: 178.062 GC heap before
{Heap before GC invocations=144 (full 3):
 PSYoungGen      total 7680K, used 7537K [0x00000000d5580000, 0x00000000d6080000, 0x0000000100000000)
  eden space 7168K, 99% used [0x00000000d5580000,0x00000000d5c7fff0,0x00000000d5c80000)
  from space 512K, 72% used [0x00000000d6000000,0x00000000d605c5d0,0x00000000d6080000)
  to   space 512K, 0% used [0x00000000d5f80000,0x00000000d5f80000,0x00000000d6000000)
 ParOldGen       total 192512K, used 192059K [0x0000000080000000, 0x000000008bc00000, 0x00000000d5580000)
  object space 192512K, 99% used [0x0000000080000000,0x000000008bb8eed0,0x000000008bc00000)
 Metaspace       used 75733K, committed 77440K, reserved 1179648K
  class space    used 7804K, committed 8512K, reserved 1048576K
}
Event: 178.065 GC heap after
{Heap after GC invocations=144 (full 3):
 PSYoungGen      total 7680K, used 336K [0x00000000d5580000, 0x00000000d6080000, 0x0000000100000000)
  eden space 7168K, 0% used [0x00000000d5580000,0x00000000d5580000,0x00000000d5c80000)
  from space 512K, 65% used [0x00000000d5f80000,0x00000000d5fd4010,0x00000000d6000000)
  to   space 512K, 0% used [0x00000000d6000000,0x00000000d6000000,0x00000000d6080000)
 ParOldGen       total 192512K, used 192290K [0x0000000080000000, 0x000000008bc00000, 0x00000000d5580000)
  object space 192512K, 99% used [0x0000000080000000,0x000000008bbc8ab8,0x000000008bc00000)
 Metaspace       used 75733K, committed 77440K, reserved 1179648K
  class space    used 7804K, committed 8512K, reserved 1048576K
}
Event: 178.392 GC heap before
{Heap before GC invocations=145 (full 3):
 PSYoungGen      total 7680K, used 7504K [0x00000000d5580000, 0x00000000d6080000, 0x0000000100000000)
  eden space 7168K, 100% used [0x00000000d5580000,0x00000000d5c80000,0x00000000d5c80000)
  from space 512K, 65% used [0x00000000d5f80000,0x00000000d5fd4010,0x00000000d6000000)
  to   space 512K, 0% used [0x00000000d6000000,0x00000000d6000000,0x00000000d6080000)
 ParOldGen       total 192512K, used 192290K [0x0000000080000000, 0x000000008bc00000, 0x00000000d5580000)
  object space 192512K, 99% used [0x0000000080000000,0x000000008bbc8ab8,0x000000008bc00000)
 Metaspace       used 76588K, committed 78336K, reserved 1179648K
  class space    used 7925K, committed 8640K, reserved 1048576K
}
Event: 178.396 GC heap after
{Heap after GC invocations=145 (full 3):
 PSYoungGen      total 7680K, used 448K [0x00000000d5580000, 0x00000000d6080000, 0x0000000100000000)
  eden space 7168K, 0% used [0x00000000d5580000,0x00000000d5580000,0x00000000d5c80000)
  from space 512K, 87% used [0x00000000d6000000,0x00000000d6070000,0x00000000d6080000)
  to   space 512K, 0% used [0x00000000d5f80000,0x00000000d5f80000,0x00000000d6000000)
 ParOldGen       total 192512K, used 192466K [0x0000000080000000, 0x000000008bc00000, 0x00000000d5580000)
  object space 192512K, 99% used [0x0000000080000000,0x000000008bbf4af8,0x000000008bc00000)
 Metaspace       used 76588K, committed 78336K, reserved 1179648K
  class space    used 7925K, committed 8640K, reserved 1048576K
}
Event: 192.433 GC heap before
{Heap before GC invocations=146 (full 3):
 PSYoungGen      total 7680K, used 7037K [0x00000000d5580000, 0x00000000d6080000, 0x0000000100000000)
  eden space 7168K, 91% used [0x00000000d5580000,0x00000000d5bef5e8,0x00000000d5c80000)
  from space 512K, 87% used [0x00000000d6000000,0x00000000d6070000,0x00000000d6080000)
  to   space 512K, 0% used [0x00000000d5f80000,0x00000000d5f80000,0x00000000d6000000)
 ParOldGen       total 192512K, used 192466K [0x0000000080000000, 0x000000008bc00000, 0x00000000d5580000)
  object space 192512K, 99% used [0x0000000080000000,0x000000008bbf4af8,0x000000008bc00000)
 Metaspace       used 76983K, committed 78656K, reserved 1179648K
  class space    used 7974K, committed 8704K, reserved 1048576K
}
Event: 192.436 GC heap after
{Heap after GC invocations=146 (full 3):
 PSYoungGen      total 7680K, used 507K [0x00000000d5580000, 0x00000000d6180000, 0x0000000100000000)
  eden space 7168K, 0% used [0x00000000d5580000,0x00000000d5580000,0x00000000d5c80000)
  from space 512K, 99% used [0x00000000d5f80000,0x00000000d5ffef18,0x00000000d6000000)
  to   space 1536K, 0% used [0x00000000d6000000,0x00000000d6000000,0x00000000d6180000)
 ParOldGen       total 194048K, used 194007K [0x0000000080000000, 0x000000008bd80000, 0x00000000d5580000)
  object space 194048K, 99% used [0x0000000080000000,0x000000008bd75c48,0x000000008bd80000)
 Metaspace       used 76983K, committed 78656K, reserved 1179648K
  class space    used 7974K, committed 8704K, reserved 1048576K
}
Event: 192.642 GC heap before
{Heap before GC invocations=147 (full 3):
 PSYoungGen      total 7680K, used 7675K [0x00000000d5580000, 0x00000000d6180000, 0x0000000100000000)
  eden space 7168K, 100% used [0x00000000d5580000,0x00000000d5c80000,0x00000000d5c80000)
  from space 512K, 99% used [0x00000000d5f80000,0x00000000d5ffef18,0x00000000d6000000)
  to   space 1536K, 0% used [0x00000000d6000000,0x00000000d6000000,0x00000000d6180000)
 ParOldGen       total 194048K, used 194007K [0x0000000080000000, 0x000000008bd80000, 0x00000000d5580000)
  object space 194048K, 99% used [0x0000000080000000,0x000000008bd75c48,0x000000008bd80000)
 Metaspace       used 77053K, committed 78720K, reserved 1179648K
  class space    used 7995K, committed 8704K, reserved 1048576K
}
Event: 192.646 GC heap after
{Heap after GC invocations=147 (full 3):
 PSYoungGen      total 5632K, used 1533K [0x00000000d5580000, 0x00000000d6980000, 0x0000000100000000)
  eden space 4096K, 0% used [0x00000000d5580000,0x00000000d5580000,0x00000000d5980000)
  from space 1536K, 99% used [0x00000000d6000000,0x00000000d617f540,0x00000000d6180000)
  to   space 6656K, 0% used [0x00000000d5980000,0x00000000d5980000,0x00000000d6000000)
 ParOldGen       total 198656K, used 198355K [0x0000000080000000, 0x000000008c200000, 0x00000000d5580000)
  object space 198656K, 99% used [0x0000000080000000,0x000000008c1b4d48,0x000000008c200000)
 Metaspace       used 77053K, committed 78720K, reserved 1179648K
  class space    used 7995K, committed 8704K, reserved 1048576K
}

Dll operation events (11 events):
Event: 0.021 Loaded shared library c:\Users\jaywa\.vscode\extensions\redhat.java-1.46.0-win32-x64\jre\21.0.8-win32-x86_64\bin\java.dll
Event: 0.188 Loaded shared library c:\Users\jaywa\.vscode\extensions\redhat.java-1.46.0-win32-x64\jre\21.0.8-win32-x86_64\bin\zip.dll
Event: 0.232 Loaded shared library C:\Users\jaywa\.vscode\extensions\redhat.java-1.46.0-win32-x64\jre\21.0.8-win32-x86_64\bin\instrument.dll
Event: 0.245 Loaded shared library C:\Users\jaywa\.vscode\extensions\redhat.java-1.46.0-win32-x64\jre\21.0.8-win32-x86_64\bin\net.dll
Event: 0.250 Loaded shared library C:\Users\jaywa\.vscode\extensions\redhat.java-1.46.0-win32-x64\jre\21.0.8-win32-x86_64\bin\nio.dll
Event: 0.259 Loaded shared library C:\Users\jaywa\.vscode\extensions\redhat.java-1.46.0-win32-x64\jre\21.0.8-win32-x86_64\bin\zip.dll
Event: 0.295 Loaded shared library C:\Users\jaywa\.vscode\extensions\redhat.java-1.46.0-win32-x64\jre\21.0.8-win32-x86_64\bin\jimage.dll
Event: 0.440 Loaded shared library c:\Users\jaywa\.vscode\extensions\redhat.java-1.46.0-win32-x64\jre\21.0.8-win32-x86_64\bin\verify.dll
Event: 2.820 Loaded shared library C:\Users\jaywa\AppData\Roaming\Code\User\globalStorage\redhat.java\1.46.0\config_win\org.eclipse.equinox.launcher\org.eclipse.equinox.launcher.win32.win32.x86_64_1.2.1400.v20250801-0854\eclipse_11916.dll
Event: 6.044 Loaded shared library C:\Users\jaywa\AppData\Local\Temp\jna-100903020\jna12871103392592066299.dll
Event: 177.444 Loaded shared library C:\Users\jaywa\.vscode\extensions\redhat.java-1.46.0-win32-x64\jre\21.0.8-win32-x86_64\bin\extnet.dll

Deoptimization events (20 events):
Event: 192.622 Thread 0x000001e9f624ed10 Uncommon trap: trap_request=0xffffff45 fr.pc=0x000001e994c765e8 relative=0x00000000000009a8
Event: 192.623 Thread 0x000001e9f624ed10 Uncommon trap: reason=unstable_if action=reinterpret pc=0x000001e994c765e8 method=lombok.core.configuration.FileSystemSourceCache.forUri(Ljava/net/URI;)Llombok/core/configuration/ConfigurationFile; @ 1 c2
Event: 192.623 Thread 0x000001e9f624ed10 DEOPT PACKING pc=0x000001e994c765e8 sp=0x000000191fbfded0
Event: 192.623 Thread 0x000001e9f624ed10 DEOPT UNPACKING pc=0x000001e993f63aa2 sp=0x000000191fbfde80 mode 2
Event: 192.635 Thread 0x000001e9f624ed10 Uncommon trap: trap_request=0xffffffd6 fr.pc=0x000001e994e45e54 relative=0x0000000000007b34
Event: 192.635 Thread 0x000001e9f624ed10 Uncommon trap: reason=array_check action=maybe_recompile pc=0x000001e994e45e54 method=org.eclipse.jdt.internal.compiler.lookup.UnresolvedReferenceBinding.addWrapper(Lorg/eclipse/jdt/internal/compiler/lookup/HotSwappable;Lorg/eclipse/jdt/internal/compiler/
Event: 192.635 Thread 0x000001e9f624ed10 DEOPT PACKING pc=0x000001e994e45e54 sp=0x000000191fbfd6f0
Event: 192.635 Thread 0x000001e9f624ed10 DEOPT UNPACKING pc=0x000001e993f63aa2 sp=0x000000191fbfd3c8 mode 2
Event: 192.640 Thread 0x000001e9f624ed10 Uncommon trap: trap_request=0xffffffd6 fr.pc=0x000001e994e45e54 relative=0x0000000000007b34
Event: 192.640 Thread 0x000001e9f624ed10 Uncommon trap: reason=array_check action=maybe_recompile pc=0x000001e994e45e54 method=org.eclipse.jdt.internal.compiler.lookup.UnresolvedReferenceBinding.addWrapper(Lorg/eclipse/jdt/internal/compiler/lookup/HotSwappable;Lorg/eclipse/jdt/internal/compiler/
Event: 192.640 Thread 0x000001e9f624ed10 DEOPT PACKING pc=0x000001e994e45e54 sp=0x000000191fbfd180
Event: 192.640 Thread 0x000001e9f624ed10 DEOPT UNPACKING pc=0x000001e993f63aa2 sp=0x000000191fbfce58 mode 2
Event: 192.648 Thread 0x000001e9f624ed10 Uncommon trap: trap_request=0xffffffd6 fr.pc=0x000001e994e45e54 relative=0x0000000000007b34
Event: 192.648 Thread 0x000001e9f624ed10 Uncommon trap: reason=array_check action=maybe_recompile pc=0x000001e994e45e54 method=org.eclipse.jdt.internal.compiler.lookup.UnresolvedReferenceBinding.addWrapper(Lorg/eclipse/jdt/internal/compiler/lookup/HotSwappable;Lorg/eclipse/jdt/internal/compiler/
Event: 192.648 Thread 0x000001e9f624ed10 DEOPT PACKING pc=0x000001e994e45e54 sp=0x000000191fbfd420
Event: 192.648 Thread 0x000001e9f624ed10 DEOPT UNPACKING pc=0x000001e993f63aa2 sp=0x000000191fbfd0f8 mode 2
Event: 192.648 Thread 0x000001e9f624ed10 Uncommon trap: trap_request=0xffffffd6 fr.pc=0x000001e994e45e54 relative=0x0000000000007b34
Event: 192.648 Thread 0x000001e9f624ed10 Uncommon trap: reason=array_check action=maybe_recompile pc=0x000001e994e45e54 method=org.eclipse.jdt.internal.compiler.lookup.UnresolvedReferenceBinding.addWrapper(Lorg/eclipse/jdt/internal/compiler/lookup/HotSwappable;Lorg/eclipse/jdt/internal/compiler/
Event: 192.648 Thread 0x000001e9f624ed10 DEOPT PACKING pc=0x000001e994e45e54 sp=0x000000191fbfd420
Event: 192.648 Thread 0x000001e9f624ed10 DEOPT UNPACKING pc=0x000001e993f63aa2 sp=0x000000191fbfd0f8 mode 2

Classes loaded (20 events):
Event: 178.366 Loading class java/util/stream/SliceOps$1
Event: 178.367 Loading class java/util/stream/SliceOps$1 done
Event: 178.384 Loading class java/util/stream/SliceOps$1$1
Event: 178.384 Loading class java/util/stream/SliceOps$1$1 done
Event: 178.409 Loading class java/util/Timer
Event: 178.410 Loading class java/util/Timer done
Event: 178.410 Loading class java/util/TaskQueue
Event: 178.411 Loading class java/util/TaskQueue done
Event: 178.411 Loading class java/util/TimerThread
Event: 178.411 Loading class java/util/TimerThread done
Event: 178.412 Loading class java/util/Timer$ThreadReaper
Event: 178.412 Loading class java/util/Timer$ThreadReaper done
Event: 178.425 Loading class java/util/concurrent/CompletableFuture$UniWhenComplete
Event: 178.425 Loading class java/util/concurrent/CompletableFuture$UniWhenComplete done
Event: 178.426 Loading class java/util/concurrent/CompletableFuture$UniCompose
Event: 178.427 Loading class java/util/concurrent/CompletableFuture$UniCompose done
Event: 178.427 Loading class java/util/concurrent/CompletableFuture$UniRelay
Event: 178.428 Loading class java/util/concurrent/CompletableFuture$UniRelay done
Event: 178.934 Loading class java/util/concurrent/ScheduledThreadPoolExecutor$DelayedWorkQueue$Itr
Event: 178.935 Loading class java/util/concurrent/ScheduledThreadPoolExecutor$DelayedWorkQueue$Itr done

Classes unloaded (7 events):
Event: 6.900 Thread 0x000001e9a0864530 Unloading class 0x000001e9a21ab000 'java/lang/invoke/LambdaForm$MH+0x000001e9a21ab000'
Event: 6.901 Thread 0x000001e9a0864530 Unloading class 0x000001e9a21aac00 'java/lang/invoke/LambdaForm$MH+0x000001e9a21aac00'
Event: 6.901 Thread 0x000001e9a0864530 Unloading class 0x000001e9a21aa800 'java/lang/invoke/LambdaForm$MH+0x000001e9a21aa800'
Event: 6.901 Thread 0x000001e9a0864530 Unloading class 0x000001e9a21aa400 'java/lang/invoke/LambdaForm$MH+0x000001e9a21aa400'
Event: 6.901 Thread 0x000001e9a0864530 Unloading class 0x000001e9a21aa000 'java/lang/invoke/LambdaForm$BMH+0x000001e9a21aa000'
Event: 6.901 Thread 0x000001e9a0864530 Unloading class 0x000001e9a21a9c00 'java/lang/invoke/LambdaForm$DMH+0x000001e9a21a9c00'
Event: 6.901 Thread 0x000001e9a0864530 Unloading class 0x000001e9a21a8800 'java/lang/invoke/LambdaForm$DMH+0x000001e9a21a8800'

Classes redefined (0 events):
No events

Internal exceptions (20 events):
Event: 172.093 Thread 0x000001e9f624e680 Exception <a 'java/lang/NoSuchMethodError'{0x00000000d5759080}: 'java.lang.Object java.lang.invoke.DirectMethodHandle$Holder.invokeSpecial(java.lang.Object, java.lang.Object, java.lang.Object, java.lang.Object, int, java.lang.Object, java.lang.Object)'> (0x00000000d5759080) 
thrown [s\src\hotspot\share\interpreter\linkResolver.cpp, line 773]
Event: 174.195 Thread 0x000001e9f624ed10 Exception <a 'java/lang/ArrayIndexOutOfBoundsException'{0x00000000d56d6728}> (0x00000000d56d6728) 
thrown [s\src\hotspot\share\runtime\sharedRuntime.cpp, line 625]
Event: 176.447 Thread 0x000001e9f624ed10 Exception <a 'sun/nio/fs/WindowsException'{0x00000000d5ad1960}> (0x00000000d5ad1960) 
thrown [s\src\hotspot\share\prims\jni.cpp, line 520]
Event: 176.449 Thread 0x000001e9f624ed10 Exception <a 'sun/nio/fs/WindowsException'{0x00000000d5ad2240}> (0x00000000d5ad2240) 
thrown [s\src\hotspot\share\prims\jni.cpp, line 520]
Event: 176.451 Thread 0x000001e9f624ed10 Exception <a 'sun/nio/fs/WindowsException'{0x00000000d5ad2f88}> (0x00000000d5ad2f88) 
thrown [s\src\hotspot\share\prims\jni.cpp, line 520]
Event: 176.451 Thread 0x000001e9f624ed10 Exception <a 'sun/nio/fs/WindowsException'{0x00000000d5ad3868}> (0x00000000d5ad3868) 
thrown [s\src\hotspot\share\prims\jni.cpp, line 520]
Event: 176.454 Thread 0x000001e9f624ed10 Exception <a 'sun/nio/fs/WindowsException'{0x00000000d5ad4fe0}> (0x00000000d5ad4fe0) 
thrown [s\src\hotspot\share\prims\jni.cpp, line 520]
Event: 176.454 Thread 0x000001e9f624ed10 Exception <a 'sun/nio/fs/WindowsException'{0x00000000d5ad5610}> (0x00000000d5ad5610) 
thrown [s\src\hotspot\share\prims\jni.cpp, line 520]
Event: 176.529 Thread 0x000001e9f624ed10 Exception <a 'sun/nio/fs/WindowsException'{0x00000000d5afd098}> (0x00000000d5afd098) 
thrown [s\src\hotspot\share\prims\jni.cpp, line 520]
Event: 176.529 Thread 0x000001e9f624ed10 Exception <a 'sun/nio/fs/WindowsException'{0x00000000d5afd978}> (0x00000000d5afd978) 
thrown [s\src\hotspot\share\prims\jni.cpp, line 520]
Event: 177.553 Thread 0x000001e9e918ad80 Exception <a 'java/io/FileNotFoundException'{0x00000000d56a2628}> (0x00000000d56a2628) 
thrown [s\src\hotspot\share\prims\jni.cpp, line 520]
Event: 178.142 Thread 0x000001e9e918ad80 Exception <a 'java/lang/NoSuchMethodError'{0x00000000d57531f0}: 'java.lang.Object java.lang.invoke.DirectMethodHandle$Holder.invokeVirtual(java.lang.Object, java.lang.Object, java.lang.Object, java.lang.Object)'> (0x00000000d57531f0) 
thrown [s\src\hotspot\share\interpreter\linkResolver.cpp, line 773]
Event: 178.278 Thread 0x000001e9ea1dbe40 Exception <a 'java/lang/NoSuchMethodError'{0x00000000d5b5af30}: 'java.lang.Object java.lang.invoke.DirectMethodHandle$Holder.invokeStatic(java.lang.Object, long, java.lang.Object, java.lang.Object)'> (0x00000000d5b5af30) 
thrown [s\src\hotspot\share\interpreter\linkResolver.cpp, line 773]
Event: 178.348 Thread 0x000001e9ea1dbe40 Exception <a 'sun/nio/fs/WindowsException'{0x00000000d5c0af30}> (0x00000000d5c0af30) 
thrown [s\src\hotspot\share\prims\jni.cpp, line 520]
Event: 178.349 Thread 0x000001e9ea1dbe40 Exception <a 'sun/nio/fs/WindowsException'{0x00000000d5c0bf70}> (0x00000000d5c0bf70) 
thrown [s\src\hotspot\share\prims\jni.cpp, line 520]
Event: 178.420 Thread 0x000001e9ea1dbe40 Exception <a 'java/lang/NoSuchMethodError'{0x00000000d55b53e0}: 'void java.lang.invoke.DirectMethodHandle$Holder.invokeStatic(java.lang.Object, java.lang.Object, java.lang.Object, java.lang.Object, java.lang.Object, java.lang.Object, java.lang.Object)'> (0x00000000d55b53e0) 
thrown [s\src\hotspot\share\interpreter\linkResolver.cpp, line 773]
Event: 180.193 Thread 0x000001e9ebf6d4e0 Exception <a 'java/lang/NoSuchMethodError'{0x00000000d560d5b8}: 'long java.lang.invoke.DelegatingMethodHandle$Holder.reinvoke_L(java.lang.Object, java.lang.Object)'> (0x00000000d560d5b8) 
thrown [s\src\hotspot\share\interpreter\linkResolver.cpp, line 773]
Event: 180.196 Thread 0x000001e9ebf6d4e0 Exception <a 'java/lang/NoSuchMethodError'{0x00000000d5617550}: 'void java.lang.invoke.DelegatingMethodHandle$Holder.reinvoke_L(java.lang.Object, java.lang.Object, long)'> (0x00000000d5617550) 
thrown [s\src\hotspot\share\interpreter\linkResolver.cpp, line 773]
Event: 181.551 Thread 0x000001e9ebf6d4e0 Exception <a 'java/lang/RuntimeException'{0x00000000d56b9868}: snapshot not available> (0x00000000d56b9868) 
thrown [s\src\hotspot\share\prims\jni.cpp, line 539]
Event: 192.316 Thread 0x000001e9f624ed10 Exception <a 'java/lang/NoSuchMethodError'{0x00000000d57f1b68}: 'java.lang.Object java.lang.invoke.DirectMethodHandle$Holder.invokeStaticInit(java.lang.Object, java.lang.Object, java.lang.Object)'> (0x00000000d57f1b68) 
thrown [s\src\hotspot\share\interpreter\linkResolver.cpp, line 773]

ZGC Phase Switch (0 events):
No events

VM Operations (20 events):
Event: 180.452 Executing VM operation: HandshakeAllThreads (HandshakeForDeflation)
Event: 180.453 Executing VM operation: HandshakeAllThreads (HandshakeForDeflation) done
Event: 180.453 Executing VM operation: RendezvousGCThreads
Event: 180.453 Executing VM operation: RendezvousGCThreads done
Event: 183.471 Executing VM operation: Cleanup
Event: 183.471 Executing VM operation: Cleanup done
Event: 184.478 Executing VM operation: Cleanup
Event: 184.478 Executing VM operation: Cleanup done
Event: 192.341 Executing VM operation: HandshakeAllThreads (Deoptimize)
Event: 192.342 Executing VM operation: HandshakeAllThreads (Deoptimize) done
Event: 192.342 Executing VM operation: Cleanup
Event: 192.342 Executing VM operation: Cleanup done
Event: 192.433 Executing VM operation: ParallelGCFailedAllocation (Allocation Failure)
Event: 192.436 Executing VM operation: ParallelGCFailedAllocation (Allocation Failure) done
Event: 192.619 Executing VM operation: HandshakeAllThreads (Deoptimize)
Event: 192.619 Executing VM operation: HandshakeAllThreads (Deoptimize) done
Event: 192.642 Executing VM operation: ParallelGCFailedAllocation (Allocation Failure)
Event: 192.646 Executing VM operation: ParallelGCFailedAllocation (Allocation Failure) done
Event: 193.652 Executing VM operation: Cleanup
Event: 193.652 Executing VM operation: Cleanup done

Memory protections (0 events):
No events

Nmethod flushes (20 events):
Event: 19.423 Thread 0x000001e9a0864530 flushing  nmethod 0x000001e98d1fa710
Event: 19.423 Thread 0x000001e9a0864530 flushing  nmethod 0x000001e98d1fb490
Event: 19.423 Thread 0x000001e9a0864530 flushing  nmethod 0x000001e98d222c10
Event: 19.423 Thread 0x000001e9a0864530 flushing osr nmethod 0x000001e98d229410
Event: 19.423 Thread 0x000001e9a0864530 flushing osr nmethod 0x000001e98d22b110
Event: 19.423 Thread 0x000001e9a0864530 flushing osr nmethod 0x000001e98d26a390
Event: 19.423 Thread 0x000001e9a0864530 flushing osr nmethod 0x000001e98d272990
Event: 19.423 Thread 0x000001e9a0864530 flushing  nmethod 0x000001e98d282290
Event: 19.423 Thread 0x000001e9a0864530 flushing  nmethod 0x000001e98d285890
Event: 19.423 Thread 0x000001e9a0864530 flushing  nmethod 0x000001e98d290210
Event: 19.423 Thread 0x000001e9a0864530 flushing  nmethod 0x000001e98d295d10
Event: 19.423 Thread 0x000001e9a0864530 flushing  nmethod 0x000001e98d2a0490
Event: 19.423 Thread 0x000001e9a0864530 flushing  nmethod 0x000001e98d2a4210
Event: 19.423 Thread 0x000001e9a0864530 flushing  nmethod 0x000001e98d2b0d90
Event: 19.423 Thread 0x000001e9a0864530 flushing  nmethod 0x000001e98d2c9910
Event: 19.423 Thread 0x000001e9a0864530 flushing  nmethod 0x000001e98d2ca010
Event: 19.423 Thread 0x000001e9a0864530 flushing  nmethod 0x000001e98d2cd510
Event: 19.423 Thread 0x000001e9a0864530 flushing  nmethod 0x000001e98d2d0890
Event: 19.423 Thread 0x000001e9a0864530 flushing  nmethod 0x000001e98d2d6010
Event: 19.423 Thread 0x000001e9a0864530 flushing  nmethod 0x000001e98d300910

Events (20 events):
Event: 157.756 Thread 0x000001e9f6250de0 Thread added: 0x000001e9f62500c0
Event: 157.760 Thread 0x000001e9ebf723a0 Thread added: 0x000001e9f624f3a0
Event: 159.026 Thread 0x000001e9e81125d0 Thread exited: 0x000001e9e81125d0
Event: 172.994 Thread 0x000001e9e39b8630 Thread added: 0x000001e9e8110a90
Event: 173.297 Thread 0x000001e9e39a2200 Thread added: 0x000001e9e8111160
Event: 174.192 Thread 0x000001e9e8111160 Thread exited: 0x000001e9e8111160
Event: 174.192 Thread 0x000001e9e8110a90 Thread exited: 0x000001e9e8110a90
Event: 176.773 Thread 0x000001e9e39b8630 Thread added: 0x000001e9e81125d0
Event: 177.462 Thread 0x000001e9f624ed10 Thread added: 0x000001e9e918a6f0
Event: 177.471 Thread 0x000001e9e918a6f0 Thread added: 0x000001e9e918ad80
Event: 177.933 Thread 0x000001e9e918ad80 Thread added: 0x000001e9e918b410
Event: 177.948 Thread 0x000001e9e918ad80 Thread added: 0x000001e9ea1db120
Event: 178.135 Thread 0x000001e9e81125d0 Thread added: 0x000001e9e8112ca0
Event: 178.268 Thread 0x000001e9e918ad80 Thread added: 0x000001e9ea1dbe40
Event: 178.414 Thread 0x000001e9ea1dbe40 Thread added: 0x000001e9ebf6c130
Event: 180.184 Thread 0x000001e9e918ad80 Thread added: 0x000001e9ebf6d4e0
Event: 180.186 Thread 0x000001e9ebf6c130 Thread exited: 0x000001e9ebf6c130
Event: 180.196 Thread 0x000001e9e8112ca0 Thread exited: 0x000001e9e8112ca0
Event: 180.197 Thread 0x000001e9e81125d0 Thread exited: 0x000001e9e81125d0
Event: 181.552 Thread 0x000001e9ebf6d4e0 Thread exited: 0x000001e9ebf6d4e0


Dynamic libraries:
0x00007ff656c90000 - 0x00007ff656c9e000 	c:\Users\jaywa\.vscode\extensions\redhat.java-1.46.0-win32-x64\jre\21.0.8-win32-x86_64\bin\java.exe
0x00007ffb4c740000 - 0x00007ffb4c9a8000 	C:\WINDOWS\SYSTEM32\ntdll.dll
0x00007ffb4ad30000 - 0x00007ffb4adf9000 	C:\WINDOWS\System32\KERNEL32.DLL
0x00007ffb49a40000 - 0x00007ffb49e32000 	C:\WINDOWS\System32\KERNELBASE.dll
0x00007ffb49e40000 - 0x00007ffb49f8b000 	C:\WINDOWS\System32\ucrtbase.dll
0x00007ffb356f0000 - 0x00007ffb3570e000 	c:\Users\jaywa\.vscode\extensions\redhat.java-1.46.0-win32-x64\jre\21.0.8-win32-x86_64\bin\VCRUNTIME140.dll
0x00007ffb357b0000 - 0x00007ffb357c8000 	c:\Users\jaywa\.vscode\extensions\redhat.java-1.46.0-win32-x64\jre\21.0.8-win32-x86_64\bin\jli.dll
0x00007ffb4b270000 - 0x00007ffb4b435000 	C:\WINDOWS\System32\USER32.dll
0x00007ffb2d820000 - 0x00007ffb2dab3000 	C:\WINDOWS\WinSxS\amd64_microsoft.windows.common-controls_6595b64144ccf1df_6.0.26100.6899_none_3e0efeeae32e88c1\COMCTL32.dll
0x00007ffb49f90000 - 0x00007ffb49fb7000 	C:\WINDOWS\System32\win32u.dll
0x00007ffb4c4c0000 - 0x00007ffb4c569000 	C:\WINDOWS\System32\msvcrt.dll
0x00007ffb4ae00000 - 0x00007ffb4ae2b000 	C:\WINDOWS\System32\GDI32.dll
0x00007ffb4a3e0000 - 0x00007ffb4a50d000 	C:\WINDOWS\System32\gdi32full.dll
0x00007ffb498d0000 - 0x00007ffb49973000 	C:\WINDOWS\System32\msvcp_win.dll
0x00007ffb4c570000 - 0x00007ffb4c59f000 	C:\WINDOWS\System32\IMM32.DLL
0x00007ffb42440000 - 0x00007ffb4244c000 	c:\Users\jaywa\.vscode\extensions\redhat.java-1.46.0-win32-x64\jre\21.0.8-win32-x86_64\bin\vcruntime140_1.dll
0x00007ffb1fa90000 - 0x00007ffb1fb1d000 	c:\Users\jaywa\.vscode\extensions\redhat.java-1.46.0-win32-x64\jre\21.0.8-win32-x86_64\bin\msvcp140.dll
0x00007ffae6340000 - 0x00007ffae70d7000 	c:\Users\jaywa\.vscode\extensions\redhat.java-1.46.0-win32-x64\jre\21.0.8-win32-x86_64\bin\server\jvm.dll
0x00007ffb4ae30000 - 0x00007ffb4aee4000 	C:\WINDOWS\System32\ADVAPI32.dll
0x00007ffb4b450000 - 0x00007ffb4b4f6000 	C:\WINDOWS\System32\sechost.dll
0x00007ffb4ac10000 - 0x00007ffb4ad28000 	C:\WINDOWS\System32\RPCRT4.dll
0x00007ffb4a830000 - 0x00007ffb4a8a4000 	C:\WINDOWS\System32\WS2_32.dll
0x00007ffb49750000 - 0x00007ffb497ae000 	C:\WINDOWS\SYSTEM32\POWRPROF.dll
0x00007ffb40a10000 - 0x00007ffb40a45000 	C:\WINDOWS\SYSTEM32\WINMM.dll
0x00007ffb41ab0000 - 0x00007ffb41abb000 	C:\WINDOWS\SYSTEM32\VERSION.dll
0x00007ffb49730000 - 0x00007ffb49744000 	C:\WINDOWS\SYSTEM32\UMPDC.dll
0x00007ffb486a0000 - 0x00007ffb486bb000 	C:\WINDOWS\SYSTEM32\kernel.appcore.dll
0x00007ffb41360000 - 0x00007ffb4136a000 	c:\Users\jaywa\.vscode\extensions\redhat.java-1.46.0-win32-x64\jre\21.0.8-win32-x86_64\bin\jimage.dll
0x00007ffb3ce50000 - 0x00007ffb3d092000 	C:\WINDOWS\SYSTEM32\DBGHELP.DLL
0x00007ffb4aef0000 - 0x00007ffb4b26b000 	C:\WINDOWS\System32\combase.dll
0x00007ffb4a960000 - 0x00007ffb4aa37000 	C:\WINDOWS\System32\OLEAUT32.dll
0x00007ffb284e0000 - 0x00007ffb2851c000 	C:\WINDOWS\SYSTEM32\dbgcore.DLL
0x00007ffb49fc0000 - 0x00007ffb4a058000 	C:\WINDOWS\System32\bcryptPrimitives.dll
0x00007ffb41150000 - 0x00007ffb4115f000 	c:\Users\jaywa\.vscode\extensions\redhat.java-1.46.0-win32-x64\jre\21.0.8-win32-x86_64\bin\instrument.dll
0x00007ffb35420000 - 0x00007ffb3543f000 	c:\Users\jaywa\.vscode\extensions\redhat.java-1.46.0-win32-x64\jre\21.0.8-win32-x86_64\bin\java.dll
0x00007ffb4b500000 - 0x00007ffb4bc4d000 	C:\WINDOWS\System32\SHELL32.dll
0x00007ffb4a270000 - 0x00007ffb4a3db000 	C:\WINDOWS\System32\wintypes.dll
0x00007ffb47510000 - 0x00007ffb47d6d000 	C:\WINDOWS\SYSTEM32\windows.storage.dll
0x00007ffb4ab10000 - 0x00007ffb4ac02000 	C:\WINDOWS\System32\SHCORE.dll
0x00007ffb4a510000 - 0x00007ffb4a572000 	C:\WINDOWS\System32\shlwapi.dll
0x00007ffb497f0000 - 0x00007ffb49819000 	C:\WINDOWS\SYSTEM32\profapi.dll
0x00007ffb2efd0000 - 0x00007ffb2efe8000 	c:\Users\jaywa\.vscode\extensions\redhat.java-1.46.0-win32-x64\jre\21.0.8-win32-x86_64\bin\zip.dll
0x00007ffb41100000 - 0x00007ffb41110000 	C:\Users\jaywa\.vscode\extensions\redhat.java-1.46.0-win32-x64\jre\21.0.8-win32-x86_64\bin\net.dll
0x00007ffb41480000 - 0x00007ffb4159f000 	C:\WINDOWS\SYSTEM32\WINHTTP.dll
0x00007ffb48c10000 - 0x00007ffb48c7b000 	C:\WINDOWS\system32\mswsock.dll
0x00007ffb2e160000 - 0x00007ffb2e176000 	C:\Users\jaywa\.vscode\extensions\redhat.java-1.46.0-win32-x64\jre\21.0.8-win32-x86_64\bin\nio.dll
0x00007ffb35650000 - 0x00007ffb35660000 	c:\Users\jaywa\.vscode\extensions\redhat.java-1.46.0-win32-x64\jre\21.0.8-win32-x86_64\bin\verify.dll
0x00007ffb24090000 - 0x00007ffb240d4000 	C:\Users\jaywa\AppData\Roaming\Code\User\globalStorage\redhat.java\1.46.0\config_win\org.eclipse.equinox.launcher\org.eclipse.equinox.launcher.win32.win32.x86_64_1.2.1400.v20250801-0854\eclipse_11916.dll
0x00007ffb4be30000 - 0x00007ffb4bfc8000 	C:\WINDOWS\System32\ole32.dll
0x00007ffb48ed0000 - 0x00007ffb48eeb000 	C:\WINDOWS\SYSTEM32\CRYPTSP.dll
0x00007ffb48600000 - 0x00007ffb4863b000 	C:\WINDOWS\system32\rsaenh.dll
0x00007ffb48cb0000 - 0x00007ffb48cdb000 	C:\WINDOWS\SYSTEM32\USERENV.dll
0x00007ffb497c0000 - 0x00007ffb497e6000 	C:\WINDOWS\SYSTEM32\bcrypt.dll
0x00007ffb48ec0000 - 0x00007ffb48ecc000 	C:\WINDOWS\SYSTEM32\CRYPTBASE.dll
0x00007ffb48120000 - 0x00007ffb48154000 	C:\WINDOWS\SYSTEM32\IPHLPAPI.DLL
0x00007ffb4a820000 - 0x00007ffb4a82a000 	C:\WINDOWS\System32\NSI.dll
0x00007ffb26760000 - 0x00007ffb267a9000 	C:\Users\jaywa\AppData\Local\Temp\jna-100903020\jna12871103392592066299.dll
0x00007ffb4a780000 - 0x00007ffb4a788000 	C:\WINDOWS\System32\PSAPI.DLL
0x00007ffb417b0000 - 0x00007ffb417ce000 	C:\WINDOWS\SYSTEM32\dhcpcsvc6.DLL
0x00007ffb41320000 - 0x00007ffb41343000 	C:\WINDOWS\SYSTEM32\dhcpcsvc.DLL
0x00007ffb44ac0000 - 0x00007ffb44ac9000 	C:\Users\jaywa\.vscode\extensions\redhat.java-1.46.0-win32-x64\jre\21.0.8-win32-x86_64\bin\extnet.dll

JVMTI agents:
c:\Users\jaywa\.vscode\extensions\redhat.java-1.46.0-win32-x64\lombok\lombok-1.18.39-4050.jar path:c:\Users\jaywa\.vscode\extensions\redhat.java-1.46.0-win32-x64\jre\21.0.8-win32-x86_64\bin\instrument.dll, loaded, initialized, instrumentlib options:none

dbghelp: loaded successfully - version: 4.0.5 - missing functions: none
symbol engine: initialized successfully - sym options: 0x614 - pdb path: .;c:\Users\jaywa\.vscode\extensions\redhat.java-1.46.0-win32-x64\jre\21.0.8-win32-x86_64\bin;C:\WINDOWS\SYSTEM32;C:\WINDOWS\WinSxS\amd64_microsoft.windows.common-controls_6595b64144ccf1df_6.0.26100.6899_none_3e0efeeae32e88c1;c:\Users\jaywa\.vscode\extensions\redhat.java-1.46.0-win32-x64\jre\21.0.8-win32-x86_64\bin\server;C:\Users\jaywa\AppData\Roaming\Code\User\globalStorage\redhat.java\1.46.0\config_win\org.eclipse.equinox.launcher\org.eclipse.equinox.launcher.win32.win32.x86_64_1.2.1400.v20250801-0854;C:\Users\jaywa\AppData\Local\Temp\jna-100903020

VM Arguments:
jvm_args: --add-modules=ALL-SYSTEM --add-opens=java.base/java.util=ALL-UNNAMED --add-opens=java.base/java.lang=ALL-UNNAMED --add-opens=java.base/sun.nio.fs=ALL-UNNAMED -Declipse.application=org.eclipse.jdt.ls.core.id1 -Dosgi.bundles.defaultStartLevel=4 -Declipse.product=org.eclipse.jdt.ls.core.product -Djava.import.generatesMetadataFilesAtProjectRoot=false -DDetectVMInstallationsJob.disabled=true -Dfile.encoding=utf8 -XX:+UseParallelGC -XX:GCTimeRatio=4 -XX:AdaptiveSizePolicyWeight=90 -Dsun.zip.disableMemoryMapping=true -Xmx2G -Xms100m -Xlog:disable -javaagent:c:\Users\jaywa\.vscode\extensions\redhat.java-1.46.0-win32-x64\lombok\lombok-1.18.39-4050.jar -XX:+HeapDumpOnOutOfMemoryError -XX:HeapDumpPath=c:\Users\jaywa\AppData\Roaming\Code\User\workspaceStorage\9444b7f9f2e8a8aa4566e18311caa4e0\redhat.java -Daether.dependencyCollector.impl=bf 
java_command: c:\Users\jaywa\.vscode\extensions\redhat.java-1.46.0-win32-x64\server\plugins\org.eclipse.equinox.launcher_1.7.0.v20250519-0528.jar -configuration c:\Users\jaywa\AppData\Roaming\Code\User\globalStorage\redhat.java\1.46.0\config_win -data c:\Users\jaywa\AppData\Roaming\Code\User\workspaceStorage\9444b7f9f2e8a8aa4566e18311caa4e0\redhat.java\jdt_ws --pipe=\\.\pipe\lsp-ab2728fb2b728c1615e1ba379e44979b-sock
java_class_path (initial): c:\Users\jaywa\.vscode\extensions\redhat.java-1.46.0-win32-x64\server\plugins\org.eclipse.equinox.launcher_1.7.0.v20250519-0528.jar
Launcher Type: SUN_STANDARD

[Global flags]
    uintx AdaptiveSizePolicyWeight                 = 90                                        {product} {command line}
     intx CICompilerCount                          = 4                                         {product} {ergonomic}
    uintx GCTimeRatio                              = 4                                         {product} {command line}
     bool HeapDumpOnOutOfMemoryError               = true                                   {manageable} {command line}
    ccstr HeapDumpPath                             = c:\Users\jaywa\AppData\Roaming\Code\User\workspaceStorage\9444b7f9f2e8a8aa4566e18311caa4e0\redhat.java         {manageable} {command line}
   size_t InitialHeapSize                          = 104857600                                 {product} {command line}
   size_t MaxHeapSize                              = 2147483648                                {product} {command line}
   size_t MaxNewSize                               = 715653120                                 {product} {ergonomic}
   size_t MinHeapDeltaBytes                        = 524288                                    {product} {ergonomic}
   size_t MinHeapSize                              = 104857600                                 {product} {command line}
   size_t NewSize                                  = 34603008                                  {product} {ergonomic}
    uintx NonNMethodCodeHeapSize                   = 5839372                                {pd product} {ergonomic}
    uintx NonProfiledCodeHeapSize                  = 122909434                              {pd product} {ergonomic}
   size_t OldSize                                  = 70254592                                  {product} {ergonomic}
    uintx ProfiledCodeHeapSize                     = 122909434                              {pd product} {ergonomic}
    uintx ReservedCodeCacheSize                    = 251658240                              {pd product} {ergonomic}
     bool SegmentedCodeCache                       = true                                      {product} {ergonomic}
   size_t SoftMaxHeapSize                          = 2147483648                             {manageable} {ergonomic}
     bool UseCompressedOops                        = true                           {product lp64_product} {ergonomic}
     bool UseLargePagesIndividualAllocation        = false                                  {pd product} {ergonomic}
     bool UseParallelGC                            = true                                      {product} {command line}

Logging:
Log output configuration:
 #0: stdout all=off uptime,level,tags foldmultilines=false
 #1: stderr all=off uptime,level,tags foldmultilines=false

Environment Variables:
JAVA_HOME=C:\Program Files\Java\jdk-17
PATH=C:\Program Files\Common Files\Oracle\Java\javapath;C:\WINDOWS\system32;C:\WINDOWS;C:\WINDOWS\System32\Wbem;C:\WINDOWS\System32\WindowsPowerShell\v1.0\;C:\WINDOWS\System32\OpenSSH\;C:\Program Files\nodejs\;C:\Program Files\Java\jdk-17\bin;;C:\Program Files\Docker\Docker\resources\bin;C:\Program Files\MySQL\MySQL Shell 8.0\bin\;C:\Users\jaywa\AppData\Local\Microsoft\WindowsApps;C:\Users\jaywa\AppData\Local\Programs\Microsoft VS Code\bin;C:\Users\jaywa\AppData\Roaming\npm;C:\Program Files\Git\bin;C:\Program Files\Git\cmd;C:\Program Files\Java\jdk-17\bin;C:\Users\jaywa\AppData\Local\Programs\cursor\resources\app\bin;C:\Users\jaywa\AppData\Local\Programs\Kiro\bin;C:\Users\jaywa\AppData\Local\Programs\Windsurf\bin;C:\Users\jaywa\AppData\Local\Programs\Qoder\bin
USERNAME=jaywa
OS=Windows_NT
PROCESSOR_IDENTIFIER=AMD64 Family 25 Model 80 Stepping 0, AuthenticAMD
TMP=C:\Users\jaywa\AppData\Local\Temp
TEMP=C:\Users\jaywa\AppData\Local\Temp




Periodic native trim disabled

---------------  S Y S T E M  ---------------

OS:
 Windows 11 , 64 bit Build 26100 (10.0.26100.6725)
OS uptime: 6 days 10:06 hours
Hyper-V role detected

CPU: total 12 (initial active 12) (12 cores per cpu, 2 threads per core) family 25 model 80 stepping 0 microcode 0xa500011, cx8, cmov, fxsr, ht, mmx, 3dnowpref, sse, sse2, sse3, ssse3, sse4a, sse4.1, sse4.2, popcnt, lzcnt, tsc, tscinvbit, avx, avx2, aes, erms, clmul, bmi1, bmi2, adx, sha, fma, vzeroupper, clflush, clflushopt, hv, rdtscp, rdpid, fsrm, f16c, cet_ss
Processor Information for processor 0
  Max Mhz: 3301, Current Mhz: 1908, Mhz Limit: 3301
Processor Information for processor 1
  Max Mhz: 3301, Current Mhz: 1908, Mhz Limit: 3301
Processor Information for processor 2
  Max Mhz: 3301, Current Mhz: 1908, Mhz Limit: 3301
Processor Information for processor 3
  Max Mhz: 3301, Current Mhz: 1908, Mhz Limit: 3301
Processor Information for processor 4
  Max Mhz: 3301, Current Mhz: 1805, Mhz Limit: 3301
Processor Information for processor 5
  Max Mhz: 3301, Current Mhz: 1805, Mhz Limit: 3301
Processor Information for processor 6
  Max Mhz: 3301, Current Mhz: 1908, Mhz Limit: 3301
Processor Information for processor 7
  Max Mhz: 3301, Current Mhz: 1805, Mhz Limit: 3301
Processor Information for processor 8
  Max Mhz: 3301, Current Mhz: 1908, Mhz Limit: 3301
Processor Information for processor 9
  Max Mhz: 3301, Current Mhz: 1805, Mhz Limit: 3301
Processor Information for processor 10
  Max Mhz: 3301, Current Mhz: 1805, Mhz Limit: 3301
Processor Information for processor 11
  Max Mhz: 3301, Current Mhz: 1908, Mhz Limit: 3301

Memory: 4k page, system-wide physical 7521M (483M free)
TotalPageFile size 31073M (AvailPageFile size 31M)
current process WorkingSet (physical memory assigned to process): 191M, peak: 422M
current process commit charge ("private bytes"): 560M, peak: 560M

vm_info: OpenJDK 64-Bit Server VM (21.0.8+9-LTS) for windows-amd64 JRE (21.0.8+9-LTS), built on 2025-07-15T00:00:00Z by "admin" with MS VC++ 17.7 (VS2022)

END.
