#
# There is insufficient memory for the Java Runtime Environment to continue.
# Native memory allocation (malloc) failed to allocate 1048576 bytes. Error detail: AllocateHeap
# Possible reasons:
#   The system is out of physical RAM or swap space
#   This process is running with CompressedOops enabled, and the Java Heap may be blocking the growth of the native heap
# Possible solutions:
#   Reduce memory load on the system
#   Increase physical memory or swap space
#   Check if swap backing store is full
#   Decrease Java heap size (-Xmx/-Xms)
#   Decrease number of Java threads
#   Decrease Java thread stack sizes (-Xss)
#   Set larger code cache with -XX:ReservedCodeCacheSize=
#   JVM is running with Unscaled Compressed Oops mode in which the Java heap is
#     placed in the first 4GB address space. The Java Heap base address is the
#     maximum limit for the native heap growth. Please use -XX:HeapBaseMinAddress
#     to set the Java Heap base and to place the Java Heap above 4GB virtual address.
# This output file may be truncated or incomplete.
#
#  Out of Memory Error (allocation.cpp:44), pid=25748, tid=24168
#
# JRE version: OpenJDK Runtime Environment Temurin-21.0.8+9 (21.0.8+9) (build 21.0.8+9-LTS)
# Java VM: OpenJDK 64-Bit Server VM Temurin-21.0.8+9 (21.0.8+9-LTS, mixed mode, sharing, tiered, compressed oops, compressed class ptrs, parallel gc, windows-amd64)
# No core dump will be written. Minidumps are not enabled by default on client versions of Windows
#

---------------  S U M M A R Y ------------

Command Line: --add-modules=ALL-SYSTEM --add-opens=java.base/java.util=ALL-UNNAMED --add-opens=java.base/java.lang=ALL-UNNAMED --add-opens=java.base/sun.nio.fs=ALL-UNNAMED -Declipse.application=org.eclipse.jdt.ls.core.id1 -Dosgi.bundles.defaultStartLevel=4 -Declipse.product=org.eclipse.jdt.ls.core.product -Djava.import.generatesMetadataFilesAtProjectRoot=false -DDetectVMInstallationsJob.disabled=true -Dfile.encoding=utf8 -XX:+UseParallelGC -XX:GCTimeRatio=4 -XX:AdaptiveSizePolicyWeight=90 -Dsun.zip.disableMemoryMapping=true -Xmx2G -Xms100m -Xlog:disable -javaagent:c:\Users\jaywa\.vscode\extensions\redhat.java-1.46.0-win32-x64\lombok\lombok-1.18.39-4050.jar -XX:+HeapDumpOnOutOfMemoryError -XX:HeapDumpPath=c:\Users\jaywa\AppData\Roaming\Code\User\workspaceStorage\9444b7f9f2e8a8aa4566e18311caa4e0\redhat.java -Daether.dependencyCollector.impl=bf c:\Users\jaywa\.vscode\extensions\redhat.java-1.46.0-win32-x64\server\plugins\org.eclipse.equinox.launcher_1.7.0.v20250519-0528.jar -configuration c:\Users\jaywa\AppData\Roaming\Code\User\globalStorage\redhat.java\1.46.0\config_win -data c:\Users\jaywa\AppData\Roaming\Code\User\workspaceStorage\9444b7f9f2e8a8aa4566e18311caa4e0\redhat.java\jdt_ws --pipe=\\.\pipe\lsp-23808a620b220d2cfaf65655620e42d3-sock

Host: AMD Ryzen 5 5600H with Radeon Graphics         , 12 cores, 7G,  Windows 11 , 64 bit Build 26100 (10.0.26100.6725)
Time: Wed Oct 29 10:54:59 2025 India Standard Time elapsed time: 60.220831 seconds (0d 0h 1m 0s)

---------------  T H R E A D  ---------------

Current thread (0x0000023df2006d00):  JavaThread "Attach Listener" daemon [_thread_in_vm, id=24168, stack(0x0000009f86f00000,0x0000009f87000000) (1024K)]

Stack: [0x0000009f86f00000,0x0000009f87000000]
Native frames: (J=compiled Java code, j=interpreted, Vv=VM code, C=native code)
V  [jvm.dll+0x6d2449]
V  [jvm.dll+0x8ae341]
V  [jvm.dll+0x8b08be]
V  [jvm.dll+0x8b0fa3]
V  [jvm.dll+0x280c96]
V  [jvm.dll+0xc0347]
V  [jvm.dll+0x6d2cf9]
V  [jvm.dll+0x131116]
V  [jvm.dll+0x3f2d16]
V  [jvm.dll+0x857e6b]
V  [jvm.dll+0x6d0b0d]
C  [ucrtbase.dll+0x37b0]
C  [KERNEL32.DLL+0x2e8d7]
C  [ntdll.dll+0x8c53c]


---------------  P R O C E S S  ---------------

Threads class SMR info:
_java_thread_list=0x0000023dc54cc1d0, length=88, elements={
0x0000023dd53bb7c0, 0x0000023dd536e3b0, 0x0000023df2002550, 0x0000023df20060b0,
0x0000023df2006d00, 0x0000023df2008710, 0x0000023df2015ac0, 0x0000023df201f4a0,
0x0000023df2031900, 0x0000023df20188b0, 0x0000023df2017500, 0x0000023df2018220,
0x0000023df2018f40, 0x0000023df20167e0, 0x0000023df2016e70, 0x0000023df2017b90,
0x0000023df3747e00, 0x0000023df3744980, 0x0000023df3746a50, 0x0000023df3745010,
0x0000023df37456a0, 0x0000023df37470e0, 0x0000023df3745d30, 0x0000023df37463c0,
0x0000023df4850bc0, 0x0000023df4851250, 0x0000023df484e460, 0x0000023df4850530,
0x0000023df484f810, 0x0000023df4851f70, 0x0000023df484f180, 0x0000023df48518e0,
0x0000023df484eaf0, 0x0000023df4852c90, 0x0000023df4852600, 0x0000023df484fea0,
0x0000023df4853320, 0x0000023df48539b0, 0x0000023df48546d0, 0x0000023df4854040,
0x0000023df4854d60, 0x0000023df48553f0, 0x0000023df4855a80, 0x0000023df4c24f40,
0x0000023df4c227e0, 0x0000023df4c22150, 0x0000023df4c21ac0, 0x0000023df4c24220,
0x0000023df4c25c60, 0x0000023df4c23500, 0x0000023df4c22e70, 0x0000023df4c255d0,
0x0000023df2f879d0, 0x0000023df2f886f0, 0x0000023df2f88d80, 0x0000023df2f86620,
0x0000023df2f85900, 0x0000023df2f8a130, 0x0000023df2f8a7c0, 0x0000023df2f89410,
0x0000023df2f8ae50, 0x0000023df2f89aa0, 0x0000023df2f8b4e0, 0x0000023df24420f0,
0x0000023df2443b30, 0x0000023df2447640, 0x0000023df4c27010, 0x0000023df4c248b0,
0x0000023df4c28a50, 0x0000023df4c290e0, 0x0000023df2f84550, 0x0000023df2f86cb0,
0x0000023df2f84be0, 0x0000023df2f85f90, 0x0000023df2f87340, 0x0000023df2447cd0,
0x0000023df2448360, 0x0000023df6a23f80, 0x0000023df6a259c0, 0x0000023df6a24610,
0x0000023df6a27a90, 0x0000023df6a26050, 0x0000023df6a266e0, 0x0000023df6a26d70,
0x0000023df6a27400, 0x0000023df6a28120, 0x0000023df6a287b0, 0x0000023df6a25330
}

Java Threads: ( => current thread )
  0x0000023dd53bb7c0 JavaThread "main"                              [_thread_blocked, id=21452, stack(0x0000009f86800000,0x0000009f86900000) (1024K)]
  0x0000023dd536e3b0 JavaThread "Reference Handler"          daemon [_thread_blocked, id=34764, stack(0x0000009f86c00000,0x0000009f86d00000) (1024K)]
  0x0000023df2002550 JavaThread "Finalizer"                  daemon [_thread_blocked, id=21064, stack(0x0000009f86d00000,0x0000009f86e00000) (1024K)]
  0x0000023df20060b0 JavaThread "Signal Dispatcher"          daemon [_thread_blocked, id=7936, stack(0x0000009f86e00000,0x0000009f86f00000) (1024K)]
=>0x0000023df2006d00 JavaThread "Attach Listener"            daemon [_thread_in_vm, id=24168, stack(0x0000009f86f00000,0x0000009f87000000) (1024K)]
  0x0000023df2008710 JavaThread "Service Thread"             daemon [_thread_blocked, id=34416, stack(0x0000009f87000000,0x0000009f87100000) (1024K)]
  0x0000023df2015ac0 JavaThread "Monitor Deflation Thread"   daemon [_thread_blocked, id=22424, stack(0x0000009f87100000,0x0000009f87200000) (1024K)]
  0x0000023df201f4a0 JavaThread "C2 CompilerThread0"         daemon [_thread_blocked, id=21372, stack(0x0000009f87200000,0x0000009f87300000) (1024K)]
  0x0000023df2031900 JavaThread "C1 CompilerThread0"         daemon [_thread_blocked, id=33568, stack(0x0000009f87300000,0x0000009f87400000) (1024K)]
  0x0000023df20188b0 JavaThread "Common-Cleaner"             daemon [_thread_blocked, id=29736, stack(0x0000009f87400000,0x0000009f87500000) (1024K)]
  0x0000023df2017500 JavaThread "Notification Thread"        daemon [_thread_blocked, id=21296, stack(0x0000009f87700000,0x0000009f87800000) (1024K)]
  0x0000023df2018220 JavaThread "Active Thread: Equinox Container: 68c752f0-98e8-4c19-a3ae-812f661a222f"        [_thread_blocked, id=23676, stack(0x0000009f87e00000,0x0000009f87f00000) (1024K)]
  0x0000023df2018f40 JavaThread "Refresh Thread: Equinox Container: 68c752f0-98e8-4c19-a3ae-812f661a222f" daemon [_thread_blocked, id=28872, stack(0x0000009f88000000,0x0000009f88100000) (1024K)]
  0x0000023df20167e0 JavaThread "Framework Event Dispatcher: Equinox Container: 68c752f0-98e8-4c19-a3ae-812f661a222f" daemon [_thread_blocked, id=18608, stack(0x0000009f88100000,0x0000009f88200000) (1024K)]
  0x0000023df2016e70 JavaThread "Start Level: Equinox Container: 68c752f0-98e8-4c19-a3ae-812f661a222f" daemon [_thread_blocked, id=28752, stack(0x0000009f88200000,0x0000009f88300000) (1024K)]
  0x0000023df2017b90 JavaThread "Bundle File Closer"         daemon [_thread_blocked, id=18596, stack(0x0000009f88500000,0x0000009f88600000) (1024K)]
  0x0000023df3747e00 JavaThread "SCR Component Actor"        daemon [_thread_blocked, id=11748, stack(0x0000009f87600000,0x0000009f87700000) (1024K)]
  0x0000023df3744980 JavaThread "Worker-JM"                         [_thread_blocked, id=28144, stack(0x0000009f88600000,0x0000009f88700000) (1024K)]
  0x0000023df3746a50 JavaThread "JNA Cleaner"                daemon [_thread_blocked, id=31168, stack(0x0000009f87500000,0x0000009f87600000) (1024K)]
  0x0000023df3745010 JavaThread "Worker-0"                          [_thread_blocked, id=19380, stack(0x0000009f88700000,0x0000009f88800000) (1024K)]
  0x0000023df37456a0 JavaThread "Worker-1"                          [_thread_blocked, id=8828, stack(0x0000009f88800000,0x0000009f88900000) (1024K)]
  0x0000023df37470e0 JavaThread "Worker-2"                          [_thread_blocked, id=34620, stack(0x0000009f88b00000,0x0000009f88c00000) (1024K)]
  0x0000023df3745d30 JavaThread "Java indexing"              daemon [_thread_blocked, id=34544, stack(0x0000009f88c00000,0x0000009f88d00000) (1024K)]
  0x0000023df37463c0 JavaThread "Worker-3"                          [_thread_blocked, id=19020, stack(0x0000009f88f00000,0x0000009f89000000) (1024K)]
  0x0000023df4850bc0 JavaThread "Worker-4"                          [_thread_blocked, id=23364, stack(0x0000009f89000000,0x0000009f89100000) (1024K)]
  0x0000023df4851250 JavaThread "Thread-1"                   daemon [_thread_in_native, id=23888, stack(0x0000009f89100000,0x0000009f89200000) (1024K)]
  0x0000023df484e460 JavaThread "Thread-2"                   daemon [_thread_in_native, id=31488, stack(0x0000009f89200000,0x0000009f89300000) (1024K)]
  0x0000023df4850530 JavaThread "Thread-3"                   daemon [_thread_in_native, id=18964, stack(0x0000009f89300000,0x0000009f89400000) (1024K)]
  0x0000023df484f810 JavaThread "Thread-4"                   daemon [_thread_in_native, id=21084, stack(0x0000009f89400000,0x0000009f89500000) (1024K)]
  0x0000023df4851f70 JavaThread "Thread-5"                   daemon [_thread_in_native, id=17516, stack(0x0000009f89500000,0x0000009f89600000) (1024K)]
  0x0000023df484f180 JavaThread "Thread-6"                   daemon [_thread_in_native, id=29556, stack(0x0000009f89600000,0x0000009f89700000) (1024K)]
  0x0000023df48518e0 JavaThread "Thread-7"                   daemon [_thread_in_native, id=20148, stack(0x0000009f89700000,0x0000009f89800000) (1024K)]
  0x0000023df484eaf0 JavaThread "Thread-8"                   daemon [_thread_in_native, id=17072, stack(0x0000009f89800000,0x0000009f89900000) (1024K)]
  0x0000023df4852c90 JavaThread "Thread-9"                   daemon [_thread_in_native, id=23536, stack(0x0000009f89900000,0x0000009f89a00000) (1024K)]
  0x0000023df4852600 JavaThread "Thread-10"                  daemon [_thread_in_native, id=33964, stack(0x0000009f89a00000,0x0000009f89b00000) (1024K)]
  0x0000023df484fea0 JavaThread "Thread-11"                  daemon [_thread_in_native, id=11612, stack(0x0000009f89b00000,0x0000009f89c00000) (1024K)]
  0x0000023df4853320 JavaThread "Thread-12"                  daemon [_thread_in_native, id=5888, stack(0x0000009f89c00000,0x0000009f89d00000) (1024K)]
  0x0000023df48539b0 JavaThread "Thread-13"                  daemon [_thread_in_native, id=8284, stack(0x0000009f89d00000,0x0000009f89e00000) (1024K)]
  0x0000023df48546d0 JavaThread "pool-2-thread-1"                   [_thread_blocked, id=32564, stack(0x0000009f89e00000,0x0000009f89f00000) (1024K)]
  0x0000023df4854040 JavaThread "WorkspaceEventsHandler"            [_thread_blocked, id=19188, stack(0x0000009f89f00000,0x0000009f8a000000) (1024K)]
  0x0000023df4854d60 JavaThread "pool-1-thread-1"                   [_thread_blocked, id=22060, stack(0x0000009f8a000000,0x0000009f8a100000) (1024K)]
  0x0000023df48553f0 JavaThread "ForkJoinPool.commonPool-worker-1" daemon [_thread_blocked, id=10468, stack(0x0000009f8a100000,0x0000009f8a200000) (1024K)]
  0x0000023df4855a80 JavaThread "ForkJoinPool.commonPool-worker-2" daemon [_thread_blocked, id=18300, stack(0x0000009f8a200000,0x0000009f8a300000) (1024K)]
  0x0000023df4c24f40 JavaThread "ForkJoinPool.commonPool-worker-3" daemon [_thread_blocked, id=10620, stack(0x0000009f8a300000,0x0000009f8a400000) (1024K)]
  0x0000023df4c227e0 JavaThread "ForkJoinPool.commonPool-worker-4" daemon [_thread_blocked, id=26104, stack(0x0000009f8a400000,0x0000009f8a500000) (1024K)]
  0x0000023df4c22150 JavaThread "ForkJoinPool.commonPool-worker-5" daemon [_thread_blocked, id=4472, stack(0x0000009f8a500000,0x0000009f8a600000) (1024K)]
  0x0000023df4c21ac0 JavaThread "ForkJoinPool.commonPool-worker-6" daemon [_thread_blocked, id=24808, stack(0x0000009f8a600000,0x0000009f8a700000) (1024K)]
  0x0000023df4c24220 JavaThread "ForkJoinPool.commonPool-worker-7" daemon [_thread_blocked, id=33028, stack(0x0000009f8a700000,0x0000009f8a800000) (1024K)]
  0x0000023df4c25c60 JavaThread "ForkJoinPool.commonPool-worker-8" daemon [_thread_blocked, id=22036, stack(0x0000009f8a800000,0x0000009f8a900000) (1024K)]
  0x0000023df4c23500 JavaThread "ForkJoinPool.commonPool-worker-9" daemon [_thread_blocked, id=33144, stack(0x0000009f8a900000,0x0000009f8aa00000) (1024K)]
  0x0000023df4c22e70 JavaThread "ForkJoinPool.commonPool-worker-10" daemon [_thread_blocked, id=408, stack(0x0000009f8aa00000,0x0000009f8ab00000) (1024K)]
  0x0000023df4c255d0 JavaThread "ForkJoinPool.commonPool-worker-11" daemon [_thread_blocked, id=26296, stack(0x0000009f8ab00000,0x0000009f8ac00000) (1024K)]
  0x0000023df2f879d0 JavaThread "Worker-5"                          [_thread_blocked, id=33748, stack(0x0000009f8b800000,0x0000009f8b900000) (1024K)]
  0x0000023df2f886f0 JavaThread "Worker-6"                          [_thread_blocked, id=9588, stack(0x0000009f8b900000,0x0000009f8ba00000) (1024K)]
  0x0000023df2f88d80 JavaThread "Compiler Source File Reader" daemon [_thread_blocked, id=32008, stack(0x0000009f8ba00000,0x0000009f8bb00000) (1024K)]
  0x0000023df2f86620 JavaThread "Compiler Source File Reader" daemon [_thread_blocked, id=26884, stack(0x0000009f8bb00000,0x0000009f8bc00000) (1024K)]
  0x0000023df2f85900 JavaThread "Compiler Source File Reader" daemon [_thread_blocked, id=23940, stack(0x0000009f8bc00000,0x0000009f8bd00000) (1024K)]
  0x0000023df2f8a130 JavaThread "Compiler Source File Reader" daemon [_thread_blocked, id=18872, stack(0x0000009f8bd00000,0x0000009f8be00000) (1024K)]
  0x0000023df2f8a7c0 JavaThread "Compiler Source File Reader" daemon [_thread_blocked, id=21916, stack(0x0000009f8be00000,0x0000009f8bf00000) (1024K)]
  0x0000023df2f89410 JavaThread "Compiler Source File Reader" daemon [_thread_blocked, id=26452, stack(0x0000009f8bf00000,0x0000009f8c000000) (1024K)]
  0x0000023df2f8ae50 JavaThread "Compiler Source File Reader" daemon [_thread_blocked, id=5704, stack(0x0000009f8c000000,0x0000009f8c100000) (1024K)]
  0x0000023df2f89aa0 JavaThread "Compiler Source File Reader" daemon [_thread_blocked, id=30608, stack(0x0000009f8c100000,0x0000009f8c200000) (1024K)]
  0x0000023df2f8b4e0 JavaThread "Compiler Source File Reader" daemon [_thread_blocked, id=33152, stack(0x0000009f8c200000,0x0000009f8c300000) (1024K)]
  0x0000023df24420f0 JavaThread "Compiler Source File Reader" daemon [_thread_blocked, id=28036, stack(0x0000009f8c300000,0x0000009f8c400000) (1024K)]
  0x0000023df2443b30 JavaThread "Compiler Processing Task"   daemon [_thread_blocked, id=33648, stack(0x0000009f8c400000,0x0000009f8c500000) (1024K)]
  0x0000023df2447640 JavaThread "Cleaner-0"                  daemon [_thread_blocked, id=22996, stack(0x0000009f8ac00000,0x0000009f8ad00000) (1024K)]
  0x0000023df4c27010 JavaThread "LocalFile Deleter"          daemon [_thread_blocked, id=29792, stack(0x0000009f8ad00000,0x0000009f8ae00000) (1024K)]
  0x0000023df4c248b0 JavaThread "LocalFile Deleter"          daemon [_thread_blocked, id=23852, stack(0x0000009f8ae00000,0x0000009f8af00000) (1024K)]
  0x0000023df4c28a50 JavaThread "LocalFile Deleter"          daemon [_thread_blocked, id=10648, stack(0x0000009f8af00000,0x0000009f8b000000) (1024K)]
  0x0000023df4c290e0 JavaThread "LocalFile Deleter"          daemon [_thread_blocked, id=2792, stack(0x0000009f8b000000,0x0000009f8b100000) (1024K)]
  0x0000023df2f84550 JavaThread "LocalFile Deleter"          daemon [_thread_blocked, id=17384, stack(0x0000009f8b100000,0x0000009f8b200000) (1024K)]
  0x0000023df2f86cb0 JavaThread "LocalFile Deleter"          daemon [_thread_blocked, id=12480, stack(0x0000009f8b200000,0x0000009f8b300000) (1024K)]
  0x0000023df2f84be0 JavaThread "LocalFile Deleter"          daemon [_thread_blocked, id=1072, stack(0x0000009f8b300000,0x0000009f8b400000) (1024K)]
  0x0000023df2f85f90 JavaThread "LocalFile Deleter"          daemon [_thread_blocked, id=2416, stack(0x0000009f8b400000,0x0000009f8b500000) (1024K)]
  0x0000023df2f87340 JavaThread "LocalFile Deleter"          daemon [_thread_blocked, id=31908, stack(0x0000009f8b500000,0x0000009f8b600000) (1024K)]
  0x0000023df2447cd0 JavaThread "LocalFile Deleter"          daemon [_thread_blocked, id=27552, stack(0x0000009f8b600000,0x0000009f8b700000) (1024K)]
  0x0000023df2448360 JavaThread "LocalFile Deleter"          daemon [_thread_blocked, id=9344, stack(0x0000009f8b700000,0x0000009f8b800000) (1024K)]
  0x0000023df6a23f80 JavaThread "LocalFile Deleter"          daemon [_thread_blocked, id=24588, stack(0x0000009f8c500000,0x0000009f8c600000) (1024K)]
  0x0000023df6a259c0 JavaThread "Compiler Class File Writer" daemon [_thread_blocked, id=25312, stack(0x0000009f8c600000,0x0000009f8c700000) (1024K)]
  0x0000023df6a24610 JavaThread "Compiler Class File Writer" daemon [_thread_blocked, id=7536, stack(0x0000009f8c700000,0x0000009f8c800000) (1024K)]
  0x0000023df6a27a90 JavaThread "Compiler Class File Writer" daemon [_thread_blocked, id=17652, stack(0x0000009f8c800000,0x0000009f8c900000) (1024K)]
  0x0000023df6a26050 JavaThread "Compiler Class File Writer" daemon [_thread_blocked, id=25608, stack(0x0000009f8c900000,0x0000009f8ca00000) (1024K)]
  0x0000023df6a266e0 JavaThread "Compiler Class File Writer" daemon [_thread_blocked, id=8436, stack(0x0000009f8ca00000,0x0000009f8cb00000) (1024K)]
  0x0000023df6a26d70 JavaThread "Compiler Class File Writer" daemon [_thread_blocked, id=7876, stack(0x0000009f8cb00000,0x0000009f8cc00000) (1024K)]
  0x0000023df6a27400 JavaThread "Compiler Class File Writer" daemon [_thread_blocked, id=30800, stack(0x0000009f8cc00000,0x0000009f8cd00000) (1024K)]
  0x0000023df6a28120 JavaThread "Compiler Class File Writer" daemon [_thread_blocked, id=34120, stack(0x0000009f8cd00000,0x0000009f8ce00000) (1024K)]
  0x0000023df6a287b0 JavaThread "Compiler Class File Writer" daemon [_thread_blocked, id=7896, stack(0x0000009f8ce00000,0x0000009f8cf00000) (1024K)]
  0x0000023df6a25330 JavaThread "Compiler Class File Writer" daemon [_thread_blocked, id=7940, stack(0x0000009f8cf00000,0x0000009f8d000000) (1024K)]
Total: 88

Other Threads:
  0x0000023dd5354530 VMThread "VM Thread"                           [id=14144, stack(0x0000009f86b00000,0x0000009f86c00000) (1024K)] _threads_hazard_ptr=0x0000023dc54cc1d0
  0x0000023dd524ca00 WatcherThread "VM Periodic Task Thread"        [id=7296, stack(0x0000009f86a00000,0x0000009f86b00000) (1024K)]
  0x0000023dd53d9a20 WorkerThread "GC Thread#0"                     [id=20244, stack(0x0000009f86900000,0x0000009f86a00000) (1024K)]
  0x0000023df2a039c0 WorkerThread "GC Thread#1"                     [id=33844, stack(0x0000009f87800000,0x0000009f87900000) (1024K)]
  0x0000023df28eda80 WorkerThread "GC Thread#2"                     [id=18476, stack(0x0000009f87900000,0x0000009f87a00000) (1024K)]
  0x0000023df28ede20 WorkerThread "GC Thread#3"                     [id=16416, stack(0x0000009f87a00000,0x0000009f87b00000) (1024K)]
  0x0000023df28ee1c0 WorkerThread "GC Thread#4"                     [id=16908, stack(0x0000009f87b00000,0x0000009f87c00000) (1024K)]
  0x0000023df237d810 WorkerThread "GC Thread#5"                     [id=19024, stack(0x0000009f87c00000,0x0000009f87d00000) (1024K)]
  0x0000023df237dbb0 WorkerThread "GC Thread#6"                     [id=23696, stack(0x0000009f87d00000,0x0000009f87e00000) (1024K)]
  0x0000023df2cfd740 WorkerThread "GC Thread#7"                     [id=27316, stack(0x0000009f87f00000,0x0000009f88000000) (1024K)]
  0x0000023df3073c30 WorkerThread "GC Thread#8"                     [id=34280, stack(0x0000009f88300000,0x0000009f88400000) (1024K)]
  0x0000023df2c75b00 WorkerThread "GC Thread#9"                     [id=32120, stack(0x0000009f88400000,0x0000009f88500000) (1024K)]
Total: 12

Threads with active compile tasks:
Total: 0

VM state: not at safepoint (normal execution)

VM Mutex/Monitor currently owned by a thread: None

Heap address: 0x0000000080000000, size: 2048 MB, Compressed Oops mode: 32-bit

CDS archive(s) mapped at: [0x0000023d80000000-0x0000023d80ba0000-0x0000023d80ba0000), size 12189696, SharedBaseAddress: 0x0000023d80000000, ArchiveRelocationMode: 1.
Compressed class space mapped at: 0x0000023d81000000-0x0000023dc1000000, reserved size: 1073741824
Narrow klass base: 0x0000023d80000000, Narrow klass shift: 0, Narrow klass range: 0x100000000

GC Precious Log:
 CardTable entry size: 512
 CPUs: 12 total, 12 available
 Memory: 7521M
 Large Page Support: Disabled
 NUMA Support: Disabled
 Compressed Oops: Enabled (32-bit)
 Alignments: Space 512K, Generation 512K, Heap 2M
 Heap Min Capacity: 100M
 Heap Initial Capacity: 100M
 Heap Max Capacity: 2G
 Pre-touch: Disabled
 Parallel Workers: 10

Heap:
 PSYoungGen      total 4096K, used 1820K [0x00000000d5580000, 0x00000000d5a80000, 0x0000000100000000)
  eden space 3072K, 38% used [0x00000000d5580000,0x00000000d56a7390,0x00000000d5880000)
  from space 1024K, 62% used [0x00000000d5880000,0x00000000d591fc90,0x00000000d5980000)
  to   space 1024K, 0% used [0x00000000d5980000,0x00000000d5980000,0x00000000d5a80000)
 ParOldGen       total 301056K, used 97509K [0x0000000080000000, 0x0000000092600000, 0x00000000d5580000)
  object space 301056K, 32% used [0x0000000080000000,0x0000000085f397c8,0x0000000092600000)
 Metaspace       used 73259K, committed 74880K, reserved 1179648K
  class space    used 7409K, committed 8128K, reserved 1048576K

Card table byte_map: [0x0000023dd4d60000,0x0000023dd5170000] _byte_map_base: 0x0000023dd4960000

Marking Bits: (ParMarkBitMap*) 0x00007ffae6ffa340
 Begin Bits: [0x0000023de7860000, 0x0000023de9860000)
 End Bits:   [0x0000023de9860000, 0x0000023deb860000)

Polling page: 0x0000023dd31b0000

Metaspace:

Usage:
  Non-class:     64.31 MB used.
      Class:      7.24 MB used.
       Both:     71.54 MB used.

Virtual space:
  Non-class space:      128.00 MB reserved,      65.19 MB ( 51%) committed,  2 nodes.
      Class space:        1.00 GB reserved,       7.94 MB ( <1%) committed,  1 nodes.
             Both:        1.12 GB reserved,      73.12 MB (  6%) committed. 

Chunk freelists:
   Non-Class:  14.28 MB
       Class:  8.04 MB
        Both:  22.32 MB

MaxMetaspaceSize: unlimited
CompressedClassSpaceSize: 1.00 GB
Initial GC threshold: 21.00 MB
Current GC threshold: 121.50 MB
CDS: on
 - commit_granule_bytes: 65536.
 - commit_granule_words: 8192.
 - virtual_space_node_default_size: 8388608.
 - enlarge_chunks_in_place: 1.
 - use_allocation_guard: 0.


Internal statistics:

num_allocs_failed_limit: 11.
num_arena_births: 1422.
num_arena_deaths: 60.
num_vsnodes_births: 3.
num_vsnodes_deaths: 0.
num_space_committed: 1170.
num_space_uncommitted: 0.
num_chunks_returned_to_freelist: 97.
num_chunks_taken_from_freelist: 5180.
num_chunk_merges: 34.
num_chunk_splits: 3039.
num_chunks_enlarged: 1555.
num_inconsistent_stats: 0.

CodeHeap 'non-profiled nmethods': size=120000Kb used=10434Kb max_used=10434Kb free=109565Kb
 bounds [0x0000023de0080000, 0x0000023de0ac0000, 0x0000023de75b0000]
CodeHeap 'profiled nmethods': size=120000Kb used=37645Kb max_used=38136Kb free=82355Kb
 bounds [0x0000023dd85b0000, 0x0000023ddaaf0000, 0x0000023ddfae0000]
CodeHeap 'non-nmethods': size=5760Kb used=1453Kb max_used=1590Kb free=4307Kb
 bounds [0x0000023ddfae0000, 0x0000023ddfd50000, 0x0000023de0080000]
CodeCache: size=245760Kb, used=49532Kb, max_used=50160Kb, free=196227Kb
 total_blobs=16667, nmethods=15896, adapters=674, full_count=0
Compilation: enabled, stopped_count=0, restarted_count=0

Compilation events (20 events):
Event: 43.197 Thread 0x0000023df201f4a0 17272       4       java.nio.HeapByteBuffer::<init> (23 bytes)
Event: 43.201 Thread 0x0000023df201f4a0 nmethod 17272 0x0000023de0a99110 code [0x0000023de0a992a0, 0x0000023de0a99468]
Event: 43.201 Thread 0x0000023df201f4a0 17273   !   4       java.nio.ByteBuffer::wrap (21 bytes)
Event: 43.206 Thread 0x0000023df201f4a0 nmethod 17273 0x0000023de0a99710 code [0x0000023de0a998c0, 0x0000023de0a99b08]
Event: 43.207 Thread 0x0000023df201f4a0 17275       4       org.eclipse.jdt.internal.compiler.ast.QualifiedTypeReference::<init> (50 bytes)
Event: 43.209 Thread 0x0000023df201f4a0 nmethod 17275 0x0000023de0a99e10 code [0x0000023de0a99fa0, 0x0000023de0a9a0d8]
Event: 43.209 Thread 0x0000023df201f4a0 17270       4       lombok.eclipse.Eclipse::poss (33 bytes)
Event: 43.214 Thread 0x0000023df201f4a0 nmethod 17270 0x0000023de0a9a210 code [0x0000023de0a9a3a0, 0x0000023de0a9a5d0]
Event: 43.214 Thread 0x0000023df201f4a0 17312       4       java.util.Locale::getDefault (4 bytes)
Event: 43.214 Thread 0x0000023df201f4a0 nmethod 17312 0x0000023de0a9a710 code [0x0000023de0a9a8a0, 0x0000023de0a9a920]
Event: 43.214 Thread 0x0000023df201f4a0 17262       4       org.eclipse.jdt.internal.core.util.LRUCache::get (28 bytes)
Event: 43.234 Thread 0x0000023df201f4a0 nmethod 17262 0x0000023de0a9aa10 code [0x0000023de0a9ac20, 0x0000023de0a9b658]
Event: 43.236 Thread 0x0000023df201f4a0 17298  s    4       java.util.Stack::peek (25 bytes)
Event: 43.239 Thread 0x0000023df201f4a0 nmethod 17298 0x0000023de0a9bb90 code [0x0000023de0a9bd20, 0x0000023de0a9bf98]
Event: 43.239 Thread 0x0000023df201f4a0 17258       4       org.eclipse.jdt.internal.core.JavaElement::getParent (5 bytes)
Event: 43.240 Thread 0x0000023df201f4a0 nmethod 17258 0x0000023de0a9c110 code [0x0000023de0a9c2a0, 0x0000023de0a9c330]
Event: 43.353 Thread 0x0000023df2cd09e0 nmethod 17226% 0x0000023de0a9c410 code [0x0000023de0a9cb40, 0x0000023de0aa3270]
Event: 43.475 Thread 0x0000023df4ca2950 nmethod 17279 0x0000023de0aa7190 code [0x0000023de0aa7ae0, 0x0000023de0aacc30]
Event: 49.273 Thread 0x0000023df2031900 17397       3       java.util.concurrent.ThreadPoolExecutor::isShutdown (12 bytes)
Event: 49.274 Thread 0x0000023df2031900 nmethod 17397 0x0000023dd9302690 code [0x0000023dd9302840, 0x0000023dd9302a20]

GC Heap History (20 events):
Event: 42.501 GC heap before
{Heap before GC invocations=684 (full 4):
 PSYoungGen      total 3584K, used 3296K [0x00000000d5580000, 0x00000000d5a80000, 0x0000000100000000)
  eden space 3072K, 100% used [0x00000000d5580000,0x00000000d5880000,0x00000000d5880000)
  from space 512K, 43% used [0x00000000d5980000,0x00000000d59b8000,0x00000000d5a00000)
  to   space 512K, 0% used [0x00000000d5a00000,0x00000000d5a00000,0x00000000d5a80000)
 ParOldGen       total 301056K, used 95936K [0x0000000080000000, 0x0000000092600000, 0x00000000d5580000)
  object space 301056K, 31% used [0x0000000080000000,0x0000000085db01f0,0x0000000092600000)
 Metaspace       used 73099K, committed 74752K, reserved 1179648K
  class space    used 7397K, committed 8128K, reserved 1048576K
}
Event: 42.502 GC heap after
{Heap after GC invocations=684 (full 4):
 PSYoungGen      total 3584K, used 320K [0x00000000d5580000, 0x00000000d5a80000, 0x0000000100000000)
  eden space 3072K, 0% used [0x00000000d5580000,0x00000000d5580000,0x00000000d5880000)
  from space 512K, 62% used [0x00000000d5a00000,0x00000000d5a50000,0x00000000d5a80000)
  to   space 512K, 0% used [0x00000000d5980000,0x00000000d5980000,0x00000000d5a00000)
 ParOldGen       total 301056K, used 96016K [0x0000000080000000, 0x0000000092600000, 0x00000000d5580000)
  object space 301056K, 31% used [0x0000000080000000,0x0000000085dc41f0,0x0000000092600000)
 Metaspace       used 73099K, committed 74752K, reserved 1179648K
  class space    used 7397K, committed 8128K, reserved 1048576K
}
Event: 42.530 GC heap before
{Heap before GC invocations=685 (full 4):
 PSYoungGen      total 3584K, used 3392K [0x00000000d5580000, 0x00000000d5a80000, 0x0000000100000000)
  eden space 3072K, 100% used [0x00000000d5580000,0x00000000d5880000,0x00000000d5880000)
  from space 512K, 62% used [0x00000000d5a00000,0x00000000d5a50000,0x00000000d5a80000)
  to   space 512K, 0% used [0x00000000d5980000,0x00000000d5980000,0x00000000d5a00000)
 ParOldGen       total 301056K, used 96016K [0x0000000080000000, 0x0000000092600000, 0x00000000d5580000)
  object space 301056K, 31% used [0x0000000080000000,0x0000000085dc41f0,0x0000000092600000)
 Metaspace       used 73099K, committed 74752K, reserved 1179648K
  class space    used 7397K, committed 8128K, reserved 1048576K
}
Event: 42.531 GC heap after
{Heap after GC invocations=685 (full 4):
 PSYoungGen      total 3584K, used 256K [0x00000000d5580000, 0x00000000d5a80000, 0x0000000100000000)
  eden space 3072K, 0% used [0x00000000d5580000,0x00000000d5580000,0x00000000d5880000)
  from space 512K, 50% used [0x00000000d5980000,0x00000000d59c0000,0x00000000d5a00000)
  to   space 512K, 0% used [0x00000000d5a00000,0x00000000d5a00000,0x00000000d5a80000)
 ParOldGen       total 301056K, used 96104K [0x0000000080000000, 0x0000000092600000, 0x00000000d5580000)
  object space 301056K, 31% used [0x0000000080000000,0x0000000085dda1f0,0x0000000092600000)
 Metaspace       used 73099K, committed 74752K, reserved 1179648K
  class space    used 7397K, committed 8128K, reserved 1048576K
}
Event: 42.542 GC heap before
{Heap before GC invocations=686 (full 4):
 PSYoungGen      total 3584K, used 3328K [0x00000000d5580000, 0x00000000d5a80000, 0x0000000100000000)
  eden space 3072K, 100% used [0x00000000d5580000,0x00000000d5880000,0x00000000d5880000)
  from space 512K, 50% used [0x00000000d5980000,0x00000000d59c0000,0x00000000d5a00000)
  to   space 512K, 0% used [0x00000000d5a00000,0x00000000d5a00000,0x00000000d5a80000)
 ParOldGen       total 301056K, used 96104K [0x0000000080000000, 0x0000000092600000, 0x00000000d5580000)
  object space 301056K, 31% used [0x0000000080000000,0x0000000085dda1f0,0x0000000092600000)
 Metaspace       used 73099K, committed 74752K, reserved 1179648K
  class space    used 7397K, committed 8128K, reserved 1048576K
}
Event: 42.543 GC heap after
{Heap after GC invocations=686 (full 4):
 PSYoungGen      total 3584K, used 402K [0x00000000d5580000, 0x00000000d5a80000, 0x0000000100000000)
  eden space 3072K, 0% used [0x00000000d5580000,0x00000000d5580000,0x00000000d5880000)
  from space 512K, 78% used [0x00000000d5a00000,0x00000000d5a64940,0x00000000d5a80000)
  to   space 512K, 0% used [0x00000000d5980000,0x00000000d5980000,0x00000000d5a00000)
 ParOldGen       total 301056K, used 96168K [0x0000000080000000, 0x0000000092600000, 0x00000000d5580000)
  object space 301056K, 31% used [0x0000000080000000,0x0000000085dea1f0,0x0000000092600000)
 Metaspace       used 73099K, committed 74752K, reserved 1179648K
  class space    used 7397K, committed 8128K, reserved 1048576K
}
Event: 42.564 GC heap before
{Heap before GC invocations=687 (full 4):
 PSYoungGen      total 3584K, used 3470K [0x00000000d5580000, 0x00000000d5a80000, 0x0000000100000000)
  eden space 3072K, 99% used [0x00000000d5580000,0x00000000d587ef10,0x00000000d5880000)
  from space 512K, 78% used [0x00000000d5a00000,0x00000000d5a64940,0x00000000d5a80000)
  to   space 512K, 0% used [0x00000000d5980000,0x00000000d5980000,0x00000000d5a00000)
 ParOldGen       total 301056K, used 96168K [0x0000000080000000, 0x0000000092600000, 0x00000000d5580000)
  object space 301056K, 31% used [0x0000000080000000,0x0000000085dea1f0,0x0000000092600000)
 Metaspace       used 73100K, committed 74752K, reserved 1179648K
  class space    used 7397K, committed 8128K, reserved 1048576K
}
Event: 42.566 GC heap after
{Heap after GC invocations=687 (full 4):
 PSYoungGen      total 3584K, used 288K [0x00000000d5580000, 0x00000000d5a80000, 0x0000000100000000)
  eden space 3072K, 0% used [0x00000000d5580000,0x00000000d5580000,0x00000000d5880000)
  from space 512K, 56% used [0x00000000d5980000,0x00000000d59c8000,0x00000000d5a00000)
  to   space 512K, 0% used [0x00000000d5a00000,0x00000000d5a00000,0x00000000d5a80000)
 ParOldGen       total 301056K, used 96256K [0x0000000080000000, 0x0000000092600000, 0x00000000d5580000)
  object space 301056K, 31% used [0x0000000080000000,0x0000000085e001f0,0x0000000092600000)
 Metaspace       used 73100K, committed 74752K, reserved 1179648K
  class space    used 7397K, committed 8128K, reserved 1048576K
}
Event: 42.594 GC heap before
{Heap before GC invocations=688 (full 4):
 PSYoungGen      total 3584K, used 3356K [0x00000000d5580000, 0x00000000d5a80000, 0x0000000100000000)
  eden space 3072K, 99% used [0x00000000d5580000,0x00000000d587f0b8,0x00000000d5880000)
  from space 512K, 56% used [0x00000000d5980000,0x00000000d59c8000,0x00000000d5a00000)
  to   space 512K, 0% used [0x00000000d5a00000,0x00000000d5a00000,0x00000000d5a80000)
 ParOldGen       total 301056K, used 96256K [0x0000000080000000, 0x0000000092600000, 0x00000000d5580000)
  object space 301056K, 31% used [0x0000000080000000,0x0000000085e001f0,0x0000000092600000)
 Metaspace       used 73110K, committed 74752K, reserved 1179648K
  class space    used 7397K, committed 8128K, reserved 1048576K
}
Event: 42.595 GC heap after
{Heap after GC invocations=688 (full 4):
 PSYoungGen      total 3584K, used 424K [0x00000000d5580000, 0x00000000d5a80000, 0x0000000100000000)
  eden space 3072K, 0% used [0x00000000d5580000,0x00000000d5580000,0x00000000d5880000)
  from space 512K, 82% used [0x00000000d5a00000,0x00000000d5a6a2c0,0x00000000d5a80000)
  to   space 512K, 0% used [0x00000000d5980000,0x00000000d5980000,0x00000000d5a00000)
 ParOldGen       total 301056K, used 96384K [0x0000000080000000, 0x0000000092600000, 0x00000000d5580000)
  object space 301056K, 32% used [0x0000000080000000,0x0000000085e201f0,0x0000000092600000)
 Metaspace       used 73110K, committed 74752K, reserved 1179648K
  class space    used 7397K, committed 8128K, reserved 1048576K
}
Event: 42.630 GC heap before
{Heap before GC invocations=689 (full 4):
 PSYoungGen      total 3584K, used 3496K [0x00000000d5580000, 0x00000000d5a80000, 0x0000000100000000)
  eden space 3072K, 100% used [0x00000000d5580000,0x00000000d5880000,0x00000000d5880000)
  from space 512K, 82% used [0x00000000d5a00000,0x00000000d5a6a2c0,0x00000000d5a80000)
  to   space 512K, 0% used [0x00000000d5980000,0x00000000d5980000,0x00000000d5a00000)
 ParOldGen       total 301056K, used 96384K [0x0000000080000000, 0x0000000092600000, 0x00000000d5580000)
  object space 301056K, 32% used [0x0000000080000000,0x0000000085e201f0,0x0000000092600000)
 Metaspace       used 73110K, committed 74752K, reserved 1179648K
  class space    used 7397K, committed 8128K, reserved 1048576K
}
Event: 42.631 GC heap after
{Heap after GC invocations=689 (full 4):
 PSYoungGen      total 3584K, used 288K [0x00000000d5580000, 0x00000000d5a80000, 0x0000000100000000)
  eden space 3072K, 0% used [0x00000000d5580000,0x00000000d5580000,0x00000000d5880000)
  from space 512K, 56% used [0x00000000d5980000,0x00000000d59c8000,0x00000000d5a00000)
  to   space 512K, 0% used [0x00000000d5a00000,0x00000000d5a00000,0x00000000d5a80000)
 ParOldGen       total 301056K, used 96492K [0x0000000080000000, 0x0000000092600000, 0x00000000d5580000)
  object space 301056K, 32% used [0x0000000080000000,0x0000000085e3b3f0,0x0000000092600000)
 Metaspace       used 73110K, committed 74752K, reserved 1179648K
  class space    used 7397K, committed 8128K, reserved 1048576K
}
Event: 42.672 GC heap before
{Heap before GC invocations=690 (full 4):
 PSYoungGen      total 3584K, used 3360K [0x00000000d5580000, 0x00000000d5a80000, 0x0000000100000000)
  eden space 3072K, 100% used [0x00000000d5580000,0x00000000d5880000,0x00000000d5880000)
  from space 512K, 56% used [0x00000000d5980000,0x00000000d59c8000,0x00000000d5a00000)
  to   space 512K, 0% used [0x00000000d5a00000,0x00000000d5a00000,0x00000000d5a80000)
 ParOldGen       total 301056K, used 96492K [0x0000000080000000, 0x0000000092600000, 0x00000000d5580000)
  object space 301056K, 32% used [0x0000000080000000,0x0000000085e3b3f0,0x0000000092600000)
 Metaspace       used 73156K, committed 74816K, reserved 1179648K
  class space    used 7399K, committed 8128K, reserved 1048576K
}
Event: 42.674 GC heap after
{Heap after GC invocations=690 (full 4):
 PSYoungGen      total 3584K, used 288K [0x00000000d5580000, 0x00000000d5a80000, 0x0000000100000000)
  eden space 3072K, 0% used [0x00000000d5580000,0x00000000d5580000,0x00000000d5880000)
  from space 512K, 56% used [0x00000000d5a00000,0x00000000d5a48000,0x00000000d5a80000)
  to   space 512K, 0% used [0x00000000d5980000,0x00000000d5980000,0x00000000d5a00000)
 ParOldGen       total 301056K, used 96556K [0x0000000080000000, 0x0000000092600000, 0x00000000d5580000)
  object space 301056K, 32% used [0x0000000080000000,0x0000000085e4b3f0,0x0000000092600000)
 Metaspace       used 73156K, committed 74816K, reserved 1179648K
  class space    used 7399K, committed 8128K, reserved 1048576K
}
Event: 42.686 GC heap before
{Heap before GC invocations=691 (full 4):
 PSYoungGen      total 3584K, used 3360K [0x00000000d5580000, 0x00000000d5a80000, 0x0000000100000000)
  eden space 3072K, 100% used [0x00000000d5580000,0x00000000d5880000,0x00000000d5880000)
  from space 512K, 56% used [0x00000000d5a00000,0x00000000d5a48000,0x00000000d5a80000)
  to   space 512K, 0% used [0x00000000d5980000,0x00000000d5980000,0x00000000d5a00000)
 ParOldGen       total 301056K, used 96556K [0x0000000080000000, 0x0000000092600000, 0x00000000d5580000)
  object space 301056K, 32% used [0x0000000080000000,0x0000000085e4b3f0,0x0000000092600000)
 Metaspace       used 73156K, committed 74816K, reserved 1179648K
  class space    used 7399K, committed 8128K, reserved 1048576K
}
Event: 42.688 GC heap after
{Heap after GC invocations=691 (full 4):
 PSYoungGen      total 3584K, used 480K [0x00000000d5580000, 0x00000000d5a80000, 0x0000000100000000)
  eden space 3072K, 0% used [0x00000000d5580000,0x00000000d5580000,0x00000000d5880000)
  from space 512K, 93% used [0x00000000d5980000,0x00000000d59f8030,0x00000000d5a00000)
  to   space 512K, 0% used [0x00000000d5a00000,0x00000000d5a00000,0x00000000d5a80000)
 ParOldGen       total 301056K, used 96724K [0x0000000080000000, 0x0000000092600000, 0x00000000d5580000)
  object space 301056K, 32% used [0x0000000080000000,0x0000000085e753f0,0x0000000092600000)
 Metaspace       used 73156K, committed 74816K, reserved 1179648K
  class space    used 7399K, committed 8128K, reserved 1048576K
}
Event: 42.758 GC heap before
{Heap before GC invocations=692 (full 4):
 PSYoungGen      total 3584K, used 3552K [0x00000000d5580000, 0x00000000d5a80000, 0x0000000100000000)
  eden space 3072K, 100% used [0x00000000d5580000,0x00000000d5880000,0x00000000d5880000)
  from space 512K, 93% used [0x00000000d5980000,0x00000000d59f8030,0x00000000d5a00000)
  to   space 512K, 0% used [0x00000000d5a00000,0x00000000d5a00000,0x00000000d5a80000)
 ParOldGen       total 301056K, used 96724K [0x0000000080000000, 0x0000000092600000, 0x00000000d5580000)
  object space 301056K, 32% used [0x0000000080000000,0x0000000085e753f0,0x0000000092600000)
 Metaspace       used 73212K, committed 74816K, reserved 1179648K
  class space    used 7407K, committed 8128K, reserved 1048576K
}
Event: 42.760 GC heap after
{Heap after GC invocations=692 (full 4):
 PSYoungGen      total 3584K, used 500K [0x00000000d5580000, 0x00000000d5a80000, 0x0000000100000000)
  eden space 3072K, 0% used [0x00000000d5580000,0x00000000d5580000,0x00000000d5880000)
  from space 512K, 97% used [0x00000000d5a00000,0x00000000d5a7d050,0x00000000d5a80000)
  to   space 1024K, 0% used [0x00000000d5880000,0x00000000d5880000,0x00000000d5980000)
 ParOldGen       total 301056K, used 97069K [0x0000000080000000, 0x0000000092600000, 0x00000000d5580000)
  object space 301056K, 32% used [0x0000000080000000,0x0000000085ecb410,0x0000000092600000)
 Metaspace       used 73212K, committed 74816K, reserved 1179648K
  class space    used 7407K, committed 8128K, reserved 1048576K
}
Event: 42.827 GC heap before
{Heap before GC invocations=693 (full 4):
 PSYoungGen      total 3584K, used 3572K [0x00000000d5580000, 0x00000000d5a80000, 0x0000000100000000)
  eden space 3072K, 100% used [0x00000000d5580000,0x00000000d5880000,0x00000000d5880000)
  from space 512K, 97% used [0x00000000d5a00000,0x00000000d5a7d050,0x00000000d5a80000)
  to   space 1024K, 0% used [0x00000000d5880000,0x00000000d5880000,0x00000000d5980000)
 ParOldGen       total 301056K, used 97069K [0x0000000080000000, 0x0000000092600000, 0x00000000d5580000)
  object space 301056K, 32% used [0x0000000080000000,0x0000000085ecb410,0x0000000092600000)
 Metaspace       used 73230K, committed 74880K, reserved 1179648K
  class space    used 7407K, committed 8128K, reserved 1048576K
}
Event: 42.829 GC heap after
{Heap after GC invocations=693 (full 4):
 PSYoungGen      total 4096K, used 639K [0x00000000d5580000, 0x00000000d5a80000, 0x0000000100000000)
  eden space 3072K, 0% used [0x00000000d5580000,0x00000000d5580000,0x00000000d5880000)
  from space 1024K, 62% used [0x00000000d5880000,0x00000000d591fc90,0x00000000d5980000)
  to   space 1024K, 0% used [0x00000000d5980000,0x00000000d5980000,0x00000000d5a80000)
 ParOldGen       total 301056K, used 97509K [0x0000000080000000, 0x0000000092600000, 0x00000000d5580000)
  object space 301056K, 32% used [0x0000000080000000,0x0000000085f397c8,0x0000000092600000)
 Metaspace       used 73230K, committed 74880K, reserved 1179648K
  class space    used 7407K, committed 8128K, reserved 1048576K
}

Dll operation events (10 events):
Event: 0.023 Loaded shared library c:\Users\jaywa\.vscode\extensions\redhat.java-1.46.0-win32-x64\jre\21.0.8-win32-x86_64\bin\java.dll
Event: 0.153 Loaded shared library c:\Users\jaywa\.vscode\extensions\redhat.java-1.46.0-win32-x64\jre\21.0.8-win32-x86_64\bin\zip.dll
Event: 0.194 Loaded shared library C:\Users\jaywa\.vscode\extensions\redhat.java-1.46.0-win32-x64\jre\21.0.8-win32-x86_64\bin\instrument.dll
Event: 0.204 Loaded shared library C:\Users\jaywa\.vscode\extensions\redhat.java-1.46.0-win32-x64\jre\21.0.8-win32-x86_64\bin\net.dll
Event: 0.208 Loaded shared library C:\Users\jaywa\.vscode\extensions\redhat.java-1.46.0-win32-x64\jre\21.0.8-win32-x86_64\bin\nio.dll
Event: 0.215 Loaded shared library C:\Users\jaywa\.vscode\extensions\redhat.java-1.46.0-win32-x64\jre\21.0.8-win32-x86_64\bin\zip.dll
Event: 0.250 Loaded shared library C:\Users\jaywa\.vscode\extensions\redhat.java-1.46.0-win32-x64\jre\21.0.8-win32-x86_64\bin\jimage.dll
Event: 0.407 Loaded shared library c:\Users\jaywa\.vscode\extensions\redhat.java-1.46.0-win32-x64\jre\21.0.8-win32-x86_64\bin\verify.dll
Event: 2.585 Loaded shared library C:\Users\jaywa\AppData\Roaming\Code\User\globalStorage\redhat.java\1.46.0\config_win\org.eclipse.equinox.launcher\org.eclipse.equinox.launcher.win32.win32.x86_64_1.2.1400.v20250801-0854\eclipse_11916.dll
Event: 5.359 Loaded shared library C:\Users\jaywa\AppData\Local\Temp\jna-100903020\jna10869578151264578642.dll

Deoptimization events (20 events):
Event: 42.740 Thread 0x0000023df4850bc0 DEOPT PACKING pc=0x0000023de09f592c sp=0x0000009f890fe670
Event: 42.740 Thread 0x0000023df4850bc0 DEOPT UNPACKING pc=0x0000023ddfb33aa2 sp=0x0000009f890fe608 mode 2
Event: 42.741 Thread 0x0000023df4850bc0 Uncommon trap: trap_request=0xffffffc6 fr.pc=0x0000023de09f592c relative=0x000000000000082c
Event: 42.741 Thread 0x0000023df4850bc0 Uncommon trap: reason=bimorphic_or_optimized_type_check action=maybe_recompile pc=0x0000023de09f592c method=org.eclipse.jdt.internal.compiler.parser.Parser.consumeToken(Lorg/eclipse/jdt/internal/compiler/parser/TerminalToken;)V @ 1866 c2
Event: 42.741 Thread 0x0000023df4850bc0 DEOPT PACKING pc=0x0000023de09f592c sp=0x0000009f890fe670
Event: 42.741 Thread 0x0000023df4850bc0 DEOPT UNPACKING pc=0x0000023ddfb33aa2 sp=0x0000009f890fe608 mode 2
Event: 42.741 Thread 0x0000023df4850bc0 Uncommon trap: trap_request=0xffffffc6 fr.pc=0x0000023de09f5a10 relative=0x0000000000000910
Event: 42.741 Thread 0x0000023df4850bc0 Uncommon trap: reason=bimorphic_or_optimized_type_check action=maybe_recompile pc=0x0000023de09f5a10 method=org.eclipse.jdt.internal.compiler.parser.Parser.consumeToken(Lorg/eclipse/jdt/internal/compiler/parser/TerminalToken;)V @ 599 c2
Event: 42.742 Thread 0x0000023df4850bc0 DEOPT PACKING pc=0x0000023de09f5a10 sp=0x0000009f890fe670
Event: 42.742 Thread 0x0000023df4850bc0 DEOPT UNPACKING pc=0x0000023ddfb33aa2 sp=0x0000009f890fe600 mode 2
Event: 42.742 Thread 0x0000023df4850bc0 Uncommon trap: trap_request=0xffffffc6 fr.pc=0x0000023de09f592c relative=0x000000000000082c
Event: 42.742 Thread 0x0000023df4850bc0 Uncommon trap: reason=bimorphic_or_optimized_type_check action=maybe_recompile pc=0x0000023de09f592c method=org.eclipse.jdt.internal.compiler.parser.Parser.consumeToken(Lorg/eclipse/jdt/internal/compiler/parser/TerminalToken;)V @ 1866 c2
Event: 42.742 Thread 0x0000023df4850bc0 DEOPT PACKING pc=0x0000023de09f592c sp=0x0000009f890fe670
Event: 42.742 Thread 0x0000023df4850bc0 DEOPT UNPACKING pc=0x0000023ddfb33aa2 sp=0x0000009f890fe608 mode 2
Event: 42.821 Thread 0x0000023df4850bc0 DEOPT PACKING pc=0x0000023dd94de1f4 sp=0x0000009f890fe5c0
Event: 42.821 Thread 0x0000023df4850bc0 DEOPT UNPACKING pc=0x0000023ddfb34242 sp=0x0000009f890fdaa0 mode 0
Event: 42.837 Thread 0x0000023df4850bc0 DEOPT PACKING pc=0x0000023dd9407d87 sp=0x0000009f890feb30
Event: 42.837 Thread 0x0000023df4850bc0 DEOPT UNPACKING pc=0x0000023ddfb34242 sp=0x0000009f890fdff8 mode 0
Event: 42.838 Thread 0x0000023df4850bc0 DEOPT PACKING pc=0x0000023dd9407d87 sp=0x0000009f890feb30
Event: 42.838 Thread 0x0000023df4850bc0 DEOPT UNPACKING pc=0x0000023ddfb34242 sp=0x0000009f890fdff8 mode 0

Classes loaded (20 events):
Event: 31.919 Loading class sun/nio/cs/ISO_8859_1$Encoder
Event: 31.919 Loading class sun/nio/cs/ISO_8859_1$Encoder done
Event: 31.919 Loading class sun/nio/cs/Surrogate$Parser
Event: 31.920 Loading class sun/nio/cs/Surrogate$Parser done
Event: 31.920 Loading class sun/nio/cs/Surrogate
Event: 31.921 Loading class sun/nio/cs/Surrogate done
Event: 37.302 Loading class java/io/ObjectOutputStream$BlockDataOutputStream
Event: 37.303 Loading class java/io/ObjectOutputStream$BlockDataOutputStream done
Event: 37.303 Loading class java/io/ObjectOutputStream$HandleTable
Event: 37.303 Loading class java/io/ObjectOutputStream$HandleTable done
Event: 37.303 Loading class java/io/ObjectOutputStream$ReplaceTable
Event: 37.304 Loading class java/io/ObjectOutputStream$ReplaceTable done
Event: 38.152 Loading class java/io/CharArrayWriter
Event: 38.153 Loading class java/io/CharArrayWriter done
Event: 38.175 Loading class java/nio/file/attribute/PosixFileAttributes
Event: 38.175 Loading class java/nio/file/attribute/PosixFileAttributes done
Event: 39.150 Loading class jdk/internal/module/IllegalAccessLogger
Event: 39.150 Loading class jdk/internal/module/IllegalAccessLogger done
Event: 40.278 Loading class jdk/internal/module/IllegalAccessLogger
Event: 40.278 Loading class jdk/internal/module/IllegalAccessLogger done

Classes unloaded (20 events):
Event: 17.262 Thread 0x0000023dd5354530 Unloading class 0x0000023d815b8000 'org/springframework/tooling/jdt/ls/commons/BootProjectTracker'
Event: 17.262 Thread 0x0000023dd5354530 Unloading class 0x0000023d813abc50 'org/springframework/tooling/jdt/ls/commons/Logger$1'
Event: 17.262 Thread 0x0000023dd5354530 Unloading class 0x0000023d813aba00 'org/springframework/tooling/jdt/ls/commons/Logger$DefaultLogger'
Event: 17.262 Thread 0x0000023dd5354530 Unloading class 0x0000023d813ab800 'org/springframework/tooling/jdt/ls/commons/Logger'
Event: 17.262 Thread 0x0000023dd5354530 Unloading class 0x0000023d813bd238 'org/springframework/tooling/jdt/ls/extension/JdtLsExtensionPlugin$$Lambda+0x0000023d813bd238'
Event: 17.262 Thread 0x0000023dd5354530 Unloading class 0x0000023d813bd000 'org/springframework/tooling/jdt/ls/extension/JdtLsExtensionPlugin$$Lambda+0x0000023d813bd000'
Event: 17.262 Thread 0x0000023dd5354530 Unloading class 0x0000023d813ab488 'org/springframework/tooling/jdt/ls/extension/JdtLsExtensionPlugin$1'
Event: 17.262 Thread 0x0000023dd5354530 Unloading class 0x0000023d813ab268 'org/springframework/tooling/jdt/ls/extension/JdtLsExtensionPlugin$$Lambda+0x0000023d813ab268'
Event: 17.262 Thread 0x0000023dd5354530 Unloading class 0x0000023d813ab000 'org/springframework/tooling/jdt/ls/extension/JdtLsExtensionPlugin'
Event: 40.331 Thread 0x0000023dd5354530 Unloading class 0x0000023d8179a400 'java/lang/invoke/LambdaForm$DMH+0x0000023d8179a400'
Event: 40.331 Thread 0x0000023dd5354530 Unloading class 0x0000023d8179a000 'java/lang/invoke/LambdaForm$DMH+0x0000023d8179a000'
Event: 40.331 Thread 0x0000023dd5354530 Unloading class 0x0000023d81799c00 'java/lang/invoke/LambdaForm$DMH+0x0000023d81799c00'
Event: 40.331 Thread 0x0000023dd5354530 Unloading class 0x0000023d81799800 'java/lang/invoke/LambdaForm$DMH+0x0000023d81799800'
Event: 40.331 Thread 0x0000023dd5354530 Unloading class 0x0000023d81706400 'java/lang/invoke/LambdaForm$MH+0x0000023d81706400'
Event: 40.331 Thread 0x0000023dd5354530 Unloading class 0x0000023d81705c00 'java/lang/invoke/LambdaForm$MH+0x0000023d81705c00'
Event: 40.331 Thread 0x0000023dd5354530 Unloading class 0x0000023d81705800 'java/lang/invoke/LambdaForm$MH+0x0000023d81705800'
Event: 40.331 Thread 0x0000023dd5354530 Unloading class 0x0000023d81705000 'java/lang/invoke/LambdaForm$MH+0x0000023d81705000'
Event: 40.331 Thread 0x0000023dd5354530 Unloading class 0x0000023d81704c00 'java/lang/invoke/LambdaForm$MH+0x0000023d81704c00'
Event: 40.331 Thread 0x0000023dd5354530 Unloading class 0x0000023d81704400 'java/lang/invoke/LambdaForm$MH+0x0000023d81704400'
Event: 40.331 Thread 0x0000023dd5354530 Unloading class 0x0000023d81704000 'java/lang/invoke/LambdaForm$MH+0x0000023d81704000'

Classes redefined (0 events):
No events

Internal exceptions (20 events):
Event: 40.185 Thread 0x0000023df4c27010 Exception <a 'sun/nio/fs/WindowsException'{0x00000000d56f06b8}> (0x00000000d56f06b8) 
thrown [s\src\hotspot\share\prims\jni.cpp, line 520]
Event: 40.186 Thread 0x0000023df2f86cb0 Exception <a 'sun/nio/fs/WindowsException'{0x00000000d571ec90}> (0x00000000d571ec90) 
thrown [s\src\hotspot\share\prims\jni.cpp, line 520]
Event: 40.293 Thread 0x0000023df3745010 Exception <a 'sun/nio/fs/WindowsException'{0x00000000d55f61b8}> (0x00000000d55f61b8) 
thrown [s\src\hotspot\share\prims\jni.cpp, line 520]
Event: 40.294 Thread 0x0000023df3745010 Exception <a 'sun/nio/fs/WindowsException'{0x00000000d55f67e8}> (0x00000000d55f67e8) 
thrown [s\src\hotspot\share\prims\jni.cpp, line 520]
Event: 40.519 Thread 0x0000023df3745d30 Exception <a 'sun/nio/fs/WindowsException'{0x00000000d5580738}> (0x00000000d5580738) 
thrown [s\src\hotspot\share\prims\jni.cpp, line 520]
Event: 40.740 Thread 0x0000023df4850bc0 Exception <a 'sun/nio/fs/WindowsException'{0x00000000d55d9b58}> (0x00000000d55d9b58) 
thrown [s\src\hotspot\share\prims\jni.cpp, line 520]
Event: 40.741 Thread 0x0000023df4850bc0 Exception <a 'sun/nio/fs/WindowsException'{0x00000000d55ed850}> (0x00000000d55ed850) 
thrown [s\src\hotspot\share\prims\jni.cpp, line 520]
Event: 40.741 Thread 0x0000023df4850bc0 Exception <a 'sun/nio/fs/WindowsException'{0x00000000d55f9b78}> (0x00000000d55f9b78) 
thrown [s\src\hotspot\share\prims\jni.cpp, line 520]
Event: 40.742 Thread 0x0000023df4850bc0 Exception <a 'sun/nio/fs/WindowsException'{0x00000000d5602690}> (0x00000000d5602690) 
thrown [s\src\hotspot\share\prims\jni.cpp, line 520]
Event: 40.743 Thread 0x0000023df4850bc0 Exception <a 'sun/nio/fs/WindowsException'{0x00000000d5603fd8}> (0x00000000d5603fd8) 
thrown [s\src\hotspot\share\prims\jni.cpp, line 520]
Event: 40.743 Thread 0x0000023df4850bc0 Exception <a 'sun/nio/fs/WindowsException'{0x00000000d5604890}> (0x00000000d5604890) 
thrown [s\src\hotspot\share\prims\jni.cpp, line 520]
Event: 40.750 Thread 0x0000023df4850bc0 Exception <a 'sun/nio/fs/WindowsException'{0x00000000d5679490}> (0x00000000d5679490) 
thrown [s\src\hotspot\share\prims\jni.cpp, line 520]
Event: 40.750 Thread 0x0000023df4850bc0 Exception <a 'sun/nio/fs/WindowsException'{0x00000000d567e8f8}> (0x00000000d567e8f8) 
thrown [s\src\hotspot\share\prims\jni.cpp, line 520]
Event: 40.876 Thread 0x0000023df3745d30 Exception <a 'sun/nio/fs/WindowsException'{0x00000000d55ae420}> (0x00000000d55ae420) 
thrown [s\src\hotspot\share\prims\jni.cpp, line 520]
Event: 41.164 Thread 0x0000023df3745d30 Exception <a 'sun/nio/fs/WindowsException'{0x00000000d55fe5a8}> (0x00000000d55fe5a8) 
thrown [s\src\hotspot\share\prims\jni.cpp, line 520]
Event: 41.430 Thread 0x0000023df3745d30 Exception <a 'sun/nio/fs/WindowsException'{0x00000000d55996c8}> (0x00000000d55996c8) 
thrown [s\src\hotspot\share\prims\jni.cpp, line 520]
Event: 41.593 Thread 0x0000023df3745d30 Exception <a 'sun/nio/fs/WindowsException'{0x00000000d57daf10}> (0x00000000d57daf10) 
thrown [s\src\hotspot\share\prims\jni.cpp, line 520]
Event: 41.646 Thread 0x0000023df3745d30 Exception <a 'sun/nio/fs/WindowsException'{0x00000000d57213f8}> (0x00000000d57213f8) 
thrown [s\src\hotspot\share\prims\jni.cpp, line 520]
Event: 41.750 Thread 0x0000023df3745d30 Exception <a 'sun/nio/fs/WindowsException'{0x00000000d56e6c50}> (0x00000000d56e6c50) 
thrown [s\src\hotspot\share\prims\jni.cpp, line 520]
Event: 41.795 Thread 0x0000023df3745d30 Exception <a 'sun/nio/fs/WindowsException'{0x00000000d558e1a0}> (0x00000000d558e1a0) 
thrown [s\src\hotspot\share\prims\jni.cpp, line 520]

ZGC Phase Switch (0 events):
No events

VM Operations (20 events):
Event: 42.530 Executing VM operation: ParallelGCFailedAllocation (Allocation Failure)
Event: 42.531 Executing VM operation: ParallelGCFailedAllocation (Allocation Failure) done
Event: 42.542 Executing VM operation: ParallelGCFailedAllocation (Allocation Failure)
Event: 42.543 Executing VM operation: ParallelGCFailedAllocation (Allocation Failure) done
Event: 42.564 Executing VM operation: ParallelGCFailedAllocation (Allocation Failure)
Event: 42.566 Executing VM operation: ParallelGCFailedAllocation (Allocation Failure) done
Event: 42.594 Executing VM operation: ParallelGCFailedAllocation (Allocation Failure)
Event: 42.596 Executing VM operation: ParallelGCFailedAllocation (Allocation Failure) done
Event: 42.630 Executing VM operation: ParallelGCFailedAllocation (Allocation Failure)
Event: 42.631 Executing VM operation: ParallelGCFailedAllocation (Allocation Failure) done
Event: 42.672 Executing VM operation: ParallelGCFailedAllocation (Allocation Failure)
Event: 42.674 Executing VM operation: ParallelGCFailedAllocation (Allocation Failure) done
Event: 42.686 Executing VM operation: ParallelGCFailedAllocation (Allocation Failure)
Event: 42.688 Executing VM operation: ParallelGCFailedAllocation (Allocation Failure) done
Event: 42.758 Executing VM operation: ParallelGCFailedAllocation (Allocation Failure)
Event: 42.760 Executing VM operation: ParallelGCFailedAllocation (Allocation Failure) done
Event: 42.827 Executing VM operation: ParallelGCFailedAllocation (Allocation Failure)
Event: 42.829 Executing VM operation: ParallelGCFailedAllocation (Allocation Failure) done
Event: 43.831 Executing VM operation: Cleanup
Event: 43.832 Executing VM operation: Cleanup done

Memory protections (0 events):
No events

Nmethod flushes (20 events):
Event: 40.411 Thread 0x0000023dd5354530 flushing  nmethod 0x0000023dd931b610
Event: 40.411 Thread 0x0000023dd5354530 flushing  nmethod 0x0000023dd931d210
Event: 40.411 Thread 0x0000023dd5354530 flushing  nmethod 0x0000023dd9332410
Event: 40.411 Thread 0x0000023dd5354530 flushing  nmethod 0x0000023dd933cf90
Event: 40.411 Thread 0x0000023dd5354530 flushing  nmethod 0x0000023dd9352990
Event: 40.411 Thread 0x0000023dd5354530 flushing  nmethod 0x0000023dd9357d10
Event: 40.411 Thread 0x0000023dd5354530 flushing  nmethod 0x0000023dd93ee310
Event: 40.411 Thread 0x0000023dd5354530 flushing  nmethod 0x0000023dd9407010
Event: 40.411 Thread 0x0000023dd5354530 flushing  nmethod 0x0000023dd9422810
Event: 40.411 Thread 0x0000023dd5354530 flushing  nmethod 0x0000023dd943db10
Event: 40.411 Thread 0x0000023dd5354530 flushing  nmethod 0x0000023dd9453f10
Event: 40.411 Thread 0x0000023dd5354530 flushing  nmethod 0x0000023dd9454c10
Event: 40.411 Thread 0x0000023dd5354530 flushing  nmethod 0x0000023dd9455f90
Event: 40.411 Thread 0x0000023dd5354530 flushing osr nmethod 0x0000023dd945a810
Event: 40.411 Thread 0x0000023dd5354530 flushing  nmethod 0x0000023dd945f490
Event: 40.411 Thread 0x0000023dd5354530 flushing  nmethod 0x0000023dd945fd90
Event: 40.411 Thread 0x0000023dd5354530 flushing  nmethod 0x0000023dd9468110
Event: 40.411 Thread 0x0000023dd5354530 flushing  nmethod 0x0000023dd9481490
Event: 40.411 Thread 0x0000023dd5354530 flushing  nmethod 0x0000023dd9485090
Event: 40.411 Thread 0x0000023dd5354530 flushing  nmethod 0x0000023dd94c9990

Events (20 events):
Event: 36.110 Thread 0x0000023df37463c0 Thread added: 0x0000023df290c190
Event: 36.389 Thread 0x0000023df6a2a1f0 Thread exited: 0x0000023df6a2a1f0
Event: 36.389 Thread 0x0000023df6a29b60 Thread exited: 0x0000023df6a29b60
Event: 36.389 Thread 0x0000023df6a2a880 Thread exited: 0x0000023df6a2a880
Event: 36.389 Thread 0x0000023df6a2af10 Thread exited: 0x0000023df6a2af10
Event: 36.389 Thread 0x0000023df290c190 Thread exited: 0x0000023df290c190
Event: 37.192 Thread 0x0000023df2cd09e0 Thread exited: 0x0000023df2cd09e0
Event: 37.333 Thread 0x0000023df2031900 Thread added: 0x0000023df2cd09e0
Event: 37.489 Thread 0x0000023df37463c0 Thread added: 0x0000023df290f610
Event: 37.489 Thread 0x0000023df37463c0 Thread added: 0x0000023df290c190
Event: 37.490 Thread 0x0000023df37463c0 Thread added: 0x0000023df290fca0
Event: 37.490 Thread 0x0000023df37463c0 Thread added: 0x0000023df2910330
Event: 37.490 Thread 0x0000023df37463c0 Thread added: 0x0000023df290ceb0
Event: 37.734 Thread 0x0000023df290fca0 Thread exited: 0x0000023df290fca0
Event: 37.734 Thread 0x0000023df290ceb0 Thread exited: 0x0000023df290ceb0
Event: 37.734 Thread 0x0000023df2910330 Thread exited: 0x0000023df2910330
Event: 37.734 Thread 0x0000023df290c190 Thread exited: 0x0000023df290c190
Event: 37.734 Thread 0x0000023df290f610 Thread exited: 0x0000023df290f610
Event: 48.356 Thread 0x0000023df2cd09e0 Thread exited: 0x0000023df2cd09e0
Event: 48.483 Thread 0x0000023df4ca2950 Thread exited: 0x0000023df4ca2950


Dynamic libraries:
0x00007ff656c90000 - 0x00007ff656c9e000 	c:\Users\jaywa\.vscode\extensions\redhat.java-1.46.0-win32-x64\jre\21.0.8-win32-x86_64\bin\java.exe
0x00007ffb4c740000 - 0x00007ffb4c9a8000 	C:\WINDOWS\SYSTEM32\ntdll.dll
0x00007ffb4ad30000 - 0x00007ffb4adf9000 	C:\WINDOWS\System32\KERNEL32.DLL
0x00007ffb49a40000 - 0x00007ffb49e32000 	C:\WINDOWS\System32\KERNELBASE.dll
0x00007ffb357b0000 - 0x00007ffb357c8000 	c:\Users\jaywa\.vscode\extensions\redhat.java-1.46.0-win32-x64\jre\21.0.8-win32-x86_64\bin\jli.dll
0x00007ffb49e40000 - 0x00007ffb49f8b000 	C:\WINDOWS\System32\ucrtbase.dll
0x00007ffb4b270000 - 0x00007ffb4b435000 	C:\WINDOWS\System32\USER32.dll
0x00007ffb49f90000 - 0x00007ffb49fb7000 	C:\WINDOWS\System32\win32u.dll
0x00007ffb4ae00000 - 0x00007ffb4ae2b000 	C:\WINDOWS\System32\GDI32.dll
0x00007ffb356f0000 - 0x00007ffb3570e000 	c:\Users\jaywa\.vscode\extensions\redhat.java-1.46.0-win32-x64\jre\21.0.8-win32-x86_64\bin\VCRUNTIME140.dll
0x00007ffb4a3e0000 - 0x00007ffb4a50d000 	C:\WINDOWS\System32\gdi32full.dll
0x00007ffb498d0000 - 0x00007ffb49973000 	C:\WINDOWS\System32\msvcp_win.dll
0x00007ffb2d820000 - 0x00007ffb2dab3000 	C:\WINDOWS\WinSxS\amd64_microsoft.windows.common-controls_6595b64144ccf1df_6.0.26100.6899_none_3e0efeeae32e88c1\COMCTL32.dll
0x00007ffb4c4c0000 - 0x00007ffb4c569000 	C:\WINDOWS\System32\msvcrt.dll
0x00007ffb4c570000 - 0x00007ffb4c59f000 	C:\WINDOWS\System32\IMM32.DLL
0x00007ffb42440000 - 0x00007ffb4244c000 	c:\Users\jaywa\.vscode\extensions\redhat.java-1.46.0-win32-x64\jre\21.0.8-win32-x86_64\bin\vcruntime140_1.dll
0x00007ffb1fa90000 - 0x00007ffb1fb1d000 	c:\Users\jaywa\.vscode\extensions\redhat.java-1.46.0-win32-x64\jre\21.0.8-win32-x86_64\bin\msvcp140.dll
0x00007ffae6340000 - 0x00007ffae70d7000 	c:\Users\jaywa\.vscode\extensions\redhat.java-1.46.0-win32-x64\jre\21.0.8-win32-x86_64\bin\server\jvm.dll
0x00007ffb4ae30000 - 0x00007ffb4aee4000 	C:\WINDOWS\System32\ADVAPI32.dll
0x00007ffb4b450000 - 0x00007ffb4b4f6000 	C:\WINDOWS\System32\sechost.dll
0x00007ffb4ac10000 - 0x00007ffb4ad28000 	C:\WINDOWS\System32\RPCRT4.dll
0x00007ffb4a830000 - 0x00007ffb4a8a4000 	C:\WINDOWS\System32\WS2_32.dll
0x00007ffb40a10000 - 0x00007ffb40a45000 	C:\WINDOWS\SYSTEM32\WINMM.dll
0x00007ffb41ab0000 - 0x00007ffb41abb000 	C:\WINDOWS\SYSTEM32\VERSION.dll
0x00007ffb49750000 - 0x00007ffb497ae000 	C:\WINDOWS\SYSTEM32\POWRPROF.dll
0x00007ffb49730000 - 0x00007ffb49744000 	C:\WINDOWS\SYSTEM32\UMPDC.dll
0x00007ffb486a0000 - 0x00007ffb486bb000 	C:\WINDOWS\SYSTEM32\kernel.appcore.dll
0x00007ffb41360000 - 0x00007ffb4136a000 	c:\Users\jaywa\.vscode\extensions\redhat.java-1.46.0-win32-x64\jre\21.0.8-win32-x86_64\bin\jimage.dll
0x00007ffb3ce50000 - 0x00007ffb3d092000 	C:\WINDOWS\SYSTEM32\DBGHELP.DLL
0x00007ffb4aef0000 - 0x00007ffb4b26b000 	C:\WINDOWS\System32\combase.dll
0x00007ffb4a960000 - 0x00007ffb4aa37000 	C:\WINDOWS\System32\OLEAUT32.dll
0x00007ffb284e0000 - 0x00007ffb2851c000 	C:\WINDOWS\SYSTEM32\dbgcore.DLL
0x00007ffb49fc0000 - 0x00007ffb4a058000 	C:\WINDOWS\System32\bcryptPrimitives.dll
0x00007ffb41150000 - 0x00007ffb4115f000 	c:\Users\jaywa\.vscode\extensions\redhat.java-1.46.0-win32-x64\jre\21.0.8-win32-x86_64\bin\instrument.dll
0x00007ffb35420000 - 0x00007ffb3543f000 	c:\Users\jaywa\.vscode\extensions\redhat.java-1.46.0-win32-x64\jre\21.0.8-win32-x86_64\bin\java.dll
0x00007ffb4b500000 - 0x00007ffb4bc4d000 	C:\WINDOWS\System32\SHELL32.dll
0x00007ffb4a270000 - 0x00007ffb4a3db000 	C:\WINDOWS\System32\wintypes.dll
0x00007ffb47510000 - 0x00007ffb47d6d000 	C:\WINDOWS\SYSTEM32\windows.storage.dll
0x00007ffb4ab10000 - 0x00007ffb4ac02000 	C:\WINDOWS\System32\SHCORE.dll
0x00007ffb4a510000 - 0x00007ffb4a572000 	C:\WINDOWS\System32\shlwapi.dll
0x00007ffb497f0000 - 0x00007ffb49819000 	C:\WINDOWS\SYSTEM32\profapi.dll
0x00007ffb2efd0000 - 0x00007ffb2efe8000 	c:\Users\jaywa\.vscode\extensions\redhat.java-1.46.0-win32-x64\jre\21.0.8-win32-x86_64\bin\zip.dll
0x00007ffb41100000 - 0x00007ffb41110000 	C:\Users\jaywa\.vscode\extensions\redhat.java-1.46.0-win32-x64\jre\21.0.8-win32-x86_64\bin\net.dll
0x00007ffb41480000 - 0x00007ffb4159f000 	C:\WINDOWS\SYSTEM32\WINHTTP.dll
0x00007ffb48c10000 - 0x00007ffb48c7b000 	C:\WINDOWS\system32\mswsock.dll
0x00007ffb2e160000 - 0x00007ffb2e176000 	C:\Users\jaywa\.vscode\extensions\redhat.java-1.46.0-win32-x64\jre\21.0.8-win32-x86_64\bin\nio.dll
0x00007ffb35650000 - 0x00007ffb35660000 	c:\Users\jaywa\.vscode\extensions\redhat.java-1.46.0-win32-x64\jre\21.0.8-win32-x86_64\bin\verify.dll
0x00007ffb24090000 - 0x00007ffb240d4000 	C:\Users\jaywa\AppData\Roaming\Code\User\globalStorage\redhat.java\1.46.0\config_win\org.eclipse.equinox.launcher\org.eclipse.equinox.launcher.win32.win32.x86_64_1.2.1400.v20250801-0854\eclipse_11916.dll
0x00007ffb4be30000 - 0x00007ffb4bfc8000 	C:\WINDOWS\System32\ole32.dll
0x00007ffb48ed0000 - 0x00007ffb48eeb000 	C:\WINDOWS\SYSTEM32\CRYPTSP.dll
0x00007ffb48600000 - 0x00007ffb4863b000 	C:\WINDOWS\system32\rsaenh.dll
0x00007ffb48cb0000 - 0x00007ffb48cdb000 	C:\WINDOWS\SYSTEM32\USERENV.dll
0x00007ffb497c0000 - 0x00007ffb497e6000 	C:\WINDOWS\SYSTEM32\bcrypt.dll
0x00007ffb48ec0000 - 0x00007ffb48ecc000 	C:\WINDOWS\SYSTEM32\CRYPTBASE.dll
0x00007ffb48120000 - 0x00007ffb48154000 	C:\WINDOWS\SYSTEM32\IPHLPAPI.DLL
0x00007ffb4a820000 - 0x00007ffb4a82a000 	C:\WINDOWS\System32\NSI.dll
0x00007ffb26760000 - 0x00007ffb267a9000 	C:\Users\jaywa\AppData\Local\Temp\jna-100903020\jna10869578151264578642.dll
0x00007ffb4a780000 - 0x00007ffb4a788000 	C:\WINDOWS\System32\PSAPI.DLL
0x00007ffb417b0000 - 0x00007ffb417ce000 	C:\WINDOWS\SYSTEM32\dhcpcsvc6.DLL
0x00007ffb41320000 - 0x00007ffb41343000 	C:\WINDOWS\SYSTEM32\dhcpcsvc.DLL

JVMTI agents:
c:\Users\jaywa\.vscode\extensions\redhat.java-1.46.0-win32-x64\lombok\lombok-1.18.39-4050.jar path:c:\Users\jaywa\.vscode\extensions\redhat.java-1.46.0-win32-x64\jre\21.0.8-win32-x86_64\bin\instrument.dll, loaded, initialized, instrumentlib options:none

dbghelp: loaded successfully - version: 4.0.5 - missing functions: none
symbol engine: initialized successfully - sym options: 0x614 - pdb path: .;c:\Users\jaywa\.vscode\extensions\redhat.java-1.46.0-win32-x64\jre\21.0.8-win32-x86_64\bin;C:\WINDOWS\SYSTEM32;C:\WINDOWS\WinSxS\amd64_microsoft.windows.common-controls_6595b64144ccf1df_6.0.26100.6899_none_3e0efeeae32e88c1;c:\Users\jaywa\.vscode\extensions\redhat.java-1.46.0-win32-x64\jre\21.0.8-win32-x86_64\bin\server;C:\Users\jaywa\AppData\Roaming\Code\User\globalStorage\redhat.java\1.46.0\config_win\org.eclipse.equinox.launcher\org.eclipse.equinox.launcher.win32.win32.x86_64_1.2.1400.v20250801-0854;C:\Users\jaywa\AppData\Local\Temp\jna-100903020

VM Arguments:
jvm_args: --add-modules=ALL-SYSTEM --add-opens=java.base/java.util=ALL-UNNAMED --add-opens=java.base/java.lang=ALL-UNNAMED --add-opens=java.base/sun.nio.fs=ALL-UNNAMED -Declipse.application=org.eclipse.jdt.ls.core.id1 -Dosgi.bundles.defaultStartLevel=4 -Declipse.product=org.eclipse.jdt.ls.core.product -Djava.import.generatesMetadataFilesAtProjectRoot=false -DDetectVMInstallationsJob.disabled=true -Dfile.encoding=utf8 -XX:+UseParallelGC -XX:GCTimeRatio=4 -XX:AdaptiveSizePolicyWeight=90 -Dsun.zip.disableMemoryMapping=true -Xmx2G -Xms100m -Xlog:disable -javaagent:c:\Users\jaywa\.vscode\extensions\redhat.java-1.46.0-win32-x64\lombok\lombok-1.18.39-4050.jar -XX:+HeapDumpOnOutOfMemoryError -XX:HeapDumpPath=c:\Users\jaywa\AppData\Roaming\Code\User\workspaceStorage\9444b7f9f2e8a8aa4566e18311caa4e0\redhat.java -Daether.dependencyCollector.impl=bf 
java_command: c:\Users\jaywa\.vscode\extensions\redhat.java-1.46.0-win32-x64\server\plugins\org.eclipse.equinox.launcher_1.7.0.v20250519-0528.jar -configuration c:\Users\jaywa\AppData\Roaming\Code\User\globalStorage\redhat.java\1.46.0\config_win -data c:\Users\jaywa\AppData\Roaming\Code\User\workspaceStorage\9444b7f9f2e8a8aa4566e18311caa4e0\redhat.java\jdt_ws --pipe=\\.\pipe\lsp-23808a620b220d2cfaf65655620e42d3-sock
java_class_path (initial): c:\Users\jaywa\.vscode\extensions\redhat.java-1.46.0-win32-x64\server\plugins\org.eclipse.equinox.launcher_1.7.0.v20250519-0528.jar
Launcher Type: SUN_STANDARD

[Global flags]
    uintx AdaptiveSizePolicyWeight                 = 90                                        {product} {command line}
     intx CICompilerCount                          = 4                                         {product} {ergonomic}
    uintx GCTimeRatio                              = 4                                         {product} {command line}
     bool HeapDumpOnOutOfMemoryError               = true                                   {manageable} {command line}
    ccstr HeapDumpPath                             = c:\Users\jaywa\AppData\Roaming\Code\User\workspaceStorage\9444b7f9f2e8a8aa4566e18311caa4e0\redhat.java         {manageable} {command line}
   size_t InitialHeapSize                          = 104857600                                 {product} {command line}
   size_t MaxHeapSize                              = 2147483648                                {product} {command line}
   size_t MaxNewSize                               = 715653120                                 {product} {ergonomic}
   size_t MinHeapDeltaBytes                        = 524288                                    {product} {ergonomic}
   size_t MinHeapSize                              = 104857600                                 {product} {command line}
   size_t NewSize                                  = 34603008                                  {product} {ergonomic}
    uintx NonNMethodCodeHeapSize                   = 5839372                                {pd product} {ergonomic}
    uintx NonProfiledCodeHeapSize                  = 122909434                              {pd product} {ergonomic}
   size_t OldSize                                  = 70254592                                  {product} {ergonomic}
    uintx ProfiledCodeHeapSize                     = 122909434                              {pd product} {ergonomic}
    uintx ReservedCodeCacheSize                    = 251658240                              {pd product} {ergonomic}
     bool SegmentedCodeCache                       = true                                      {product} {ergonomic}
   size_t SoftMaxHeapSize                          = 2147483648                             {manageable} {ergonomic}
     bool UseCompressedOops                        = true                           {product lp64_product} {ergonomic}
     bool UseLargePagesIndividualAllocation        = false                                  {pd product} {ergonomic}
     bool UseParallelGC                            = true                                      {product} {command line}

Logging:
Log output configuration:
 #0: stdout all=off uptime,level,tags foldmultilines=false
 #1: stderr all=off uptime,level,tags foldmultilines=false

Environment Variables:
JAVA_HOME=C:\Program Files\Java\jdk-17
PATH=C:\Program Files\Common Files\Oracle\Java\javapath;C:\WINDOWS\system32;C:\WINDOWS;C:\WINDOWS\System32\Wbem;C:\WINDOWS\System32\WindowsPowerShell\v1.0\;C:\WINDOWS\System32\OpenSSH\;C:\Program Files\nodejs\;C:\Program Files\Java\jdk-17\bin;;C:\Program Files\Docker\Docker\resources\bin;C:\Program Files\MySQL\MySQL Shell 8.0\bin\;C:\Users\jaywa\AppData\Local\Microsoft\WindowsApps;C:\Users\jaywa\AppData\Local\Programs\Microsoft VS Code\bin;C:\Users\jaywa\AppData\Roaming\npm;C:\Program Files\Git\bin;C:\Program Files\Git\cmd;C:\Program Files\Java\jdk-17\bin;C:\Users\jaywa\AppData\Local\Programs\cursor\resources\app\bin;C:\Users\jaywa\AppData\Local\Programs\Kiro\bin;C:\Users\jaywa\AppData\Local\Programs\Windsurf\bin;C:\Users\jaywa\AppData\Local\Programs\Qoder\bin
USERNAME=jaywa
OS=Windows_NT
PROCESSOR_IDENTIFIER=AMD64 Family 25 Model 80 Stepping 0, AuthenticAMD
TMP=C:\Users\jaywa\AppData\Local\Temp
TEMP=C:\Users\jaywa\AppData\Local\Temp




Periodic native trim disabled

---------------  S Y S T E M  ---------------

OS:
 Windows 11 , 64 bit Build 26100 (10.0.26100.6725)
OS uptime: 6 days 10:03 hours
Hyper-V role detected

CPU: total 12 (initial active 12) (12 cores per cpu, 2 threads per core) family 25 model 80 stepping 0 microcode 0xa500011, cx8, cmov, fxsr, ht, mmx, 3dnowpref, sse, sse2, sse3, ssse3, sse4a, sse4.1, sse4.2, popcnt, lzcnt, tsc, tscinvbit, avx, avx2, aes, erms, clmul, bmi1, bmi2, adx, sha, fma, vzeroupper, clflush, clflushopt, hv, rdtscp, rdpid, fsrm, f16c, cet_ss
Processor Information for processor 0
  Max Mhz: 3301, Current Mhz: 1908, Mhz Limit: 3301
Processor Information for processor 1
  Max Mhz: 3301, Current Mhz: 1908, Mhz Limit: 3301
Processor Information for processor 2
  Max Mhz: 3301, Current Mhz: 1908, Mhz Limit: 3301
Processor Information for processor 3
  Max Mhz: 3301, Current Mhz: 1908, Mhz Limit: 3301
Processor Information for processor 4
  Max Mhz: 3301, Current Mhz: 1908, Mhz Limit: 3301
Processor Information for processor 5
  Max Mhz: 3301, Current Mhz: 1908, Mhz Limit: 3301
Processor Information for processor 6
  Max Mhz: 3301, Current Mhz: 1908, Mhz Limit: 3301
Processor Information for processor 7
  Max Mhz: 3301, Current Mhz: 1908, Mhz Limit: 3301
Processor Information for processor 8
  Max Mhz: 3301, Current Mhz: 1805, Mhz Limit: 3301
Processor Information for processor 9
  Max Mhz: 3301, Current Mhz: 1908, Mhz Limit: 3301
Processor Information for processor 10
  Max Mhz: 3301, Current Mhz: 1908, Mhz Limit: 3301
Processor Information for processor 11
  Max Mhz: 3301, Current Mhz: 1908, Mhz Limit: 3301

Memory: 4k page, system-wide physical 7521M (520M free)
TotalPageFile size 31073M (AvailPageFile size 24M)
current process WorkingSet (physical memory assigned to process): 324M, peak: 580M
current process commit charge ("private bytes"): 610M, peak: 673M

vm_info: OpenJDK 64-Bit Server VM (21.0.8+9-LTS) for windows-amd64 JRE (21.0.8+9-LTS), built on 2025-07-15T00:00:00Z by "admin" with MS VC++ 17.7 (VS2022)

END.
