#
# There is insufficient memory for the Java Runtime Environment to continue.
# Native memory allocation (malloc) failed to allocate 1655472 bytes. Error detail: Chunk::new
# Possible reasons:
#   The system is out of physical RAM or swap space
#   This process is running with CompressedOops enabled, and the Java Heap may be blocking the growth of the native heap
# Possible solutions:
#   Reduce memory load on the system
#   Increase physical memory or swap space
#   Check if swap backing store is full
#   Decrease Java heap size (-Xmx/-Xms)
#   Decrease number of Java threads
#   Decrease Java thread stack sizes (-Xss)
#   Set larger code cache with -XX:ReservedCodeCacheSize=
#   JVM is running with Unscaled Compressed Oops mode in which the Java heap is
#     placed in the first 4GB address space. The Java Heap base address is the
#     maximum limit for the native heap growth. Please use -XX:HeapBaseMinAddress
#     to set the Java Heap base and to place the Java Heap above 4GB virtual address.
# This output file may be truncated or incomplete.
#
#  Out of Memory Error (arena.cpp:168), pid=34028, tid=33612
#
# JRE version: OpenJDK Runtime Environment Temurin-21.0.8+9 (21.0.8+9) (build 21.0.8+9-LTS)
# Java VM: OpenJDK 64-Bit Server VM Temurin-21.0.8+9 (21.0.8+9-LTS, mixed mode, sharing, tiered, compressed oops, compressed class ptrs, parallel gc, windows-amd64)
# No core dump will be written. Minidumps are not enabled by default on client versions of Windows
#

---------------  S U M M A R Y ------------

Command Line: --add-modules=ALL-SYSTEM --add-opens=java.base/java.util=ALL-UNNAMED --add-opens=java.base/java.lang=ALL-UNNAMED --add-opens=java.base/sun.nio.fs=ALL-UNNAMED -Declipse.application=org.eclipse.jdt.ls.core.id1 -Dosgi.bundles.defaultStartLevel=4 -Declipse.product=org.eclipse.jdt.ls.core.product -Djava.import.generatesMetadataFilesAtProjectRoot=false -DDetectVMInstallationsJob.disabled=true -Dfile.encoding=utf8 -XX:+UseParallelGC -XX:GCTimeRatio=4 -XX:AdaptiveSizePolicyWeight=90 -Dsun.zip.disableMemoryMapping=true -Xmx2G -Xms100m -Xlog:disable -javaagent:c:\Users\jaywa\.vscode\extensions\redhat.java-1.46.0-win32-x64\lombok\lombok-1.18.39-4050.jar -XX:+HeapDumpOnOutOfMemoryError -XX:HeapDumpPath=c:\Users\jaywa\AppData\Roaming\Code\User\workspaceStorage\9444b7f9f2e8a8aa4566e18311caa4e0\redhat.java -Daether.dependencyCollector.impl=bf c:\Users\jaywa\.vscode\extensions\redhat.java-1.46.0-win32-x64\server\plugins\org.eclipse.equinox.launcher_1.7.0.v20250519-0528.jar -configuration c:\Users\jaywa\AppData\Roaming\Code\User\globalStorage\redhat.java\1.46.0\config_win -data c:\Users\jaywa\AppData\Roaming\Code\User\workspaceStorage\9444b7f9f2e8a8aa4566e18311caa4e0\redhat.java\jdt_ws --pipe=\\.\pipe\lsp-6f2aa5f9a4364207c47a209868cadd4a-sock

Host: AMD Ryzen 5 5600H with Radeon Graphics         , 12 cores, 7G,  Windows 11 , 64 bit Build 26100 (10.0.26100.6725)
Time: Wed Oct 29 10:59:08 2025 India Standard Time elapsed time: 11.656067 seconds (0d 0h 0m 11s)

---------------  T H R E A D  ---------------

Current thread (0x00000233762ba470):  JavaThread "C2 CompilerThread1" daemon [_thread_in_native, id=33612, stack(0x0000006d80900000,0x0000006d80a00000) (1024K)]


Current CompileTask:
C2:11656 3280       4       java.lang.invoke.MethodType::makeImpl (109 bytes)

Stack: [0x0000006d80900000,0x0000006d80a00000]
Native frames: (J=compiled Java code, j=interpreted, Vv=VM code, C=native code)
V  [jvm.dll+0x6d2449]
V  [jvm.dll+0x8ae341]
V  [jvm.dll+0x8b08be]
V  [jvm.dll+0x8b0fa3]
V  [jvm.dll+0x280c96]
V  [jvm.dll+0xc581d]
V  [jvm.dll+0xc5d53]
V  [jvm.dll+0x3b919c]
V  [jvm.dll+0x385315]
V  [jvm.dll+0x38477a]
V  [jvm.dll+0x248ed0]
V  [jvm.dll+0x2484af]
V  [jvm.dll+0x1c89ee]
V  [jvm.dll+0x257d4d]
V  [jvm.dll+0x2562ea]
V  [jvm.dll+0x3f2d16]
V  [jvm.dll+0x857e6b]
V  [jvm.dll+0x6d0b0d]
C  [ucrtbase.dll+0x37b0]
C  [KERNEL32.DLL+0x2e8d7]
C  [ntdll.dll+0x8c53c]


---------------  P R O C E S S  ---------------

Threads class SMR info:
_java_thread_list=0x000002337698d520, length=19, elements={
0x00000233180a98d0, 0x000002331805e320, 0x00000233719939f0, 0x00000233719961b0,
0x0000023371996e00, 0x000002337199cd20, 0x00000233719a1f30, 0x00000233719a7a90,
0x00000233719ae780, 0x0000023371a76ff0, 0x0000023371cdfd10, 0x0000023376738e90,
0x000002337637aa90, 0x000002337655d3a0, 0x00000233761e1e40, 0x0000023376958fa0,
0x00000233769588a0, 0x00000233762ba470, 0x00000233766bc3a0
}

Java Threads: ( => current thread )
  0x00000233180a98d0 JavaThread "main"                              [_thread_blocked, id=23364, stack(0x0000006dfeb00000,0x0000006dfec00000) (1024K)]
  0x000002331805e320 JavaThread "Reference Handler"          daemon [_thread_blocked, id=26196, stack(0x0000006dfef00000,0x0000006dff000000) (1024K)]
  0x00000233719939f0 JavaThread "Finalizer"                  daemon [_thread_blocked, id=29556, stack(0x0000006dff000000,0x0000006dff100000) (1024K)]
  0x00000233719961b0 JavaThread "Signal Dispatcher"          daemon [_thread_blocked, id=5888, stack(0x0000006dff100000,0x0000006dff200000) (1024K)]
  0x0000023371996e00 JavaThread "Attach Listener"            daemon [_thread_blocked, id=33964, stack(0x0000006dff200000,0x0000006dff300000) (1024K)]
  0x000002337199cd20 JavaThread "Service Thread"             daemon [_thread_blocked, id=28268, stack(0x0000006dff300000,0x0000006dff400000) (1024K)]
  0x00000233719a1f30 JavaThread "Monitor Deflation Thread"   daemon [_thread_blocked, id=21064, stack(0x0000006dff400000,0x0000006dff500000) (1024K)]
  0x00000233719a7a90 JavaThread "C2 CompilerThread0"         daemon [_thread_blocked, id=23676, stack(0x0000006dff500000,0x0000006dff600000) (1024K)]
  0x00000233719ae780 JavaThread "C1 CompilerThread0"         daemon [_thread_blocked, id=31508, stack(0x0000006dff600000,0x0000006dff700000) (1024K)]
  0x0000023371a76ff0 JavaThread "Common-Cleaner"             daemon [_thread_blocked, id=20548, stack(0x0000006dff700000,0x0000006dff800000) (1024K)]
  0x0000023371cdfd10 JavaThread "Notification Thread"        daemon [_thread_blocked, id=22108, stack(0x0000006dff800000,0x0000006dff900000) (1024K)]
  0x0000023376738e90 JavaThread "Active Thread: Equinox Container: 37cc182f-57ee-431c-90f5-7a10318ede21"        [_thread_blocked, id=15280, stack(0x0000006d80000000,0x0000006d80100000) (1024K)]
  0x000002337637aa90 JavaThread "Refresh Thread: Equinox Container: 37cc182f-57ee-431c-90f5-7a10318ede21" daemon [_thread_blocked, id=21848, stack(0x0000006d80100000,0x0000006d80200000) (1024K)]
  0x000002337655d3a0 JavaThread "Framework Event Dispatcher: Equinox Container: 37cc182f-57ee-431c-90f5-7a10318ede21" daemon [_thread_blocked, id=22136, stack(0x0000006d80300000,0x0000006d80400000) (1024K)]
  0x00000233761e1e40 JavaThread "Start Level: Equinox Container: 37cc182f-57ee-431c-90f5-7a10318ede21" daemon [_thread_in_vm, id=7832, stack(0x0000006d80400000,0x0000006d80500000) (1024K)]
  0x0000023376958fa0 JavaThread "Bundle File Closer"         daemon [_thread_blocked, id=2804, stack(0x0000006d80700000,0x0000006d80800000) (1024K)]
  0x00000233769588a0 JavaThread "SCR Component Actor"        daemon [_thread_blocked, id=14180, stack(0x0000006d80800000,0x0000006d80900000) (1024K)]
=>0x00000233762ba470 JavaThread "C2 CompilerThread1"         daemon [_thread_in_native, id=33612, stack(0x0000006d80900000,0x0000006d80a00000) (1024K)]
  0x00000233766bc3a0 JavaThread "Worker-JM"                         [_thread_blocked, id=32520, stack(0x0000006d80a00000,0x0000006d80b00000) (1024K)]
Total: 19

Other Threads:
  0x0000023318044380 VMThread "VM Thread"                           [id=31872, stack(0x0000006dfee00000,0x0000006dfef00000) (1024K)]
  0x0000023317f3ca00 WatcherThread "VM Periodic Task Thread"        [id=33028, stack(0x0000006dfed00000,0x0000006dfee00000) (1024K)]
  0x00000233180c89b0 WorkerThread "GC Thread#0"                     [id=17072, stack(0x0000006dfec00000,0x0000006dfed00000) (1024K)]
  0x00000233766e78f0 WorkerThread "GC Thread#1"                     [id=9436, stack(0x0000006dffa00000,0x0000006dffb00000) (1024K)]
  0x00000233767a27b0 WorkerThread "GC Thread#2"                     [id=16024, stack(0x0000006dffb00000,0x0000006dffc00000) (1024K)]
  0x00000233767a2ef0 WorkerThread "GC Thread#3"                     [id=8536, stack(0x0000006dffc00000,0x0000006dffd00000) (1024K)]
  0x00000233767a3290 WorkerThread "GC Thread#4"                     [id=11032, stack(0x0000006dffd00000,0x0000006dffe00000) (1024K)]
  0x00000233767a3630 WorkerThread "GC Thread#5"                     [id=16476, stack(0x0000006dffe00000,0x0000006dfff00000) (1024K)]
  0x00000233767a39d0 WorkerThread "GC Thread#6"                     [id=24720, stack(0x0000006dfff00000,0x0000006e00000000) (1024K)]
  0x00000233767a3d70 WorkerThread "GC Thread#7"                     [id=16144, stack(0x0000006d80200000,0x0000006d80300000) (1024K)]
  0x00000233767a2b50 WorkerThread "GC Thread#8"                     [id=27740, stack(0x0000006d80500000,0x0000006d80600000) (1024K)]
  0x0000023376a0cf90 WorkerThread "GC Thread#9"                     [id=29772, stack(0x0000006d80600000,0x0000006d80700000) (1024K)]
Total: 12

Threads with active compile tasks:
C2 CompilerThread1  13970 3280       4       java.lang.invoke.MethodType::makeImpl (109 bytes)
Total: 1

VM state: not at safepoint (normal execution)

VM Mutex/Monitor currently owned by a thread:  ([mutex/lock_event])
[0x00007ffae6ff5ad8] SystemDictionary_lock - owner thread: 0x0000000000000000

Heap address: 0x0000000080000000, size: 2048 MB, Compressed Oops mode: 32-bit

CDS archive(s) mapped at: [0x000002332f000000-0x000002332fba0000-0x000002332fba0000), size 12189696, SharedBaseAddress: 0x000002332f000000, ArchiveRelocationMode: 1.
Compressed class space mapped at: 0x0000023330000000-0x0000023370000000, reserved size: 1073741824
Narrow klass base: 0x000002332f000000, Narrow klass shift: 0, Narrow klass range: 0x100000000

GC Precious Log:
 CardTable entry size: 512
 CPUs: 12 total, 12 available
 Memory: 7521M
 Large Page Support: Disabled
 NUMA Support: Disabled
 Compressed Oops: Enabled (32-bit)
 Alignments: Space 512K, Generation 512K, Heap 2M
 Heap Min Capacity: 100M
 Heap Initial Capacity: 100M
 Heap Max Capacity: 2G
 Pre-touch: Disabled
 Parallel Workers: 10

Heap:
 PSYoungGen      total 29184K, used 14137K [0x00000000d5580000, 0x00000000d7a00000, 0x0000000100000000)
  eden space 25088K, 40% used [0x00000000d5580000,0x00000000d5f52600,0x00000000d6e00000)
  from space 4096K, 99% used [0x00000000d6e80000,0x00000000d727bf78,0x00000000d7280000)
  to   space 6144K, 0% used [0x00000000d7400000,0x00000000d7400000,0x00000000d7a00000)
 ParOldGen       total 68608K, used 7903K [0x0000000080000000, 0x0000000084300000, 0x00000000d5580000)
  object space 68608K, 11% used [0x0000000080000000,0x00000000807b7df0,0x0000000084300000)
 Metaspace       used 16658K, committed 17280K, reserved 1114112K
  class space    used 1729K, committed 1984K, reserved 1048576K

Card table byte_map: [0x0000023317a50000,0x0000023317e60000] _byte_map_base: 0x0000023317650000

Marking Bits: (ParMarkBitMap*) 0x00007ffae6ffa340
 Begin Bits: [0x000002332a550000, 0x000002332c550000)
 End Bits:   [0x000002332c550000, 0x000002332e550000)

Polling page: 0x0000023315e50000

Metaspace:

Usage:
  Non-class:     14.58 MB used.
      Class:      1.69 MB used.
       Both:     16.27 MB used.

Virtual space:
  Non-class space:       64.00 MB reserved,      14.94 MB ( 23%) committed,  1 nodes.
      Class space:        1.00 GB reserved,       1.94 MB ( <1%) committed,  1 nodes.
             Both:        1.06 GB reserved,      16.88 MB (  2%) committed. 

Chunk freelists:
   Non-Class:  936.00 KB
       Class:  13.88 MB
        Both:  14.79 MB

MaxMetaspaceSize: unlimited
CompressedClassSpaceSize: 1.00 GB
Initial GC threshold: 21.00 MB
Current GC threshold: 21.00 MB
CDS: on
 - commit_granule_bytes: 65536.
 - commit_granule_words: 8192.
 - virtual_space_node_default_size: 8388608.
 - enlarge_chunks_in_place: 1.
 - use_allocation_guard: 0.


Internal statistics:

num_allocs_failed_limit: 0.
num_arena_births: 454.
num_arena_deaths: 0.
num_vsnodes_births: 2.
num_vsnodes_deaths: 0.
num_space_committed: 270.
num_space_uncommitted: 0.
num_chunks_returned_to_freelist: 0.
num_chunks_taken_from_freelist: 1053.
num_chunk_merges: 0.
num_chunk_splits: 656.
num_chunks_enlarged: 420.
num_inconsistent_stats: 0.

CodeHeap 'non-profiled nmethods': size=120000Kb used=1443Kb max_used=1443Kb free=118556Kb
 bounds [0x0000023322d70000, 0x0000023322fe0000, 0x000002332a2a0000]
CodeHeap 'profiled nmethods': size=120000Kb used=6606Kb max_used=6606Kb free=113393Kb
 bounds [0x000002331b2a0000, 0x000002331b920000, 0x00000233227d0000]
CodeHeap 'non-nmethods': size=5760Kb used=1271Kb max_used=1287Kb free=4488Kb
 bounds [0x00000233227d0000, 0x0000023322a40000, 0x0000023322d70000]
CodeCache: size=245760Kb, used=9320Kb, max_used=9336Kb, free=236437Kb
 total_blobs=3839, nmethods=3294, adapters=451, full_count=0
Compilation: enabled, stopped_count=0, restarted_count=0

Compilation events (20 events):
Event: 10.374 Thread 0x00000233719ae780 3281       3       java.lang.invoke.MethodTypeForm::<init> (322 bytes)
Event: 10.374 Thread 0x00000233762ba470 3280       4       java.lang.invoke.MethodType::makeImpl (109 bytes)
Event: 10.377 Thread 0x00000233719ae780 nmethod 3281 0x000002331b908410 code [0x000002331b908700, 0x000002331b909b78]
Event: 10.377 Thread 0x00000233719ae780 3283       3       jdk.internal.org.objectweb.asm.ClassWriter::toByteArray (1517 bytes)
Event: 10.386 Thread 0x00000233719ae780 nmethod 3283 0x000002331b90a190 code [0x000002331b90ab00, 0x000002331b90e720]
Event: 10.386 Thread 0x00000233719ae780 3286       3       jdk.internal.org.objectweb.asm.ByteVector::<init> (12 bytes)
Event: 10.386 Thread 0x00000233719ae780 nmethod 3286 0x000002331b910710 code [0x000002331b9108c0, 0x000002331b910ae0]
Event: 10.386 Thread 0x00000233719ae780 3287       3       jdk.internal.org.objectweb.asm.SymbolTable::putConstantPool (28 bytes)
Event: 10.387 Thread 0x00000233719ae780 nmethod 3287 0x000002331b910b90 code [0x000002331b910d60, 0x000002331b910f40]
Event: 10.387 Thread 0x00000233719ae780 3284       3       jdk.internal.org.objectweb.asm.SymbolTable::computeBootstrapMethodsSize (27 bytes)
Event: 10.387 Thread 0x00000233719ae780 nmethod 3284 0x000002331b911090 code [0x000002331b911240, 0x000002331b911408]
Event: 10.387 Thread 0x00000233719ae780 3285       3       jdk.internal.org.objectweb.asm.SymbolTable::getConstantPoolLength (8 bytes)
Event: 10.387 Thread 0x00000233719a7a90 nmethod 3261% 0x0000023322ed6a10 code [0x0000023322ed6bc0, 0x0000023322ed72d8]
Event: 10.387 Thread 0x00000233719ae780 nmethod 3285 0x000002331b911510 code [0x000002331b9116a0, 0x000002331b9117b8]
Event: 10.388 Thread 0x00000233719a7a90 3288       4       jdk.internal.misc.Unsafe::putIntUnaligned (14 bytes)
Event: 10.389 Thread 0x00000233719a7a90 nmethod 3288 0x0000023322ed7510 code [0x0000023322ed76a0, 0x0000023322ed7758]
Event: 10.392 Thread 0x00000233719ae780 3290   !   3       java.io.FileOutputStream::write (47 bytes)
Event: 10.393 Thread 0x00000233719ae780 nmethod 3290 0x000002331b911890 code [0x000002331b911a80, 0x000002331b911d48]
Event: 10.393 Thread 0x00000233719ae780 3291       3       java.io.FileDescriptor$1::getAppend (5 bytes)
Event: 10.393 Thread 0x00000233719ae780 nmethod 3291 0x000002331b911f10 code [0x000002331b9120a0, 0x000002331b9121b8]

GC Heap History (10 events):
Event: 1.819 GC heap before
{Heap before GC invocations=1 (full 0):
 PSYoungGen      total 29696K, used 25600K [0x00000000d5580000, 0x00000000d7680000, 0x0000000100000000)
  eden space 25600K, 100% used [0x00000000d5580000,0x00000000d6e80000,0x00000000d6e80000)
  from space 4096K, 0% used [0x00000000d7280000,0x00000000d7280000,0x00000000d7680000)
  to   space 4096K, 0% used [0x00000000d6e80000,0x00000000d6e80000,0x00000000d7280000)
 ParOldGen       total 68608K, used 0K [0x0000000080000000, 0x0000000084300000, 0x00000000d5580000)
  object space 68608K, 0% used [0x0000000080000000,0x0000000080000000,0x0000000084300000)
 Metaspace       used 4284K, committed 4544K, reserved 1114112K
  class space    used 469K, committed 576K, reserved 1048576K
}
Event: 2.847 GC heap after
{Heap after GC invocations=1 (full 0):
 PSYoungGen      total 29696K, used 3328K [0x00000000d5580000, 0x00000000d7680000, 0x0000000100000000)
  eden space 25600K, 0% used [0x00000000d5580000,0x00000000d5580000,0x00000000d6e80000)
  from space 4096K, 81% used [0x00000000d6e80000,0x00000000d71c00d8,0x00000000d7280000)
  to   space 4096K, 0% used [0x00000000d7280000,0x00000000d7280000,0x00000000d7680000)
 ParOldGen       total 68608K, used 16K [0x0000000080000000, 0x0000000084300000, 0x00000000d5580000)
  object space 68608K, 0% used [0x0000000080000000,0x0000000080004000,0x0000000084300000)
 Metaspace       used 4284K, committed 4544K, reserved 1114112K
  class space    used 469K, committed 576K, reserved 1048576K
}
Event: 6.226 GC heap before
{Heap before GC invocations=2 (full 0):
 PSYoungGen      total 29696K, used 28928K [0x00000000d5580000, 0x00000000d7680000, 0x0000000100000000)
  eden space 25600K, 100% used [0x00000000d5580000,0x00000000d6e80000,0x00000000d6e80000)
  from space 4096K, 81% used [0x00000000d6e80000,0x00000000d71c00d8,0x00000000d7280000)
  to   space 4096K, 0% used [0x00000000d7280000,0x00000000d7280000,0x00000000d7680000)
 ParOldGen       total 68608K, used 16K [0x0000000080000000, 0x0000000084300000, 0x00000000d5580000)
  object space 68608K, 0% used [0x0000000080000000,0x0000000080004000,0x0000000084300000)
 Metaspace       used 7974K, committed 8192K, reserved 1114112K
  class space    used 839K, committed 960K, reserved 1048576K
}
Event: 6.236 GC heap after
{Heap after GC invocations=2 (full 0):
 PSYoungGen      total 29696K, used 4069K [0x00000000d5580000, 0x00000000d7680000, 0x0000000100000000)
  eden space 25600K, 0% used [0x00000000d5580000,0x00000000d5580000,0x00000000d6e80000)
  from space 4096K, 99% used [0x00000000d7280000,0x00000000d7679780,0x00000000d7680000)
  to   space 4096K, 0% used [0x00000000d6e80000,0x00000000d6e80000,0x00000000d7280000)
 ParOldGen       total 68608K, used 1809K [0x0000000080000000, 0x0000000084300000, 0x00000000d5580000)
  object space 68608K, 2% used [0x0000000080000000,0x00000000801c46a8,0x0000000084300000)
 Metaspace       used 7974K, committed 8192K, reserved 1114112K
  class space    used 839K, committed 960K, reserved 1048576K
}
Event: 7.031 GC heap before
{Heap before GC invocations=3 (full 0):
 PSYoungGen      total 29696K, used 29665K [0x00000000d5580000, 0x00000000d7680000, 0x0000000100000000)
  eden space 25600K, 99% used [0x00000000d5580000,0x00000000d6e7edf8,0x00000000d6e80000)
  from space 4096K, 99% used [0x00000000d7280000,0x00000000d7679780,0x00000000d7680000)
  to   space 4096K, 0% used [0x00000000d6e80000,0x00000000d6e80000,0x00000000d7280000)
 ParOldGen       total 68608K, used 1809K [0x0000000080000000, 0x0000000084300000, 0x00000000d5580000)
  object space 68608K, 2% used [0x0000000080000000,0x00000000801c46a8,0x0000000084300000)
 Metaspace       used 9419K, committed 9728K, reserved 1114112K
  class space    used 1008K, committed 1152K, reserved 1048576K
}
Event: 7.041 GC heap after
{Heap after GC invocations=3 (full 0):
 PSYoungGen      total 29696K, used 4078K [0x00000000d5580000, 0x00000000d7680000, 0x0000000100000000)
  eden space 25600K, 0% used [0x00000000d5580000,0x00000000d5580000,0x00000000d6e80000)
  from space 4096K, 99% used [0x00000000d6e80000,0x00000000d727ba18,0x00000000d7280000)
  to   space 4096K, 0% used [0x00000000d7280000,0x00000000d7280000,0x00000000d7680000)
 ParOldGen       total 68608K, used 4892K [0x0000000080000000, 0x0000000084300000, 0x00000000d5580000)
  object space 68608K, 7% used [0x0000000080000000,0x00000000804c7018,0x0000000084300000)
 Metaspace       used 9419K, committed 9728K, reserved 1114112K
  class space    used 1008K, committed 1152K, reserved 1048576K
}
Event: 8.029 GC heap before
{Heap before GC invocations=4 (full 0):
 PSYoungGen      total 29696K, used 29678K [0x00000000d5580000, 0x00000000d7680000, 0x0000000100000000)
  eden space 25600K, 100% used [0x00000000d5580000,0x00000000d6e80000,0x00000000d6e80000)
  from space 4096K, 99% used [0x00000000d6e80000,0x00000000d727ba18,0x00000000d7280000)
  to   space 4096K, 0% used [0x00000000d7280000,0x00000000d7280000,0x00000000d7680000)
 ParOldGen       total 68608K, used 4892K [0x0000000080000000, 0x0000000084300000, 0x00000000d5580000)
  object space 68608K, 7% used [0x0000000080000000,0x00000000804c7018,0x0000000084300000)
 Metaspace       used 12068K, committed 12480K, reserved 1114112K
  class space    used 1294K, committed 1472K, reserved 1048576K
}
Event: 8.039 GC heap after
{Heap after GC invocations=4 (full 0):
 PSYoungGen      total 29696K, used 4082K [0x00000000d5580000, 0x00000000d7680000, 0x0000000100000000)
  eden space 25600K, 0% used [0x00000000d5580000,0x00000000d5580000,0x00000000d6e80000)
  from space 4096K, 99% used [0x00000000d7280000,0x00000000d767c8d0,0x00000000d7680000)
  to   space 4096K, 0% used [0x00000000d6e80000,0x00000000d6e80000,0x00000000d7280000)
 ParOldGen       total 68608K, used 6344K [0x0000000080000000, 0x0000000084300000, 0x00000000d5580000)
  object space 68608K, 9% used [0x0000000080000000,0x0000000080632210,0x0000000084300000)
 Metaspace       used 12068K, committed 12480K, reserved 1114112K
  class space    used 1294K, committed 1472K, reserved 1048576K
}
Event: 10.101 GC heap before
{Heap before GC invocations=5 (full 0):
 PSYoungGen      total 29696K, used 29682K [0x00000000d5580000, 0x00000000d7680000, 0x0000000100000000)
  eden space 25600K, 100% used [0x00000000d5580000,0x00000000d6e80000,0x00000000d6e80000)
  from space 4096K, 99% used [0x00000000d7280000,0x00000000d767c8d0,0x00000000d7680000)
  to   space 4096K, 0% used [0x00000000d6e80000,0x00000000d6e80000,0x00000000d7280000)
 ParOldGen       total 68608K, used 6344K [0x0000000080000000, 0x0000000084300000, 0x00000000d5580000)
  object space 68608K, 9% used [0x0000000080000000,0x0000000080632210,0x0000000084300000)
 Metaspace       used 15140K, committed 15680K, reserved 1114112K
  class space    used 1566K, committed 1792K, reserved 1048576K
}
Event: 10.107 GC heap after
{Heap after GC invocations=5 (full 0):
 PSYoungGen      total 29184K, used 4079K [0x00000000d5580000, 0x00000000d7a00000, 0x0000000100000000)
  eden space 25088K, 0% used [0x00000000d5580000,0x00000000d5580000,0x00000000d6e00000)
  from space 4096K, 99% used [0x00000000d6e80000,0x00000000d727bf78,0x00000000d7280000)
  to   space 6144K, 0% used [0x00000000d7400000,0x00000000d7400000,0x00000000d7a00000)
 ParOldGen       total 68608K, used 7903K [0x0000000080000000, 0x0000000084300000, 0x00000000d5580000)
  object space 68608K, 11% used [0x0000000080000000,0x00000000807b7df0,0x0000000084300000)
 Metaspace       used 15140K, committed 15680K, reserved 1114112K
  class space    used 1566K, committed 1792K, reserved 1048576K
}

Dll operation events (9 events):
Event: 0.035 Loaded shared library c:\Users\jaywa\.vscode\extensions\redhat.java-1.46.0-win32-x64\jre\21.0.8-win32-x86_64\bin\java.dll
Event: 0.210 Loaded shared library c:\Users\jaywa\.vscode\extensions\redhat.java-1.46.0-win32-x64\jre\21.0.8-win32-x86_64\bin\zip.dll
Event: 0.274 Loaded shared library C:\Users\jaywa\.vscode\extensions\redhat.java-1.46.0-win32-x64\jre\21.0.8-win32-x86_64\bin\instrument.dll
Event: 0.298 Loaded shared library C:\Users\jaywa\.vscode\extensions\redhat.java-1.46.0-win32-x64\jre\21.0.8-win32-x86_64\bin\net.dll
Event: 0.309 Loaded shared library C:\Users\jaywa\.vscode\extensions\redhat.java-1.46.0-win32-x64\jre\21.0.8-win32-x86_64\bin\nio.dll
Event: 0.323 Loaded shared library C:\Users\jaywa\.vscode\extensions\redhat.java-1.46.0-win32-x64\jre\21.0.8-win32-x86_64\bin\zip.dll
Event: 0.383 Loaded shared library C:\Users\jaywa\.vscode\extensions\redhat.java-1.46.0-win32-x64\jre\21.0.8-win32-x86_64\bin\jimage.dll
Event: 0.589 Loaded shared library c:\Users\jaywa\.vscode\extensions\redhat.java-1.46.0-win32-x64\jre\21.0.8-win32-x86_64\bin\verify.dll
Event: 6.254 Loaded shared library C:\Users\jaywa\AppData\Roaming\Code\User\globalStorage\redhat.java\1.46.0\config_win\org.eclipse.equinox.launcher\org.eclipse.equinox.launcher.win32.win32.x86_64_1.2.1400.v20250801-0854\eclipse_11916.dll

Deoptimization events (20 events):
Event: 10.083 Thread 0x00000233761e1e40 Uncommon trap: trap_request=0xffffffde fr.pc=0x0000023322ec7f44 relative=0x0000000000000124
Event: 10.083 Thread 0x00000233761e1e40 Uncommon trap: reason=class_check action=maybe_recompile pc=0x0000023322ec7f44 method=jdk.internal.misc.Unsafe.allocateUninitializedArray(Ljava/lang/Class;I)Ljava/lang/Object; @ 51 c2
Event: 10.083 Thread 0x00000233761e1e40 DEOPT PACKING pc=0x0000023322ec7f44 sp=0x0000006d804f9060
Event: 10.083 Thread 0x00000233761e1e40 DEOPT UNPACKING pc=0x0000023322823aa2 sp=0x0000006d804f8fd8 mode 2
Event: 10.090 Thread 0x00000233761e1e40 Uncommon trap: trap_request=0xffffffde fr.pc=0x0000023322ec7f44 relative=0x0000000000000124
Event: 10.090 Thread 0x00000233761e1e40 Uncommon trap: reason=class_check action=maybe_recompile pc=0x0000023322ec7f44 method=jdk.internal.misc.Unsafe.allocateUninitializedArray(Ljava/lang/Class;I)Ljava/lang/Object; @ 51 c2
Event: 10.090 Thread 0x00000233761e1e40 DEOPT PACKING pc=0x0000023322ec7f44 sp=0x0000006d804f7570
Event: 10.090 Thread 0x00000233761e1e40 DEOPT UNPACKING pc=0x0000023322823aa2 sp=0x0000006d804f74e8 mode 2
Event: 10.096 Thread 0x00000233761e1e40 Uncommon trap: trap_request=0xffffffde fr.pc=0x0000023322ec7f44 relative=0x0000000000000124
Event: 10.096 Thread 0x00000233761e1e40 Uncommon trap: reason=class_check action=maybe_recompile pc=0x0000023322ec7f44 method=jdk.internal.misc.Unsafe.allocateUninitializedArray(Ljava/lang/Class;I)Ljava/lang/Object; @ 51 c2
Event: 10.096 Thread 0x00000233761e1e40 DEOPT PACKING pc=0x0000023322ec7f44 sp=0x0000006d804f8ff0
Event: 10.096 Thread 0x00000233761e1e40 DEOPT UNPACKING pc=0x0000023322823aa2 sp=0x0000006d804f8f68 mode 2
Event: 10.122 Thread 0x00000233761e1e40 Uncommon trap: trap_request=0xffffff45 fr.pc=0x0000023322e0af54 relative=0x00000000000000b4
Event: 10.122 Thread 0x00000233761e1e40 Uncommon trap: reason=unstable_if action=reinterpret pc=0x0000023322e0af54 method=org.eclipse.osgi.container.ModuleRevisionBuilder.unmodifiableMap(Ljava/util/Map;)Ljava/util/Map; @ 27 c2
Event: 10.122 Thread 0x00000233761e1e40 DEOPT PACKING pc=0x0000023322e0af54 sp=0x0000006d804f9550
Event: 10.122 Thread 0x00000233761e1e40 DEOPT UNPACKING pc=0x0000023322823aa2 sp=0x0000006d804f94d0 mode 2
Event: 10.303 Thread 0x00000233761e1e40 Uncommon trap: trap_request=0xffffff45 fr.pc=0x0000023322da6c9c relative=0x000000000000067c
Event: 10.303 Thread 0x00000233761e1e40 Uncommon trap: reason=unstable_if action=reinterpret pc=0x0000023322da6c9c method=java.lang.String.replace(Ljava/lang/CharSequence;Ljava/lang/CharSequence;)Ljava/lang/String; @ 42 c2
Event: 10.303 Thread 0x00000233761e1e40 DEOPT PACKING pc=0x0000023322da6c9c sp=0x0000006d804f72e0
Event: 10.303 Thread 0x00000233761e1e40 DEOPT UNPACKING pc=0x0000023322823aa2 sp=0x0000006d804f7260 mode 2

Classes loaded (20 events):
Event: 10.351 Loading class java/net/NetworkInterface$1
Event: 10.351 Loading class java/net/NetworkInterface$1 done
Event: 10.353 Loading class java/nio/file/Files$AcceptAllFilter
Event: 10.353 Loading class java/nio/file/DirectoryStream$Filter
Event: 10.353 Loading class java/nio/file/DirectoryStream$Filter done
Event: 10.353 Loading class java/nio/file/Files$AcceptAllFilter done
Event: 10.354 Loading class sun/nio/fs/WindowsDirectoryStream
Event: 10.354 Loading class java/nio/file/DirectoryStream
Event: 10.354 Loading class java/nio/file/DirectoryStream done
Event: 10.354 Loading class sun/nio/fs/WindowsDirectoryStream done
Event: 10.355 Loading class sun/nio/fs/WindowsDirectoryStream$WindowsDirectoryIterator
Event: 10.355 Loading class sun/nio/fs/WindowsDirectoryStream$WindowsDirectoryIterator done
Event: 10.356 Loading class sun/nio/fs/WindowsPath$WindowsPathWithAttributes
Event: 10.356 Loading class sun/nio/fs/BasicFileAttributesHolder
Event: 10.356 Loading class sun/nio/fs/BasicFileAttributesHolder done
Event: 10.357 Loading class sun/nio/fs/WindowsPath$WindowsPathWithAttributes done
Event: 10.378 Loading class sun/security/provider/AbstractDrbg$NonceProvider
Event: 10.378 Loading class sun/security/provider/AbstractDrbg$NonceProvider done
Event: 10.393 Loading class java/io/FileOutputStream$1
Event: 10.393 Loading class java/io/FileOutputStream$1 done

Classes unloaded (0 events):
No events

Classes redefined (0 events):
No events

Internal exceptions (20 events):
Event: 6.492 Thread 0x00000233761e1e40 Exception <a 'java/lang/NoSuchMethodError'{0x00000000d5c3ea08}: 'java.lang.Object java.lang.invoke.DirectMethodHandle$Holder.newInvokeSpecial(java.lang.Object, java.lang.Object, int, java.lang.Object)'> (0x00000000d5c3ea08) 
thrown [s\src\hotspot\share\interpreter\linkResolver.cpp, line 773]
Event: 6.493 Thread 0x00000233761e1e40 Exception <a 'java/lang/NoSuchMethodError'{0x00000000d5c42878}: 'java.lang.Object java.lang.invoke.DirectMethodHandle$Holder.invokeSpecial(java.lang.Object, java.lang.Object, java.lang.Object, int, java.lang.Object)'> (0x00000000d5c42878) 
thrown [s\src\hotspot\share\interpreter\linkResolver.cpp, line 773]
Event: 6.552 Thread 0x00000233761e1e40 Exception <a 'java/lang/NoClassDefFoundError'{0x00000000d5ce2ac8}: jakarta/servlet/ServletContainerInitializer> (0x00000000d5ce2ac8) 
thrown [s\src\hotspot\share\classfile\systemDictionary.cpp, line 301]
Event: 6.620 Thread 0x00000233761e1e40 Exception <a 'java/lang/ClassNotFoundException'{0x00000000d5e36e28}: sun/util/logging/resources/spi/loggingProvider> (0x00000000d5e36e28) 
thrown [s\src\hotspot\share\classfile\systemDictionary.cpp, line 312]
Event: 7.716 Thread 0x00000233761e1e40 Exception <a 'java/lang/NullPointerException'{0x00000000d643bb00}> (0x00000000d643bb00) 
thrown [s\src\hotspot\share\interpreter\linkResolver.cpp, line 1372]
Event: 7.716 Thread 0x00000233761e1e40 Exception <a 'java/lang/NullPointerException'{0x00000000d643bde0}> (0x00000000d643bde0) 
thrown [s\src\hotspot\share\interpreter\linkResolver.cpp, line 1372]
Event: 8.000 Thread 0x00000233761e1e40 Exception <a 'java/lang/NoSuchMethodError'{0x00000000d6dc2770}: 'long java.lang.invoke.DirectMethodHandle$Holder.invokeSpecial(java.lang.Object, java.lang.Object)'> (0x00000000d6dc2770) 
thrown [s\src\hotspot\share\interpreter\linkResolver.cpp, line 773]
Event: 8.029 Thread 0x00000233761e1e40 Exception <a 'java/lang/NoSuchMethodError'{0x00000000d6e7dcc8}: 'void java.lang.invoke.Invokers$Holder.invokeExact_MT(java.lang.Object, java.lang.Object, java.lang.Object)'> (0x00000000d6e7dcc8) 
thrown [s\src\hotspot\share\interpreter\linkResolver.cpp, line 773]
Event: 9.550 Thread 0x00000233761e1e40 Exception <a 'java/io/FileNotFoundException'{0x00000000d5ea8b30}> (0x00000000d5ea8b30) 
thrown [s\src\hotspot\share\prims\jni.cpp, line 520]
Event: 9.761 Thread 0x00000233761e1e40 Exception <a 'java/lang/NoSuchMethodError'{0x00000000d6354638}: 'java.lang.Object java.lang.invoke.Invokers$Holder.linkToTargetMethod(java.lang.Object, long, java.lang.Object)'> (0x00000000d6354638) 
thrown [s\src\hotspot\share\interpreter\linkResolver.cpp, line 773]
Event: 9.983 Thread 0x00000233761e1e40 Exception <a 'java/lang/NoSuchMethodError'{0x00000000d6b5d348}: 'java.lang.Object java.lang.invoke.DirectMethodHandle$Holder.invokeVirtual(java.lang.Object, java.lang.Object, java.lang.Object)'> (0x00000000d6b5d348) 
thrown [s\src\hotspot\share\interpreter\linkResolver.cpp, line 773]
Event: 9.988 Thread 0x00000233761e1e40 Exception <a 'java/lang/NoSuchMethodError'{0x00000000d6b75948}: 'java.lang.Object java.lang.invoke.DelegatingMethodHandle$Holder.reinvoke_L(java.lang.Object, java.lang.Object, java.lang.Object, java.lang.Object, int, int)'> (0x00000000d6b75948) 
thrown [s\src\hotspot\share\interpreter\linkResolver.cpp, line 773]
Event: 9.992 Thread 0x00000233761e1e40 Exception <a 'java/lang/NoSuchMethodError'{0x00000000d6b92768}: 'java.lang.Object java.lang.invoke.DirectMethodHandle$Holder.newInvokeSpecial(java.lang.Object, java.lang.Object, java.lang.Object, java.lang.Object, java.lang.Object, java.lang.Object)'> (0x00000000d6b92768) 
thrown [s\src\hotspot\share\interpreter\linkResolver.cpp, line 773]
Event: 9.998 Thread 0x00000233761e1e40 Exception <a 'java/lang/NoSuchMethodError'{0x00000000d6bbeb28}: 'void java.lang.invoke.Invokers$Holder.invokeExact_MT(java.lang.Object, java.lang.Object, java.lang.Object, java.lang.Object)'> (0x00000000d6bbeb28) 
thrown [s\src\hotspot\share\interpreter\linkResolver.cpp, line 773]
Event: 10.098 Thread 0x00000233761e1e40 Exception <a 'java/io/FileNotFoundException'{0x00000000d6e6a428}> (0x00000000d6e6a428) 
thrown [s\src\hotspot\share\prims\jni.cpp, line 520]
Event: 10.100 Thread 0x00000233761e1e40 Exception <a 'java/io/FileNotFoundException'{0x00000000d6e71e40}> (0x00000000d6e71e40) 
thrown [s\src\hotspot\share\prims\jni.cpp, line 520]
Event: 10.190 Thread 0x00000233761e1e40 Exception <a 'java/lang/NoSuchMethodError'{0x00000000d58b4600}: 'java.lang.Object java.lang.invoke.DirectMethodHandle$Holder.newInvokeSpecial(java.lang.Object, java.lang.Object, java.lang.Object, java.lang.Object, java.lang.Object)'> (0x00000000d58b4600) 
thrown [s\src\hotspot\share\interpreter\linkResolver.cpp, line 773]
Event: 10.242 Thread 0x00000233761e1e40 Exception <a 'java/lang/NoSuchMethodError'{0x00000000d5a5c460}: 'java.lang.Object java.lang.invoke.DirectMethodHandle$Holder.invokeStaticInit(java.lang.Object, int)'> (0x00000000d5a5c460) 
thrown [s\src\hotspot\share\interpreter\linkResolver.cpp, line 773]
Event: 10.310 Thread 0x00000233761e1e40 Exception <a 'java/lang/NoSuchMethodError'{0x00000000d5ccbb68}: 'java.lang.Object java.lang.invoke.DirectMethodHandle$Holder.invokeStaticInit(java.lang.Object, int, int, int, int)'> (0x00000000d5ccbb68) 
thrown [s\src\hotspot\share\interpreter\linkResolver.cpp, line 773]
Event: 10.375 Thread 0x00000233761e1e40 Exception <a 'java/lang/NoSuchMethodError'{0x00000000d5e28508}: 'java.lang.Object java.lang.invoke.DirectMethodHandle$Holder.invokeStaticInit(java.lang.Object, java.lang.Object, int, int, int, int)'> (0x00000000d5e28508) 
thrown [s\src\hotspot\share\interpreter\linkResolver.cpp, line 773]

ZGC Phase Switch (0 events):
No events

VM Operations (20 events):
Event: 7.031 Executing VM operation: ParallelGCFailedAllocation (Allocation Failure)
Event: 7.041 Executing VM operation: ParallelGCFailedAllocation (Allocation Failure) done
Event: 7.878 Executing VM operation: HandshakeAllThreads (Deoptimize)
Event: 7.878 Executing VM operation: HandshakeAllThreads (Deoptimize) done
Event: 8.029 Executing VM operation: ParallelGCFailedAllocation (Allocation Failure)
Event: 8.039 Executing VM operation: ParallelGCFailedAllocation (Allocation Failure) done
Event: 9.046 Executing VM operation: Cleanup
Event: 9.336 Executing VM operation: Cleanup done
Event: 10.101 Executing VM operation: ParallelGCFailedAllocation (Allocation Failure)
Event: 10.107 Executing VM operation: ParallelGCFailedAllocation (Allocation Failure) done
Event: 10.126 Executing VM operation: HandshakeAllThreads (Deoptimize)
Event: 10.126 Executing VM operation: HandshakeAllThreads (Deoptimize) done
Event: 10.258 Executing VM operation: HandshakeAllThreads (Deoptimize)
Event: 10.259 Executing VM operation: HandshakeAllThreads (Deoptimize) done
Event: 10.336 Executing VM operation: HandshakeAllThreads (Deoptimize)
Event: 10.336 Executing VM operation: HandshakeAllThreads (Deoptimize) done
Event: 10.357 Executing VM operation: HandshakeAllThreads (Deoptimize)
Event: 10.357 Executing VM operation: HandshakeAllThreads (Deoptimize) done
Event: 11.358 Executing VM operation: Cleanup
Event: 11.358 Executing VM operation: Cleanup done

Memory protections (0 events):
No events

Nmethod flushes (0 events):
No events

Events (20 events):
Event: 0.109 Thread 0x00000233180a98d0 Thread added: 0x00000233719961b0
Event: 0.110 Thread 0x00000233180a98d0 Thread added: 0x0000023371996e00
Event: 0.110 Thread 0x00000233180a98d0 Thread added: 0x000002337199cd20
Event: 0.110 Thread 0x00000233180a98d0 Thread added: 0x00000233719a1f30
Event: 0.110 Thread 0x00000233180a98d0 Thread added: 0x00000233719a7a90
Event: 0.111 Thread 0x00000233180a98d0 Thread added: 0x00000233719ae780
Event: 0.178 Thread 0x00000233180a98d0 Thread added: 0x0000023371a76ff0
Event: 0.236 Thread 0x00000233719a7a90 Thread added: 0x0000023371aa3e80
Event: 0.677 Thread 0x0000023371aa3e80 Thread exited: 0x0000023371aa3e80
Event: 0.825 Thread 0x00000233180a98d0 Thread added: 0x0000023371cdfd10
Event: 1.102 Thread 0x00000233719a7a90 Thread added: 0x0000023371d70bf0
Event: 5.781 Thread 0x00000233180a98d0 Thread added: 0x0000023376738e90
Event: 6.225 Thread 0x00000233180a98d0 Thread added: 0x000002337637aa90
Event: 6.324 Thread 0x000002337637aa90 Thread added: 0x000002337655d3a0
Event: 6.333 Thread 0x00000233180a98d0 Thread added: 0x00000233761e1e40
Event: 7.101 Thread 0x00000233761e1e40 Thread added: 0x0000023376958fa0
Event: 7.676 Thread 0x0000023371d70bf0 Thread exited: 0x0000023371d70bf0
Event: 7.854 Thread 0x00000233761e1e40 Thread added: 0x00000233769588a0
Event: 8.300 Thread 0x00000233719ae780 Thread added: 0x00000233762ba470
Event: 9.840 Thread 0x00000233761e1e40 Thread added: 0x00000233766bc3a0


Dynamic libraries:
0x00007ff656c90000 - 0x00007ff656c9e000 	c:\Users\jaywa\.vscode\extensions\redhat.java-1.46.0-win32-x64\jre\21.0.8-win32-x86_64\bin\java.exe
0x00007ffb4c740000 - 0x00007ffb4c9a8000 	C:\WINDOWS\SYSTEM32\ntdll.dll
0x00007ffb4ad30000 - 0x00007ffb4adf9000 	C:\WINDOWS\System32\KERNEL32.DLL
0x00007ffb49a40000 - 0x00007ffb49e32000 	C:\WINDOWS\System32\KERNELBASE.dll
0x00007ffb49e40000 - 0x00007ffb49f8b000 	C:\WINDOWS\System32\ucrtbase.dll
0x00007ffb357b0000 - 0x00007ffb357c8000 	c:\Users\jaywa\.vscode\extensions\redhat.java-1.46.0-win32-x64\jre\21.0.8-win32-x86_64\bin\jli.dll
0x00007ffb356f0000 - 0x00007ffb3570e000 	c:\Users\jaywa\.vscode\extensions\redhat.java-1.46.0-win32-x64\jre\21.0.8-win32-x86_64\bin\VCRUNTIME140.dll
0x00007ffb4b270000 - 0x00007ffb4b435000 	C:\WINDOWS\System32\USER32.dll
0x00007ffb49f90000 - 0x00007ffb49fb7000 	C:\WINDOWS\System32\win32u.dll
0x00007ffb2d820000 - 0x00007ffb2dab3000 	C:\WINDOWS\WinSxS\amd64_microsoft.windows.common-controls_6595b64144ccf1df_6.0.26100.6899_none_3e0efeeae32e88c1\COMCTL32.dll
0x00007ffb4ae00000 - 0x00007ffb4ae2b000 	C:\WINDOWS\System32\GDI32.dll
0x00007ffb4c4c0000 - 0x00007ffb4c569000 	C:\WINDOWS\System32\msvcrt.dll
0x00007ffb4a3e0000 - 0x00007ffb4a50d000 	C:\WINDOWS\System32\gdi32full.dll
0x00007ffb498d0000 - 0x00007ffb49973000 	C:\WINDOWS\System32\msvcp_win.dll
0x00007ffb4c570000 - 0x00007ffb4c59f000 	C:\WINDOWS\System32\IMM32.DLL
0x00007ffb42440000 - 0x00007ffb4244c000 	c:\Users\jaywa\.vscode\extensions\redhat.java-1.46.0-win32-x64\jre\21.0.8-win32-x86_64\bin\vcruntime140_1.dll
0x00007ffb1fa90000 - 0x00007ffb1fb1d000 	c:\Users\jaywa\.vscode\extensions\redhat.java-1.46.0-win32-x64\jre\21.0.8-win32-x86_64\bin\msvcp140.dll
0x00007ffae6340000 - 0x00007ffae70d7000 	c:\Users\jaywa\.vscode\extensions\redhat.java-1.46.0-win32-x64\jre\21.0.8-win32-x86_64\bin\server\jvm.dll
0x00007ffb4ae30000 - 0x00007ffb4aee4000 	C:\WINDOWS\System32\ADVAPI32.dll
0x00007ffb4b450000 - 0x00007ffb4b4f6000 	C:\WINDOWS\System32\sechost.dll
0x00007ffb4ac10000 - 0x00007ffb4ad28000 	C:\WINDOWS\System32\RPCRT4.dll
0x00007ffb4a830000 - 0x00007ffb4a8a4000 	C:\WINDOWS\System32\WS2_32.dll
0x00007ffb49750000 - 0x00007ffb497ae000 	C:\WINDOWS\SYSTEM32\POWRPROF.dll
0x00007ffb41ab0000 - 0x00007ffb41abb000 	C:\WINDOWS\SYSTEM32\VERSION.dll
0x00007ffb40a10000 - 0x00007ffb40a45000 	C:\WINDOWS\SYSTEM32\WINMM.dll
0x00007ffb49730000 - 0x00007ffb49744000 	C:\WINDOWS\SYSTEM32\UMPDC.dll
0x00007ffb486a0000 - 0x00007ffb486bb000 	C:\WINDOWS\SYSTEM32\kernel.appcore.dll
0x00007ffb41360000 - 0x00007ffb4136a000 	c:\Users\jaywa\.vscode\extensions\redhat.java-1.46.0-win32-x64\jre\21.0.8-win32-x86_64\bin\jimage.dll
0x00007ffb3ce50000 - 0x00007ffb3d092000 	C:\WINDOWS\SYSTEM32\DBGHELP.DLL
0x00007ffb4aef0000 - 0x00007ffb4b26b000 	C:\WINDOWS\System32\combase.dll
0x00007ffb4a960000 - 0x00007ffb4aa37000 	C:\WINDOWS\System32\OLEAUT32.dll
0x00007ffb284e0000 - 0x00007ffb2851c000 	C:\WINDOWS\SYSTEM32\dbgcore.DLL
0x00007ffb49fc0000 - 0x00007ffb4a058000 	C:\WINDOWS\System32\bcryptPrimitives.dll
0x00007ffb41150000 - 0x00007ffb4115f000 	c:\Users\jaywa\.vscode\extensions\redhat.java-1.46.0-win32-x64\jre\21.0.8-win32-x86_64\bin\instrument.dll
0x00007ffb35420000 - 0x00007ffb3543f000 	c:\Users\jaywa\.vscode\extensions\redhat.java-1.46.0-win32-x64\jre\21.0.8-win32-x86_64\bin\java.dll
0x00007ffb4b500000 - 0x00007ffb4bc4d000 	C:\WINDOWS\System32\SHELL32.dll
0x00007ffb4a270000 - 0x00007ffb4a3db000 	C:\WINDOWS\System32\wintypes.dll
0x00007ffb47510000 - 0x00007ffb47d6d000 	C:\WINDOWS\SYSTEM32\windows.storage.dll
0x00007ffb4ab10000 - 0x00007ffb4ac02000 	C:\WINDOWS\System32\SHCORE.dll
0x00007ffb4a510000 - 0x00007ffb4a572000 	C:\WINDOWS\System32\shlwapi.dll
0x00007ffb497f0000 - 0x00007ffb49819000 	C:\WINDOWS\SYSTEM32\profapi.dll
0x00007ffb2efd0000 - 0x00007ffb2efe8000 	c:\Users\jaywa\.vscode\extensions\redhat.java-1.46.0-win32-x64\jre\21.0.8-win32-x86_64\bin\zip.dll
0x00007ffb41100000 - 0x00007ffb41110000 	C:\Users\jaywa\.vscode\extensions\redhat.java-1.46.0-win32-x64\jre\21.0.8-win32-x86_64\bin\net.dll
0x00007ffb41480000 - 0x00007ffb4159f000 	C:\WINDOWS\SYSTEM32\WINHTTP.dll
0x00007ffb48c10000 - 0x00007ffb48c7b000 	C:\WINDOWS\system32\mswsock.dll
0x00007ffb2e160000 - 0x00007ffb2e176000 	C:\Users\jaywa\.vscode\extensions\redhat.java-1.46.0-win32-x64\jre\21.0.8-win32-x86_64\bin\nio.dll
0x00007ffb35650000 - 0x00007ffb35660000 	c:\Users\jaywa\.vscode\extensions\redhat.java-1.46.0-win32-x64\jre\21.0.8-win32-x86_64\bin\verify.dll
0x00007ffb24090000 - 0x00007ffb240d4000 	C:\Users\jaywa\AppData\Roaming\Code\User\globalStorage\redhat.java\1.46.0\config_win\org.eclipse.equinox.launcher\org.eclipse.equinox.launcher.win32.win32.x86_64_1.2.1400.v20250801-0854\eclipse_11916.dll
0x00007ffb4be30000 - 0x00007ffb4bfc8000 	C:\WINDOWS\System32\ole32.dll
0x00007ffb48ed0000 - 0x00007ffb48eeb000 	C:\WINDOWS\SYSTEM32\CRYPTSP.dll
0x00007ffb48600000 - 0x00007ffb4863b000 	C:\WINDOWS\system32\rsaenh.dll
0x00007ffb48cb0000 - 0x00007ffb48cdb000 	C:\WINDOWS\SYSTEM32\USERENV.dll
0x00007ffb497c0000 - 0x00007ffb497e6000 	C:\WINDOWS\SYSTEM32\bcrypt.dll
0x00007ffb48ec0000 - 0x00007ffb48ecc000 	C:\WINDOWS\SYSTEM32\CRYPTBASE.dll
0x00007ffb48120000 - 0x00007ffb48154000 	C:\WINDOWS\SYSTEM32\IPHLPAPI.DLL
0x00007ffb4a820000 - 0x00007ffb4a82a000 	C:\WINDOWS\System32\NSI.dll
0x00007ffaea6c0000 - 0x00007ffaea709000 	C:\Users\jaywa\AppData\Local\Temp\jna-100903020\jna1560196774128603577.dll
0x00007ffb4a780000 - 0x00007ffb4a788000 	C:\WINDOWS\System32\PSAPI.DLL

JVMTI agents:
c:\Users\jaywa\.vscode\extensions\redhat.java-1.46.0-win32-x64\lombok\lombok-1.18.39-4050.jar path:c:\Users\jaywa\.vscode\extensions\redhat.java-1.46.0-win32-x64\jre\21.0.8-win32-x86_64\bin\instrument.dll, loaded, initialized, instrumentlib options:none

dbghelp: loaded successfully - version: 4.0.5 - missing functions: none
symbol engine: initialized successfully - sym options: 0x614 - pdb path: .;c:\Users\jaywa\.vscode\extensions\redhat.java-1.46.0-win32-x64\jre\21.0.8-win32-x86_64\bin;C:\WINDOWS\SYSTEM32;C:\WINDOWS\WinSxS\amd64_microsoft.windows.common-controls_6595b64144ccf1df_6.0.26100.6899_none_3e0efeeae32e88c1;c:\Users\jaywa\.vscode\extensions\redhat.java-1.46.0-win32-x64\jre\21.0.8-win32-x86_64\bin\server;C:\Users\jaywa\AppData\Roaming\Code\User\globalStorage\redhat.java\1.46.0\config_win\org.eclipse.equinox.launcher\org.eclipse.equinox.launcher.win32.win32.x86_64_1.2.1400.v20250801-0854;C:\Users\jaywa\AppData\Local\Temp\jna-100903020

VM Arguments:
jvm_args: --add-modules=ALL-SYSTEM --add-opens=java.base/java.util=ALL-UNNAMED --add-opens=java.base/java.lang=ALL-UNNAMED --add-opens=java.base/sun.nio.fs=ALL-UNNAMED -Declipse.application=org.eclipse.jdt.ls.core.id1 -Dosgi.bundles.defaultStartLevel=4 -Declipse.product=org.eclipse.jdt.ls.core.product -Djava.import.generatesMetadataFilesAtProjectRoot=false -DDetectVMInstallationsJob.disabled=true -Dfile.encoding=utf8 -XX:+UseParallelGC -XX:GCTimeRatio=4 -XX:AdaptiveSizePolicyWeight=90 -Dsun.zip.disableMemoryMapping=true -Xmx2G -Xms100m -Xlog:disable -javaagent:c:\Users\jaywa\.vscode\extensions\redhat.java-1.46.0-win32-x64\lombok\lombok-1.18.39-4050.jar -XX:+HeapDumpOnOutOfMemoryError -XX:HeapDumpPath=c:\Users\jaywa\AppData\Roaming\Code\User\workspaceStorage\9444b7f9f2e8a8aa4566e18311caa4e0\redhat.java -Daether.dependencyCollector.impl=bf 
java_command: c:\Users\jaywa\.vscode\extensions\redhat.java-1.46.0-win32-x64\server\plugins\org.eclipse.equinox.launcher_1.7.0.v20250519-0528.jar -configuration c:\Users\jaywa\AppData\Roaming\Code\User\globalStorage\redhat.java\1.46.0\config_win -data c:\Users\jaywa\AppData\Roaming\Code\User\workspaceStorage\9444b7f9f2e8a8aa4566e18311caa4e0\redhat.java\jdt_ws --pipe=\\.\pipe\lsp-6f2aa5f9a4364207c47a209868cadd4a-sock
java_class_path (initial): c:\Users\jaywa\.vscode\extensions\redhat.java-1.46.0-win32-x64\server\plugins\org.eclipse.equinox.launcher_1.7.0.v20250519-0528.jar
Launcher Type: SUN_STANDARD

[Global flags]
    uintx AdaptiveSizePolicyWeight                 = 90                                        {product} {command line}
     intx CICompilerCount                          = 4                                         {product} {ergonomic}
    uintx GCTimeRatio                              = 4                                         {product} {command line}
     bool HeapDumpOnOutOfMemoryError               = true                                   {manageable} {command line}
    ccstr HeapDumpPath                             = c:\Users\jaywa\AppData\Roaming\Code\User\workspaceStorage\9444b7f9f2e8a8aa4566e18311caa4e0\redhat.java         {manageable} {command line}
   size_t InitialHeapSize                          = 104857600                                 {product} {command line}
   size_t MaxHeapSize                              = 2147483648                                {product} {command line}
   size_t MaxNewSize                               = 715653120                                 {product} {ergonomic}
   size_t MinHeapDeltaBytes                        = 524288                                    {product} {ergonomic}
   size_t MinHeapSize                              = 104857600                                 {product} {command line}
   size_t NewSize                                  = 34603008                                  {product} {ergonomic}
    uintx NonNMethodCodeHeapSize                   = 5839372                                {pd product} {ergonomic}
    uintx NonProfiledCodeHeapSize                  = 122909434                              {pd product} {ergonomic}
   size_t OldSize                                  = 70254592                                  {product} {ergonomic}
    uintx ProfiledCodeHeapSize                     = 122909434                              {pd product} {ergonomic}
    uintx ReservedCodeCacheSize                    = 251658240                              {pd product} {ergonomic}
     bool SegmentedCodeCache                       = true                                      {product} {ergonomic}
   size_t SoftMaxHeapSize                          = 2147483648                             {manageable} {ergonomic}
     bool UseCompressedOops                        = true                           {product lp64_product} {ergonomic}
     bool UseLargePagesIndividualAllocation        = false                                  {pd product} {ergonomic}
     bool UseParallelGC                            = true                                      {product} {command line}

Logging:
Log output configuration:
 #0: stdout all=off uptime,level,tags foldmultilines=false
 #1: stderr all=off uptime,level,tags foldmultilines=false

Environment Variables:
JAVA_HOME=C:\Program Files\Java\jdk-17
PATH=C:\Program Files\Common Files\Oracle\Java\javapath;C:\WINDOWS\system32;C:\WINDOWS;C:\WINDOWS\System32\Wbem;C:\WINDOWS\System32\WindowsPowerShell\v1.0\;C:\WINDOWS\System32\OpenSSH\;C:\Program Files\nodejs\;C:\Program Files\Java\jdk-17\bin;;C:\Program Files\Docker\Docker\resources\bin;C:\Program Files\MySQL\MySQL Shell 8.0\bin\;C:\Users\jaywa\AppData\Local\Microsoft\WindowsApps;C:\Users\jaywa\AppData\Local\Programs\Microsoft VS Code\bin;C:\Users\jaywa\AppData\Roaming\npm;C:\Program Files\Git\bin;C:\Program Files\Git\cmd;C:\Program Files\Java\jdk-17\bin;C:\Users\jaywa\AppData\Local\Programs\cursor\resources\app\bin;C:\Users\jaywa\AppData\Local\Programs\Kiro\bin;C:\Users\jaywa\AppData\Local\Programs\Windsurf\bin;C:\Users\jaywa\AppData\Local\Programs\Qoder\bin
USERNAME=jaywa
OS=Windows_NT
PROCESSOR_IDENTIFIER=AMD64 Family 25 Model 80 Stepping 0, AuthenticAMD
TMP=C:\Users\jaywa\AppData\Local\Temp
TEMP=C:\Users\jaywa\AppData\Local\Temp




Periodic native trim disabled

---------------  S Y S T E M  ---------------

OS:
 Windows 11 , 64 bit Build 26100 (10.0.26100.6725)
OS uptime: 6 days 10:07 hours
Hyper-V role detected

CPU: total 12 (initial active 12) (12 cores per cpu, 2 threads per core) family 25 model 80 stepping 0 microcode 0xa500011, cx8, cmov, fxsr, ht, mmx, 3dnowpref, sse, sse2, sse3, ssse3, sse4a, sse4.1, sse4.2, popcnt, lzcnt, tsc, tscinvbit, avx, avx2, aes, erms, clmul, bmi1, bmi2, adx, sha, fma, vzeroupper, clflush, clflushopt, hv, rdtscp, rdpid, fsrm, f16c, cet_ss
Processor Information for the first 12 processors :
  Max Mhz: 3301, Current Mhz: 1908, Mhz Limit: 3301

Memory: 4k page, system-wide physical 7521M (430M free)
TotalPageFile size 31073M (AvailPageFile size 96M)
current process WorkingSet (physical memory assigned to process): 128M, peak: 130M
current process commit charge ("private bytes"): 275M, peak: 279M

vm_info: OpenJDK 64-Bit Server VM (21.0.8+9-LTS) for windows-amd64 JRE (21.0.8+9-LTS), built on 2025-07-15T00:00:00Z by "admin" with MS VC++ 17.7 (VS2022)

END.
