#
# There is insufficient memory for the Java Runtime Environment to continue.
# Native memory allocation (malloc) failed to allocate 2389744 bytes. Error detail: Chunk::new
# Possible reasons:
#   The system is out of physical RAM or swap space
#   This process is running with CompressedOops enabled, and the Java Heap may be blocking the growth of the native heap
# Possible solutions:
#   Reduce memory load on the system
#   Increase physical memory or swap space
#   Check if swap backing store is full
#   Decrease Java heap size (-Xmx/-Xms)
#   Decrease number of Java threads
#   Decrease Java thread stack sizes (-Xss)
#   Set larger code cache with -XX:ReservedCodeCacheSize=
#   JVM is running with Unscaled Compressed Oops mode in which the Java heap is
#     placed in the first 4GB address space. The Java Heap base address is the
#     maximum limit for the native heap growth. Please use -XX:HeapBaseMinAddress
#     to set the Java Heap base and to place the Java Heap above 4GB virtual address.
# This output file may be truncated or incomplete.
#
#  Out of Memory Error (arena.cpp:168), pid=11548, tid=28360
#
# JRE version: OpenJDK Runtime Environment Temurin-21.0.8+9 (21.0.8+9) (build 21.0.8+9-LTS)
# Java VM: OpenJDK 64-Bit Server VM Temurin-21.0.8+9 (21.0.8+9-LTS, mixed mode, sharing, tiered, compressed oops, compressed class ptrs, parallel gc, windows-amd64)
# No core dump will be written. Minidumps are not enabled by default on client versions of Windows
#

---------------  S U M M A R Y ------------

Command Line: --add-modules=ALL-SYSTEM --add-opens=java.base/java.util=ALL-UNNAMED --add-opens=java.base/java.lang=ALL-UNNAMED --add-opens=java.base/sun.nio.fs=ALL-UNNAMED -Declipse.application=org.eclipse.jdt.ls.core.id1 -Dosgi.bundles.defaultStartLevel=4 -Declipse.product=org.eclipse.jdt.ls.core.product -Djava.import.generatesMetadataFilesAtProjectRoot=false -DDetectVMInstallationsJob.disabled=true -Dfile.encoding=utf8 -XX:+UseParallelGC -XX:GCTimeRatio=4 -XX:AdaptiveSizePolicyWeight=90 -Dsun.zip.disableMemoryMapping=true -Xmx2G -Xms100m -Xlog:disable -javaagent:c:\Users\jaywa\.vscode\extensions\redhat.java-1.46.0-win32-x64\lombok\lombok-1.18.39-4050.jar -XX:+HeapDumpOnOutOfMemoryError -XX:HeapDumpPath=c:\Users\jaywa\AppData\Roaming\Code\User\workspaceStorage\9444b7f9f2e8a8aa4566e18311caa4e0\redhat.java -Daether.dependencyCollector.impl=bf c:\Users\jaywa\.vscode\extensions\redhat.java-1.46.0-win32-x64\server\plugins\org.eclipse.equinox.launcher_1.7.0.v20250519-0528.jar -configuration c:\Users\jaywa\AppData\Roaming\Code\User\globalStorage\redhat.java\1.46.0\config_win -data c:\Users\jaywa\AppData\Roaming\Code\User\workspaceStorage\9444b7f9f2e8a8aa4566e18311caa4e0\redhat.java\jdt_ws --pipe=\\.\pipe\lsp-819de8f7d9156313744be4a984e8bb9a-sock

Host: AMD Ryzen 5 5600H with Radeon Graphics         , 12 cores, 7G,  Windows 11 , 64 bit Build 26100 (10.0.26100.6725)
Time: Wed Oct 29 10:53:57 2025 India Standard Time elapsed time: 36.467981 seconds (0d 0h 0m 36s)

---------------  T H R E A D  ---------------

Current thread (0x000001b17a35f100):  JavaThread "C2 CompilerThread0" daemon [_thread_in_native, id=28360, stack(0x000000782a300000,0x000000782a400000) (1024K)]


Current CompileTask:
C2:36468 9044 %     4       java.util.Properties::load0 @ 29 (249 bytes)

Stack: [0x000000782a300000,0x000000782a400000]
Native frames: (J=compiled Java code, j=interpreted, Vv=VM code, C=native code)
V  [jvm.dll+0x6d2449]
V  [jvm.dll+0x8ae341]
V  [jvm.dll+0x8b08be]
V  [jvm.dll+0x8b0fa3]
V  [jvm.dll+0x280c96]
V  [jvm.dll+0xc581d]
V  [jvm.dll+0xc5d53]
V  [jvm.dll+0x3b919c]
V  [jvm.dll+0x1e1409]
V  [jvm.dll+0x249022]
V  [jvm.dll+0x2484af]
V  [jvm.dll+0x1c89ee]
V  [jvm.dll+0x257d4d]
V  [jvm.dll+0x2562ea]
V  [jvm.dll+0x3f2d16]
V  [jvm.dll+0x857e6b]
V  [jvm.dll+0x6d0b0d]
C  [ucrtbase.dll+0x37b0]
C  [KERNEL32.DLL+0x2e8d7]
C  [ntdll.dll+0x8c53c]


---------------  P R O C E S S  ---------------

Threads class SMR info:
_java_thread_list=0x000001b152b909d0, length=68, elements={
0x000001b16e97b610, 0x000001b17a3544b0, 0x000001b17834d0f0, 0x000001b17a357810,
0x000001b17a358590, 0x000001b17a3591e0, 0x000001b17a35bc40, 0x000001b17a35f100,
0x000001b17a3d3e10, 0x000001b16e9ea1e0, 0x000001b17a67b340, 0x000001b17ab5a770,
0x000001b17ac5d180, 0x000001b17acba4a0, 0x000001b17acbb1b0, 0x000001b15007c9b0,
0x000001b17adac650, 0x000001b150289440, 0x000001b15028a160, 0x000001b15028ae80,
0x000001b150288db0, 0x000001b15028a7f0, 0x000001b150287a00, 0x000001b150288090,
0x000001b150289ad0, 0x000001b15330ec60, 0x000001b15330df40, 0x000001b15330e5d0,
0x000001b15330f2f0, 0x000001b15330f980, 0x000001b153310010, 0x000001b15330d8b0,
0x000001b153312e00, 0x000001b153312770, 0x000001b1533120e0, 0x000001b153311a50,
0x000001b153313490, 0x000001b153313b20, 0x000001b1533113c0, 0x000001b1533106a0,
0x000001b153310d30, 0x000001b1533141b0, 0x000001b153314ed0, 0x000001b153314840,
0x000001b1540f7f70, 0x000001b1540f4af0, 0x000001b1540f6530, 0x000001b1540f6bc0,
0x000001b1540f5180, 0x000001b1540f8c90, 0x000001b1540f5810, 0x000001b1540f5ea0,
0x000001b1540fa6d0, 0x000001b1540fa040, 0x000001b1540fad60, 0x000001b1540f78e0,
0x000001b1540fb3f0, 0x000001b1540fba80, 0x000001b1540fc110, 0x000001b15398d080,
0x000001b15398c9f0, 0x000001b15398bcd0, 0x000001b15398d710, 0x000001b15398afb0,
0x000001b15398dda0, 0x000001b15398e430, 0x000001b1524c2a70, 0x000001b153507e70
}

Java Threads: ( => current thread )
  0x000001b16e97b610 JavaThread "main"                              [_thread_blocked, id=26484, stack(0x0000007829900000,0x0000007829a00000) (1024K)]
  0x000001b17a3544b0 JavaThread "Reference Handler"          daemon [_thread_blocked, id=32352, stack(0x0000007829d00000,0x0000007829e00000) (1024K)]
  0x000001b17834d0f0 JavaThread "Finalizer"                  daemon [_thread_blocked, id=28892, stack(0x0000007829e00000,0x0000007829f00000) (1024K)]
  0x000001b17a357810 JavaThread "Signal Dispatcher"          daemon [_thread_blocked, id=30380, stack(0x0000007829f00000,0x000000782a000000) (1024K)]
  0x000001b17a358590 JavaThread "Attach Listener"            daemon [_thread_blocked, id=33260, stack(0x000000782a000000,0x000000782a100000) (1024K)]
  0x000001b17a3591e0 JavaThread "Service Thread"             daemon [_thread_blocked, id=29184, stack(0x000000782a100000,0x000000782a200000) (1024K)]
  0x000001b17a35bc40 JavaThread "Monitor Deflation Thread"   daemon [_thread_blocked, id=33096, stack(0x000000782a200000,0x000000782a300000) (1024K)]
=>0x000001b17a35f100 JavaThread "C2 CompilerThread0"         daemon [_thread_in_native, id=28360, stack(0x000000782a300000,0x000000782a400000) (1024K)]
  0x000001b17a3d3e10 JavaThread "C1 CompilerThread0"         daemon [_thread_in_vm, id=6164, stack(0x000000782a400000,0x000000782a500000) (1024K)]
  0x000001b16e9ea1e0 JavaThread "Common-Cleaner"             daemon [_thread_blocked, id=29872, stack(0x000000782a500000,0x000000782a600000) (1024K)]
  0x000001b17a67b340 JavaThread "Notification Thread"        daemon [_thread_blocked, id=17492, stack(0x000000782a600000,0x000000782a700000) (1024K)]
  0x000001b17ab5a770 JavaThread "Active Thread: Equinox Container: e51951a9-ec69-413d-830b-0b79396046e3"        [_thread_blocked, id=19124, stack(0x000000782ae00000,0x000000782af00000) (1024K)]
  0x000001b17ac5d180 JavaThread "Refresh Thread: Equinox Container: e51951a9-ec69-413d-830b-0b79396046e3" daemon [_thread_blocked, id=26996, stack(0x000000782b000000,0x000000782b100000) (1024K)]
  0x000001b17acba4a0 JavaThread "Framework Event Dispatcher: Equinox Container: e51951a9-ec69-413d-830b-0b79396046e3" daemon [_thread_blocked, id=7640, stack(0x000000782b100000,0x000000782b200000) (1024K)]
  0x000001b17acbb1b0 JavaThread "Start Level: Equinox Container: e51951a9-ec69-413d-830b-0b79396046e3" daemon [_thread_blocked, id=8324, stack(0x000000782b200000,0x000000782b300000) (1024K)]
  0x000001b15007c9b0 JavaThread "Bundle File Closer"         daemon [_thread_blocked, id=13332, stack(0x000000782b600000,0x000000782b700000) (1024K)]
  0x000001b17adac650 JavaThread "SCR Component Actor"        daemon [_thread_blocked, id=29784, stack(0x000000782ad00000,0x000000782ae00000) (1024K)]
  0x000001b150289440 JavaThread "Worker-JM"                         [_thread_blocked, id=21240, stack(0x000000782b300000,0x000000782b400000) (1024K)]
  0x000001b15028a160 JavaThread "JNA Cleaner"                daemon [_thread_blocked, id=34404, stack(0x000000782b700000,0x000000782b800000) (1024K)]
  0x000001b15028ae80 JavaThread "Worker-0: Initialize workspace"        [_thread_blocked, id=4312, stack(0x000000782b800000,0x000000782b900000) (1024K)]
  0x000001b150288db0 JavaThread "Worker-1: Update Maven project configuration"        [_thread_in_native, id=26392, stack(0x000000782b900000,0x000000782ba00000) (1024K)]
  0x000001b15028a7f0 JavaThread "Java indexing"              daemon [_thread_blocked, id=29364, stack(0x000000782bc00000,0x000000782bd00000) (1024K)]
  0x000001b150287a00 JavaThread "Worker-2"                          [_thread_blocked, id=22168, stack(0x000000782bd00000,0x000000782be00000) (1024K)]
  0x000001b150288090 JavaThread "Worker-3: Refreshing workspace"        [_thread_blocked, id=21420, stack(0x000000782be00000,0x000000782bf00000) (1024K)]
  0x000001b150289ad0 JavaThread "Worker-4"                          [_thread_blocked, id=30192, stack(0x000000782c100000,0x000000782c200000) (1024K)]
  0x000001b15330ec60 JavaThread "Thread-1"                   daemon [_thread_in_native, id=17820, stack(0x000000782c200000,0x000000782c300000) (1024K)]
  0x000001b15330df40 JavaThread "Thread-2"                   daemon [_thread_in_native, id=3344, stack(0x000000782c300000,0x000000782c400000) (1024K)]
  0x000001b15330e5d0 JavaThread "Thread-3"                   daemon [_thread_in_native, id=26372, stack(0x000000782c400000,0x000000782c500000) (1024K)]
  0x000001b15330f2f0 JavaThread "Thread-4"                   daemon [_thread_in_native, id=33156, stack(0x000000782c500000,0x000000782c600000) (1024K)]
  0x000001b15330f980 JavaThread "Thread-5"                   daemon [_thread_in_native, id=28584, stack(0x000000782c600000,0x000000782c700000) (1024K)]
  0x000001b153310010 JavaThread "Thread-6"                   daemon [_thread_in_native, id=25528, stack(0x000000782c700000,0x000000782c800000) (1024K)]
  0x000001b15330d8b0 JavaThread "Thread-7"                   daemon [_thread_in_native, id=32636, stack(0x000000782c800000,0x000000782c900000) (1024K)]
  0x000001b153312e00 JavaThread "Thread-8"                   daemon [_thread_in_native, id=3088, stack(0x000000782c900000,0x000000782ca00000) (1024K)]
  0x000001b153312770 JavaThread "Thread-9"                   daemon [_thread_in_native, id=27556, stack(0x000000782ca00000,0x000000782cb00000) (1024K)]
  0x000001b1533120e0 JavaThread "Thread-10"                  daemon [_thread_in_native, id=13128, stack(0x000000782cb00000,0x000000782cc00000) (1024K)]
  0x000001b153311a50 JavaThread "Thread-11"                  daemon [_thread_in_native, id=15340, stack(0x000000782cc00000,0x000000782cd00000) (1024K)]
  0x000001b153313490 JavaThread "Thread-12"                  daemon [_thread_in_native, id=28280, stack(0x000000782cd00000,0x000000782ce00000) (1024K)]
  0x000001b153313b20 JavaThread "Thread-13"                  daemon [_thread_in_native, id=16616, stack(0x000000782ce00000,0x000000782cf00000) (1024K)]
  0x000001b1533113c0 JavaThread "pool-2-thread-1"                   [_thread_blocked, id=3632, stack(0x000000782cf00000,0x000000782d000000) (1024K)]
  0x000001b1533106a0 JavaThread "WorkspaceEventsHandler"            [_thread_blocked, id=20180, stack(0x000000782d100000,0x000000782d200000) (1024K)]
  0x000001b153310d30 JavaThread "pool-1-thread-1"                   [_thread_blocked, id=11152, stack(0x000000782d200000,0x000000782d300000) (1024K)]
  0x000001b1533141b0 JavaThread "ForkJoinPool.commonPool-worker-1" daemon [_thread_blocked, id=3052, stack(0x000000782d300000,0x000000782d400000) (1024K)]
  0x000001b153314ed0 JavaThread "ForkJoinPool.commonPool-worker-2" daemon [_thread_in_vm, id=21856, stack(0x000000782d400000,0x000000782d500000) (1024K)]
  0x000001b153314840 JavaThread "ForkJoinPool.commonPool-worker-3" daemon [_thread_in_Java, id=7832, stack(0x000000782d500000,0x000000782d600000) (1024K)]
  0x000001b1540f7f70 JavaThread "ForkJoinPool.commonPool-worker-4" daemon [_thread_blocked, id=34316, stack(0x000000782d600000,0x000000782d700000) (1024K)]
  0x000001b1540f4af0 JavaThread "ForkJoinPool.commonPool-worker-5" daemon [_thread_blocked, id=24724, stack(0x000000782d700000,0x000000782d800000) (1024K)]
  0x000001b1540f6530 JavaThread "ForkJoinPool.commonPool-worker-7" daemon [_thread_blocked, id=12924, stack(0x000000782d800000,0x000000782d900000) (1024K)]
  0x000001b1540f6bc0 JavaThread "ForkJoinPool.commonPool-worker-6" daemon [_thread_blocked, id=29108, stack(0x000000782d900000,0x000000782da00000) (1024K)]
  0x000001b1540f5180 JavaThread "ForkJoinPool.commonPool-worker-8" daemon [_thread_blocked, id=29540, stack(0x000000782da00000,0x000000782db00000) (1024K)]
  0x000001b1540f8c90 JavaThread "ForkJoinPool.commonPool-worker-9" daemon [_thread_blocked, id=7528, stack(0x000000782db00000,0x000000782dc00000) (1024K)]
  0x000001b1540f5810 JavaThread "ForkJoinPool.commonPool-worker-10" daemon [_thread_blocked, id=23260, stack(0x000000782dc00000,0x000000782dd00000) (1024K)]
  0x000001b1540f5ea0 JavaThread "ForkJoinPool.commonPool-worker-11" daemon [_thread_blocked, id=32392, stack(0x000000782dd00000,0x000000782de00000) (1024K)]
  0x000001b1540fa6d0 JavaThread "Equinox resolver thread - Equinox Container: e51951a9-ec69-413d-830b-0b79396046e3" daemon [_thread_blocked, id=33796, stack(0x000000782bb00000,0x000000782bc00000) (1024K)]
  0x000001b1540fa040 JavaThread "Equinox resolver thread - Equinox Container: e51951a9-ec69-413d-830b-0b79396046e3" daemon [_thread_blocked, id=30024, stack(0x000000782df00000,0x000000782e000000) (1024K)]
  0x000001b1540fad60 JavaThread "Equinox resolver thread - Equinox Container: e51951a9-ec69-413d-830b-0b79396046e3" daemon [_thread_blocked, id=26168, stack(0x000000782e000000,0x000000782e100000) (1024K)]
  0x000001b1540f78e0 JavaThread "Equinox resolver thread - Equinox Container: e51951a9-ec69-413d-830b-0b79396046e3" daemon [_thread_blocked, id=21632, stack(0x000000782e100000,0x000000782e200000) (1024K)]
  0x000001b1540fb3f0 JavaThread "Equinox resolver thread - Equinox Container: e51951a9-ec69-413d-830b-0b79396046e3" daemon [_thread_blocked, id=32216, stack(0x000000782e200000,0x000000782e300000) (1024K)]
  0x000001b1540fba80 JavaThread "Equinox resolver thread - Equinox Container: e51951a9-ec69-413d-830b-0b79396046e3" daemon [_thread_blocked, id=15848, stack(0x000000782e300000,0x000000782e400000) (1024K)]
  0x000001b1540fc110 JavaThread "Equinox resolver thread - Equinox Container: e51951a9-ec69-413d-830b-0b79396046e3" daemon [_thread_blocked, id=19112, stack(0x000000782e400000,0x000000782e500000) (1024K)]
  0x000001b15398d080 JavaThread "Equinox resolver thread - Equinox Container: e51951a9-ec69-413d-830b-0b79396046e3" daemon [_thread_blocked, id=26236, stack(0x000000782e500000,0x000000782e600000) (1024K)]
  0x000001b15398c9f0 JavaThread "Equinox resolver thread - Equinox Container: e51951a9-ec69-413d-830b-0b79396046e3" daemon [_thread_blocked, id=18704, stack(0x000000782e600000,0x000000782e700000) (1024K)]
  0x000001b15398bcd0 JavaThread "Equinox resolver thread - Equinox Container: e51951a9-ec69-413d-830b-0b79396046e3" daemon [_thread_blocked, id=28020, stack(0x000000782e700000,0x000000782e800000) (1024K)]
  0x000001b15398d710 JavaThread "Equinox resolver thread - Equinox Container: e51951a9-ec69-413d-830b-0b79396046e3" daemon [_thread_blocked, id=10656, stack(0x000000782e800000,0x000000782e900000) (1024K)]
  0x000001b15398afb0 JavaThread "Equinox resolver thread - Equinox Container: e51951a9-ec69-413d-830b-0b79396046e3" daemon [_thread_blocked, id=33140, stack(0x000000782e900000,0x000000782ea00000) (1024K)]
  0x000001b15398dda0 JavaThread "Worker-5: Publish Diagnostics"        [_thread_in_Java, id=7932, stack(0x000000782de00000,0x000000782df00000) (1024K)]
  0x000001b15398e430 JavaThread "Worker-6"                          [_thread_blocked, id=2328, stack(0x000000782ea00000,0x000000782eb00000) (1024K)]
  0x000001b1524c2a70 JavaThread "C2 CompilerThread1"         daemon [_thread_in_native, id=6696, stack(0x000000782ba00000,0x000000782bb00000) (1024K)]
  0x000001b153507e70 JavaThread "C2 CompilerThread2"         daemon [_thread_in_native, id=21600, stack(0x000000782eb00000,0x000000782ec00000) (1024K)]
Total: 68

Other Threads:
  0x000001b178333740 VMThread "VM Thread"                           [id=18992, stack(0x0000007829c00000,0x0000007829d00000) (1024K)]
  0x000001b17822ca00 WatcherThread "VM Periodic Task Thread"        [id=28412, stack(0x0000007829b00000,0x0000007829c00000) (1024K)]
  0x000001b16e99a980 WorkerThread "GC Thread#0"                     [id=28080, stack(0x0000007829a00000,0x0000007829b00000) (1024K)]
  0x000001b17a7004a0 WorkerThread "GC Thread#1"                     [id=21664, stack(0x000000782a700000,0x000000782a800000) (1024K)]
  0x000001b17a6c5920 WorkerThread "GC Thread#2"                     [id=6568, stack(0x000000782a800000,0x000000782a900000) (1024K)]
  0x000001b17a700840 WorkerThread "GC Thread#3"                     [id=27808, stack(0x000000782a900000,0x000000782aa00000) (1024K)]
  0x000001b17a700be0 WorkerThread "GC Thread#4"                     [id=34436, stack(0x000000782aa00000,0x000000782ab00000) (1024K)]
  0x000001b17a7c74d0 WorkerThread "GC Thread#5"                     [id=10196, stack(0x000000782ab00000,0x000000782ac00000) (1024K)]
  0x000001b17a7c7870 WorkerThread "GC Thread#6"                     [id=1336, stack(0x000000782ac00000,0x000000782ad00000) (1024K)]
  0x000001b17ac5cde0 WorkerThread "GC Thread#7"                     [id=33112, stack(0x000000782af00000,0x000000782b000000) (1024K)]
  0x000001b17ad5ddb0 WorkerThread "GC Thread#8"                     [id=22692, stack(0x000000782b400000,0x000000782b500000) (1024K)]
  0x000001b17ad5e890 WorkerThread "GC Thread#9"                     [id=21944, stack(0x000000782b500000,0x000000782b600000) (1024K)]
Total: 12

Threads with active compile tasks:
C2 CompilerThread0  36529 9044 %     4       java.util.Properties::load0 @ 29 (249 bytes)
C1 CompilerThread0  36529 9284       3       org.eclipse.jdt.internal.core.OverflowingLRUCache::updateTimestamp (43 bytes)
C2 CompilerThread1  36529 9206       4       java.lang.invoke.DirectMethodHandle::make (275 bytes)
C2 CompilerThread2  36529 9222       4       org.eclipse.core.runtime.Path::computeSegments (163 bytes)
Total: 4

VM state: not at safepoint (normal execution)

VM Mutex/Monitor currently owned by a thread: None

Heap address: 0x0000000080000000, size: 2048 MB, Compressed Oops mode: 32-bit

CDS archive(s) mapped at: [0x000001b10f000000-0x000001b10fba0000-0x000001b10fba0000), size 12189696, SharedBaseAddress: 0x000001b10f000000, ArchiveRelocationMode: 1.
Compressed class space mapped at: 0x000001b110000000-0x000001b150000000, reserved size: 1073741824
Narrow klass base: 0x000001b10f000000, Narrow klass shift: 0, Narrow klass range: 0x100000000

GC Precious Log:
 CardTable entry size: 512
 CPUs: 12 total, 12 available
 Memory: 7521M
 Large Page Support: Disabled
 NUMA Support: Disabled
 Compressed Oops: Enabled (32-bit)
 Alignments: Space 512K, Generation 512K, Heap 2M
 Heap Min Capacity: 100M
 Heap Initial Capacity: 100M
 Heap Max Capacity: 2G
 Pre-touch: Disabled
 Parallel Workers: 10

Heap:
 PSYoungGen      total 14848K, used 1782K [0x00000000d5580000, 0x00000000d6700000, 0x0000000100000000)
  eden space 13824K, 5% used [0x00000000d5580000,0x00000000d5645970,0x00000000d6300000)
  from space 1024K, 96% used [0x00000000d6300000,0x00000000d63f8040,0x00000000d6400000)
  to   space 2048K, 0% used [0x00000000d6500000,0x00000000d6500000,0x00000000d6700000)
 ParOldGen       total 68608K, used 51206K [0x0000000080000000, 0x0000000084300000, 0x00000000d5580000)
  object space 68608K, 74% used [0x0000000080000000,0x0000000083201bd8,0x0000000084300000)
 Metaspace       used 62666K, committed 64256K, reserved 1114112K
  class space    used 6835K, committed 7488K, reserved 1048576K

Card table byte_map: [0x000001b173660000,0x000001b173a70000] _byte_map_base: 0x000001b173260000

Marking Bits: (ParMarkBitMap*) 0x00007ffae6ffa340
 Begin Bits: [0x000001b173d20000, 0x000001b175d20000)
 End Bits:   [0x000001b175d20000, 0x000001b177d20000)

Polling page: 0x000001b170300000

Metaspace:

Usage:
  Non-class:     54.52 MB used.
      Class:      6.67 MB used.
       Both:     61.20 MB used.

Virtual space:
  Non-class space:       64.00 MB reserved,      55.44 MB ( 87%) committed,  1 nodes.
      Class space:        1.00 GB reserved,       7.31 MB ( <1%) committed,  1 nodes.
             Both:        1.06 GB reserved,      62.75 MB (  6%) committed. 

Chunk freelists:
   Non-Class:  8.47 MB
       Class:  8.53 MB
        Both:  17.00 MB

MaxMetaspaceSize: unlimited
CompressedClassSpaceSize: 1.00 GB
Initial GC threshold: 21.00 MB
Current GC threshold: 97.31 MB
CDS: on
 - commit_granule_bytes: 65536.
 - commit_granule_words: 8192.
 - virtual_space_node_default_size: 8388608.
 - enlarge_chunks_in_place: 1.
 - use_allocation_guard: 0.


Internal statistics:

num_allocs_failed_limit: 9.
num_arena_births: 1124.
num_arena_deaths: 14.
num_vsnodes_births: 2.
num_vsnodes_deaths: 0.
num_space_committed: 1004.
num_space_uncommitted: 0.
num_chunks_returned_to_freelist: 23.
num_chunks_taken_from_freelist: 3934.
num_chunk_merges: 15.
num_chunk_splits: 2370.
num_chunks_enlarged: 1281.
num_inconsistent_stats: 0.

CodeHeap 'non-profiled nmethods': size=120000Kb used=4958Kb max_used=4958Kb free=115041Kb
 bounds [0x000001b107ad0000, 0x000001b107fb0000, 0x000001b10f000000]
CodeHeap 'profiled nmethods': size=120000Kb used=17498Kb max_used=17498Kb free=102501Kb
 bounds [0x000001b100000000, 0x000001b101120000, 0x000001b107530000]
CodeHeap 'non-nmethods': size=5760Kb used=1453Kb max_used=1469Kb free=4306Kb
 bounds [0x000001b107530000, 0x000001b1077a0000, 0x000001b107ad0000]
CodeCache: size=245760Kb, used=23909Kb, max_used=23925Kb, free=221848Kb
 total_blobs=9280, nmethods=8514, adapters=672, full_count=0
Compilation: enabled, stopped_count=0, restarted_count=0

Compilation events (20 events):
Event: 35.420 Thread 0x000001b17a3d3e10 9238       3       org.eclipse.jdt.internal.core.util.LRUCache::privateAddEntry (87 bytes)
Event: 35.420 Thread 0x000001b17a3d3e10 nmethod 9238 0x000001b1010f7a90 code [0x000001b1010f7c40, 0x000001b1010f7f58]
Event: 35.420 Thread 0x000001b17a3d3e10 9239       3       org.eclipse.jdt.internal.compiler.util.ObjectVector::elementAt (7 bytes)
Event: 35.421 Thread 0x000001b17a3d3e10 nmethod 9239 0x000001b1010f8090 code [0x000001b1010f8240, 0x000001b1010f8378]
Event: 35.421 Thread 0x000001b17a3d3e10 9240       1       org.eclipse.jdt.internal.compiler.classfmt.ModuleInfo$PackageExportInfo::targets (5 bytes)
Event: 35.421 Thread 0x000001b17a3d3e10 nmethod 9240 0x000001b107fa5290 code [0x000001b107fa5420, 0x000001b107fa54e8]
Event: 35.421 Thread 0x000001b17a3d3e10 9241       1       org.eclipse.jdt.internal.core.OpenableElementInfo::getModule (5 bytes)
Event: 35.421 Thread 0x000001b17a3d3e10 nmethod 9241 0x000001b107fa5590 code [0x000001b107fa5720, 0x000001b107fa57e8]
Event: 35.421 Thread 0x000001b17a3d3e10 9243       1       org.eclipse.jdt.internal.core.AbstractModule::getElementType (3 bytes)
Event: 35.421 Thread 0x000001b17a3d3e10 nmethod 9243 0x000001b107fa5890 code [0x000001b107fa5a20, 0x000001b107fa5ae8]
Event: 35.421 Thread 0x000001b17a3d3e10 9244       1       org.eclipse.jdt.internal.compiler.classfmt.ModuleInfo::exports (5 bytes)
Event: 35.421 Thread 0x000001b17a3d3e10 nmethod 9244 0x000001b107fa5b90 code [0x000001b107fa5d20, 0x000001b107fa5de8]
Event: 35.421 Thread 0x000001b17a3d3e10 9242       1       org.eclipse.jdt.internal.core.JrtPackageFragmentRoot::isComplianceJava9OrHigher (2 bytes)
Event: 35.421 Thread 0x000001b17a3d3e10 nmethod 9242 0x000001b107fa5e90 code [0x000001b107fa6020, 0x000001b107fa60e8]
Event: 35.422 Thread 0x000001b17a3d3e10 9247       3       sun.nio.fs.WindowsPath::normalize (365 bytes)
Event: 35.427 Thread 0x000001b17a3d3e10 nmethod 9247 0x000001b1010f8490 code [0x000001b1010f8980, 0x000001b1010fb2b8]
Event: 35.428 Thread 0x000001b17a3d3e10 9253       3       jdk.internal.jrtfs.JrtPath::match (50 bytes)
Event: 35.428 Thread 0x000001b17a3d3e10 nmethod 9253 0x000001b1010fc190 code [0x000001b1010fc340, 0x000001b1010fc5b0]
Event: 35.428 Thread 0x000001b17a3d3e10 9248   !   3       org.eclipse.jdt.internal.compiler.classfmt.ClassFileReader::<init> (1968 bytes)
Event: 35.460 Thread 0x000001b17a3d3e10 nmethod 9248 0x000001b1010fc690 code [0x000001b1010fd0c0, 0x000001b101104fe8]

GC Heap History (20 events):
Event: 31.692 GC heap before
{Heap before GC invocations=34 (full 2):
 PSYoungGen      total 16896K, used 16704K [0x00000000d5580000, 0x00000000d6800000, 0x0000000100000000)
  eden space 14848K, 100% used [0x00000000d5580000,0x00000000d6400000,0x00000000d6400000)
  from space 2048K, 90% used [0x00000000d6400000,0x00000000d65d0010,0x00000000d6600000)
  to   space 2048K, 0% used [0x00000000d6600000,0x00000000d6600000,0x00000000d6800000)
 ParOldGen       total 68608K, used 49084K [0x0000000080000000, 0x0000000084300000, 0x00000000d5580000)
  object space 68608K, 71% used [0x0000000080000000,0x0000000082fef3b8,0x0000000084300000)
 Metaspace       used 55073K, committed 56448K, reserved 1114112K
  class space    used 6070K, committed 6656K, reserved 1048576K
}
Event: 31.696 GC heap after
{Heap after GC invocations=34 (full 2):
 PSYoungGen      total 16896K, used 1528K [0x00000000d5580000, 0x00000000d6800000, 0x0000000100000000)
  eden space 14848K, 0% used [0x00000000d5580000,0x00000000d5580000,0x00000000d6400000)
  from space 2048K, 74% used [0x00000000d6600000,0x00000000d677e200,0x00000000d6800000)
  to   space 2048K, 0% used [0x00000000d6400000,0x00000000d6400000,0x00000000d6600000)
 ParOldGen       total 68608K, used 50784K [0x0000000080000000, 0x0000000084300000, 0x00000000d5580000)
  object space 68608K, 74% used [0x0000000080000000,0x00000000831983d8,0x0000000084300000)
 Metaspace       used 55073K, committed 56448K, reserved 1114112K
  class space    used 6070K, committed 6656K, reserved 1048576K
}
Event: 31.878 GC heap before
{Heap before GC invocations=35 (full 2):
 PSYoungGen      total 16896K, used 16376K [0x00000000d5580000, 0x00000000d6800000, 0x0000000100000000)
  eden space 14848K, 100% used [0x00000000d5580000,0x00000000d6400000,0x00000000d6400000)
  from space 2048K, 74% used [0x00000000d6600000,0x00000000d677e200,0x00000000d6800000)
  to   space 2048K, 0% used [0x00000000d6400000,0x00000000d6400000,0x00000000d6600000)
 ParOldGen       total 68608K, used 50784K [0x0000000080000000, 0x0000000084300000, 0x00000000d5580000)
  object space 68608K, 74% used [0x0000000080000000,0x00000000831983d8,0x0000000084300000)
 Metaspace       used 55256K, committed 56640K, reserved 1114112K
  class space    used 6093K, committed 6656K, reserved 1048576K
}
Event: 31.882 GC heap after
{Heap after GC invocations=35 (full 2):
 PSYoungGen      total 16384K, used 1280K [0x00000000d5580000, 0x00000000d6700000, 0x0000000100000000)
  eden space 14848K, 0% used [0x00000000d5580000,0x00000000d5580000,0x00000000d6400000)
  from space 1536K, 83% used [0x00000000d6400000,0x00000000d6540000,0x00000000d6580000)
  to   space 1536K, 0% used [0x00000000d6580000,0x00000000d6580000,0x00000000d6700000)
 ParOldGen       total 68608K, used 52217K [0x0000000080000000, 0x0000000084300000, 0x00000000d5580000)
  object space 68608K, 76% used [0x0000000080000000,0x00000000832fe5d8,0x0000000084300000)
 Metaspace       used 55256K, committed 56640K, reserved 1114112K
  class space    used 6093K, committed 6656K, reserved 1048576K
}
Event: 32.483 GC heap before
{Heap before GC invocations=36 (full 2):
 PSYoungGen      total 16384K, used 16128K [0x00000000d5580000, 0x00000000d6700000, 0x0000000100000000)
  eden space 14848K, 100% used [0x00000000d5580000,0x00000000d6400000,0x00000000d6400000)
  from space 1536K, 83% used [0x00000000d6400000,0x00000000d6540000,0x00000000d6580000)
  to   space 1536K, 0% used [0x00000000d6580000,0x00000000d6580000,0x00000000d6700000)
 ParOldGen       total 68608K, used 52217K [0x0000000080000000, 0x0000000084300000, 0x00000000d5580000)
  object space 68608K, 76% used [0x0000000080000000,0x00000000832fe5d8,0x0000000084300000)
 Metaspace       used 56870K, committed 58176K, reserved 1114112K
  class space    used 6298K, committed 6848K, reserved 1048576K
}
Event: 32.487 GC heap after
{Heap after GC invocations=36 (full 2):
 PSYoungGen      total 16384K, used 1061K [0x00000000d5580000, 0x00000000d6700000, 0x0000000100000000)
  eden space 14848K, 0% used [0x00000000d5580000,0x00000000d5580000,0x00000000d6400000)
  from space 1536K, 69% used [0x00000000d6580000,0x00000000d6689558,0x00000000d6700000)
  to   space 1536K, 0% used [0x00000000d6400000,0x00000000d6400000,0x00000000d6580000)
 ParOldGen       total 68608K, used 53353K [0x0000000080000000, 0x0000000084300000, 0x00000000d5580000)
  object space 68608K, 77% used [0x0000000080000000,0x000000008341a5d8,0x0000000084300000)
 Metaspace       used 56870K, committed 58176K, reserved 1114112K
  class space    used 6298K, committed 6848K, reserved 1048576K
}
Event: 33.045 GC heap before
{Heap before GC invocations=37 (full 2):
 PSYoungGen      total 16384K, used 15909K [0x00000000d5580000, 0x00000000d6700000, 0x0000000100000000)
  eden space 14848K, 100% used [0x00000000d5580000,0x00000000d6400000,0x00000000d6400000)
  from space 1536K, 69% used [0x00000000d6580000,0x00000000d6689558,0x00000000d6700000)
  to   space 1536K, 0% used [0x00000000d6400000,0x00000000d6400000,0x00000000d6580000)
 ParOldGen       total 68608K, used 53353K [0x0000000080000000, 0x0000000084300000, 0x00000000d5580000)
  object space 68608K, 77% used [0x0000000080000000,0x000000008341a5d8,0x0000000084300000)
 Metaspace       used 57208K, committed 58560K, reserved 1114112K
  class space    used 6362K, committed 6912K, reserved 1048576K
}
Event: 33.048 GC heap after
{Heap after GC invocations=37 (full 2):
 PSYoungGen      total 15872K, used 576K [0x00000000d5580000, 0x00000000d6600000, 0x0000000100000000)
  eden space 14848K, 0% used [0x00000000d5580000,0x00000000d5580000,0x00000000d6400000)
  from space 1024K, 56% used [0x00000000d6400000,0x00000000d6490000,0x00000000d6500000)
  to   space 1024K, 0% used [0x00000000d6500000,0x00000000d6500000,0x00000000d6600000)
 ParOldGen       total 68608K, used 54324K [0x0000000080000000, 0x0000000084300000, 0x00000000d5580000)
  object space 68608K, 79% used [0x0000000080000000,0x000000008350d1f0,0x0000000084300000)
 Metaspace       used 57208K, committed 58560K, reserved 1114112K
  class space    used 6362K, committed 6912K, reserved 1048576K
}
Event: 33.433 GC heap before
{Heap before GC invocations=38 (full 2):
 PSYoungGen      total 15872K, used 15424K [0x00000000d5580000, 0x00000000d6600000, 0x0000000100000000)
  eden space 14848K, 100% used [0x00000000d5580000,0x00000000d6400000,0x00000000d6400000)
  from space 1024K, 56% used [0x00000000d6400000,0x00000000d6490000,0x00000000d6500000)
  to   space 1024K, 0% used [0x00000000d6500000,0x00000000d6500000,0x00000000d6600000)
 ParOldGen       total 68608K, used 54324K [0x0000000080000000, 0x0000000084300000, 0x00000000d5580000)
  object space 68608K, 79% used [0x0000000080000000,0x000000008350d1f0,0x0000000084300000)
 Metaspace       used 57688K, committed 59072K, reserved 1114112K
  class space    used 6392K, committed 6976K, reserved 1048576K
}
Event: 33.435 GC heap after
{Heap after GC invocations=38 (full 2):
 PSYoungGen      total 14848K, used 1024K [0x00000000d5580000, 0x00000000d6800000, 0x0000000100000000)
  eden space 13824K, 0% used [0x00000000d5580000,0x00000000d5580000,0x00000000d6300000)
  from space 1024K, 100% used [0x00000000d6500000,0x00000000d6600000,0x00000000d6600000)
  to   space 2048K, 0% used [0x00000000d6300000,0x00000000d6300000,0x00000000d6500000)
 ParOldGen       total 68608K, used 54812K [0x0000000080000000, 0x0000000084300000, 0x00000000d5580000)
  object space 68608K, 79% used [0x0000000080000000,0x0000000083587200,0x0000000084300000)
 Metaspace       used 57688K, committed 59072K, reserved 1114112K
  class space    used 6392K, committed 6976K, reserved 1048576K
}
Event: 33.780 GC heap before
{Heap before GC invocations=39 (full 2):
 PSYoungGen      total 14848K, used 14848K [0x00000000d5580000, 0x00000000d6800000, 0x0000000100000000)
  eden space 13824K, 100% used [0x00000000d5580000,0x00000000d6300000,0x00000000d6300000)
  from space 1024K, 100% used [0x00000000d6500000,0x00000000d6600000,0x00000000d6600000)
  to   space 2048K, 0% used [0x00000000d6300000,0x00000000d6300000,0x00000000d6500000)
 ParOldGen       total 68608K, used 54812K [0x0000000080000000, 0x0000000084300000, 0x00000000d5580000)
  object space 68608K, 79% used [0x0000000080000000,0x0000000083587200,0x0000000084300000)
 Metaspace       used 58048K, committed 59392K, reserved 1114112K
  class space    used 6430K, committed 6976K, reserved 1048576K
}
Event: 33.783 GC heap after
{Heap after GC invocations=39 (full 2):
 PSYoungGen      total 14848K, used 544K [0x00000000d5580000, 0x00000000d6580000, 0x0000000100000000)
  eden space 13824K, 0% used [0x00000000d5580000,0x00000000d5580000,0x00000000d6300000)
  from space 1024K, 53% used [0x00000000d6300000,0x00000000d6388000,0x00000000d6400000)
  to   space 1024K, 0% used [0x00000000d6480000,0x00000000d6480000,0x00000000d6580000)
 ParOldGen       total 68608K, used 55786K [0x0000000080000000, 0x0000000084300000, 0x00000000d5580000)
  object space 68608K, 81% used [0x0000000080000000,0x000000008367a9f0,0x0000000084300000)
 Metaspace       used 58048K, committed 59392K, reserved 1114112K
  class space    used 6430K, committed 6976K, reserved 1048576K
}
Event: 34.030 GC heap before
{Heap before GC invocations=40 (full 2):
 PSYoungGen      total 14848K, used 12536K [0x00000000d5580000, 0x00000000d6580000, 0x0000000100000000)
  eden space 13824K, 86% used [0x00000000d5580000,0x00000000d61362e0,0x00000000d6300000)
  from space 1024K, 53% used [0x00000000d6300000,0x00000000d6388000,0x00000000d6400000)
  to   space 1024K, 0% used [0x00000000d6480000,0x00000000d6480000,0x00000000d6580000)
 ParOldGen       total 68608K, used 55786K [0x0000000080000000, 0x0000000084300000, 0x00000000d5580000)
  object space 68608K, 81% used [0x0000000080000000,0x000000008367a9f0,0x0000000084300000)
 Metaspace       used 58393K, committed 59776K, reserved 1114112K
  class space    used 6455K, committed 7040K, reserved 1048576K
}
Event: 34.033 GC heap after
{Heap after GC invocations=40 (full 2):
 PSYoungGen      total 14848K, used 992K [0x00000000d5580000, 0x00000000d6600000, 0x0000000100000000)
  eden space 13824K, 0% used [0x00000000d5580000,0x00000000d5580000,0x00000000d6300000)
  from space 1024K, 96% used [0x00000000d6480000,0x00000000d6578010,0x00000000d6580000)
  to   space 1536K, 0% used [0x00000000d6300000,0x00000000d6300000,0x00000000d6480000)
 ParOldGen       total 68608K, used 56170K [0x0000000080000000, 0x0000000084300000, 0x00000000d5580000)
  object space 68608K, 81% used [0x0000000080000000,0x00000000836da9f0,0x0000000084300000)
 Metaspace       used 58393K, committed 59776K, reserved 1114112K
  class space    used 6455K, committed 7040K, reserved 1048576K
}
Event: 34.034 GC heap before
{Heap before GC invocations=41 (full 3):
 PSYoungGen      total 14848K, used 992K [0x00000000d5580000, 0x00000000d6600000, 0x0000000100000000)
  eden space 13824K, 0% used [0x00000000d5580000,0x00000000d5580000,0x00000000d6300000)
  from space 1024K, 96% used [0x00000000d6480000,0x00000000d6578010,0x00000000d6580000)
  to   space 1536K, 0% used [0x00000000d6300000,0x00000000d6300000,0x00000000d6480000)
 ParOldGen       total 68608K, used 56170K [0x0000000080000000, 0x0000000084300000, 0x00000000d5580000)
  object space 68608K, 81% used [0x0000000080000000,0x00000000836da9f0,0x0000000084300000)
 Metaspace       used 58393K, committed 59776K, reserved 1114112K
  class space    used 6455K, committed 7040K, reserved 1048576K
}
Event: 34.180 GC heap after
{Heap after GC invocations=41 (full 3):
 PSYoungGen      total 14848K, used 0K [0x00000000d5580000, 0x00000000d6600000, 0x0000000100000000)
  eden space 13824K, 0% used [0x00000000d5580000,0x00000000d5580000,0x00000000d6300000)
  from space 1024K, 0% used [0x00000000d6480000,0x00000000d6480000,0x00000000d6580000)
  to   space 1536K, 0% used [0x00000000d6300000,0x00000000d6300000,0x00000000d6480000)
 ParOldGen       total 68608K, used 49896K [0x0000000080000000, 0x0000000084300000, 0x00000000d5580000)
  object space 68608K, 72% used [0x0000000080000000,0x00000000830ba258,0x0000000084300000)
 Metaspace       used 58393K, committed 59776K, reserved 1114112K
  class space    used 6455K, committed 7040K, reserved 1048576K
}
Event: 34.481 GC heap before
{Heap before GC invocations=42 (full 3):
 PSYoungGen      total 14848K, used 13824K [0x00000000d5580000, 0x00000000d6600000, 0x0000000100000000)
  eden space 13824K, 100% used [0x00000000d5580000,0x00000000d6300000,0x00000000d6300000)
  from space 1024K, 0% used [0x00000000d6480000,0x00000000d6480000,0x00000000d6580000)
  to   space 1536K, 0% used [0x00000000d6300000,0x00000000d6300000,0x00000000d6480000)
 ParOldGen       total 68608K, used 49896K [0x0000000080000000, 0x0000000084300000, 0x00000000d5580000)
  object space 68608K, 72% used [0x0000000080000000,0x00000000830ba258,0x0000000084300000)
 Metaspace       used 59300K, committed 60672K, reserved 1114112K
  class space    used 6537K, committed 7104K, reserved 1048576K
}
Event: 34.482 GC heap after
{Heap after GC invocations=42 (full 3):
 PSYoungGen      total 14848K, used 672K [0x00000000d5580000, 0x00000000d6500000, 0x0000000100000000)
  eden space 13824K, 0% used [0x00000000d5580000,0x00000000d5580000,0x00000000d6300000)
  from space 1024K, 65% used [0x00000000d6300000,0x00000000d63a8000,0x00000000d6400000)
  to   space 1024K, 0% used [0x00000000d6400000,0x00000000d6400000,0x00000000d6500000)
 ParOldGen       total 68608K, used 49904K [0x0000000080000000, 0x0000000084300000, 0x00000000d5580000)
  object space 68608K, 72% used [0x0000000080000000,0x00000000830bc258,0x0000000084300000)
 Metaspace       used 59300K, committed 60672K, reserved 1114112K
  class space    used 6537K, committed 7104K, reserved 1048576K
}
Event: 34.881 GC heap before
{Heap before GC invocations=43 (full 3):
 PSYoungGen      total 14848K, used 14496K [0x00000000d5580000, 0x00000000d6500000, 0x0000000100000000)
  eden space 13824K, 100% used [0x00000000d5580000,0x00000000d6300000,0x00000000d6300000)
  from space 1024K, 65% used [0x00000000d6300000,0x00000000d63a8000,0x00000000d6400000)
  to   space 1024K, 0% used [0x00000000d6400000,0x00000000d6400000,0x00000000d6500000)
 ParOldGen       total 68608K, used 49904K [0x0000000080000000, 0x0000000084300000, 0x00000000d5580000)
  object space 68608K, 72% used [0x0000000080000000,0x00000000830bc258,0x0000000084300000)
 Metaspace       used 60878K, committed 62336K, reserved 1114112K
  class space    used 6701K, committed 7360K, reserved 1048576K
}
Event: 34.884 GC heap after
{Heap after GC invocations=43 (full 3):
 PSYoungGen      total 14848K, used 960K [0x00000000d5580000, 0x00000000d6500000, 0x0000000100000000)
  eden space 13824K, 0% used [0x00000000d5580000,0x00000000d5580000,0x00000000d6300000)
  from space 1024K, 93% used [0x00000000d6400000,0x00000000d64f0020,0x00000000d6500000)
  to   space 1024K, 0% used [0x00000000d6300000,0x00000000d6300000,0x00000000d6400000)
 ParOldGen       total 68608K, used 50472K [0x0000000080000000, 0x0000000084300000, 0x00000000d5580000)
  object space 68608K, 73% used [0x0000000080000000,0x000000008314a258,0x0000000084300000)
 Metaspace       used 60878K, committed 62336K, reserved 1114112K
  class space    used 6701K, committed 7360K, reserved 1048576K
}

Dll operation events (12 events):
Event: 0.039 Loaded shared library c:\Users\jaywa\.vscode\extensions\redhat.java-1.46.0-win32-x64\jre\21.0.8-win32-x86_64\bin\java.dll
Event: 0.627 Loaded shared library c:\Users\jaywa\.vscode\extensions\redhat.java-1.46.0-win32-x64\jre\21.0.8-win32-x86_64\bin\zip.dll
Event: 0.837 Loaded shared library C:\Users\jaywa\.vscode\extensions\redhat.java-1.46.0-win32-x64\jre\21.0.8-win32-x86_64\bin\instrument.dll
Event: 0.858 Loaded shared library C:\Users\jaywa\.vscode\extensions\redhat.java-1.46.0-win32-x64\jre\21.0.8-win32-x86_64\bin\net.dll
Event: 0.871 Loaded shared library C:\Users\jaywa\.vscode\extensions\redhat.java-1.46.0-win32-x64\jre\21.0.8-win32-x86_64\bin\nio.dll
Event: 0.934 Loaded shared library C:\Users\jaywa\.vscode\extensions\redhat.java-1.46.0-win32-x64\jre\21.0.8-win32-x86_64\bin\zip.dll
Event: 1.168 Loaded shared library C:\Users\jaywa\.vscode\extensions\redhat.java-1.46.0-win32-x64\jre\21.0.8-win32-x86_64\bin\jimage.dll
Event: 1.612 Loaded shared library c:\Users\jaywa\.vscode\extensions\redhat.java-1.46.0-win32-x64\jre\21.0.8-win32-x86_64\bin\verify.dll
Event: 6.596 Loaded shared library C:\Users\jaywa\AppData\Roaming\Code\User\globalStorage\redhat.java\1.46.0\config_win\org.eclipse.equinox.launcher\org.eclipse.equinox.launcher.win32.win32.x86_64_1.2.1400.v20250801-0854\eclipse_11916.dll
Event: 11.005 Loaded shared library C:\Users\jaywa\AppData\Local\Temp\jna-100903020\jna8554360241539522931.dll
Event: 16.535 Loaded shared library C:\Users\jaywa\.vscode\extensions\redhat.java-1.46.0-win32-x64\jre\21.0.8-win32-x86_64\bin\sunmscapi.dll
Event: 16.810 Loaded shared library C:\Users\jaywa\.vscode\extensions\redhat.java-1.46.0-win32-x64\jre\21.0.8-win32-x86_64\bin\extnet.dll

Deoptimization events (20 events):
Event: 34.982 Thread 0x000001b150288db0 Uncommon trap: trap_request=0xffffff45 fr.pc=0x000001b107d390b4 relative=0x00000000000003b4
Event: 34.982 Thread 0x000001b150288db0 Uncommon trap: reason=unstable_if action=reinterpret pc=0x000001b107d390b4 method=java.lang.ThreadLocal$ThreadLocalMap.set(Ljava/lang/ThreadLocal;Ljava/lang/Object;)V @ 116 c2
Event: 34.982 Thread 0x000001b150288db0 DEOPT PACKING pc=0x000001b107d390b4 sp=0x000000782b9fdfc0
Event: 34.983 Thread 0x000001b150288db0 DEOPT UNPACKING pc=0x000001b107583aa2 sp=0x000000782b9fde78 mode 2
Event: 35.264 Thread 0x000001b153314ed0 Uncommon trap: trap_request=0xffffffc6 fr.pc=0x000001b107f1b344 relative=0x0000000000000d24
Event: 35.264 Thread 0x000001b153314ed0 Uncommon trap: reason=bimorphic_or_optimized_type_check action=maybe_recompile pc=0x000001b107f1b344 method=java.util.concurrent.ConcurrentHashMap.putVal(Ljava/lang/Object;Ljava/lang/Object;Z)Ljava/lang/Object; @ 242 c2
Event: 35.264 Thread 0x000001b153314ed0 DEOPT PACKING pc=0x000001b107f1b344 sp=0x000000782d4fe650
Event: 35.265 Thread 0x000001b153314ed0 DEOPT UNPACKING pc=0x000001b107583aa2 sp=0x000000782d4fe5c0 mode 2
Event: 35.329 Thread 0x000001b1533141b0 Uncommon trap: trap_request=0xffffff45 fr.pc=0x000001b107f86910 relative=0x0000000000000f30
Event: 35.330 Thread 0x000001b1533141b0 Uncommon trap: reason=unstable_if action=reinterpret pc=0x000001b107f86910 method=org.eclipse.core.runtime.Path.computeLength()I @ 92 c2
Event: 35.330 Thread 0x000001b1533141b0 DEOPT PACKING pc=0x000001b107f86910 sp=0x000000782d3fe3a0
Event: 35.330 Thread 0x000001b1533141b0 DEOPT UNPACKING pc=0x000001b107583aa2 sp=0x000000782d3fe2e0 mode 2
Event: 35.336 Thread 0x000001b1533141b0 Uncommon trap: trap_request=0xffffff45 fr.pc=0x000001b107dd24f0 relative=0x00000000000012b0
Event: 35.336 Thread 0x000001b1533141b0 Uncommon trap: reason=unstable_if action=reinterpret pc=0x000001b107dd24f0 method=sun.nio.fs.WindowsPathParser.normalize(Ljava/lang/StringBuilder;Ljava/lang/String;I)Ljava/lang/String; @ 100 c2
Event: 35.337 Thread 0x000001b1533141b0 DEOPT PACKING pc=0x000001b107dd24f0 sp=0x000000782d3fe2b0
Event: 35.337 Thread 0x000001b1533141b0 DEOPT UNPACKING pc=0x000001b107583aa2 sp=0x000000782d3fe2a0 mode 2
Event: 35.339 Thread 0x000001b1533141b0 Uncommon trap: trap_request=0xffffff45 fr.pc=0x000001b107b7f36c relative=0x000000000000004c
Event: 35.339 Thread 0x000001b1533141b0 Uncommon trap: reason=unstable_if action=reinterpret pc=0x000001b107b7f36c method=sun.nio.fs.WindowsPathParser.isSlash(C)Z @ 9 c2
Event: 35.339 Thread 0x000001b1533141b0 DEOPT PACKING pc=0x000001b107b7f36c sp=0x000000782d3fdfc0
Event: 35.339 Thread 0x000001b1533141b0 DEOPT UNPACKING pc=0x000001b107583aa2 sp=0x000000782d3fdf48 mode 2

Classes loaded (20 events):
Event: 33.948 Loading class java/util/regex/Pattern$Caret
Event: 33.949 Loading class java/util/regex/Pattern$Caret done
Event: 34.352 Loading class java/util/Hashtable$ValueCollection
Event: 34.352 Loading class java/util/Hashtable$ValueCollection done
Event: 34.671 Loading class java/io/SequenceInputStream
Event: 34.672 Loading class java/io/SequenceInputStream done
Event: 34.759 Loading class java/util/concurrent/CompletableFuture$UniApply
Event: 34.761 Loading class java/util/concurrent/CompletableFuture$UniApply done
Event: 34.762 Loading class java/util/concurrent/CompletableFuture$UniExceptionally
Event: 34.762 Loading class java/util/concurrent/CompletableFuture$UniExceptionally done
Event: 34.976 Loading class sun/nio/cs/ISO_8859_1$Encoder
Event: 34.977 Loading class sun/nio/cs/ISO_8859_1$Encoder done
Event: 34.980 Loading class sun/nio/cs/Surrogate$Parser
Event: 34.980 Loading class sun/nio/cs/Surrogate$Parser done
Event: 34.980 Loading class sun/nio/cs/Surrogate
Event: 34.981 Loading class sun/nio/cs/Surrogate done
Event: 35.224 Loading class java/lang/UnsupportedClassVersionError
Event: 35.224 Loading class java/lang/UnsupportedClassVersionError done
Event: 35.416 Loading class java/util/Hashtable$KeySet
Event: 35.416 Loading class java/util/Hashtable$KeySet done

Classes unloaded (7 events):
Event: 12.395 Thread 0x000001b178333740 Unloading class 0x000001b1101a8c00 'java/lang/invoke/LambdaForm$MH+0x000001b1101a8c00'
Event: 12.395 Thread 0x000001b178333740 Unloading class 0x000001b1101a8800 'java/lang/invoke/LambdaForm$MH+0x000001b1101a8800'
Event: 12.395 Thread 0x000001b178333740 Unloading class 0x000001b1101a8400 'java/lang/invoke/LambdaForm$MH+0x000001b1101a8400'
Event: 12.395 Thread 0x000001b178333740 Unloading class 0x000001b1101a8000 'java/lang/invoke/LambdaForm$MH+0x000001b1101a8000'
Event: 12.395 Thread 0x000001b178333740 Unloading class 0x000001b1101a7c00 'java/lang/invoke/LambdaForm$BMH+0x000001b1101a7c00'
Event: 12.395 Thread 0x000001b178333740 Unloading class 0x000001b1101a7800 'java/lang/invoke/LambdaForm$DMH+0x000001b1101a7800'
Event: 12.395 Thread 0x000001b178333740 Unloading class 0x000001b1101a6400 'java/lang/invoke/LambdaForm$DMH+0x000001b1101a6400'

Classes redefined (0 events):
No events

Internal exceptions (20 events):
Event: 31.202 Thread 0x000001b150289ad0 Exception <a 'java/io/FileNotFoundException'{0x00000000d5794ec0}> (0x00000000d5794ec0) 
thrown [s\src\hotspot\share\prims\jni.cpp, line 520]
Event: 34.567 Thread 0x000001b150288db0 Exception <a 'java/lang/NoSuchMethodError'{0x00000000d57ea638}: 'java.lang.Object java.lang.invoke.DirectMethodHandle$Holder.newInvokeSpecial(java.lang.Object, java.lang.Object, java.lang.Object, java.lang.Object, java.lang.Object, java.lang.Object, java.lang.Object, java.lang.Object)'> (0x00000000d57ea638) 
thrown [s\src\hotspot\share\interpreter\linkResolver.cpp, line 773]
Event: 34.571 Thread 0x000001b150288db0 Exception <a 'java/lang/NoSuchMethodError'{0x00000000d57fe770}: 'java.lang.Object java.lang.invoke.DirectMethodHandle$Holder.invokeStatic(java.lang.Object, java.lang.Object, int, java.lang.Object, java.lang.Object)'> (0x00000000d57fe770) 
thrown [s\src\hotspot\share\interpreter\linkResolver.cpp, line 773]
Event: 34.572 Thread 0x000001b150288db0 Exception <a 'java/lang/NoSuchMethodError'{0x00000000d5804dc8}: 'java.lang.Object java.lang.invoke.DirectMethodHandle$Holder.newInvokeSpecial(java.lang.Object, java.lang.Object, int)'> (0x00000000d5804dc8) 
thrown [s\src\hotspot\share\interpreter\linkResolver.cpp, line 773]
Event: 34.605 Thread 0x000001b150288db0 Exception <a 'java/lang/NoSuchMethodError'{0x00000000d58d2458}: 'void java.lang.invoke.DirectMethodHandle$Holder.invokeStatic(java.lang.Object, int)'> (0x00000000d58d2458) 
thrown [s\src\hotspot\share\interpreter\linkResolver.cpp, line 773]
Event: 34.705 Thread 0x000001b153310d30 Exception <a 'java/io/FileNotFoundException'{0x00000000d5bf1e38}> (0x00000000d5bf1e38) 
thrown [s\src\hotspot\share\prims\jni.cpp, line 520]
Event: 34.705 Thread 0x000001b153310d30 Exception <a 'java/io/FileNotFoundException'{0x00000000d5bf2e50}> (0x00000000d5bf2e50) 
thrown [s\src\hotspot\share\prims\jni.cpp, line 520]
Event: 34.749 Thread 0x000001b153310d30 Exception <a 'sun/nio/fs/WindowsException'{0x00000000d5c653f8}> (0x00000000d5c653f8) 
thrown [s\src\hotspot\share\prims\jni.cpp, line 520]
Event: 34.749 Thread 0x000001b153310d30 Exception <a 'sun/nio/fs/WindowsException'{0x00000000d5c65a28}> (0x00000000d5c65a28) 
thrown [s\src\hotspot\share\prims\jni.cpp, line 520]
Event: 34.750 Thread 0x000001b153310d30 Exception <a 'sun/nio/fs/WindowsException'{0x00000000d5c68b00}> (0x00000000d5c68b00) 
thrown [s\src\hotspot\share\prims\jni.cpp, line 520]
Event: 34.750 Thread 0x000001b153310d30 Exception <a 'sun/nio/fs/WindowsException'{0x00000000d5c69130}> (0x00000000d5c69130) 
thrown [s\src\hotspot\share\prims\jni.cpp, line 520]
Event: 34.754 Thread 0x000001b153310d30 Exception <a 'java/lang/IncompatibleClassChangeError'{0x00000000d5c8a9b0}: Found class java.lang.Object, but interface was expected> (0x00000000d5c8a9b0) 
thrown [s\src\hotspot\share\interpreter\linkResolver.cpp, line 840]
Event: 34.781 Thread 0x000001b153310d30 Exception <a 'java/lang/IncompatibleClassChangeError'{0x00000000d5e613b8}: Found class java.lang.Object, but interface was expected> (0x00000000d5e613b8) 
thrown [s\src\hotspot\share\interpreter\linkResolver.cpp, line 840]
Event: 34.816 Thread 0x000001b153310d30 Exception <a 'java/lang/IncompatibleClassChangeError'{0x00000000d5fb6918}: Found class java.lang.Object, but interface was expected> (0x00000000d5fb6918) 
thrown [s\src\hotspot\share\interpreter\linkResolver.cpp, line 840]
Event: 34.896 Thread 0x000001b150288db0 Exception <a 'java/io/FileNotFoundException'{0x00000000d564ae50}> (0x00000000d564ae50) 
thrown [s\src\hotspot\share\prims\jni.cpp, line 520]
Event: 34.970 Thread 0x000001b153310d30 Exception <a 'java/lang/IncompatibleClassChangeError'{0x00000000d58afbc8}: Found class java.lang.Object, but interface was expected> (0x00000000d58afbc8) 
thrown [s\src\hotspot\share\interpreter\linkResolver.cpp, line 840]
Event: 34.973 Thread 0x000001b153310d30 Exception <a 'java/lang/IncompatibleClassChangeError'{0x00000000d58ca4f0}: Found class java.lang.Object, but interface was expected> (0x00000000d58ca4f0) 
thrown [s\src\hotspot\share\interpreter\linkResolver.cpp, line 840]
Event: 35.136 Thread 0x000001b15398e430 Exception <a 'java/lang/NoSuchMethodError'{0x00000000d59a45a8}: 'java.lang.Object java.lang.invoke.DirectMethodHandle$Holder.invokeSpecial(java.lang.Object, java.lang.Object, int, long)'> (0x00000000d59a45a8) 
thrown [s\src\hotspot\share\interpreter\linkResolver.cpp, line 773]
Event: 35.201 Thread 0x000001b153314ed0 Exception <a 'java/lang/ArrayIndexOutOfBoundsException'{0x00000000d5c53468}: Index 619 out of bounds for length 618> (0x00000000d5c53468) 
thrown [s\src\hotspot\share\interpreter\interpreterRuntime.cpp, line 439]
Event: 35.330 Thread 0x000001b153314840 Exception <a 'java/lang/NoSuchMethodError'{0x00000000d5ec7310}: 'int java.lang.invoke.Invokers$Holder.invokeExact_MT(java.lang.Object, java.lang.Object)'> (0x00000000d5ec7310) 
thrown [s\src\hotspot\share\interpreter\linkResolver.cpp, line 773]

ZGC Phase Switch (0 events):
No events

VM Operations (20 events):
Event: 32.487 Executing VM operation: ParallelGCFailedAllocation (Allocation Failure) done
Event: 33.045 Executing VM operation: ParallelGCFailedAllocation (Allocation Failure)
Event: 33.048 Executing VM operation: ParallelGCFailedAllocation (Allocation Failure) done
Event: 33.433 Executing VM operation: ParallelGCFailedAllocation (Allocation Failure)
Event: 33.435 Executing VM operation: ParallelGCFailedAllocation (Allocation Failure) done
Event: 33.779 Executing VM operation: ParallelGCFailedAllocation (Allocation Failure)
Event: 33.784 Executing VM operation: ParallelGCFailedAllocation (Allocation Failure) done
Event: 34.029 Executing VM operation: CollectForMetadataAllocation (Metadata GC Threshold)
Event: 34.180 Executing VM operation: CollectForMetadataAllocation (Metadata GC Threshold) done
Event: 34.480 Executing VM operation: ParallelGCFailedAllocation (Allocation Failure)
Event: 34.482 Executing VM operation: ParallelGCFailedAllocation (Allocation Failure) done
Event: 34.540 Executing VM operation: HandshakeAllThreads (Deoptimize)
Event: 34.540 Executing VM operation: HandshakeAllThreads (Deoptimize) done
Event: 34.864 Executing VM operation: HandshakeAllThreads (Deoptimize)
Event: 34.865 Executing VM operation: HandshakeAllThreads (Deoptimize) done
Event: 34.881 Executing VM operation: ParallelGCFailedAllocation (Allocation Failure)
Event: 34.884 Executing VM operation: ParallelGCFailedAllocation (Allocation Failure) done
Event: 35.254 Executing VM operation: HandshakeAllThreads (Deoptimize)
Event: 35.254 Executing VM operation: HandshakeAllThreads (Deoptimize) done
Event: 36.270 Executing VM operation: Cleanup

Memory protections (0 events):
No events

Nmethod flushes (20 events):
Event: 34.095 Thread 0x000001b178333740 flushing  nmethod 0x000001b1008d9b10
Event: 34.095 Thread 0x000001b178333740 flushing  nmethod 0x000001b1008daa10
Event: 34.095 Thread 0x000001b178333740 flushing  nmethod 0x000001b1008dae10
Event: 34.095 Thread 0x000001b178333740 flushing  nmethod 0x000001b1008db190
Event: 34.095 Thread 0x000001b178333740 flushing  nmethod 0x000001b1008e0110
Event: 34.095 Thread 0x000001b178333740 flushing  nmethod 0x000001b1008e0c10
Event: 34.095 Thread 0x000001b178333740 flushing  nmethod 0x000001b1008e1110
Event: 34.095 Thread 0x000001b178333740 flushing  nmethod 0x000001b1008e1810
Event: 34.095 Thread 0x000001b178333740 flushing  nmethod 0x000001b1008e1c10
Event: 34.095 Thread 0x000001b178333740 flushing  nmethod 0x000001b1008e1f90
Event: 34.095 Thread 0x000001b178333740 flushing  nmethod 0x000001b1008e2510
Event: 34.095 Thread 0x000001b178333740 flushing  nmethod 0x000001b1008e2e10
Event: 34.095 Thread 0x000001b178333740 flushing  nmethod 0x000001b1008e3910
Event: 34.095 Thread 0x000001b178333740 flushing  nmethod 0x000001b1008e3e90
Event: 34.095 Thread 0x000001b178333740 flushing  nmethod 0x000001b1008ec490
Event: 34.095 Thread 0x000001b178333740 flushing  nmethod 0x000001b1008f0e90
Event: 34.095 Thread 0x000001b178333740 flushing  nmethod 0x000001b1008f1490
Event: 34.095 Thread 0x000001b178333740 flushing  nmethod 0x000001b1008f2a10
Event: 34.095 Thread 0x000001b178333740 flushing  nmethod 0x000001b1008f2d90
Event: 34.095 Thread 0x000001b178333740 flushing  nmethod 0x000001b1008f3790

Events (20 events):
Event: 27.551 Thread 0x000001b15145e470 Thread exited: 0x000001b15145e470
Event: 27.599 Thread 0x000001b17ac5d180 Thread added: 0x000001b1540fa6d0
Event: 27.600 Thread 0x000001b17ac5d180 Thread added: 0x000001b1540fa040
Event: 27.600 Thread 0x000001b17ac5d180 Thread added: 0x000001b1540fad60
Event: 27.601 Thread 0x000001b1540fa6d0 Thread added: 0x000001b1540f78e0
Event: 27.601 Thread 0x000001b17ac5d180 Thread added: 0x000001b1540fb3f0
Event: 27.601 Thread 0x000001b1540fa040 Thread added: 0x000001b1540fba80
Event: 27.602 Thread 0x000001b1540fa6d0 Thread added: 0x000001b1540fc110
Event: 27.602 Thread 0x000001b17ac5d180 Thread added: 0x000001b15398d080
Event: 27.602 Thread 0x000001b1540fa040 Thread added: 0x000001b15398c9f0
Event: 27.602 Thread 0x000001b1540fa6d0 Thread added: 0x000001b15398bcd0
Event: 27.603 Thread 0x000001b17ac5d180 Thread added: 0x000001b15398d710
Event: 27.603 Thread 0x000001b1540fa040 Thread added: 0x000001b15398afb0
Event: 28.566 Thread 0x000001b1540f9320 Thread exited: 0x000001b1540f9320
Event: 31.115 Thread 0x000001b150289ad0 Thread added: 0x000001b15398dda0
Event: 31.197 Thread 0x000001b15398dda0 Thread added: 0x000001b15398e430
Event: 34.180 Thread 0x000001b150eb5400 Thread exited: 0x000001b150eb5400
Event: 34.356 Thread 0x000001b17a35f100 Thread added: 0x000001b150eb5400
Event: 35.128 Thread 0x000001b150eb5400 Thread exited: 0x000001b150eb5400
Event: 35.214 Thread 0x000001b17a3d3e10 Thread added: 0x000001b1524c2a70


Dynamic libraries:
0x00007ff656c90000 - 0x00007ff656c9e000 	c:\Users\jaywa\.vscode\extensions\redhat.java-1.46.0-win32-x64\jre\21.0.8-win32-x86_64\bin\java.exe
0x00007ffb4c740000 - 0x00007ffb4c9a8000 	C:\WINDOWS\SYSTEM32\ntdll.dll
0x00007ffb4ad30000 - 0x00007ffb4adf9000 	C:\WINDOWS\System32\KERNEL32.DLL
0x00007ffb49a40000 - 0x00007ffb49e32000 	C:\WINDOWS\System32\KERNELBASE.dll
0x00007ffb49e40000 - 0x00007ffb49f8b000 	C:\WINDOWS\System32\ucrtbase.dll
0x00007ffb357b0000 - 0x00007ffb357c8000 	c:\Users\jaywa\.vscode\extensions\redhat.java-1.46.0-win32-x64\jre\21.0.8-win32-x86_64\bin\jli.dll
0x00007ffb356f0000 - 0x00007ffb3570e000 	c:\Users\jaywa\.vscode\extensions\redhat.java-1.46.0-win32-x64\jre\21.0.8-win32-x86_64\bin\VCRUNTIME140.dll
0x00007ffb4b270000 - 0x00007ffb4b435000 	C:\WINDOWS\System32\USER32.dll
0x00007ffb49f90000 - 0x00007ffb49fb7000 	C:\WINDOWS\System32\win32u.dll
0x00007ffb4ae00000 - 0x00007ffb4ae2b000 	C:\WINDOWS\System32\GDI32.dll
0x00007ffb4a3e0000 - 0x00007ffb4a50d000 	C:\WINDOWS\System32\gdi32full.dll
0x00007ffb2d820000 - 0x00007ffb2dab3000 	C:\WINDOWS\WinSxS\amd64_microsoft.windows.common-controls_6595b64144ccf1df_6.0.26100.6899_none_3e0efeeae32e88c1\COMCTL32.dll
0x00007ffb4c4c0000 - 0x00007ffb4c569000 	C:\WINDOWS\System32\msvcrt.dll
0x00007ffb498d0000 - 0x00007ffb49973000 	C:\WINDOWS\System32\msvcp_win.dll
0x00007ffb4c570000 - 0x00007ffb4c59f000 	C:\WINDOWS\System32\IMM32.DLL
0x00007ffb42440000 - 0x00007ffb4244c000 	c:\Users\jaywa\.vscode\extensions\redhat.java-1.46.0-win32-x64\jre\21.0.8-win32-x86_64\bin\vcruntime140_1.dll
0x00007ffb1fa90000 - 0x00007ffb1fb1d000 	c:\Users\jaywa\.vscode\extensions\redhat.java-1.46.0-win32-x64\jre\21.0.8-win32-x86_64\bin\msvcp140.dll
0x00007ffae6340000 - 0x00007ffae70d7000 	c:\Users\jaywa\.vscode\extensions\redhat.java-1.46.0-win32-x64\jre\21.0.8-win32-x86_64\bin\server\jvm.dll
0x00007ffb4ae30000 - 0x00007ffb4aee4000 	C:\WINDOWS\System32\ADVAPI32.dll
0x00007ffb4b450000 - 0x00007ffb4b4f6000 	C:\WINDOWS\System32\sechost.dll
0x00007ffb4ac10000 - 0x00007ffb4ad28000 	C:\WINDOWS\System32\RPCRT4.dll
0x00007ffb4a830000 - 0x00007ffb4a8a4000 	C:\WINDOWS\System32\WS2_32.dll
0x00007ffb49750000 - 0x00007ffb497ae000 	C:\WINDOWS\SYSTEM32\POWRPROF.dll
0x00007ffb40a10000 - 0x00007ffb40a45000 	C:\WINDOWS\SYSTEM32\WINMM.dll
0x00007ffb41ab0000 - 0x00007ffb41abb000 	C:\WINDOWS\SYSTEM32\VERSION.dll
0x00007ffb49730000 - 0x00007ffb49744000 	C:\WINDOWS\SYSTEM32\UMPDC.dll
0x00007ffb486a0000 - 0x00007ffb486bb000 	C:\WINDOWS\SYSTEM32\kernel.appcore.dll
0x00007ffb41360000 - 0x00007ffb4136a000 	c:\Users\jaywa\.vscode\extensions\redhat.java-1.46.0-win32-x64\jre\21.0.8-win32-x86_64\bin\jimage.dll
0x00007ffb3ce50000 - 0x00007ffb3d092000 	C:\WINDOWS\SYSTEM32\DBGHELP.DLL
0x00007ffb4aef0000 - 0x00007ffb4b26b000 	C:\WINDOWS\System32\combase.dll
0x00007ffb4a960000 - 0x00007ffb4aa37000 	C:\WINDOWS\System32\OLEAUT32.dll
0x00007ffb284e0000 - 0x00007ffb2851c000 	C:\WINDOWS\SYSTEM32\dbgcore.DLL
0x00007ffb49fc0000 - 0x00007ffb4a058000 	C:\WINDOWS\System32\bcryptPrimitives.dll
0x00007ffb41150000 - 0x00007ffb4115f000 	c:\Users\jaywa\.vscode\extensions\redhat.java-1.46.0-win32-x64\jre\21.0.8-win32-x86_64\bin\instrument.dll
0x00007ffb35420000 - 0x00007ffb3543f000 	c:\Users\jaywa\.vscode\extensions\redhat.java-1.46.0-win32-x64\jre\21.0.8-win32-x86_64\bin\java.dll
0x00007ffb4b500000 - 0x00007ffb4bc4d000 	C:\WINDOWS\System32\SHELL32.dll
0x00007ffb4a270000 - 0x00007ffb4a3db000 	C:\WINDOWS\System32\wintypes.dll
0x00007ffb47510000 - 0x00007ffb47d6d000 	C:\WINDOWS\SYSTEM32\windows.storage.dll
0x00007ffb4ab10000 - 0x00007ffb4ac02000 	C:\WINDOWS\System32\SHCORE.dll
0x00007ffb4a510000 - 0x00007ffb4a572000 	C:\WINDOWS\System32\shlwapi.dll
0x00007ffb497f0000 - 0x00007ffb49819000 	C:\WINDOWS\SYSTEM32\profapi.dll
0x00007ffb2efd0000 - 0x00007ffb2efe8000 	c:\Users\jaywa\.vscode\extensions\redhat.java-1.46.0-win32-x64\jre\21.0.8-win32-x86_64\bin\zip.dll
0x00007ffb41100000 - 0x00007ffb41110000 	C:\Users\jaywa\.vscode\extensions\redhat.java-1.46.0-win32-x64\jre\21.0.8-win32-x86_64\bin\net.dll
0x00007ffb41480000 - 0x00007ffb4159f000 	C:\WINDOWS\SYSTEM32\WINHTTP.dll
0x00007ffb48c10000 - 0x00007ffb48c7b000 	C:\WINDOWS\system32\mswsock.dll
0x00007ffb2e160000 - 0x00007ffb2e176000 	C:\Users\jaywa\.vscode\extensions\redhat.java-1.46.0-win32-x64\jre\21.0.8-win32-x86_64\bin\nio.dll
0x00007ffb35650000 - 0x00007ffb35660000 	c:\Users\jaywa\.vscode\extensions\redhat.java-1.46.0-win32-x64\jre\21.0.8-win32-x86_64\bin\verify.dll
0x00007ffb24090000 - 0x00007ffb240d4000 	C:\Users\jaywa\AppData\Roaming\Code\User\globalStorage\redhat.java\1.46.0\config_win\org.eclipse.equinox.launcher\org.eclipse.equinox.launcher.win32.win32.x86_64_1.2.1400.v20250801-0854\eclipse_11916.dll
0x00007ffb4be30000 - 0x00007ffb4bfc8000 	C:\WINDOWS\System32\ole32.dll
0x00007ffb48ed0000 - 0x00007ffb48eeb000 	C:\WINDOWS\SYSTEM32\CRYPTSP.dll
0x00007ffb48600000 - 0x00007ffb4863b000 	C:\WINDOWS\system32\rsaenh.dll
0x00007ffb48cb0000 - 0x00007ffb48cdb000 	C:\WINDOWS\SYSTEM32\USERENV.dll
0x00007ffb497c0000 - 0x00007ffb497e6000 	C:\WINDOWS\SYSTEM32\bcrypt.dll
0x00007ffb48ec0000 - 0x00007ffb48ecc000 	C:\WINDOWS\SYSTEM32\CRYPTBASE.dll
0x00007ffb48120000 - 0x00007ffb48154000 	C:\WINDOWS\SYSTEM32\IPHLPAPI.DLL
0x00007ffb4a820000 - 0x00007ffb4a82a000 	C:\WINDOWS\System32\NSI.dll
0x00007ffaa9c70000 - 0x00007ffaa9cb9000 	C:\Users\jaywa\AppData\Local\Temp\jna-100903020\jna8554360241539522931.dll
0x00007ffb4a780000 - 0x00007ffb4a788000 	C:\WINDOWS\System32\PSAPI.DLL
0x00007ffb417b0000 - 0x00007ffb417ce000 	C:\WINDOWS\SYSTEM32\dhcpcsvc6.DLL
0x00007ffb41320000 - 0x00007ffb41343000 	C:\WINDOWS\SYSTEM32\dhcpcsvc.DLL
0x00007ffb44b70000 - 0x00007ffb44b7e000 	C:\Users\jaywa\.vscode\extensions\redhat.java-1.46.0-win32-x64\jre\21.0.8-win32-x86_64\bin\sunmscapi.dll
0x00007ffb4a0f0000 - 0x00007ffb4a267000 	C:\WINDOWS\System32\CRYPT32.dll
0x00007ffb490e0000 - 0x00007ffb49110000 	C:\WINDOWS\SYSTEM32\ncrypt.dll
0x00007ffb49090000 - 0x00007ffb490cf000 	C:\WINDOWS\SYSTEM32\NTASN1.dll
0x00007ffb48160000 - 0x00007ffb48286000 	C:\WINDOWS\SYSTEM32\DNSAPI.dll
0x00007ffb41ac0000 - 0x00007ffb41acb000 	C:\Windows\System32\rasadhlp.dll
0x00007ffb3e720000 - 0x00007ffb3e7a6000 	C:\WINDOWS\System32\fwpuclnt.dll
0x00007ffb44ac0000 - 0x00007ffb44ac9000 	C:\Users\jaywa\.vscode\extensions\redhat.java-1.46.0-win32-x64\jre\21.0.8-win32-x86_64\bin\extnet.dll

JVMTI agents:
c:\Users\jaywa\.vscode\extensions\redhat.java-1.46.0-win32-x64\lombok\lombok-1.18.39-4050.jar path:c:\Users\jaywa\.vscode\extensions\redhat.java-1.46.0-win32-x64\jre\21.0.8-win32-x86_64\bin\instrument.dll, loaded, initialized, instrumentlib options:none

dbghelp: loaded successfully - version: 4.0.5 - missing functions: none
symbol engine: initialized successfully - sym options: 0x614 - pdb path: .;c:\Users\jaywa\.vscode\extensions\redhat.java-1.46.0-win32-x64\jre\21.0.8-win32-x86_64\bin;C:\WINDOWS\SYSTEM32;C:\WINDOWS\WinSxS\amd64_microsoft.windows.common-controls_6595b64144ccf1df_6.0.26100.6899_none_3e0efeeae32e88c1;c:\Users\jaywa\.vscode\extensions\redhat.java-1.46.0-win32-x64\jre\21.0.8-win32-x86_64\bin\server;C:\Users\jaywa\AppData\Roaming\Code\User\globalStorage\redhat.java\1.46.0\config_win\org.eclipse.equinox.launcher\org.eclipse.equinox.launcher.win32.win32.x86_64_1.2.1400.v20250801-0854;C:\Users\jaywa\AppData\Local\Temp\jna-100903020

VM Arguments:
jvm_args: --add-modules=ALL-SYSTEM --add-opens=java.base/java.util=ALL-UNNAMED --add-opens=java.base/java.lang=ALL-UNNAMED --add-opens=java.base/sun.nio.fs=ALL-UNNAMED -Declipse.application=org.eclipse.jdt.ls.core.id1 -Dosgi.bundles.defaultStartLevel=4 -Declipse.product=org.eclipse.jdt.ls.core.product -Djava.import.generatesMetadataFilesAtProjectRoot=false -DDetectVMInstallationsJob.disabled=true -Dfile.encoding=utf8 -XX:+UseParallelGC -XX:GCTimeRatio=4 -XX:AdaptiveSizePolicyWeight=90 -Dsun.zip.disableMemoryMapping=true -Xmx2G -Xms100m -Xlog:disable -javaagent:c:\Users\jaywa\.vscode\extensions\redhat.java-1.46.0-win32-x64\lombok\lombok-1.18.39-4050.jar -XX:+HeapDumpOnOutOfMemoryError -XX:HeapDumpPath=c:\Users\jaywa\AppData\Roaming\Code\User\workspaceStorage\9444b7f9f2e8a8aa4566e18311caa4e0\redhat.java -Daether.dependencyCollector.impl=bf 
java_command: c:\Users\jaywa\.vscode\extensions\redhat.java-1.46.0-win32-x64\server\plugins\org.eclipse.equinox.launcher_1.7.0.v20250519-0528.jar -configuration c:\Users\jaywa\AppData\Roaming\Code\User\globalStorage\redhat.java\1.46.0\config_win -data c:\Users\jaywa\AppData\Roaming\Code\User\workspaceStorage\9444b7f9f2e8a8aa4566e18311caa4e0\redhat.java\jdt_ws --pipe=\\.\pipe\lsp-819de8f7d9156313744be4a984e8bb9a-sock
java_class_path (initial): c:\Users\jaywa\.vscode\extensions\redhat.java-1.46.0-win32-x64\server\plugins\org.eclipse.equinox.launcher_1.7.0.v20250519-0528.jar
Launcher Type: SUN_STANDARD

[Global flags]
    uintx AdaptiveSizePolicyWeight                 = 90                                        {product} {command line}
     intx CICompilerCount                          = 4                                         {product} {ergonomic}
    uintx GCTimeRatio                              = 4                                         {product} {command line}
     bool HeapDumpOnOutOfMemoryError               = true                                   {manageable} {command line}
    ccstr HeapDumpPath                             = c:\Users\jaywa\AppData\Roaming\Code\User\workspaceStorage\9444b7f9f2e8a8aa4566e18311caa4e0\redhat.java         {manageable} {command line}
   size_t InitialHeapSize                          = 104857600                                 {product} {command line}
   size_t MaxHeapSize                              = 2147483648                                {product} {command line}
   size_t MaxNewSize                               = 715653120                                 {product} {ergonomic}
   size_t MinHeapDeltaBytes                        = 524288                                    {product} {ergonomic}
   size_t MinHeapSize                              = 104857600                                 {product} {command line}
   size_t NewSize                                  = 34603008                                  {product} {ergonomic}
    uintx NonNMethodCodeHeapSize                   = 5839372                                {pd product} {ergonomic}
    uintx NonProfiledCodeHeapSize                  = 122909434                              {pd product} {ergonomic}
   size_t OldSize                                  = 70254592                                  {product} {ergonomic}
    uintx ProfiledCodeHeapSize                     = 122909434                              {pd product} {ergonomic}
    uintx ReservedCodeCacheSize                    = 251658240                              {pd product} {ergonomic}
     bool SegmentedCodeCache                       = true                                      {product} {ergonomic}
   size_t SoftMaxHeapSize                          = 2147483648                             {manageable} {ergonomic}
     bool UseCompressedOops                        = true                           {product lp64_product} {ergonomic}
     bool UseLargePagesIndividualAllocation        = false                                  {pd product} {ergonomic}
     bool UseParallelGC                            = true                                      {product} {command line}

Logging:
Log output configuration:
 #0: stdout all=off uptime,level,tags foldmultilines=false
 #1: stderr all=off uptime,level,tags foldmultilines=false

Environment Variables:
JAVA_HOME=C:\Program Files\Java\jdk-17
PATH=C:\Program Files\Common Files\Oracle\Java\javapath;C:\WINDOWS\system32;C:\WINDOWS;C:\WINDOWS\System32\Wbem;C:\WINDOWS\System32\WindowsPowerShell\v1.0\;C:\WINDOWS\System32\OpenSSH\;C:\Program Files\nodejs\;C:\Program Files\Java\jdk-17\bin;;C:\Program Files\Docker\Docker\resources\bin;C:\Program Files\MySQL\MySQL Shell 8.0\bin\;C:\Users\jaywa\AppData\Local\Microsoft\WindowsApps;C:\Users\jaywa\AppData\Local\Programs\Microsoft VS Code\bin;C:\Users\jaywa\AppData\Roaming\npm;C:\Program Files\Git\bin;C:\Program Files\Git\cmd;C:\Program Files\Java\jdk-17\bin;C:\Users\jaywa\AppData\Local\Programs\cursor\resources\app\bin;C:\Users\jaywa\AppData\Local\Programs\Kiro\bin;C:\Users\jaywa\AppData\Local\Programs\Windsurf\bin;C:\Users\jaywa\AppData\Local\Programs\Qoder\bin
USERNAME=jaywa
OS=Windows_NT
PROCESSOR_IDENTIFIER=AMD64 Family 25 Model 80 Stepping 0, AuthenticAMD
TMP=C:\Users\jaywa\AppData\Local\Temp
TEMP=C:\Users\jaywa\AppData\Local\Temp




Periodic native trim disabled

---------------  S Y S T E M  ---------------

OS:
 Windows 11 , 64 bit Build 26100 (10.0.26100.6725)
OS uptime: 6 days 10:02 hours
Hyper-V role detected

CPU: total 12 (initial active 12) (12 cores per cpu, 2 threads per core) family 25 model 80 stepping 0 microcode 0xa500011, cx8, cmov, fxsr, ht, mmx, 3dnowpref, sse, sse2, sse3, ssse3, sse4a, sse4.1, sse4.2, popcnt, lzcnt, tsc, tscinvbit, avx, avx2, aes, erms, clmul, bmi1, bmi2, adx, sha, fma, vzeroupper, clflush, clflushopt, hv, rdtscp, rdpid, fsrm, f16c, cet_ss
Processor Information for the first 12 processors :
  Max Mhz: 3301, Current Mhz: 1908, Mhz Limit: 3301

Memory: 4k page, system-wide physical 7521M (1013M free)
TotalPageFile size 31073M (AvailPageFile size 11M)
current process WorkingSet (physical memory assigned to process): 245M, peak: 249M
current process commit charge ("private bytes"): 381M, peak: 381M

vm_info: OpenJDK 64-Bit Server VM (21.0.8+9-LTS) for windows-amd64 JRE (21.0.8+9-LTS), built on 2025-07-15T00:00:00Z by "admin" with MS VC++ 17.7 (VS2022)

END.
